#
# A fatal error has been detected by the Java Runtime Environment:
#
#  SIGSEGV (0xb) at pc=0x00007fff930314dd, pid=78395, tid=2571
#
# JRE version: Java(TM) SE Runtime Environment (8.0_91-b14) (build 1.8.0_91-b14)
# Java VM: Java HotSpot(TM) 64-Bit Server VM (25.91-b14 mixed mode bsd-amd64 compressed oops)
# Problematic frame:
# C  [libobjc.A.dylib+0x14dd]  objc_msgSend+0x1d
#
# Failed to write core dump. Core dumps have been disabled. To enable core dumping, try "ulimit -c unlimited" before starting Java again
#
# If you would like to submit a bug report, please visit:
#   http://bugreport.java.com/bugreport/crash.jsp
# The crash happened outside the Java Virtual Machine in native code.
# See problematic frame for where to report the bug.
#

---------------  T H R E A D  ---------------

Current thread (0x00007ffa650ce800):  JavaThread "AWT-AppKit" daemon [_thread_in_native, id=2571, stack(0x00007fff4f9fd000,0x00007fff501fd000)]

siginfo: si_signo: 11 (SIGSEGV), si_code: 1 (SEGV_MAPERR), si_addr: 0x000007ffa6943ec8

Registers:
RAX=0x00007ffa692f5e50, RBX=0x000000012fade3b0, RCX=0x000000012faa3580, RDX=0x000000012faa37a0
RSP=0x00007fff501f8428, RBP=0x00007fff501f84e0, RSI=0x00007fff88614d0e, RDI=0x00007ffa6946f3e0
R8 =0x0000000000000000, R9 =0x00000000000008c0, R10=0x00007fff88614d0e, R11=0x000007ffa6943eb0
R12=0x0000000000000000, R13=0x000000018a21e3b8, R14=0x000000012fade3a0, R15=0x00007ffa650ce800
RIP=0x00007fff930314dd, EFLAGS=0x0000000000010202, ERR=0x0000000000000004
  TRAPNO=0x000000000000000e

Top of Stack: (sp=0x00007fff501f8428)
0x00007fff501f8428:   000000012fadc5d7 00007fff501f8480
0x00007fff501f8438:   0000000000000003 00007fff501f8460
0x00007fff501f8448:   0000000110ff24ea 000000018a21e3b8
0x00007fff501f8458:   000000018a21e3b8 00007ffa692f5e50
0x00007fff501f8468:   000000012fade5c0 000000012fade640
0x00007fff501f8478:   000000012fade3b0 00007fff798b8770
0x00007fff501f8488:   000000012fade5d0 00007fff79a5b500
0x00007fff501f8498:   00007ffa692f5e50 00007ffa6946f3e0
0x00007fff501f84a8:   00007ffa61f2c200 00007ffa692f5e50
0x00007fff501f84b8:   00007ffa6946f3e0 00007fff501f8568
0x00007fff501f84c8:   00007ffa650ce9f8 000000018a21e3b8
0x00007fff501f84d8:   00007fff501f8590 00007fff501f8558
0x00007fff501f84e8:   0000000111dab9d4 000000018a21e3b8
0x00007fff501f84f8:   00007fff501f8590 00007fff501f8558
0x00007fff501f8508:   0000000111dab767 0000000111dab722
0x00007fff501f8518:   00007fff501f8518 000000018a21e3b8
0x00007fff501f8528:   00007fff501f8590 000000018a220ba8
0x00007fff501f8538:   0000000000000000 000000018a21e3b8
0x00007fff501f8548:   0000000000000000 00007fff501f8578
0x00007fff501f8558:   00007fff501f85d8 0000000111d9c2bd
0x00007fff501f8568:   00000006c07f1140 0000000111da5538
0x00007fff501f8578:   00007ffa692f5e50 00007fff501f85d8
0x00007fff501f8588:   00007ffa6946f3e0 0000000111da6e02
0x00007fff501f8598:   00007fff501f8598 000000018a21e582
0x00007fff501f85a8:   00007fff501f8600 000000018a220ba8
0x00007fff501f85b8:   0000000000000000 000000018a21e590
0x00007fff501f85c8:   00007fff501f8578 00007fff501f85e8
0x00007fff501f85d8:   00007fff501f8648 0000000111d9c2bd
0x00007fff501f85e8:   00007ffa692f5e50 00000006c082dec8
0x00007fff501f85f8:   00007ffa6946f3e0 00000006c082dec8
0x00007fff501f8608:   00007fff501f8608 000000018fff5526
0x00007fff501f8618:   00007fff501f8658 000000018fff55e0 

Instructions: (pc=0x00007fff930314dd)
0x00007fff930314bd:   44 00 00 48 85 ff 2e 74 62 40 f6 c7 01 2e 75 66
0x00007fff930314cd:   49 bb f8 ff ff ff ff 7f 00 00 4c 23 1f 49 89 f2
0x00007fff930314dd:   45 23 53 18 49 c1 e2 04 4d 03 53 10 49 3b 32 75
0x00007fff930314ed:   04 41 ff 62 08 49 83 3a 01 76 0d 49 83 c2 10 49 

Register to memory mapping:

RAX=0x00007ffa692f5e50 is an unknown value
RBX=0x000000012fade3b0: Java_jogamp_nativewindow_macosx_OSXUtil_GetScreenRefreshRate0+0x1850 in /private/var/folders/lj/ts4xrlmj1tsc3mnwzl_88g000000gn/T/jogamp_0000/file_cache/jln2761351491063923245/jln7388265359852997827/libnativewindow_macosx.jnilib at 0x000000012fad7000
RCX=0x000000012faa3580 is an unknown value
RDX=0x000000012faa37a0 is an unknown value
RSP=0x00007fff501f8428 is pointing into the stack for thread: 0x00007ffa650ce800
RBP=0x00007fff501f84e0 is pointing into the stack for thread: 0x00007ffa650ce800
RSI=0x00007fff88614d0e is an unknown value
RDI=0x00007ffa6946f3e0 is an unknown value
R8 =0x0000000000000000 is an unknown value
R9 =0x00000000000008c0 is an unknown value
R10=0x00007fff88614d0e is an unknown value
R11=0x000007ffa6943eb0 is an unknown value
R12=0x0000000000000000 is an unknown value
R13={method} {0x000000018a21e3b8} 'UnsetJAWTRootSurfaceLayer0' '(JJ)V' in 'jogamp/nativewindow/jawt/macosx/MacOSXJAWTWindow'
R14=0x000000012fade3a0: Java_jogamp_nativewindow_macosx_OSXUtil_GetScreenRefreshRate0+0x1840 in /private/var/folders/lj/ts4xrlmj1tsc3mnwzl_88g000000gn/T/jogamp_0000/file_cache/jln2761351491063923245/jln7388265359852997827/libnativewindow_macosx.jnilib at 0x000000012fad7000
R15=0x00007ffa650ce800 is a thread


Stack: [0x00007fff4f9fd000,0x00007fff501fd000],  sp=0x00007fff501f8428,  free space=8173k
Native frames: (J=compiled Java code, j=interpreted, Vv=VM code, C=native code)
C  [libobjc.A.dylib+0x14dd]  objc_msgSend+0x1d
j  jogamp.nativewindow.jawt.macosx.MacOSXJAWTWindow.UnsetJAWTRootSurfaceLayer0(JJ)V+0
j  jogamp.nativewindow.jawt.macosx.MacOSXJAWTWindow.access$200(JJ)V+2
j  jogamp.nativewindow.jawt.macosx.MacOSXJAWTWindow$1.run()V+38
j  com.jogamp.common.util.RunnableTask.run()V+24
v  ~StubRoutines::call_stub
V  [libjvm.dylib+0x2ec1e6]  JavaCalls::call_helper(JavaValue*, methodHandle*, JavaCallArguments*, Thread*)+0x6ae
V  [libjvm.dylib+0x323355]  jni_invoke_nonstatic(JNIEnv_*, JavaValue*, _jobject*, JNICallType, _jmethodID*, JNI_ArgumentPusher*, Thread*)+0x2ec
V  [libjvm.dylib+0x315b23]  jni_CallVoidMethod+0x16b
C  [libnativewindow_macosx.jnilib+0x57ae]  Java_jogamp_nativewindow_jawt_macosx_MacOSXJAWTWindow_UnsetJAWTRootSurfaceLayer0+0x2be
C  [Foundation+0x8dd4b]  __NSThreadPerformPerform+0x117
C  [CoreFoundation+0x7e5c1]  __CFRUNLOOP_IS_CALLING_OUT_TO_A_SOURCE0_PERFORM_FUNCTION__+0x11
C  [CoreFoundation+0x70397]  __CFRunLoopDoSources0+0x1a7
C  [CoreFoundation+0x6f93f]  __CFRunLoopRun+0x39f
C  [CoreFoundation+0x6f338]  CFRunLoopRunSpecific+0x128
C  [HIToolbox+0x30935]  RunCurrentEventLoopInMode+0xeb
C  [HIToolbox+0x30677]  ReceiveNextEventCommon+0xb8
C  [HIToolbox+0x305af]  _BlockUntilNextEventMatchingListInModeWithFilter+0x47
C  [AppKit+0x8a0ee]  _DPSNextEvent+0x42b
C  [AppKit+0x456943]  -[NSApplication _nextEventMatchingEventMask:untilDate:inMode:dequeue:]+0x1c6
C  [libosxapp.dylib+0x23aa]  -[NSApplicationAWT nextEventMatchingMask:untilDate:inMode:dequeue:]+0x7c
C  [AppKit+0x7ffc8]  -[NSApplication run]+0x2aa
C  [libosxapp.dylib+0x214d]  +[NSApplicationAWT runAWTLoopWithApp:]+0x9c
C  [libawt_lwawt.dylib+0x4455b]  -[AWTStarter starter:]+0x389
C  [Foundation+0x8dd4b]  __NSThreadPerformPerform+0x117
C  [CoreFoundation+0x7e5c1]  __CFRUNLOOP_IS_CALLING_OUT_TO_A_SOURCE0_PERFORM_FUNCTION__+0x11
C  [CoreFoundation+0x7041c]  __CFRunLoopDoSources0+0x22c
C  [CoreFoundation+0x6f93f]  __CFRunLoopRun+0x39f
C  [CoreFoundation+0x6f338]  CFRunLoopRunSpecific+0x128
C  [java+0x6463]  CreateExecutionEnvironment+0x367
C  [java+0x21ac]  JLI_Launch+0x7a0
C  [java+0x84c0]  main+0x65
C  [java+0x1a04]  start+0x34
C  0x0000000000000008

Java frames: (J=compiled Java code, j=interpreted, Vv=VM code)
j  jogamp.nativewindow.jawt.macosx.MacOSXJAWTWindow.UnsetJAWTRootSurfaceLayer0(JJ)V+0
j  jogamp.nativewindow.jawt.macosx.MacOSXJAWTWindow.access$200(JJ)V+2
j  jogamp.nativewindow.jawt.macosx.MacOSXJAWTWindow$1.run()V+38
j  com.jogamp.common.util.RunnableTask.run()V+24
v  ~StubRoutines::call_stub

---------------  P R O C E S S  ---------------

Java Threads: ( => current thread )
  0x00007ffa6b91d000 JavaThread "Thread-1542" [_thread_blocked, id=76191, stack(0x0000700001559000,0x0000700001659000)]
  0x00007ffa62a95800 JavaThread "Animation Thread" [_thread_blocked, id=69135, stack(0x0000700001e80000,0x0000700001f80000)]
  0x00007ffa63af1000 JavaThread "AWT-EventQueue-1" [_thread_in_native, id=68899, stack(0x0000700001f83000,0x0000700002083000)]
  0x00007ffa6581c800 JavaThread "DestroyJavaVM" [_thread_blocked, id=5891, stack(0x000070000011a000,0x000070000021a000)]
  0x00007ffa639c7800 JavaThread "AWT-EventQueue-0" [_thread_blocked, id=59655, stack(0x0000700001d7d000,0x0000700001e7d000)]
  0x00007ffa62998800 JavaThread "Java2D Disposer" daemon [_thread_blocked, id=58375, stack(0x0000700001af4000,0x0000700001bf4000)]
  0x00007ffa63945000 JavaThread "Java2D Queue Flusher" daemon [_thread_blocked, id=54035, stack(0x00007000019f1000,0x0000700001af1000)]
  0x00007ffa62937800 JavaThread "AWT-Shutdown" [_thread_blocked, id=32019, stack(0x000070000165f000,0x000070000175f000)]
=>0x00007ffa650ce800 JavaThread "AWT-AppKit" daemon [_thread_in_native, id=2571, stack(0x00007fff4f9fd000,0x00007fff501fd000)]
  0x00007ffa65037800 JavaThread "Service Thread" daemon [_thread_blocked, id=21251, stack(0x0000700001353000,0x0000700001453000)]
  0x00007ffa62815800 JavaThread "C1 CompilerThread3" daemon [_thread_blocked, id=20739, stack(0x0000700001250000,0x0000700001350000)]
  0x00007ffa62814800 JavaThread "C2 CompilerThread2" daemon [_thread_blocked, id=20227, stack(0x000070000114d000,0x000070000124d000)]
  0x00007ffa6602a000 JavaThread "C2 CompilerThread1" daemon [_thread_blocked, id=19715, stack(0x000070000104a000,0x000070000114a000)]
  0x00007ffa6500a000 JavaThread "C2 CompilerThread0" daemon [_thread_blocked, id=19203, stack(0x0000700000f47000,0x0000700001047000)]
  0x00007ffa62812800 JavaThread "Signal Dispatcher" daemon [_thread_blocked, id=14863, stack(0x0000700000e44000,0x0000700000f44000)]
  0x00007ffa66016800 JavaThread "Finalizer" daemon [_thread_blocked, id=14339, stack(0x0000700000c3b000,0x0000700000d3b000)]
  0x00007ffa6280b800 JavaThread "Reference Handler" daemon [_thread_blocked, id=13827, stack(0x0000700000b38000,0x0000700000c38000)]

Other Threads:
  0x00007ffa6501b000 VMThread [stack: 0x0000700000a35000,0x0000700000b35000] [id=13315]
  0x00007ffa6387a800 WatcherThread [stack: 0x0000700001456000,0x0000700001556000] [id=21763]

VM state:not at safepoint (normal execution)

VM Mutex/Monitor currently owned by a thread: None

Heap:
 PSYoungGen      total 38400K, used 19077K [0x000000076ab00000, 0x000000076d900000, 0x00000007c0000000)
  eden space 29696K, 53% used [0x000000076ab00000,0x000000076ba61490,0x000000076c800000)
  from space 8704K, 38% used [0x000000076c800000,0x000000076cb400c0,0x000000076d080000)
  to   space 8704K, 0% used [0x000000076d080000,0x000000076d080000,0x000000076d900000)
 ParOldGen       total 142336K, used 118582K [0x00000006c0000000, 0x00000006c8b00000, 0x000000076ab00000)
  object space 142336K, 83% used [0x00000006c0000000,0x00000006c73cd880,0x00000006c8b00000)
 Metaspace       used 19977K, capacity 20207K, committed 20480K, reserved 1067008K
  class space    used 1916K, capacity 2018K, committed 2048K, reserved 1048576K

Card table byte_map: [0x0000000121154000,0x0000000121955000] byte_map_base: 0x000000011db54000

Marking Bits: (ParMarkBitMap*) 0x00000001116e6eb0
 Begin Bits: [0x0000000121eab000, 0x0000000125eab000)
 End Bits:   [0x0000000125eab000, 0x0000000129eab000)

Polling page: 0x000000010fcc6000

CodeCache: size=245760Kb used=10133Kb max_used=10217Kb free=235626Kb
 bounds [0x0000000111d94000, 0x00000001127a4000, 0x0000000120d94000]
 total_blobs=3626 nmethods=2744 adapters=795
 compilation: enabled

Compilation events (10 events):
Event: 136.911 Thread 0x00007ffa6602a000 3263       4       java.lang.Math::floor (5 bytes)
Event: 136.912 Thread 0x00007ffa6500a000 3264       4       sun.awt.image.PixelConverter$ArgbPre::rgbToPixel (100 bytes)
Event: 136.912 Thread 0x00007ffa6500a000 nmethod 3264 0x00000001122a0e90 code [0x00000001122a0fe0, 0x00000001122a1058]
Event: 136.912 Thread 0x00007ffa6602a000 nmethod 3263 0x0000000112195450 code [0x00000001121955c0, 0x00000001121956d8]
Event: 136.927 Thread 0x00007ffa62814800 3265       4       java.beans.WeakIdentityMap$Entry::isMatched (22 bytes)
Event: 136.928 Thread 0x00007ffa62814800 nmethod 3265 0x0000000111ea3d50 code [0x0000000111ea3ea0, 0x0000000111ea3f58]
Event: 136.936 Thread 0x00007ffa62815800 3266       1       sun.java2d.SurfaceData::isValid (5 bytes)
Event: 136.936 Thread 0x00007ffa62815800 nmethod 3266 0x0000000112193bd0 code [0x0000000112193d20, 0x0000000112193e30]
Event: 136.936 Thread 0x00007ffa62815800 3267       3       sun.java2d.pipe.RenderBuffer::putFloat (26 bytes)
Event: 136.936 Thread 0x00007ffa62815800 nmethod 3267 0x0000000112336490 code [0x0000000112336600, 0x0000000112336790]

GC Heap History (10 events):
Event: 124.561 GC heap before
{Heap before GC invocations=72 (full 3):
 PSYoungGen      total 38912K, used 35618K [0x000000076ab00000, 0x000000076da00000, 0x00000007c0000000)
  eden space 29696K, 99% used [0x000000076ab00000,0x000000076c7f88f8,0x000000076c800000)
  from space 9216K, 64% used [0x000000076d100000,0x000000076d6d0170,0x000000076da00000)
  to   space 9216K, 0% used [0x000000076c800000,0x000000076c800000,0x000000076d100000)
 ParOldGen       total 142336K, used 95448K [0x00000006c0000000, 0x00000006c8b00000, 0x000000076ab00000)
  object space 142336K, 67% used [0x00000006c0000000,0x00000006c5d36340,0x00000006c8b00000)
 Metaspace       used 19941K, capacity 20175K, committed 20480K, reserved 1067008K
  class space    used 1907K, capacity 1986K, committed 2048K, reserved 1048576K
Event: 124.563 GC heap after
Heap after GC invocations=72 (full 3):
 PSYoungGen      total 38912K, used 5920K [0x000000076ab00000, 0x000000076da00000, 0x00000007c0000000)
  eden space 29696K, 0% used [0x000000076ab00000,0x000000076ab00000,0x000000076c800000)
  from space 9216K, 64% used [0x000000076c800000,0x000000076cdc8160,0x000000076d100000)
  to   space 9216K, 0% used [0x000000076d100000,0x000000076d100000,0x000000076da00000)
 ParOldGen       total 142336K, used 99601K [0x00000006c0000000, 0x00000006c8b00000, 0x000000076ab00000)
  object space 142336K, 69% used [0x00000006c0000000,0x00000006c6144440,0x00000006c8b00000)
 Metaspace       used 19941K, capacity 20175K, committed 20480K, reserved 1067008K
  class space    used 1907K, capacity 1986K, committed 2048K, reserved 1048576K
}
Event: 125.078 GC heap before
{Heap before GC invocations=73 (full 3):
 PSYoungGen      total 38912K, used 35616K [0x000000076ab00000, 0x000000076da00000, 0x00000007c0000000)
  eden space 29696K, 100% used [0x000000076ab00000,0x000000076c800000,0x000000076c800000)
  from space 9216K, 64% used [0x000000076c800000,0x000000076cdc8160,0x000000076d100000)
  to   space 9216K, 0% used [0x000000076d100000,0x000000076d100000,0x000000076da00000)
 ParOldGen       total 142336K, used 100685K [0x00000006c0000000, 0x00000006c8b00000, 0x000000076ab00000)
  object space 142336K, 70% used [0x00000006c0000000,0x00000006c6253430,0x00000006c8b00000)
 Metaspace       used 19941K, capacity 20175K, committed 20480K, reserved 1067008K
  class space    used 1907K, capacity 1986K, committed 2048K, reserved 1048576K
Event: 125.080 GC heap after
Heap after GC invocations=73 (full 3):
 PSYoungGen      total 37888K, used 4928K [0x000000076ab00000, 0x000000076d900000, 0x00000007c0000000)
  eden space 29696K, 0% used [0x000000076ab00000,0x000000076ab00000,0x000000076c800000)
  from space 8192K, 60% used [0x000000076d100000,0x000000076d5d0120,0x000000076d900000)
  to   space 8704K, 0% used [0x000000076c800000,0x000000076c800000,0x000000076d080000)
 ParOldGen       total 142336K, used 106117K [0x00000006c0000000, 0x00000006c8b00000, 0x000000076ab00000)
  object space 142336K, 74% used [0x00000006c0000000,0x00000006c67a1580,0x00000006c8b00000)
 Metaspace       used 19941K, capacity 20175K, committed 20480K, reserved 1067008K
  class space    used 1907K, capacity 1986K, committed 2048K, reserved 1048576K
}
Event: 125.328 GC heap before
{Heap before GC invocations=74 (full 3):
 PSYoungGen      total 37888K, used 34441K [0x000000076ab00000, 0x000000076d900000, 0x00000007c0000000)
  eden space 29696K, 99% used [0x000000076ab00000,0x000000076c7d26c8,0x000000076c800000)
  from space 8192K, 60% used [0x000000076d100000,0x000000076d5d0120,0x000000076d900000)
  to   space 8704K, 0% used [0x000000076c800000,0x000000076c800000,0x000000076d080000)
 ParOldGen       total 142336K, used 106117K [0x00000006c0000000, 0x00000006c8b00000, 0x000000076ab00000)
  object space 142336K, 74% used [0x00000006c0000000,0x00000006c67a1580,0x00000006c8b00000)
 Metaspace       used 19941K, capacity 20175K, committed 20480K, reserved 1067008K
  class space    used 1907K, capacity 1986K, committed 2048K, reserved 1048576K
Event: 125.329 GC heap after
Heap after GC invocations=74 (full 3):
 PSYoungGen      total 38400K, used 5920K [0x000000076ab00000, 0x000000076d900000, 0x00000007c0000000)
  eden space 29696K, 0% used [0x000000076ab00000,0x000000076ab00000,0x000000076c800000)
  from space 8704K, 68% used [0x000000076c800000,0x000000076cdc8160,0x000000076d080000)
  to   space 8704K, 0% used [0x000000076d080000,0x000000076d080000,0x000000076d900000)
 ParOldGen       total 142336K, used 109765K [0x00000006c0000000, 0x00000006c8b00000, 0x000000076ab00000)
  object space 142336K, 77% used [0x00000006c0000000,0x00000006c6b31660,0x00000006c8b00000)
 Metaspace       used 19941K, capacity 20175K, committed 20480K, reserved 1067008K
  class space    used 1907K, capacity 1986K, committed 2048K, reserved 1048576K
}
Event: 126.511 GC heap before
{Heap before GC invocations=75 (full 3):
 PSYoungGen      total 38400K, used 35523K [0x000000076ab00000, 0x000000076d900000, 0x00000007c0000000)
  eden space 29696K, 99% used [0x000000076ab00000,0x000000076c7e8dd0,0x000000076c800000)
  from space 8704K, 68% used [0x000000076c800000,0x000000076cdc8160,0x000000076d080000)
  to   space 8704K, 0% used [0x000000076d080000,0x000000076d080000,0x000000076d900000)
 ParOldGen       total 142336K, used 109765K [0x00000006c0000000, 0x00000006c8b00000, 0x000000076ab00000)
  object space 142336K, 77% used [0x00000006c0000000,0x00000006c6b31660,0x00000006c8b00000)
 Metaspace       used 19941K, capacity 20175K, committed 20480K, reserved 1067008K
  class space    used 1907K, capacity 1986K, committed 2048K, reserved 1048576K
Event: 126.514 GC heap after
Heap after GC invocations=75 (full 3):
 PSYoungGen      total 38400K, used 4640K [0x000000076ab00000, 0x000000076d900000, 0x00000007c0000000)
  eden space 29696K, 0% used [0x000000076ab00000,0x000000076ab00000,0x000000076c800000)
  from space 8704K, 53% used [0x000000076d080000,0x000000076d508110,0x000000076d900000)
  to   space 8704K, 0% used [0x000000076c800000,0x000000076c800000,0x000000076d080000)
 ParOldGen       total 142336K, used 114685K [0x00000006c0000000, 0x00000006c8b00000, 0x000000076ab00000)
  object space 142336K, 80% used [0x00000006c0000000,0x00000006c6fff790,0x00000006c8b00000)
 Metaspace       used 19941K, capacity 20175K, committed 20480K, reserved 1067008K
  class space    used 1907K, capacity 1986K, committed 2048K, reserved 1048576K
}
Event: 131.294 GC heap before
{Heap before GC invocations=76 (full 3):
 PSYoungGen      total 38400K, used 34336K [0x000000076ab00000, 0x000000076d900000, 0x00000007c0000000)
  eden space 29696K, 100% used [0x000000076ab00000,0x000000076c800000,0x000000076c800000)
  from space 8704K, 53% used [0x000000076d080000,0x000000076d508110,0x000000076d900000)
  to   space 8704K, 0% used [0x000000076c800000,0x000000076c800000,0x000000076d080000)
 ParOldGen       total 142336K, used 114685K [0x00000006c0000000, 0x00000006c8b00000, 0x000000076ab00000)
  object space 142336K, 80% used [0x00000006c0000000,0x00000006c6fff790,0x00000006c8b00000)
 Metaspace       used 19941K, capacity 20175K, committed 20480K, reserved 1067008K
  class space    used 1907K, capacity 1986K, committed 2048K, reserved 1048576K
Event: 131.297 GC heap after
Heap after GC invocations=76 (full 3):
 PSYoungGen      total 38400K, used 3328K [0x000000076ab00000, 0x000000076d900000, 0x00000007c0000000)
  eden space 29696K, 0% used [0x000000076ab00000,0x000000076ab00000,0x000000076c800000)
  from space 8704K, 38% used [0x000000076c800000,0x000000076cb400c0,0x000000076d080000)
  to   space 8704K, 0% used [0x000000076d080000,0x000000076d080000,0x000000076d900000)
 ParOldGen       total 142336K, used 118582K [0x00000006c0000000, 0x00000006c8b00000, 0x000000076ab00000)
  object space 142336K, 83% used [0x00000006c0000000,0x00000006c73cd880,0x00000006c8b00000)
 Metaspace       used 19941K, capacity 20175K, committed 20480K, reserved 1067008K
  class space    used 1907K, capacity 1986K, committed 2048K, reserved 1048576K
}

Deoptimization events (10 events):
Event: 136.914 Thread 0x00007ffa639c7800 Uncommon trap: reason=unstable_if action=reinterpret pc=0x0000000112699804 method=sun.java2d.pipe.Region.intersectsQuickCheck(Lsun/java2d/pipe/Region;)Z @ 41
Event: 136.927 Thread 0x00007ffa639c7800 Uncommon trap: reason=class_check action=maybe_recompile pc=0x00000001122969b0 method=java.awt.Component.getGraphics()Ljava/awt/Graphics; @ 114
Event: 136.929 Thread 0x00007ffa650ce800 Uncommon trap: reason=class_check action=maybe_recompile pc=0x00000001122bb900 method=com.jogamp.common.util.RunnableTask.run()V @ 24
Event: 136.930 Thread 0x00007ffa650ce800 Uncommon trap: reason=unstable_if action=reinterpret pc=0x0000000112393b74 method=jogamp.nativewindow.macosx.OSXUtil.RunOnMainThread(ZLjava/lang/Runnable;)V @ 3
Event: 136.932 Thread 0x00007ffa63af1000 Uncommon trap: reason=unstable_if action=reinterpret pc=0x000000011274cfd4 method=jogamp.opengl.GLContextImpl.release(Z)V @ 257
Event: 136.932 Thread 0x00007ffa63af1000 Uncommon trap: reason=unstable_if action=reinterpret pc=0x00000001120516b4 method=java.util.IdentityHashMap.get(Ljava/lang/Object;)Ljava/lang/Object; @ 31
Event: 136.934 Thread 0x00007ffa63af1000 Uncommon trap: reason=unstable_if action=reinterpret pc=0x0000000112636cd8 method=java.util.LinkedList$ListItr.<init>(Ljava/util/LinkedList;I)V @ 26
Event: 136.934 Thread 0x00007ffa63af1000 Uncommon trap: reason=unstable_if action=reinterpret pc=0x0000000112411cf8 method=java.security.AccessControlContext.optimize()Ljava/security/AccessControlContext; @ 233
Event: 136.936 Thread 0x00007ffa639c7800 Uncommon trap: reason=class_check action=maybe_recompile pc=0x00000001122969b0 method=java.awt.Component.getGraphics()Ljava/awt/Graphics; @ 114
Event: 137.016 Thread 0x00007ffa650ce800 Uncommon trap: reason=class_check action=maybe_recompile pc=0x00000001122bb900 method=com.jogamp.common.util.RunnableTask.run()V @ 24

Internal exceptions (10 events):
Event: 0.128 Thread 0x00007ffa64800800 Exception <a 'java/lang/NoSuchFieldError': method resolution failed> (0x000000076adb3c08) thrown at [/Users/java_re/workspace/8-2-build-macosx-x86_64/jdk8u91/6644/hotspot/src/share/vm/prims/methodHandles.cpp, line 1146]
Event: 0.315 Thread 0x00007ffa64800800 Exception <a 'java/io/FileNotFoundException'> (0x000000076ae2fb00) thrown at [/Users/java_re/workspace/8-2-build-macosx-x86_64/jdk8u91/6644/hotspot/src/share/vm/prims/jni.cpp, line 709]
Event: 0.315 Thread 0x00007ffa64800800 Exception <a 'java/io/FileNotFoundException'> (0x000000076ae30660) thrown at [/Users/java_re/workspace/8-2-build-macosx-x86_64/jdk8u91/6644/hotspot/src/share/vm/prims/jni.cpp, line 709]
Event: 0.418 Thread 0x00007ffa64800800 Exception <a 'java/io/FileNotFoundException'> (0x000000076aec43d8) thrown at [/Users/java_re/workspace/8-2-build-macosx-x86_64/jdk8u91/6644/hotspot/src/share/vm/prims/jni.cpp, line 709]
Event: 1.571 Thread 0x00007ffa62a95800 Exception <a 'java/lang/UnsatisfiedLinkError': com.jogamp.common.util.JarUtil.fixNativeLibAttribs(Ljava/lang/String;)Z> (0x000000076c62da20) thrown at [/Users/java_re/workspace/8-2-build-macosx-x86_64/jdk8u91/6644/hotspot/src/share/vm/prims/nativeLookup.c
Event: 2.282 Thread 0x00007ffa63af1000 Exception <a 'java/io/FileNotFoundException'> (0x000000076d69c9d0) thrown at [/Users/java_re/workspace/8-2-build-macosx-x86_64/jdk8u91/6644/hotspot/src/share/vm/prims/jni.cpp, line 709]
Event: 2.282 Thread 0x00007ffa63af1000 Exception <a 'java/io/FileNotFoundException'> (0x000000076d6a2840) thrown at [/Users/java_re/workspace/8-2-build-macosx-x86_64/jdk8u91/6644/hotspot/src/share/vm/prims/jni.cpp, line 709]
Event: 2.282 Thread 0x00007ffa63af1000 Implicit null exception at 0x0000000111f30bb5 to 0x0000000111f30f19
Event: 2.789 Thread 0x00007ffa66016800 Exception <a 'java/lang/NullPointerException'> (0x000000076b0b48b0) thrown at [/Users/java_re/workspace/8-2-build-macosx-x86_64/jdk8u91/6644/hotspot/src/share/vm/interpreter/linkResolver.cpp, line 1178]
Event: 136.027 Thread 0x00007ffa63af1000 Implicit null exception at 0x00000001126ef958 to 0x00000001126f3d51

Events (10 events):
Event: 136.936 Thread 0x00007ffa639c7800 DEOPT PACKING pc=0x00000001122969b0 sp=0x0000700001e7ab50
Event: 136.936 Thread 0x00007ffa639c7800 DEOPT UNPACKING pc=0x0000000111d99229 sp=0x0000700001e7ab60 mode 2
Event: 136.936 Thread 0x00007ffa62815800 flushing nmethod 0x00000001123f9ad0
Event: 136.936 Thread 0x00007ffa62815800 flushing nmethod 0x0000000112426710
Event: 136.936 Thread 0x00007ffa62815800 flushing nmethod 0x0000000112495b10
Event: 136.936 Thread 0x00007ffa62815800 flushing nmethod 0x00000001124d2310
Event: 136.937 Thread 0x00007ffa62815800 flushing nmethod 0x00000001125286d0
Event: 137.016 Thread 0x00007ffa650ce800 Uncommon trap: trap_request=0xffffffde fr.pc=0x00000001122bb900
Event: 137.017 Thread 0x00007ffa650ce800 DEOPT PACKING pc=0x00000001122bb900 sp=0x00007fff501f86a0
Event: 137.017 Thread 0x00007ffa650ce800 DEOPT UNPACKING pc=0x0000000111d99229 sp=0x00007fff501f8648 mode 2


Dynamic libraries:
0x0000000007123000 	/System/Library/Frameworks/Cocoa.framework/Versions/A/Cocoa
0x0000000007123000 	/System/Library/Frameworks/Security.framework/Versions/A/Security
0x0000000007123000 	/System/Library/Frameworks/ApplicationServices.framework/Versions/A/ApplicationServices
0x0000000007123000 	/usr/lib/libz.1.dylib
0x0000000007123000 	/usr/lib/libSystem.B.dylib
0x0000000007123000 	/usr/lib/libobjc.A.dylib
0x0000000007123000 	/System/Library/Frameworks/CoreFoundation.framework/Versions/A/CoreFoundation
0x0000000007123000 	/System/Library/Frameworks/Foundation.framework/Versions/C/Foundation
0x0000000007123000 	/System/Library/Frameworks/AppKit.framework/Versions/C/AppKit
0x0000000007123000 	/System/Library/Frameworks/CoreData.framework/Versions/A/CoreData
0x0000000007123000 	/System/Library/PrivateFrameworks/RemoteViewServices.framework/Versions/A/RemoteViewServices
0x0000000007123000 	/System/Library/PrivateFrameworks/UIFoundation.framework/Versions/A/UIFoundation
0x0000000007123000 	/usr/lib/libScreenReader.dylib
0x0000000007123000 	/System/Library/Frameworks/Accelerate.framework/Versions/A/Accelerate
0x0000000007123000 	/System/Library/Frameworks/IOSurface.framework/Versions/A/IOSurface
0x0000000007123000 	/System/Library/Frameworks/AudioToolbox.framework/Versions/A/AudioToolbox
0x0000000007123000 	/System/Library/Frameworks/AudioUnit.framework/Versions/A/AudioUnit
0x0000000007123000 	/System/Library/PrivateFrameworks/DataDetectorsCore.framework/Versions/A/DataDetectorsCore
0x0000000007123000 	/System/Library/PrivateFrameworks/DesktopServicesPriv.framework/Versions/A/DesktopServicesPriv
0x0000000007123000 	/System/Library/Frameworks/Carbon.framework/Versions/A/Frameworks/HIToolbox.framework/Versions/A/HIToolbox
0x0000000007123000 	/System/Library/Frameworks/QuartzCore.framework/Versions/A/QuartzCore
0x0000000007123000 	/System/Library/Frameworks/Carbon.framework/Versions/A/Frameworks/SpeechRecognition.framework/Versions/A/SpeechRecognition
0x0000000007123000 	/usr/lib/libauto.dylib
0x0000000007123000 	/usr/lib/libicucore.A.dylib
0x0000000007123000 	/usr/lib/libxml2.2.dylib
0x0000000007123000 	/System/Library/PrivateFrameworks/CoreUI.framework/Versions/A/CoreUI
0x0000000007123000 	/System/Library/Frameworks/CoreAudio.framework/Versions/A/CoreAudio
0x0000000007123000 	/System/Library/Frameworks/DiskArbitration.framework/Versions/A/DiskArbitration
0x0000000007123000 	/usr/lib/liblangid.dylib
0x0000000007123000 	/System/Library/PrivateFrameworks/MultitouchSupport.framework/Versions/A/MultitouchSupport
0x0000000007123000 	/System/Library/Frameworks/IOKit.framework/Versions/A/IOKit
0x0000000007123000 	/usr/lib/libDiagnosticMessagesClient.dylib
0x0000000007123000 	/System/Library/Frameworks/CoreServices.framework/Versions/A/CoreServices
0x0000000007123000 	/System/Library/PrivateFrameworks/PerformanceAnalysis.framework/Versions/A/PerformanceAnalysis
0x0000000007123000 	/System/Library/PrivateFrameworks/GenerationalStorage.framework/Versions/A/GenerationalStorage
0x0000000007123000 	/System/Library/Frameworks/OpenGL.framework/Versions/A/OpenGL
0x0000000007123000 	/System/Library/PrivateFrameworks/Sharing.framework/Versions/A/Sharing
0x0000000007123000 	/System/Library/Frameworks/CoreGraphics.framework/Versions/A/CoreGraphics
0x0000000007123000 	/System/Library/Frameworks/CoreImage.framework/Versions/A/CoreImage
0x0000000007123000 	/System/Library/Frameworks/CoreText.framework/Versions/A/CoreText
0x0000000007123000 	/System/Library/Frameworks/ImageIO.framework/Versions/A/ImageIO
0x0000000007123000 	/System/Library/PrivateFrameworks/Backup.framework/Versions/A/Backup
0x0000000007123000 	/usr/lib/libextension.dylib
0x0000000007123000 	/usr/lib/libarchive.2.dylib
0x0000000007123000 	/System/Library/Frameworks/CFNetwork.framework/Versions/A/CFNetwork
0x0000000007123000 	/System/Library/Frameworks/SystemConfiguration.framework/Versions/A/SystemConfiguration
0x0000000007123000 	/usr/lib/libCRFSuite.dylib
0x0000000007123000 	/usr/lib/libc++.1.dylib
0x0000000007123000 	/usr/lib/libc++abi.dylib
0x0000000007123000 	/usr/lib/system/libcache.dylib
0x0000000007123000 	/usr/lib/system/libcommonCrypto.dylib
0x0000000007123000 	/usr/lib/system/libcompiler_rt.dylib
0x0000000007123000 	/usr/lib/system/libcopyfile.dylib
0x0000000007123000 	/usr/lib/system/libcorecrypto.dylib
0x0000000007123000 	/usr/lib/system/libdispatch.dylib
0x0000000007123000 	/usr/lib/system/libdyld.dylib
0x0000000007123000 	/usr/lib/system/libkeymgr.dylib
0x0000000007123000 	/usr/lib/system/liblaunch.dylib
0x0000000007123000 	/usr/lib/system/libmacho.dylib
0x0000000007123000 	/usr/lib/system/libquarantine.dylib
0x0000000007123000 	/usr/lib/system/libremovefile.dylib
0x0000000007123000 	/usr/lib/system/libsystem_asl.dylib
0x0000000007123000 	/usr/lib/system/libsystem_blocks.dylib
0x0000000007123000 	/usr/lib/system/libsystem_c.dylib
0x0000000007123000 	/usr/lib/system/libsystem_configuration.dylib
0x0000000007123000 	/usr/lib/system/libsystem_coreservices.dylib
0x0000000007123000 	/usr/lib/system/libsystem_coretls.dylib
0x0000000007123000 	/usr/lib/system/libsystem_dnssd.dylib
0x0000000007123000 	/usr/lib/system/libsystem_info.dylib
0x0000000007123000 	/usr/lib/system/libsystem_kernel.dylib
0x0000000007123000 	/usr/lib/system/libsystem_m.dylib
0x0000000007123000 	/usr/lib/system/libsystem_malloc.dylib
0x0000000007123000 	/usr/lib/system/libsystem_network.dylib
0x0000000007123000 	/usr/lib/system/libsystem_networkextension.dylib
0x0000000007123000 	/usr/lib/system/libsystem_notify.dylib
0x0000000007123000 	/usr/lib/system/libsystem_platform.dylib
0x0000000007123000 	/usr/lib/system/libsystem_pthread.dylib
0x0000000007123000 	/usr/lib/system/libsystem_sandbox.dylib
0x0000000007123000 	/usr/lib/system/libsystem_secinit.dylib
0x0000000007123000 	/usr/lib/system/libsystem_trace.dylib
0x0000000007123000 	/usr/lib/system/libunc.dylib
0x0000000007123000 	/usr/lib/system/libunwind.dylib
0x0000000007123000 	/usr/lib/system/libxpc.dylib
0x0000000007123000 	/usr/lib/libenergytrace.dylib
0x0000000007123000 	/usr/lib/libbsm.0.dylib
0x0000000007123000 	/usr/lib/system/libkxld.dylib
0x0000000007123000 	/usr/lib/libxar.1.dylib
0x0000000007123000 	/usr/lib/libsqlite3.dylib
0x0000000007123000 	/usr/lib/libpam.2.dylib
0x0000000007123000 	/usr/lib/libOpenScriptingUtil.dylib
0x0000000007123000 	/usr/lib/libbz2.1.0.dylib
0x0000000007123000 	/usr/lib/liblzma.5.dylib
0x0000000007123000 	/System/Library/Frameworks/CoreServices.framework/Versions/A/Frameworks/FSEvents.framework/Versions/A/FSEvents
0x0000000007123000 	/System/Library/Frameworks/CoreServices.framework/Versions/A/Frameworks/CarbonCore.framework/Versions/A/CarbonCore
0x0000000007123000 	/System/Library/Frameworks/CoreServices.framework/Versions/A/Frameworks/Metadata.framework/Versions/A/Metadata
0x0000000007123000 	/System/Library/Frameworks/CoreServices.framework/Versions/A/Frameworks/OSServices.framework/Versions/A/OSServices
0x0000000007123000 	/System/Library/Frameworks/CoreServices.framework/Versions/A/Frameworks/SearchKit.framework/Versions/A/SearchKit
0x0000000007123000 	/System/Library/Frameworks/CoreServices.framework/Versions/A/Frameworks/AE.framework/Versions/A/AE
0x0000000007123000 	/System/Library/Frameworks/CoreServices.framework/Versions/A/Frameworks/LaunchServices.framework/Versions/A/LaunchServices
0x0000000007123000 	/System/Library/Frameworks/CoreServices.framework/Versions/A/Frameworks/DictionaryServices.framework/Versions/A/DictionaryServices
0x0000000007123000 	/System/Library/Frameworks/CoreServices.framework/Versions/A/Frameworks/SharedFileList.framework/Versions/A/SharedFileList
0x0000000007123000 	/System/Library/Frameworks/NetFS.framework/Versions/A/NetFS
0x0000000007123000 	/System/Library/PrivateFrameworks/NetAuth.framework/Versions/A/NetAuth
0x0000000007123000 	/System/Library/PrivateFrameworks/login.framework/Versions/A/Frameworks/loginsupport.framework/Versions/A/loginsupport
0x0000000007123000 	/System/Library/PrivateFrameworks/TCC.framework/Versions/A/TCC
0x0000000007123000 	/usr/lib/libmecabra.dylib
0x0000000007123000 	/System/Library/Frameworks/ApplicationServices.framework/Versions/A/Frameworks/ATS.framework/Versions/A/ATS
0x0000000007123000 	/System/Library/Frameworks/ApplicationServices.framework/Versions/A/Frameworks/ColorSync.framework/Versions/A/ColorSync
0x0000000007123000 	/System/Library/Frameworks/ApplicationServices.framework/Versions/A/Frameworks/HIServices.framework/Versions/A/HIServices
0x0000000007123000 	/System/Library/Frameworks/ApplicationServices.framework/Versions/A/Frameworks/LangAnalysis.framework/Versions/A/LangAnalysis
0x0000000007123000 	/System/Library/Frameworks/ApplicationServices.framework/Versions/A/Frameworks/PrintCore.framework/Versions/A/PrintCore
0x0000000007123000 	/System/Library/Frameworks/ApplicationServices.framework/Versions/A/Frameworks/QD.framework/Versions/A/QD
0x0000000007123000 	/System/Library/Frameworks/ApplicationServices.framework/Versions/A/Frameworks/SpeechSynthesis.framework/Versions/A/SpeechSynthesis
0x0000000007123000 	/System/Library/Frameworks/Metal.framework/Versions/A/Metal
0x0000000007123000 	/System/Library/Frameworks/Accelerate.framework/Versions/A/Frameworks/vImage.framework/Versions/A/vImage
0x0000000007123000 	/System/Library/Frameworks/Accelerate.framework/Versions/A/Frameworks/vecLib.framework/Versions/A/vecLib
0x0000000007123000 	/System/Library/Frameworks/Accelerate.framework/Versions/A/Frameworks/vecLib.framework/Versions/A/libvDSP.dylib
0x0000000007123000 	/System/Library/Frameworks/Accelerate.framework/Versions/A/Frameworks/vecLib.framework/Versions/A/libvMisc.dylib
0x0000000007123000 	/System/Library/Frameworks/Accelerate.framework/Versions/A/Frameworks/vecLib.framework/Versions/A/libLAPACK.dylib
0x0000000007123000 	/System/Library/Frameworks/Accelerate.framework/Versions/A/Frameworks/vecLib.framework/Versions/A/libBLAS.dylib
0x0000000007123000 	/System/Library/Frameworks/Accelerate.framework/Versions/A/Frameworks/vecLib.framework/Versions/A/libLinearAlgebra.dylib
0x0000000007123000 	/System/Library/Frameworks/Accelerate.framework/Versions/A/Frameworks/vecLib.framework/Versions/A/libSparseBLAS.dylib
0x0000000007123000 	/System/Library/PrivateFrameworks/GPUCompiler.framework/libmetal_timestamp.dylib
0x0000000007123000 	/System/Library/Frameworks/OpenGL.framework/Versions/A/Libraries/libCoreFSCache.dylib
0x0000000007123000 	/System/Library/PrivateFrameworks/IOAccelerator.framework/Versions/A/IOAccelerator
0x0000000007123000 	/System/Library/Frameworks/ApplicationServices.framework/Versions/A/Frameworks/ATS.framework/Versions/A/Resources/libFontParser.dylib
0x0000000007123000 	/System/Library/Frameworks/ApplicationServices.framework/Versions/A/Frameworks/ATS.framework/Versions/A/Resources/libFontRegistry.dylib
0x0000000007123000 	/System/Library/PrivateFrameworks/AppleVPA.framework/Versions/A/AppleVPA
0x0000000007123000 	/System/Library/PrivateFrameworks/AppleJPEG.framework/Versions/A/AppleJPEG
0x0000000007123000 	/System/Library/Frameworks/ImageIO.framework/Versions/A/Resources/libJPEG.dylib
0x0000000007123000 	/System/Library/Frameworks/ImageIO.framework/Versions/A/Resources/libTIFF.dylib
0x0000000007123000 	/System/Library/Frameworks/ImageIO.framework/Versions/A/Resources/libPng.dylib
0x0000000007123000 	/System/Library/Frameworks/ImageIO.framework/Versions/A/Resources/libGIF.dylib
0x0000000007123000 	/System/Library/Frameworks/ImageIO.framework/Versions/A/Resources/libJP2.dylib
0x0000000007123000 	/System/Library/Frameworks/ImageIO.framework/Versions/A/Resources/libRadiance.dylib
0x0000000007123000 	/System/Library/Frameworks/CoreVideo.framework/Versions/A/CoreVideo
0x0000000007123000 	/System/Library/Frameworks/OpenGL.framework/Versions/A/Libraries/libGLU.dylib
0x0000000007123000 	/System/Library/Frameworks/OpenGL.framework/Versions/A/Libraries/libGFXShared.dylib
0x0000000007123000 	/System/Library/Frameworks/OpenGL.framework/Versions/A/Libraries/libGL.dylib
0x0000000007123000 	/System/Library/Frameworks/OpenGL.framework/Versions/A/Libraries/libGLImage.dylib
0x0000000007123000 	/System/Library/Frameworks/OpenGL.framework/Versions/A/Libraries/libCVMSPluginSupport.dylib
0x0000000007123000 	/System/Library/Frameworks/OpenGL.framework/Versions/A/Libraries/libCoreVMClient.dylib
0x0000000007123000 	/usr/lib/libcups.2.dylib
0x0000000007123000 	/System/Library/Frameworks/Kerberos.framework/Versions/A/Kerberos
0x0000000007123000 	/System/Library/Frameworks/GSS.framework/Versions/A/GSS
0x0000000007123000 	/usr/lib/libresolv.9.dylib
0x0000000007123000 	/usr/lib/libiconv.2.dylib
0x0000000007123000 	/System/Library/PrivateFrameworks/Heimdal.framework/Versions/A/Heimdal
0x0000000007123000 	/usr/lib/libheimdal-asn1.dylib
0x0000000007123000 	/System/Library/Frameworks/OpenDirectory.framework/Versions/A/OpenDirectory
0x0000000007123000 	/System/Library/PrivateFrameworks/CommonAuth.framework/Versions/A/CommonAuth
0x0000000007123000 	/System/Library/Frameworks/OpenDirectory.framework/Versions/A/Frameworks/CFOpenDirectory.framework/Versions/A/CFOpenDirectory
0x0000000007123000 	/System/Library/Frameworks/SecurityFoundation.framework/Versions/A/SecurityFoundation
0x0000000007123000 	/System/Library/PrivateFrameworks/LanguageModeling.framework/Versions/A/LanguageModeling
0x0000000007123000 	/usr/lib/libmarisa.dylib
0x0000000007123000 	/usr/lib/libChineseTokenizer.dylib
0x0000000007123000 	/usr/lib/libcmph.dylib
0x0000000007123000 	/usr/lib/libcompression.dylib
0x0000000007123000 	/System/Library/Frameworks/ServiceManagement.framework/Versions/A/ServiceManagement
0x0000000007123000 	/usr/lib/libxslt.1.dylib
0x0000000007123000 	/System/Library/Frameworks/Carbon.framework/Versions/A/Frameworks/Ink.framework/Versions/A/Ink
0x0000000007123000 	/usr/lib/libFosl_dynamic.dylib
0x0000000007123000 	/System/Library/PrivateFrameworks/FaceCore.framework/Versions/A/FaceCore
0x0000000007123000 	/System/Library/Frameworks/OpenCL.framework/Versions/A/OpenCL
0x0000000007123000 	/System/Library/PrivateFrameworks/CrashReporterSupport.framework/Versions/A/CrashReporterSupport
0x0000000007123000 	/System/Library/PrivateFrameworks/IconServices.framework/Versions/A/IconServices
0x0000000007123000 	/System/Library/PrivateFrameworks/Apple80211.framework/Versions/A/Apple80211
0x0000000007123000 	/System/Library/Frameworks/CoreWLAN.framework/Versions/A/CoreWLAN
0x0000000007123000 	/System/Library/Frameworks/IOBluetooth.framework/Versions/A/IOBluetooth
0x0000000007123000 	/System/Library/PrivateFrameworks/CoreWiFi.framework/Versions/A/CoreWiFi
0x0000000007123000 	/System/Library/Frameworks/CoreBluetooth.framework/Versions/A/CoreBluetooth
0x0000000007123000 	/System/Library/PrivateFrameworks/ChunkingLibrary.framework/Versions/A/ChunkingLibrary
0x0000000007123000 	/System/Library/PrivateFrameworks/DebugSymbols.framework/Versions/A/DebugSymbols
0x0000000007123000 	/System/Library/PrivateFrameworks/CoreSymbolication.framework/Versions/A/CoreSymbolication
0x0000000007123000 	/System/Library/PrivateFrameworks/Symbolication.framework/Versions/A/Symbolication
0x0000000007123000 	/System/Library/PrivateFrameworks/SpeechRecognitionCore.framework/Versions/A/SpeechRecognitionCore
0x0000000110e00000 	/Library/Java/JavaVirtualMachines/jdk1.8.0_91.jdk/Contents/Home/jre/lib/server/libjvm.dylib
0x0000000007123000 	/usr/lib/libstdc++.6.dylib
0x000000010fc83000 	/Library/Java/JavaVirtualMachines/jdk1.8.0_91.jdk/Contents/Home/jre/lib/libverify.dylib
0x000000010fc91000 	/Library/Java/JavaVirtualMachines/jdk1.8.0_91.jdk/Contents/Home/jre/lib/libjava.dylib
0x000000010fcd0000 	/Library/Java/JavaVirtualMachines/jdk1.8.0_91.jdk/Contents/Home/jre/lib/libzip.dylib
0x000000012cd25000 	/System/Library/Frameworks/JavaVM.framework/Frameworks/JavaRuntimeSupport.framework/JavaRuntimeSupport
0x000000012cd40000 	/System/Library/Frameworks/JavaVM.framework/Versions/A/Frameworks/JavaNativeFoundation.framework/Versions/A/JavaNativeFoundation
0x000000012cd55000 	/System/Library/Frameworks/JavaVM.framework/Versions/A/JavaVM
0x0000000007123000 	/System/Library/Frameworks/Carbon.framework/Versions/A/Carbon
0x000000012cd62000 	/System/Library/PrivateFrameworks/JavaLaunching.framework/Versions/A/JavaLaunching
0x0000000007123000 	/System/Library/Frameworks/Carbon.framework/Versions/A/Frameworks/CommonPanels.framework/Versions/A/CommonPanels
0x0000000007123000 	/System/Library/Frameworks/Carbon.framework/Versions/A/Frameworks/Help.framework/Versions/A/Help
0x0000000007123000 	/System/Library/Frameworks/Carbon.framework/Versions/A/Frameworks/ImageCapture.framework/Versions/A/ImageCapture
0x0000000007123000 	/System/Library/Frameworks/Carbon.framework/Versions/A/Frameworks/OpenScripting.framework/Versions/A/OpenScripting
0x0000000007123000 	/System/Library/Frameworks/Carbon.framework/Versions/A/Frameworks/Print.framework/Versions/A/Print
0x0000000007123000 	/System/Library/Frameworks/Carbon.framework/Versions/A/Frameworks/SecurityHI.framework/Versions/A/SecurityHI
0x000000012e683000 	/Library/Java/JavaVirtualMachines/jdk1.8.0_91.jdk/Contents/Home/jre/lib/libawt.dylib
0x000000012e72b000 	/Library/Java/JavaVirtualMachines/jdk1.8.0_91.jdk/Contents/Home/jre/lib/./libmlib_image.dylib
0x000000012e7f7000 	/Library/Java/JavaVirtualMachines/jdk1.8.0_91.jdk/Contents/Home/jre/lib/libawt_lwawt.dylib
0x000000012e8ac000 	/Library/Java/JavaVirtualMachines/jdk1.8.0_91.jdk/Contents/Home/jre/lib/./libosxapp.dylib
0x0000000007123000 	/System/Library/Frameworks/ExceptionHandling.framework/Versions/A/ExceptionHandling
0x0000000007123000 	/System/Library/PrivateFrameworks/CoreServicesInternal.framework/Versions/A/CoreServicesInternal
0x0000000007123000 	/System/Library/Frameworks/CoreGraphics.framework/Versions/A/Resources/libRIP.A.dylib
0x0000000007123000 	/System/Library/Frameworks/Accelerate.framework/Versions/A/Frameworks/vImage.framework/Versions/A/Libraries/libCGInterfaces.dylib
0x0000000007123000 	/System/Library/Frameworks/CoreGraphics.framework/Versions/A/Resources/libCGXType.A.dylib
0x0000000007123000 	/System/Library/Frameworks/OpenCL.framework/Versions/A/Libraries/libcldcpuengine.dylib
0x0000000007123000 	/System/Library/PrivateFrameworks/DiskImages.framework/Versions/A/DiskImages
0x0000000007123000 	/System/Library/Frameworks/DiscRecording.framework/Versions/A/DiscRecording
0x0000000007123000 	/usr/lib/libcsfde.dylib
0x0000000007123000 	/usr/lib/libcurl.4.dylib
0x0000000007123000 	/System/Library/PrivateFrameworks/MediaKit.framework/Versions/A/MediaKit
0x0000000007123000 	/System/Library/PrivateFrameworks/ProtectedCloudStorage.framework/Versions/A/ProtectedCloudStorage
0x0000000007123000 	/usr/lib/libCoreStorage.dylib
0x0000000007123000 	/System/Library/PrivateFrameworks/EFILogin.framework/Versions/A/EFILogin
0x0000000007123000 	/usr/lib/libutil.dylib
0x0000000007123000 	/System/Library/PrivateFrameworks/FindMyDevice.framework/Versions/A/FindMyDevice
0x0000000007123000 	/System/Library/Frameworks/LDAP.framework/Versions/A/LDAP
0x0000000007123000 	/usr/lib/libsasl2.2.dylib
0x0000000007123000 	/System/Library/PrivateFrameworks/CoreDaemon.framework/Versions/B/CoreDaemon
0x0000000007123000 	/usr/lib/libcrypto.0.9.8.dylib
0x0000000007123000 	/System/Library/PrivateFrameworks/AppleSRP.framework/Versions/A/AppleSRP
0x0000000007123000 	/System/Library/PrivateFrameworks/TrustEvaluationAgent.framework/Versions/A/TrustEvaluationAgent
0x0000000130513000 	cl_kernels
0x0000000007123000 	/System/Library/Frameworks/OpenCL.framework/Versions/A/Libraries/ImageFormats/unorm8_bgra.dylib
0x0000000007123000 	/System/Library/Frameworks/OpenCL.framework/Versions/A/Libraries/ImageFormats/unorm8_rgba.dylib
0x0000000007123000 	/System/Library/PrivateFrameworks/FamilyControls.framework/Versions/A/FamilyControls
0x0000000007123000 	/System/Library/PrivateFrameworks/CommerceKit.framework/Versions/A/Frameworks/CommerceCore.framework/Versions/A/CommerceCore
0x0000000007123000 	/System/Library/PrivateFrameworks/SystemAdministration.framework/Versions/A/SystemAdministration
0x0000000007123000 	/System/Library/PrivateFrameworks/AppContainer.framework/Versions/A/AppContainer
0x0000000007123000 	/System/Library/PrivateFrameworks/SecCodeWrapper.framework/Versions/A/SecCodeWrapper
0x0000000007123000 	/System/Library/Frameworks/DirectoryService.framework/Versions/A/DirectoryService
0x0000000007123000 	/System/Library/PrivateFrameworks/LoginUIKit.framework/Versions/A/Frameworks/LoginUICore.framework/Versions/A/LoginUICore
0x0000000007123000 	/usr/lib/libodfde.dylib
0x0000000007123000 	/System/Library/Frameworks/OpenGL.framework/Versions/A/Resources/GLEngine.bundle/GLEngine
0x0000000007123000 	/System/Library/Frameworks/OpenGL.framework/Versions/A/Libraries/libGLProgrammability.dylib
0x00000001316e4000 	/System/Library/Extensions/AppleIntelHD5000GraphicsGLDriver.bundle/Contents/MacOS/AppleIntelHD5000GraphicsGLDriver
0x0000000007123000 	/System/Library/PrivateFrameworks/GPUSupport.framework/Versions/A/Libraries/libGPUSupportMercury.dylib
0x0000000007123000 	/System/Library/Frameworks/OpenGL.framework/Versions/A/Resources/GLRendererFloat.bundle/GLRendererFloat
0x0000000132b8a000 	/Library/Java/JavaVirtualMachines/jdk1.8.0_91.jdk/Contents/Home/jre/lib/libfontmanager.dylib
0x00000001340d7000 	/Library/Java/JavaVirtualMachines/jdk1.8.0_91.jdk/Contents/Home/jre/lib/libosxui.dylib
0x0000000134e1f000 	/Library/Java/JavaVirtualMachines/jdk1.8.0_91.jdk/Contents/Home/jre/lib/libnet.dylib
0x0000000134b58000 	/Library/Java/JavaVirtualMachines/jdk1.8.0_91.jdk/Contents/Home/jre/lib/libnio.dylib
0x0000000007123000 	/System/Library/Frameworks/ApplicationServices.framework/Versions/A/Frameworks/ATS.framework/Versions/A/Resources/libTrueTypeScaler.dylib
0x0000000185f75000 	/System/Library/Extensions/AppleIntelHD5000GraphicsMTLDriver.bundle/Contents/MacOS/AppleIntelHD5000GraphicsMTLDriver
0x000000012facd000 	/private/var/folders/lj/ts4xrlmj1tsc3mnwzl_88g000000gn/T/jogamp_0000/file_cache/jln2761351491063923245/jln7388265359852997827/libgluegen-rt.jnilib
0x000000012fad1000 	/private/var/folders/lj/ts4xrlmj1tsc3mnwzl_88g000000gn/T/jogamp_0000/file_cache/jln2761351491063923245/jln7388265359852997827/libnativewindow_awt.jnilib
0x000000012fad4000 	/Library/Java/JavaVirtualMachines/jdk1.8.0_91.jdk/Contents/Home/jre/lib/libjawt.dylib
0x000000012fad7000 	/private/var/folders/lj/ts4xrlmj1tsc3mnwzl_88g000000gn/T/jogamp_0000/file_cache/jln2761351491063923245/jln7388265359852997827/libnativewindow_macosx.jnilib
0x0000000186655000 	/private/var/folders/lj/ts4xrlmj1tsc3mnwzl_88g000000gn/T/jogamp_0000/file_cache/jln2761351491063923245/jln7388265359852997827/libjogl_desktop.jnilib
0x0000000190148000 	/Library/Java/JavaVirtualMachines/jdk1.8.0_91.jdk/Contents/Home/jre/lib/libjpeg.dylib

VM Arguments:
jvm_args: -Djava.library.path=/Library/Java/JavaVirtualMachines/jdk1.8.0_91.jdk/Contents/Home -Djava.security.policy=java.policy.applet -Dfile.encoding=UTF-8 
java_command: sun.applet.AppletViewer SimpleMapApp1469049312650.html
java_class_path (initial): /Users/rblowers/git/ice-crystal/ice-crystal/build:/Users/rblowers/git/ice-crystal/ice-crystal/lib/core.jar:/Users/rblowers/git/ice-crystal/ice-crystal/lib/gluegen-rt.jar:/Users/rblowers/git/ice-crystal/ice-crystal/lib/jogl-all.jar:/Users/rblowers/git/ice-crystal/ice-crystal/lib/log4j-1.2.15.jar:/Users/rblowers/git/ice-crystal/ice-crystal/lib/sqlite-jdbc-3.7.2.jar:/Users/rblowers/git/ice-crystal/ice-crystal/lib/json4processing.jar:/Users/rblowers/git/ice-crystal/ice-crystal/lib/libTUIO.jar:/Users/rblowers/git/ice-crystal/ice-crystal/lib/unfolding.0.9.6.jar
Launcher Type: SUN_STANDARD

Environment Variables:
PATH=/usr/bin:/bin:/usr/sbin:/sbin
SHELL=/bin/bash
DISPLAY=/private/tmp/com.apple.launchd.9qI8Gzruq0/org.macosforge.xquartz:0

Signal Handlers:
SIGSEGV: [libjvm.dylib+0x5a97a1], sa_mask[0]=11111111011111110111111111111111, sa_flags=SA_ONSTACK|SA_RESTART|SA_SIGINFO
SIGBUS: [libjvm.dylib+0x5a97a1], sa_mask[0]=11111111011111110111111111111111, sa_flags=SA_RESTART|SA_SIGINFO
SIGFPE: [libjvm.dylib+0x482594], sa_mask[0]=11111111011111110111111111111111, sa_flags=SA_RESTART|SA_SIGINFO
SIGPIPE: [libjvm.dylib+0x482594], sa_mask[0]=11111111011111110111111111111111, sa_flags=SA_RESTART|SA_SIGINFO
SIGXFSZ: [libjvm.dylib+0x482594], sa_mask[0]=11111111011111110111111111111111, sa_flags=SA_RESTART|SA_SIGINFO
SIGILL: [libjvm.dylib+0x482594], sa_mask[0]=11111111011111110111111111111111, sa_flags=SA_RESTART|SA_SIGINFO
SIGUSR1: SIG_DFL, sa_mask[0]=00000000000000000000000000000000, sa_flags=none
SIGUSR2: [libjvm.dylib+0x4820b2], sa_mask[0]=00100000000000000000000000000000, sa_flags=SA_RESTART|SA_SIGINFO
SIGHUP: [libjvm.dylib+0x480689], sa_mask[0]=11111111011111110111111111111111, sa_flags=SA_RESTART|SA_SIGINFO
SIGINT: [libjvm.dylib+0x480689], sa_mask[0]=11111111011111110111111111111111, sa_flags=SA_RESTART|SA_SIGINFO
SIGTERM: [libjvm.dylib+0x480689], sa_mask[0]=11111111011111110111111111111111, sa_flags=SA_RESTART|SA_SIGINFO
SIGQUIT: [libjvm.dylib+0x480689], sa_mask[0]=11111111011111110111111111111111, sa_flags=SA_RESTART|SA_SIGINFO


---------------  S Y S T E M  ---------------

OS:Bsduname:Darwin 15.3.0 Darwin Kernel Version 15.3.0: Thu Dec 10 18:40:58 PST 2015; root:xnu-3248.30.4~1/RELEASE_X86_64 x86_64
rlimit: STACK 8192k, CORE 0k, NPROC 709, NOFILE 10240, AS infinity
load average:2.99 2.55 2.29

CPU:total 8 (4 cores per cpu, 2 threads per core) family 6 model 70 stepping 1, cmov, cx8, fxsr, mmx, sse, sse2, sse3, ssse3, sse4.1, sse4.2, popcnt, avx, avx2, aes, clmul, erms, lzcnt, ht, tsc, tscinvbit, bmi1, bmi2

Memory: 4k page, physical 16777216k(774968k free)

/proc/meminfo:


vm_info: Java HotSpot(TM) 64-Bit Server VM (25.91-b14) for bsd-amd64 JRE (1.8.0_91-b14), built on Apr  1 2016 01:03:00 by "java_re" with gcc 4.2.1 (Based on Apple Inc. build 5658) (LLVM build 2336.11.00)

time: Wed Jul 20 17:17:29 2016
elapsed time: 137 seconds (0d 0h 2m 17s)

