#
# A fatal error has been detected by the Java Runtime Environment:
#
#  SIGSEGV (0xb) at pc=0x00007fff969204dd, pid=18566, tid=2571
#
# JRE version: Java(TM) SE Runtime Environment (8.0_91-b14) (build 1.8.0_91-b14)
# Java VM: Java HotSpot(TM) 64-Bit Server VM (25.91-b14 mixed mode bsd-amd64 compressed oops)
# Problematic frame:
# C  [libobjc.A.dylib+0x14dd]  objc_msgSend+0x1d
#
# Failed to write core dump. Core dumps have been disabled. To enable core dumping, try "ulimit -c unlimited" before starting Java again
#
# If you would like to submit a bug report, please visit:
#   http://bugreport.java.com/bugreport/crash.jsp
# The crash happened outside the Java Virtual Machine in native code.
# See problematic frame for where to report the bug.
#

---------------  T H R E A D  ---------------

Current thread (0x00007fbe9a001000):  JavaThread "AWT-AppKit" daemon [_thread_in_native, id=2571, stack(0x00007fff52a94000,0x00007fff53294000)]

siginfo: si_signo: 11 (SIGSEGV), si_code: 1 (SEGV_MAPERR), si_addr: 0x0000000000000018

Registers:
RAX=0x00007fbe9f5df7a0, RBX=0x000000018283c3b0, RCX=0x000000012ca597a0, RDX=0x000000012c3b9f20
RSP=0x00007fff5328f298, RBP=0x00007fff5328f350, RSI=0x00007fff8bf03d0e, RDI=0x00007fbe9f3b1240
R8 =0x0000000000000000, R9 =0x00000000000008c0, R10=0x00007fff8bf03d0e, R11=0x0000000000000000
R12=0x0000000000000000, R13=0x00000001872f0248, R14=0x000000018283c3a0, R15=0x00007fbe9a001000
RIP=0x00007fff969204dd, EFLAGS=0x0000000000010246, ERR=0x0000000000000004
  TRAPNO=0x000000000000000e

Top of Stack: (sp=0x00007fff5328f298)
0x00007fff5328f298:   000000018283a5d7 00007fff5328f2f0
0x00007fff5328f2a8:   0000000000000003 00007fff5328f2d0
0x00007fff5328f2b8:   000000010ddf24ea 00000001872f0248
0x00007fff5328f2c8:   00000001872f0248 00007fbe9f5df7a0
0x00007fff5328f2d8:   000000018283c5c0 000000018283c640
0x00007fff5328f2e8:   000000018283c3b0 00007fff7d1a7770
0x00007fff5328f2f8:   000000018283c5d0 00007fff7d34a500
0x00007fff5328f308:   00007fbe9f5df7a0 00007fbe9f3b1240
0x00007fff5328f318:   00007fbe9f3dd090 00007fbe9f5df7a0
0x00007fff5328f328:   00007fbe9f3b1240 00007fff5328f3d8
0x00007fff5328f338:   00007fbe9a0011f8 00000001872f0248
0x00007fff5328f348:   00007fff5328f400 00007fff5328f3c8
0x00007fff5328f358:   000000010ebf19d4 00000001872f0248
0x00007fff5328f368:   00007fff5328f400 00007fff5328f3c8
0x00007fff5328f378:   000000010ebf1767 000000010ebf1722
0x00007fff5328f388:   00007fff5328f388 00000001872f0248
0x00007fff5328f398:   00007fff5328f400 00000001872f2a38
0x00007fff5328f3a8:   0000000000000000 00000001872f0248
0x00007fff5328f3b8:   0000000000000000 00007fff5328f3e8
0x00007fff5328f3c8:   00007fff5328f448 000000010ebe22bd
0x00007fff5328f3d8:   00000006c1dee708 000000010ebeb538
0x00007fff5328f3e8:   00007fbe9f5df7a0 00007fff5328f448
0x00007fff5328f3f8:   00007fbe9f3b1240 000000010ebece02
0x00007fff5328f408:   00007fff5328f408 00000001872f0412
0x00007fff5328f418:   00007fff5328f470 00000001872f2a38
0x00007fff5328f428:   0000000000000000 00000001872f0420
0x00007fff5328f438:   00007fff5328f3e8 00007fff5328f458
0x00007fff5328f448:   00007fff5328f4b8 000000010ebe22bd
0x00007fff5328f458:   00007fbe9f5df7a0 00000006c1b01d60
0x00007fff5328f468:   00007fbe9f3b1240 00000006c1b01d60
0x00007fff5328f478:   00007fff5328f478 000000018ca42a96
0x00007fff5328f488:   00007fff5328f4c8 000000018ca42b50 

Instructions: (pc=0x00007fff969204dd)
0x00007fff969204bd:   44 00 00 48 85 ff 2e 74 62 40 f6 c7 01 2e 75 66
0x00007fff969204cd:   49 bb f8 ff ff ff ff 7f 00 00 4c 23 1f 49 89 f2
0x00007fff969204dd:   45 23 53 18 49 c1 e2 04 4d 03 53 10 49 3b 32 75
0x00007fff969204ed:   04 41 ff 62 08 49 83 3a 01 76 0d 49 83 c2 10 49 

Register to memory mapping:

RAX=0x00007fbe9f5df7a0 is an unknown value
RBX=0x000000018283c3b0: Java_jogamp_nativewindow_macosx_OSXUtil_GetScreenRefreshRate0+0x1850 in /private/var/folders/lj/ts4xrlmj1tsc3mnwzl_88g000000gn/T/jogamp_0000/file_cache/jln3448626285379274/jln7791493853364812798/libnativewindow_macosx.jnilib at 0x0000000182835000
RCX=0x000000012ca597a0 is an unknown value
RDX=0x000000012c3b9f20 is an unknown value
RSP=0x00007fff5328f298 is pointing into the stack for thread: 0x00007fbe9a001000
RBP=0x00007fff5328f350 is pointing into the stack for thread: 0x00007fbe9a001000
RSI=0x00007fff8bf03d0e is an unknown value
RDI=0x00007fbe9f3b1240 is an unknown value
R8 =0x0000000000000000 is an unknown value
R9 =0x00000000000008c0 is an unknown value
R10=0x00007fff8bf03d0e is an unknown value
R11=0x0000000000000000 is an unknown value
R12=0x0000000000000000 is an unknown value
R13={method} {0x00000001872f0248} 'UnsetJAWTRootSurfaceLayer0' '(JJ)V' in 'jogamp/nativewindow/jawt/macosx/MacOSXJAWTWindow'
R14=0x000000018283c3a0: Java_jogamp_nativewindow_macosx_OSXUtil_GetScreenRefreshRate0+0x1840 in /private/var/folders/lj/ts4xrlmj1tsc3mnwzl_88g000000gn/T/jogamp_0000/file_cache/jln3448626285379274/jln7791493853364812798/libnativewindow_macosx.jnilib at 0x0000000182835000
R15=0x00007fbe9a001000 is a thread


Stack: [0x00007fff52a94000,0x00007fff53294000],  sp=0x00007fff5328f298,  free space=8172k
Native frames: (J=compiled Java code, j=interpreted, Vv=VM code, C=native code)
C  [libobjc.A.dylib+0x14dd]  objc_msgSend+0x1d
j  jogamp.nativewindow.jawt.macosx.MacOSXJAWTWindow.UnsetJAWTRootSurfaceLayer0(JJ)V+0
j  jogamp.nativewindow.jawt.macosx.MacOSXJAWTWindow.access$200(JJ)V+2
j  jogamp.nativewindow.jawt.macosx.MacOSXJAWTWindow$1.run()V+38
J 926 C1 com.jogamp.common.util.RunnableTask.run()V (345 bytes) @ 0x000000010ef8a8b4 [0x000000010ef8a720+0x194]
v  ~StubRoutines::call_stub
V  [libjvm.dylib+0x2ec1e6]  JavaCalls::call_helper(JavaValue*, methodHandle*, JavaCallArguments*, Thread*)+0x6ae
V  [libjvm.dylib+0x323355]  jni_invoke_nonstatic(JNIEnv_*, JavaValue*, _jobject*, JNICallType, _jmethodID*, JNI_ArgumentPusher*, Thread*)+0x2ec
V  [libjvm.dylib+0x315b23]  jni_CallVoidMethod+0x16b
C  [libnativewindow_macosx.jnilib+0x57ae]  Java_jogamp_nativewindow_jawt_macosx_MacOSXJAWTWindow_UnsetJAWTRootSurfaceLayer0+0x2be
C  [Foundation+0x8dd4b]  __NSThreadPerformPerform+0x117
C  [CoreFoundation+0x7e5c1]  __CFRUNLOOP_IS_CALLING_OUT_TO_A_SOURCE0_PERFORM_FUNCTION__+0x11
C  [CoreFoundation+0x70397]  __CFRunLoopDoSources0+0x1a7
C  [CoreFoundation+0x6f93f]  __CFRunLoopRun+0x39f
C  [CoreFoundation+0x6f338]  CFRunLoopRunSpecific+0x128
C  [HIToolbox+0x30935]  RunCurrentEventLoopInMode+0xeb
C  [HIToolbox+0x30677]  ReceiveNextEventCommon+0xb8
C  [HIToolbox+0x305af]  _BlockUntilNextEventMatchingListInModeWithFilter+0x47
C  [AppKit+0x8a0ee]  _DPSNextEvent+0x42b
C  [AppKit+0x456943]  -[NSApplication _nextEventMatchingEventMask:untilDate:inMode:dequeue:]+0x1c6
C  [libosxapp.dylib+0x23aa]  -[NSApplicationAWT nextEventMatchingMask:untilDate:inMode:dequeue:]+0x7c
C  [AppKit+0x7ffc8]  -[NSApplication run]+0x2aa
C  [libosxapp.dylib+0x214d]  +[NSApplicationAWT runAWTLoopWithApp:]+0x9c
C  [libawt_lwawt.dylib+0x4455b]  -[AWTStarter starter:]+0x389
C  [Foundation+0x8dd4b]  __NSThreadPerformPerform+0x117
C  [CoreFoundation+0x7e5c1]  __CFRUNLOOP_IS_CALLING_OUT_TO_A_SOURCE0_PERFORM_FUNCTION__+0x11
C  [CoreFoundation+0x7041c]  __CFRunLoopDoSources0+0x22c
C  [CoreFoundation+0x6f93f]  __CFRunLoopRun+0x39f
C  [CoreFoundation+0x6f338]  CFRunLoopRunSpecific+0x128
C  [java+0x6463]  CreateExecutionEnvironment+0x367
C  [java+0x21ac]  JLI_Launch+0x7a0
C  [java+0x84c0]  main+0x65
C  [java+0x1a04]  start+0x34
C  0x0000000000000008

Java frames: (J=compiled Java code, j=interpreted, Vv=VM code)
j  jogamp.nativewindow.jawt.macosx.MacOSXJAWTWindow.UnsetJAWTRootSurfaceLayer0(JJ)V+0
j  jogamp.nativewindow.jawt.macosx.MacOSXJAWTWindow.access$200(JJ)V+2
j  jogamp.nativewindow.jawt.macosx.MacOSXJAWTWindow$1.run()V+38
J 926 C1 com.jogamp.common.util.RunnableTask.run()V (345 bytes) @ 0x000000010ef8a8b4 [0x000000010ef8a720+0x194]
v  ~StubRoutines::call_stub

---------------  P R O C E S S  ---------------

Java Threads: ( => current thread )
  0x00007fbe99bb6800 JavaThread "Thread-122" [_thread_blocked, id=73895, stack(0x00007000016df000,0x00007000017df000)]
  0x00007fbe9c89a800 JavaThread "Image Fetcher 2" daemon [_thread_blocked, id=75267, stack(0x000070000281e000,0x000070000291e000)]
  0x00007fbe9b28f000 JavaThread "Image Fetcher 1" daemon [_thread_blocked, id=74859, stack(0x000070000271b000,0x000070000281b000)]
  0x00007fbe9c551800 JavaThread "Keep-Alive-Timer" daemon [_thread_blocked, id=71535, stack(0x0000700002189000,0x0000700002289000)]
  0x00007fbe9ba84800 JavaThread "Image Fetcher 0" daemon [_thread_blocked, id=69787, stack(0x0000700002086000,0x0000700002186000)]
  0x00007fbe99a28000 JavaThread "AWT-EventQueue-1" [_thread_in_native, id=67631, stack(0x0000700001f83000,0x0000700002083000)]
  0x00007fbe9d054000 JavaThread "DestroyJavaVM" [_thread_blocked, id=5891, stack(0x000070000011a000,0x000070000021a000)]
  0x00007fbe9b0d1800 JavaThread "AWT-EventQueue-0" [_thread_blocked, id=59395, stack(0x0000700001d7d000,0x0000700001e7d000)]
  0x00007fbe998e4000 JavaThread "Java2D Disposer" daemon [_thread_blocked, id=56075, stack(0x0000700001af4000,0x0000700001bf4000)]
  0x00007fbe9c105000 JavaThread "Java2D Queue Flusher" daemon [_thread_blocked, id=52999, stack(0x00007000019f1000,0x0000700001af1000)]
  0x00007fbe998c3000 JavaThread "AWT-Shutdown" [_thread_blocked, id=31763, stack(0x00007000015dc000,0x00007000016dc000)]
=>0x00007fbe9a001000 JavaThread "AWT-AppKit" daemon [_thread_in_native, id=2571, stack(0x00007fff52a94000,0x00007fff53294000)]
  0x00007fbe9c01e000 JavaThread "Service Thread" daemon [_thread_blocked, id=21251, stack(0x0000700001353000,0x0000700001453000)]
  0x00007fbe9b007000 JavaThread "C1 CompilerThread3" daemon [_thread_blocked, id=20739, stack(0x0000700001250000,0x0000700001350000)]
  0x00007fbe9c840800 JavaThread "C2 CompilerThread2" daemon [_thread_blocked, id=20227, stack(0x000070000114d000,0x000070000124d000)]
  0x00007fbe9b006000 JavaThread "C2 CompilerThread1" daemon [_thread_blocked, id=19715, stack(0x000070000104a000,0x000070000114a000)]
  0x00007fbe9b004800 JavaThread "C2 CompilerThread0" daemon [_thread_blocked, id=19203, stack(0x0000700000f47000,0x0000700001047000)]
  0x00007fbe9c013800 JavaThread "Signal Dispatcher" daemon [_thread_blocked, id=14863, stack(0x0000700000e44000,0x0000700000f44000)]
  0x00007fbe9c00a800 JavaThread "Finalizer" daemon [_thread_blocked, id=14339, stack(0x0000700000c3b000,0x0000700000d3b000)]
  0x00007fbe9c802000 JavaThread "Reference Handler" daemon [_thread_blocked, id=13827, stack(0x0000700000b38000,0x0000700000c38000)]

Other Threads:
  0x00007fbe9b02a000 VMThread [stack: 0x0000700000a35000,0x0000700000b35000] [id=13315]
  0x00007fbe9c841800 WatcherThread [stack: 0x0000700001456000,0x0000700001556000] [id=21763]

VM state:not at safepoint (normal execution)

VM Mutex/Monitor currently owned by a thread: None

Heap:
 PSYoungGen      total 76288K, used 28328K [0x000000076ab00000, 0x0000000770000000, 0x00000007c0000000)
  eden space 65536K, 43% used [0x000000076ab00000,0x000000076c6aa230,0x000000076eb00000)
  from space 10752K, 0% used [0x000000076f580000,0x000000076f580000,0x0000000770000000)
  to   space 10752K, 0% used [0x000000076eb00000,0x000000076eb00000,0x000000076f580000)
 ParOldGen       total 118784K, used 37848K [0x00000006c0000000, 0x00000006c7400000, 0x000000076ab00000)
  object space 118784K, 31% used [0x00000006c0000000,0x00000006c24f62c8,0x00000006c7400000)
 Metaspace       used 21114K, capacity 21259K, committed 21552K, reserved 1069056K
  class space    used 2066K, capacity 2114K, committed 2176K, reserved 1048576K

Card table byte_map: [0x000000011df9a000,0x000000011e79b000] byte_map_base: 0x000000011a99a000

Marking Bits: (ParMarkBitMap*) 0x000000010e4e6eb0
 Begin Bits: [0x000000011ecf1000, 0x0000000122cf1000)
 End Bits:   [0x0000000122cf1000, 0x0000000126cf1000)

Polling page: 0x000000010cbfa000

CodeCache: size=245760Kb used=8184Kb max_used=8184Kb free=237575Kb
 bounds [0x000000010ebda000, 0x000000010f3ea000, 0x000000011dbda000]
 total_blobs=3217 nmethods=2325 adapters=805
 compilation: enabled

Compilation events (10 events):
Event: 13.922 Thread 0x00007fbe9c840800 2518       4       javax.media.opengl.GLContext::isGL2 (27 bytes)
Event: 13.923 Thread 0x00007fbe9c840800 nmethod 2518 0x000000010f3dcf10 code [0x000000010f3dd060, 0x000000010f3dd118]
Event: 14.036 Thread 0x00007fbe9b007000 2519       1       sun.java2d.opengl.OGLRenderQueue::access$000 (5 bytes)
Event: 14.036 Thread 0x00007fbe9b007000 nmethod 2519 0x000000010f3e23d0 code [0x000000010f3e2520, 0x000000010f3e2610]
Event: 14.038 Thread 0x00007fbe9b007000 2520       1       sun.java2d.SurfaceData::isValid (5 bytes)
Event: 14.038 Thread 0x00007fbe9b007000 nmethod 2520 0x000000010f3e2110 code [0x000000010f3e2260, 0x000000010f3e2370]
Event: 14.053 Thread 0x00007fbe9b007000 2521       3       java.util.HashMap::putVal (300 bytes)
Event: 14.056 Thread 0x00007fbe9b007000 nmethod 2521 0x000000010f3e01d0 code [0x000000010f3e0440, 0x000000010f3e16f8]
Event: 14.056 Thread 0x00007fbe9b007000 2522       3       sun.java2d.pipe.RenderBuffer::putFloat (26 bytes)
Event: 14.056 Thread 0x00007fbe9b007000 nmethod 2522 0x000000010f3dfe10 code [0x000000010f3dff80, 0x000000010f3e0110]

GC Heap History (10 events):
Event: 5.887 GC heap before
{Heap before GC invocations=1 (full 0):
 PSYoungGen      total 76288K, used 65536K [0x000000076ab00000, 0x0000000770000000, 0x00000007c0000000)
  eden space 65536K, 100% used [0x000000076ab00000,0x000000076eb00000,0x000000076eb00000)
  from space 10752K, 0% used [0x000000076f580000,0x000000076f580000,0x0000000770000000)
  to   space 10752K, 0% used [0x000000076eb00000,0x000000076eb00000,0x000000076f580000)
 ParOldGen       total 175104K, used 0K [0x00000006c0000000, 0x00000006cab00000, 0x000000076ab00000)
  object space 175104K, 0% used [0x00000006c0000000,0x00000006c0000000,0x00000006cab00000)
 Metaspace       used 19904K, capacity 20121K, committed 20352K, reserved 1067008K
  class space    used 2021K, capacity 2077K, committed 2176K, reserved 1048576K
Event: 5.898 GC heap after
Heap after GC invocations=1 (full 0):
 PSYoungGen      total 76288K, used 10728K [0x000000076ab00000, 0x0000000770000000, 0x00000007c0000000)
  eden space 65536K, 0% used [0x000000076ab00000,0x000000076ab00000,0x000000076eb00000)
  from space 10752K, 99% used [0x000000076eb00000,0x000000076f57a0e8,0x000000076f580000)
  to   space 10752K, 0% used [0x000000076f580000,0x000000076f580000,0x0000000770000000)
 ParOldGen       total 175104K, used 3596K [0x00000006c0000000, 0x00000006cab00000, 0x000000076ab00000)
  object space 175104K, 2% used [0x00000006c0000000,0x00000006c0383258,0x00000006cab00000)
 Metaspace       used 19904K, capacity 20121K, committed 20352K, reserved 1067008K
  class space    used 2021K, capacity 2077K, committed 2176K, reserved 1048576K
}
Event: 7.164 GC heap before
{Heap before GC invocations=2 (full 0):
 PSYoungGen      total 76288K, used 76264K [0x000000076ab00000, 0x0000000770000000, 0x00000007c0000000)
  eden space 65536K, 100% used [0x000000076ab00000,0x000000076eb00000,0x000000076eb00000)
  from space 10752K, 99% used [0x000000076eb00000,0x000000076f57a0e8,0x000000076f580000)
  to   space 10752K, 0% used [0x000000076f580000,0x000000076f580000,0x0000000770000000)
 ParOldGen       total 175104K, used 3596K [0x00000006c0000000, 0x00000006cab00000, 0x000000076ab00000)
  object space 175104K, 2% used [0x00000006c0000000,0x00000006c0383258,0x00000006cab00000)
 Metaspace       used 20276K, capacity 20445K, committed 20608K, reserved 1067008K
  class space    used 2021K, capacity 2077K, committed 2176K, reserved 1048576K
Event: 7.175 GC heap after
Heap after GC invocations=2 (full 0):
 PSYoungGen      total 76288K, used 10725K [0x000000076ab00000, 0x0000000770000000, 0x00000007c0000000)
  eden space 65536K, 0% used [0x000000076ab00000,0x000000076ab00000,0x000000076eb00000)
  from space 10752K, 99% used [0x000000076f580000,0x000000076fff94c8,0x0000000770000000)
  to   space 10752K, 0% used [0x000000076eb00000,0x000000076eb00000,0x000000076f580000)
 ParOldGen       total 175104K, used 13736K [0x00000006c0000000, 0x00000006cab00000, 0x000000076ab00000)
  object space 175104K, 7% used [0x00000006c0000000,0x00000006c0d6a0c8,0x00000006cab00000)
 Metaspace       used 20276K, capacity 20445K, committed 20608K, reserved 1067008K
  class space    used 2021K, capacity 2077K, committed 2176K, reserved 1048576K
}
Event: 10.353 GC heap before
{Heap before GC invocations=3 (full 0):
 PSYoungGen      total 76288K, used 76261K [0x000000076ab00000, 0x0000000770000000, 0x00000007c0000000)
  eden space 65536K, 100% used [0x000000076ab00000,0x000000076eb00000,0x000000076eb00000)
  from space 10752K, 99% used [0x000000076f580000,0x000000076fff94c8,0x0000000770000000)
  to   space 10752K, 0% used [0x000000076eb00000,0x000000076eb00000,0x000000076f580000)
 ParOldGen       total 175104K, used 13736K [0x00000006c0000000, 0x00000006cab00000, 0x000000076ab00000)
  object space 175104K, 7% used [0x00000006c0000000,0x00000006c0d6a0c8,0x00000006cab00000)
 Metaspace       used 20866K, capacity 21003K, committed 21296K, reserved 1069056K
  class space    used 2055K, capacity 2114K, committed 2176K, reserved 1048576K
Event: 10.365 GC heap after
Heap after GC invocations=3 (full 0):
 PSYoungGen      total 76288K, used 10725K [0x000000076ab00000, 0x0000000770000000, 0x00000007c0000000)
  eden space 65536K, 0% used [0x000000076ab00000,0x000000076ab00000,0x000000076eb00000)
  from space 10752K, 99% used [0x000000076eb00000,0x000000076f5794d8,0x000000076f580000)
  to   space 10752K, 0% used [0x000000076f580000,0x000000076f580000,0x0000000770000000)
 ParOldGen       total 175104K, used 26152K [0x00000006c0000000, 0x00000006cab00000, 0x000000076ab00000)
  object space 175104K, 14% used [0x00000006c0000000,0x00000006c198a3a8,0x00000006cab00000)
 Metaspace       used 20866K, capacity 21003K, committed 21296K, reserved 1069056K
  class space    used 2055K, capacity 2114K, committed 2176K, reserved 1048576K
}
Event: 11.508 GC heap before
{Heap before GC invocations=4 (full 0):
 PSYoungGen      total 76288K, used 32076K [0x000000076ab00000, 0x0000000770000000, 0x00000007c0000000)
  eden space 65536K, 32% used [0x000000076ab00000,0x000000076bfd9b58,0x000000076eb00000)
  from space 10752K, 99% used [0x000000076eb00000,0x000000076f5794d8,0x000000076f580000)
  to   space 10752K, 0% used [0x000000076f580000,0x000000076f580000,0x0000000770000000)
 ParOldGen       total 175104K, used 26152K [0x00000006c0000000, 0x00000006cab00000, 0x000000076ab00000)
  object space 175104K, 14% used [0x00000006c0000000,0x00000006c198a3a8,0x00000006cab00000)
 Metaspace       used 20964K, capacity 21131K, committed 21296K, reserved 1069056K
  class space    used 2058K, capacity 2114K, committed 2176K, reserved 1048576K
Event: 11.515 GC heap after
Heap after GC invocations=4 (full 0):
 PSYoungGen      total 76288K, used 10741K [0x000000076ab00000, 0x0000000770000000, 0x00000007c0000000)
  eden space 65536K, 0% used [0x000000076ab00000,0x000000076ab00000,0x000000076eb00000)
  from space 10752K, 99% used [0x000000076f580000,0x000000076fffd518,0x0000000770000000)
  to   space 10752K, 0% used [0x000000076eb00000,0x000000076eb00000,0x000000076f580000)
 ParOldGen       total 175104K, used 30361K [0x00000006c0000000, 0x00000006cab00000, 0x000000076ab00000)
  object space 175104K, 17% used [0x00000006c0000000,0x00000006c1da64b8,0x00000006cab00000)
 Metaspace       used 20964K, capacity 21131K, committed 21296K, reserved 1069056K
  class space    used 2058K, capacity 2114K, committed 2176K, reserved 1048576K
}
Event: 11.515 GC heap before
{Heap before GC invocations=5 (full 1):
 PSYoungGen      total 76288K, used 10741K [0x000000076ab00000, 0x0000000770000000, 0x00000007c0000000)
  eden space 65536K, 0% used [0x000000076ab00000,0x000000076ab00000,0x000000076eb00000)
  from space 10752K, 99% used [0x000000076f580000,0x000000076fffd518,0x0000000770000000)
  to   space 10752K, 0% used [0x000000076eb00000,0x000000076eb00000,0x000000076f580000)
 ParOldGen       total 175104K, used 30361K [0x00000006c0000000, 0x00000006cab00000, 0x000000076ab00000)
  object space 175104K, 17% used [0x00000006c0000000,0x00000006c1da64b8,0x00000006cab00000)
 Metaspace       used 20964K, capacity 21131K, committed 21296K, reserved 1069056K
  class space    used 2058K, capacity 2114K, committed 2176K, reserved 1048576K
Event: 11.546 GC heap after
Heap after GC invocations=5 (full 1):
 PSYoungGen      total 76288K, used 0K [0x000000076ab00000, 0x0000000770000000, 0x00000007c0000000)
  eden space 65536K, 0% used [0x000000076ab00000,0x000000076ab00000,0x000000076eb00000)
  from space 10752K, 0% used [0x000000076f580000,0x000000076f580000,0x0000000770000000)
  to   space 10752K, 0% used [0x000000076eb00000,0x000000076eb00000,0x000000076f580000)
 ParOldGen       total 118784K, used 37848K [0x00000006c0000000, 0x00000006c7400000, 0x000000076ab00000)
  object space 118784K, 31% used [0x00000006c0000000,0x00000006c24f62c8,0x00000006c7400000)
 Metaspace       used 20964K, capacity 21131K, committed 21296K, reserved 1069056K
  class space    used 2058K, capacity 2114K, committed 2176K, reserved 1048576K
}

Deoptimization events (10 events):
Event: 2.178 Thread 0x00007fbe99a28000 Uncommon trap: reason=unstable_if action=reinterpret pc=0x000000010eeeea64 method=sun.misc.MetaIndex.mayContain(Ljava/lang/String;)Z @ 38
Event: 5.777 Thread 0x00007fbe99a28000 Uncommon trap: reason=unstable_if action=reinterpret pc=0x000000010f01e63c method=com.jogamp.common.util.IntIntHashMap.get(I)I @ 28
Event: 6.017 Thread 0x00007fbe9ba84800 Uncommon trap: reason=unstable_if action=reinterpret pc=0x000000010f0da41c method=sun.awt.image.PNGImageDecoder.produceImage()V @ 867
Event: 6.124 Thread 0x00007fbe9c89a800 Uncommon trap: reason=bimorphic action=maybe_recompile pc=0x000000010ed4548c method=java.io.BufferedInputStream.read1([BII)I @ 39
Event: 6.129 Thread 0x00007fbe9ba84800 Uncommon trap: reason=bimorphic action=maybe_recompile pc=0x000000010ed4548c method=java.io.BufferedInputStream.read1([BII)I @ 39
Event: 7.136 Thread 0x00007fbe99a28000 Uncommon trap: reason=unstable_if action=reinterpret pc=0x000000010ed0b4a0 method=de.fhpotsdam.unfolding.core.Coordinate.equals(Ljava/lang/Object;)Z @ 38
Event: 7.136 Thread 0x00007fbe99a28000 Uncommon trap: reason=unstable_if action=reinterpret pc=0x000000010f09f944 method=de.fhpotsdam.unfolding.core.Coordinate.equals(Ljava/lang/Object;)Z @ 38
Event: 14.053 Thread 0x00007fbe9c103800 Uncommon trap: reason=unstable_if action=reinterpret pc=0x000000010f060760 method=java.util.HashMap.putVal(ILjava/lang/Object;Ljava/lang/Object;ZZ)Ljava/lang/Object; @ 81
Event: 14.053 Thread 0x00007fbe9c103800 Uncommon trap: reason=unstable_if action=reinterpret pc=0x000000010f0613b0 method=java.util.HashMap.putVal(ILjava/lang/Object;Ljava/lang/Object;ZZ)Ljava/lang/Object; @ 81
Event: 14.065 Thread 0x00007fbe99a28000 Uncommon trap: reason=unstable_if action=reinterpret pc=0x000000010f29891c method=java.security.AccessControlContext.optimize()Ljava/security/AccessControlContext; @ 233

Internal exceptions (10 events):
Event: 0.121 Thread 0x00007fbe99008800 Exception <a 'java/lang/NoSuchFieldError': method resolution failed> (0x000000076ada75a8) thrown at [/Users/java_re/workspace/8-2-build-macosx-x86_64/jdk8u91/6644/hotspot/src/share/vm/prims/methodHandles.cpp, line 1146]
Event: 0.123 Thread 0x00007fbe99008800 Exception <a 'java/lang/NoSuchFieldError': method resolution failed> (0x000000076adb4d78) thrown at [/Users/java_re/workspace/8-2-build-macosx-x86_64/jdk8u91/6644/hotspot/src/share/vm/prims/methodHandles.cpp, line 1146]
Event: 0.290 Thread 0x00007fbe99008800 Exception <a 'java/io/FileNotFoundException'> (0x000000076ae30eb0) thrown at [/Users/java_re/workspace/8-2-build-macosx-x86_64/jdk8u91/6644/hotspot/src/share/vm/prims/jni.cpp, line 709]
Event: 0.291 Thread 0x00007fbe99008800 Exception <a 'java/io/FileNotFoundException'> (0x000000076ae31a10) thrown at [/Users/java_re/workspace/8-2-build-macosx-x86_64/jdk8u91/6644/hotspot/src/share/vm/prims/jni.cpp, line 709]
Event: 0.379 Thread 0x00007fbe99008800 Exception <a 'java/io/FileNotFoundException'> (0x000000076aec99c0) thrown at [/Users/java_re/workspace/8-2-build-macosx-x86_64/jdk8u91/6644/hotspot/src/share/vm/prims/jni.cpp, line 709]
Event: 1.454 Thread 0x00007fbe99a51000 Exception <a 'java/lang/UnsatisfiedLinkError': com.jogamp.common.util.JarUtil.fixNativeLibAttribs(Ljava/lang/String;)Z> (0x000000076c7730f0) thrown at [/Users/java_re/workspace/8-2-build-macosx-x86_64/jdk8u91/6644/hotspot/src/share/vm/prims/nativeLookup.c
Event: 2.147 Thread 0x00007fbe99a28000 Exception <a 'java/io/FileNotFoundException'> (0x000000076d6a90f8) thrown at [/Users/java_re/workspace/8-2-build-macosx-x86_64/jdk8u91/6644/hotspot/src/share/vm/prims/jni.cpp, line 709]
Event: 2.147 Thread 0x00007fbe99a28000 Exception <a 'java/io/FileNotFoundException'> (0x000000076d6af268) thrown at [/Users/java_re/workspace/8-2-build-macosx-x86_64/jdk8u91/6644/hotspot/src/share/vm/prims/jni.cpp, line 709]
Event: 2.147 Thread 0x00007fbe99a28000 Implicit null exception at 0x000000010ed83d33 to 0x000000010ed840bd
Event: 5.901 Thread 0x00007fbe9c00a800 Exception <a 'java/lang/NullPointerException'> (0x000000076afa26a8) thrown at [/Users/java_re/workspace/8-2-build-macosx-x86_64/jdk8u91/6644/hotspot/src/share/vm/interpreter/linkResolver.cpp, line 1178]

Events (10 events):
Event: 14.065 loading class java/awt/LightweightDispatcher$2 done
Event: 14.065 loading class java/awt/event/AWTEventListenerProxy
Event: 14.065 loading class java/awt/event/AWTEventListenerProxy done
Event: 14.065 loading class java/awt/Toolkit$ToolkitEventMulticaster
Event: 14.066 loading class java/awt/Toolkit$ToolkitEventMulticaster done
Event: 14.066 Thread 0x00007fbe9c103800 Thread exited: 0x00007fbe9c103800
Event: 14.066 loading class java/lang/IllegalThreadStateException
Event: 14.066 loading class java/lang/IllegalThreadStateException done
Event: 14.066 loading class java/awt/Window$1DisposeAction
Event: 14.066 loading class java/awt/Window$1DisposeAction done


Dynamic libraries:
0x000000000aa12000 	/System/Library/Frameworks/Cocoa.framework/Versions/A/Cocoa
0x000000000aa12000 	/System/Library/Frameworks/Security.framework/Versions/A/Security
0x000000000aa12000 	/System/Library/Frameworks/ApplicationServices.framework/Versions/A/ApplicationServices
0x000000000aa12000 	/usr/lib/libz.1.dylib
0x000000000aa12000 	/usr/lib/libSystem.B.dylib
0x000000000aa12000 	/usr/lib/libobjc.A.dylib
0x000000000aa12000 	/System/Library/Frameworks/CoreFoundation.framework/Versions/A/CoreFoundation
0x000000000aa12000 	/System/Library/Frameworks/Foundation.framework/Versions/C/Foundation
0x000000000aa12000 	/System/Library/Frameworks/AppKit.framework/Versions/C/AppKit
0x000000000aa12000 	/System/Library/Frameworks/CoreData.framework/Versions/A/CoreData
0x000000000aa12000 	/System/Library/PrivateFrameworks/RemoteViewServices.framework/Versions/A/RemoteViewServices
0x000000000aa12000 	/System/Library/PrivateFrameworks/UIFoundation.framework/Versions/A/UIFoundation
0x000000000aa12000 	/usr/lib/libScreenReader.dylib
0x000000000aa12000 	/System/Library/Frameworks/Accelerate.framework/Versions/A/Accelerate
0x000000000aa12000 	/System/Library/Frameworks/IOSurface.framework/Versions/A/IOSurface
0x000000000aa12000 	/System/Library/Frameworks/AudioToolbox.framework/Versions/A/AudioToolbox
0x000000000aa12000 	/System/Library/Frameworks/AudioUnit.framework/Versions/A/AudioUnit
0x000000000aa12000 	/System/Library/PrivateFrameworks/DataDetectorsCore.framework/Versions/A/DataDetectorsCore
0x000000000aa12000 	/System/Library/PrivateFrameworks/DesktopServicesPriv.framework/Versions/A/DesktopServicesPriv
0x000000000aa12000 	/System/Library/Frameworks/Carbon.framework/Versions/A/Frameworks/HIToolbox.framework/Versions/A/HIToolbox
0x000000000aa12000 	/System/Library/Frameworks/QuartzCore.framework/Versions/A/QuartzCore
0x000000000aa12000 	/System/Library/Frameworks/Carbon.framework/Versions/A/Frameworks/SpeechRecognition.framework/Versions/A/SpeechRecognition
0x000000000aa12000 	/usr/lib/libauto.dylib
0x000000000aa12000 	/usr/lib/libicucore.A.dylib
0x000000000aa12000 	/usr/lib/libxml2.2.dylib
0x000000000aa12000 	/System/Library/PrivateFrameworks/CoreUI.framework/Versions/A/CoreUI
0x000000000aa12000 	/System/Library/Frameworks/CoreAudio.framework/Versions/A/CoreAudio
0x000000000aa12000 	/System/Library/Frameworks/DiskArbitration.framework/Versions/A/DiskArbitration
0x000000000aa12000 	/usr/lib/liblangid.dylib
0x000000000aa12000 	/System/Library/PrivateFrameworks/MultitouchSupport.framework/Versions/A/MultitouchSupport
0x000000000aa12000 	/System/Library/Frameworks/IOKit.framework/Versions/A/IOKit
0x000000000aa12000 	/usr/lib/libDiagnosticMessagesClient.dylib
0x000000000aa12000 	/System/Library/Frameworks/CoreServices.framework/Versions/A/CoreServices
0x000000000aa12000 	/System/Library/PrivateFrameworks/PerformanceAnalysis.framework/Versions/A/PerformanceAnalysis
0x000000000aa12000 	/System/Library/PrivateFrameworks/GenerationalStorage.framework/Versions/A/GenerationalStorage
0x000000000aa12000 	/System/Library/Frameworks/OpenGL.framework/Versions/A/OpenGL
0x000000000aa12000 	/System/Library/PrivateFrameworks/Sharing.framework/Versions/A/Sharing
0x000000000aa12000 	/System/Library/Frameworks/CoreGraphics.framework/Versions/A/CoreGraphics
0x000000000aa12000 	/System/Library/Frameworks/CoreImage.framework/Versions/A/CoreImage
0x000000000aa12000 	/System/Library/Frameworks/CoreText.framework/Versions/A/CoreText
0x000000000aa12000 	/System/Library/Frameworks/ImageIO.framework/Versions/A/ImageIO
0x000000000aa12000 	/System/Library/PrivateFrameworks/Backup.framework/Versions/A/Backup
0x000000000aa12000 	/usr/lib/libextension.dylib
0x000000000aa12000 	/usr/lib/libarchive.2.dylib
0x000000000aa12000 	/System/Library/Frameworks/CFNetwork.framework/Versions/A/CFNetwork
0x000000000aa12000 	/System/Library/Frameworks/SystemConfiguration.framework/Versions/A/SystemConfiguration
0x000000000aa12000 	/usr/lib/libCRFSuite.dylib
0x000000000aa12000 	/usr/lib/libc++.1.dylib
0x000000000aa12000 	/usr/lib/libc++abi.dylib
0x000000000aa12000 	/usr/lib/system/libcache.dylib
0x000000000aa12000 	/usr/lib/system/libcommonCrypto.dylib
0x000000000aa12000 	/usr/lib/system/libcompiler_rt.dylib
0x000000000aa12000 	/usr/lib/system/libcopyfile.dylib
0x000000000aa12000 	/usr/lib/system/libcorecrypto.dylib
0x000000000aa12000 	/usr/lib/system/libdispatch.dylib
0x000000000aa12000 	/usr/lib/system/libdyld.dylib
0x000000000aa12000 	/usr/lib/system/libkeymgr.dylib
0x000000000aa12000 	/usr/lib/system/liblaunch.dylib
0x000000000aa12000 	/usr/lib/system/libmacho.dylib
0x000000000aa12000 	/usr/lib/system/libquarantine.dylib
0x000000000aa12000 	/usr/lib/system/libremovefile.dylib
0x000000000aa12000 	/usr/lib/system/libsystem_asl.dylib
0x000000000aa12000 	/usr/lib/system/libsystem_blocks.dylib
0x000000000aa12000 	/usr/lib/system/libsystem_c.dylib
0x000000000aa12000 	/usr/lib/system/libsystem_configuration.dylib
0x000000000aa12000 	/usr/lib/system/libsystem_coreservices.dylib
0x000000000aa12000 	/usr/lib/system/libsystem_coretls.dylib
0x000000000aa12000 	/usr/lib/system/libsystem_dnssd.dylib
0x000000000aa12000 	/usr/lib/system/libsystem_info.dylib
0x000000000aa12000 	/usr/lib/system/libsystem_kernel.dylib
0x000000000aa12000 	/usr/lib/system/libsystem_m.dylib
0x000000000aa12000 	/usr/lib/system/libsystem_malloc.dylib
0x000000000aa12000 	/usr/lib/system/libsystem_network.dylib
0x000000000aa12000 	/usr/lib/system/libsystem_networkextension.dylib
0x000000000aa12000 	/usr/lib/system/libsystem_notify.dylib
0x000000000aa12000 	/usr/lib/system/libsystem_platform.dylib
0x000000000aa12000 	/usr/lib/system/libsystem_pthread.dylib
0x000000000aa12000 	/usr/lib/system/libsystem_sandbox.dylib
0x000000000aa12000 	/usr/lib/system/libsystem_secinit.dylib
0x000000000aa12000 	/usr/lib/system/libsystem_trace.dylib
0x000000000aa12000 	/usr/lib/system/libunc.dylib
0x000000000aa12000 	/usr/lib/system/libunwind.dylib
0x000000000aa12000 	/usr/lib/system/libxpc.dylib
0x000000000aa12000 	/usr/lib/libenergytrace.dylib
0x000000000aa12000 	/usr/lib/libbsm.0.dylib
0x000000000aa12000 	/usr/lib/system/libkxld.dylib
0x000000000aa12000 	/usr/lib/libxar.1.dylib
0x000000000aa12000 	/usr/lib/libsqlite3.dylib
0x000000000aa12000 	/usr/lib/libpam.2.dylib
0x000000000aa12000 	/usr/lib/libOpenScriptingUtil.dylib
0x000000000aa12000 	/usr/lib/libbz2.1.0.dylib
0x000000000aa12000 	/usr/lib/liblzma.5.dylib
0x000000000aa12000 	/System/Library/Frameworks/CoreServices.framework/Versions/A/Frameworks/FSEvents.framework/Versions/A/FSEvents
0x000000000aa12000 	/System/Library/Frameworks/CoreServices.framework/Versions/A/Frameworks/CarbonCore.framework/Versions/A/CarbonCore
0x000000000aa12000 	/System/Library/Frameworks/CoreServices.framework/Versions/A/Frameworks/Metadata.framework/Versions/A/Metadata
0x000000000aa12000 	/System/Library/Frameworks/CoreServices.framework/Versions/A/Frameworks/OSServices.framework/Versions/A/OSServices
0x000000000aa12000 	/System/Library/Frameworks/CoreServices.framework/Versions/A/Frameworks/SearchKit.framework/Versions/A/SearchKit
0x000000000aa12000 	/System/Library/Frameworks/CoreServices.framework/Versions/A/Frameworks/AE.framework/Versions/A/AE
0x000000000aa12000 	/System/Library/Frameworks/CoreServices.framework/Versions/A/Frameworks/LaunchServices.framework/Versions/A/LaunchServices
0x000000000aa12000 	/System/Library/Frameworks/CoreServices.framework/Versions/A/Frameworks/DictionaryServices.framework/Versions/A/DictionaryServices
0x000000000aa12000 	/System/Library/Frameworks/CoreServices.framework/Versions/A/Frameworks/SharedFileList.framework/Versions/A/SharedFileList
0x000000000aa12000 	/System/Library/Frameworks/NetFS.framework/Versions/A/NetFS
0x000000000aa12000 	/System/Library/PrivateFrameworks/NetAuth.framework/Versions/A/NetAuth
0x000000000aa12000 	/System/Library/PrivateFrameworks/login.framework/Versions/A/Frameworks/loginsupport.framework/Versions/A/loginsupport
0x000000000aa12000 	/System/Library/PrivateFrameworks/TCC.framework/Versions/A/TCC
0x000000000aa12000 	/usr/lib/libmecabra.dylib
0x000000000aa12000 	/System/Library/Frameworks/ApplicationServices.framework/Versions/A/Frameworks/ATS.framework/Versions/A/ATS
0x000000000aa12000 	/System/Library/Frameworks/ApplicationServices.framework/Versions/A/Frameworks/ColorSync.framework/Versions/A/ColorSync
0x000000000aa12000 	/System/Library/Frameworks/ApplicationServices.framework/Versions/A/Frameworks/HIServices.framework/Versions/A/HIServices
0x000000000aa12000 	/System/Library/Frameworks/ApplicationServices.framework/Versions/A/Frameworks/LangAnalysis.framework/Versions/A/LangAnalysis
0x000000000aa12000 	/System/Library/Frameworks/ApplicationServices.framework/Versions/A/Frameworks/PrintCore.framework/Versions/A/PrintCore
0x000000000aa12000 	/System/Library/Frameworks/ApplicationServices.framework/Versions/A/Frameworks/QD.framework/Versions/A/QD
0x000000000aa12000 	/System/Library/Frameworks/ApplicationServices.framework/Versions/A/Frameworks/SpeechSynthesis.framework/Versions/A/SpeechSynthesis
0x000000000aa12000 	/System/Library/Frameworks/Metal.framework/Versions/A/Metal
0x000000000aa12000 	/System/Library/Frameworks/Accelerate.framework/Versions/A/Frameworks/vImage.framework/Versions/A/vImage
0x000000000aa12000 	/System/Library/Frameworks/Accelerate.framework/Versions/A/Frameworks/vecLib.framework/Versions/A/vecLib
0x000000000aa12000 	/System/Library/Frameworks/Accelerate.framework/Versions/A/Frameworks/vecLib.framework/Versions/A/libvDSP.dylib
0x000000000aa12000 	/System/Library/Frameworks/Accelerate.framework/Versions/A/Frameworks/vecLib.framework/Versions/A/libvMisc.dylib
0x000000000aa12000 	/System/Library/Frameworks/Accelerate.framework/Versions/A/Frameworks/vecLib.framework/Versions/A/libLAPACK.dylib
0x000000000aa12000 	/System/Library/Frameworks/Accelerate.framework/Versions/A/Frameworks/vecLib.framework/Versions/A/libBLAS.dylib
0x000000000aa12000 	/System/Library/Frameworks/Accelerate.framework/Versions/A/Frameworks/vecLib.framework/Versions/A/libLinearAlgebra.dylib
0x000000000aa12000 	/System/Library/Frameworks/Accelerate.framework/Versions/A/Frameworks/vecLib.framework/Versions/A/libSparseBLAS.dylib
0x000000000aa12000 	/System/Library/PrivateFrameworks/GPUCompiler.framework/libmetal_timestamp.dylib
0x000000000aa12000 	/System/Library/Frameworks/OpenGL.framework/Versions/A/Libraries/libCoreFSCache.dylib
0x000000000aa12000 	/System/Library/PrivateFrameworks/IOAccelerator.framework/Versions/A/IOAccelerator
0x000000000aa12000 	/System/Library/Frameworks/ApplicationServices.framework/Versions/A/Frameworks/ATS.framework/Versions/A/Resources/libFontParser.dylib
0x000000000aa12000 	/System/Library/Frameworks/ApplicationServices.framework/Versions/A/Frameworks/ATS.framework/Versions/A/Resources/libFontRegistry.dylib
0x000000000aa12000 	/System/Library/PrivateFrameworks/AppleVPA.framework/Versions/A/AppleVPA
0x000000000aa12000 	/System/Library/PrivateFrameworks/AppleJPEG.framework/Versions/A/AppleJPEG
0x000000000aa12000 	/System/Library/Frameworks/ImageIO.framework/Versions/A/Resources/libJPEG.dylib
0x000000000aa12000 	/System/Library/Frameworks/ImageIO.framework/Versions/A/Resources/libTIFF.dylib
0x000000000aa12000 	/System/Library/Frameworks/ImageIO.framework/Versions/A/Resources/libPng.dylib
0x000000000aa12000 	/System/Library/Frameworks/ImageIO.framework/Versions/A/Resources/libGIF.dylib
0x000000000aa12000 	/System/Library/Frameworks/ImageIO.framework/Versions/A/Resources/libJP2.dylib
0x000000000aa12000 	/System/Library/Frameworks/ImageIO.framework/Versions/A/Resources/libRadiance.dylib
0x000000000aa12000 	/System/Library/Frameworks/CoreVideo.framework/Versions/A/CoreVideo
0x000000000aa12000 	/System/Library/Frameworks/OpenGL.framework/Versions/A/Libraries/libGLU.dylib
0x000000000aa12000 	/System/Library/Frameworks/OpenGL.framework/Versions/A/Libraries/libGFXShared.dylib
0x000000000aa12000 	/System/Library/Frameworks/OpenGL.framework/Versions/A/Libraries/libGL.dylib
0x000000000aa12000 	/System/Library/Frameworks/OpenGL.framework/Versions/A/Libraries/libGLImage.dylib
0x000000000aa12000 	/System/Library/Frameworks/OpenGL.framework/Versions/A/Libraries/libCVMSPluginSupport.dylib
0x000000000aa12000 	/System/Library/Frameworks/OpenGL.framework/Versions/A/Libraries/libCoreVMClient.dylib
0x000000000aa12000 	/usr/lib/libcups.2.dylib
0x000000000aa12000 	/System/Library/Frameworks/Kerberos.framework/Versions/A/Kerberos
0x000000000aa12000 	/System/Library/Frameworks/GSS.framework/Versions/A/GSS
0x000000000aa12000 	/usr/lib/libresolv.9.dylib
0x000000000aa12000 	/usr/lib/libiconv.2.dylib
0x000000000aa12000 	/System/Library/PrivateFrameworks/Heimdal.framework/Versions/A/Heimdal
0x000000000aa12000 	/usr/lib/libheimdal-asn1.dylib
0x000000000aa12000 	/System/Library/Frameworks/OpenDirectory.framework/Versions/A/OpenDirectory
0x000000000aa12000 	/System/Library/PrivateFrameworks/CommonAuth.framework/Versions/A/CommonAuth
0x000000000aa12000 	/System/Library/Frameworks/OpenDirectory.framework/Versions/A/Frameworks/CFOpenDirectory.framework/Versions/A/CFOpenDirectory
0x000000000aa12000 	/System/Library/Frameworks/SecurityFoundation.framework/Versions/A/SecurityFoundation
0x000000000aa12000 	/System/Library/PrivateFrameworks/LanguageModeling.framework/Versions/A/LanguageModeling
0x000000000aa12000 	/usr/lib/libmarisa.dylib
0x000000000aa12000 	/usr/lib/libChineseTokenizer.dylib
0x000000000aa12000 	/usr/lib/libcmph.dylib
0x000000000aa12000 	/usr/lib/libcompression.dylib
0x000000000aa12000 	/System/Library/Frameworks/ServiceManagement.framework/Versions/A/ServiceManagement
0x000000000aa12000 	/usr/lib/libxslt.1.dylib
0x000000000aa12000 	/System/Library/Frameworks/Carbon.framework/Versions/A/Frameworks/Ink.framework/Versions/A/Ink
0x000000000aa12000 	/usr/lib/libFosl_dynamic.dylib
0x000000000aa12000 	/System/Library/PrivateFrameworks/FaceCore.framework/Versions/A/FaceCore
0x000000000aa12000 	/System/Library/Frameworks/OpenCL.framework/Versions/A/OpenCL
0x000000000aa12000 	/System/Library/PrivateFrameworks/CrashReporterSupport.framework/Versions/A/CrashReporterSupport
0x000000000aa12000 	/System/Library/PrivateFrameworks/IconServices.framework/Versions/A/IconServices
0x000000000aa12000 	/System/Library/PrivateFrameworks/Apple80211.framework/Versions/A/Apple80211
0x000000000aa12000 	/System/Library/Frameworks/CoreWLAN.framework/Versions/A/CoreWLAN
0x000000000aa12000 	/System/Library/Frameworks/IOBluetooth.framework/Versions/A/IOBluetooth
0x000000000aa12000 	/System/Library/PrivateFrameworks/CoreWiFi.framework/Versions/A/CoreWiFi
0x000000000aa12000 	/System/Library/Frameworks/CoreBluetooth.framework/Versions/A/CoreBluetooth
0x000000000aa12000 	/System/Library/PrivateFrameworks/ChunkingLibrary.framework/Versions/A/ChunkingLibrary
0x000000000aa12000 	/System/Library/PrivateFrameworks/DebugSymbols.framework/Versions/A/DebugSymbols
0x000000000aa12000 	/System/Library/PrivateFrameworks/CoreSymbolication.framework/Versions/A/CoreSymbolication
0x000000000aa12000 	/System/Library/PrivateFrameworks/Symbolication.framework/Versions/A/Symbolication
0x000000000aa12000 	/System/Library/PrivateFrameworks/SpeechRecognitionCore.framework/Versions/A/SpeechRecognitionCore
0x000000010dc00000 	/Library/Java/JavaVirtualMachines/jdk1.8.0_91.jdk/Contents/Home/jre/lib/server/libjvm.dylib
0x000000000aa12000 	/usr/lib/libstdc++.6.dylib
0x000000010cbec000 	/Library/Java/JavaVirtualMachines/jdk1.8.0_91.jdk/Contents/Home/jre/lib/libverify.dylib
0x000000010eb94000 	/Library/Java/JavaVirtualMachines/jdk1.8.0_91.jdk/Contents/Home/jre/lib/libjava.dylib
0x000000010ebd1000 	/Library/Java/JavaVirtualMachines/jdk1.8.0_91.jdk/Contents/Home/jre/lib/libzip.dylib
0x0000000129c8f000 	/System/Library/Frameworks/JavaVM.framework/Frameworks/JavaRuntimeSupport.framework/JavaRuntimeSupport
0x0000000129caa000 	/System/Library/Frameworks/JavaVM.framework/Versions/A/Frameworks/JavaNativeFoundation.framework/Versions/A/JavaNativeFoundation
0x0000000129cbf000 	/System/Library/Frameworks/JavaVM.framework/Versions/A/JavaVM
0x000000000aa12000 	/System/Library/Frameworks/Carbon.framework/Versions/A/Carbon
0x0000000129ccc000 	/System/Library/PrivateFrameworks/JavaLaunching.framework/Versions/A/JavaLaunching
0x000000000aa12000 	/System/Library/Frameworks/Carbon.framework/Versions/A/Frameworks/CommonPanels.framework/Versions/A/CommonPanels
0x000000000aa12000 	/System/Library/Frameworks/Carbon.framework/Versions/A/Frameworks/Help.framework/Versions/A/Help
0x000000000aa12000 	/System/Library/Frameworks/Carbon.framework/Versions/A/Frameworks/ImageCapture.framework/Versions/A/ImageCapture
0x000000000aa12000 	/System/Library/Frameworks/Carbon.framework/Versions/A/Frameworks/OpenScripting.framework/Versions/A/OpenScripting
0x000000000aa12000 	/System/Library/Frameworks/Carbon.framework/Versions/A/Frameworks/Print.framework/Versions/A/Print
0x000000000aa12000 	/System/Library/Frameworks/Carbon.framework/Versions/A/Frameworks/SecurityHI.framework/Versions/A/SecurityHI
0x000000012b5ed000 	/Library/Java/JavaVirtualMachines/jdk1.8.0_91.jdk/Contents/Home/jre/lib/libawt.dylib
0x000000012b695000 	/Library/Java/JavaVirtualMachines/jdk1.8.0_91.jdk/Contents/Home/jre/lib/./libmlib_image.dylib
0x000000012b761000 	/Library/Java/JavaVirtualMachines/jdk1.8.0_91.jdk/Contents/Home/jre/lib/libawt_lwawt.dylib
0x000000012b816000 	/Library/Java/JavaVirtualMachines/jdk1.8.0_91.jdk/Contents/Home/jre/lib/./libosxapp.dylib
0x000000000aa12000 	/System/Library/Frameworks/ExceptionHandling.framework/Versions/A/ExceptionHandling
0x000000000aa12000 	/System/Library/PrivateFrameworks/CoreServicesInternal.framework/Versions/A/CoreServicesInternal
0x000000000aa12000 	/System/Library/Frameworks/CoreGraphics.framework/Versions/A/Resources/libRIP.A.dylib
0x000000000aa12000 	/System/Library/Frameworks/Accelerate.framework/Versions/A/Frameworks/vImage.framework/Versions/A/Libraries/libCGInterfaces.dylib
0x000000000aa12000 	/System/Library/Frameworks/CoreGraphics.framework/Versions/A/Resources/libCGXType.A.dylib
0x000000000aa12000 	/System/Library/Frameworks/OpenCL.framework/Versions/A/Libraries/libcldcpuengine.dylib
0x000000000aa12000 	/System/Library/PrivateFrameworks/DiskImages.framework/Versions/A/DiskImages
0x000000000aa12000 	/System/Library/Frameworks/DiscRecording.framework/Versions/A/DiscRecording
0x000000000aa12000 	/usr/lib/libcsfde.dylib
0x000000000aa12000 	/usr/lib/libcurl.4.dylib
0x000000000aa12000 	/System/Library/PrivateFrameworks/MediaKit.framework/Versions/A/MediaKit
0x000000000aa12000 	/System/Library/PrivateFrameworks/ProtectedCloudStorage.framework/Versions/A/ProtectedCloudStorage
0x000000000aa12000 	/usr/lib/libCoreStorage.dylib
0x000000000aa12000 	/System/Library/PrivateFrameworks/EFILogin.framework/Versions/A/EFILogin
0x000000000aa12000 	/usr/lib/libutil.dylib
0x000000000aa12000 	/System/Library/PrivateFrameworks/FindMyDevice.framework/Versions/A/FindMyDevice
0x000000000aa12000 	/System/Library/Frameworks/LDAP.framework/Versions/A/LDAP
0x000000000aa12000 	/usr/lib/libsasl2.2.dylib
0x000000000aa12000 	/System/Library/PrivateFrameworks/CoreDaemon.framework/Versions/B/CoreDaemon
0x000000000aa12000 	/usr/lib/libcrypto.0.9.8.dylib
0x000000000aa12000 	/System/Library/PrivateFrameworks/AppleSRP.framework/Versions/A/AppleSRP
0x000000000aa12000 	/System/Library/PrivateFrameworks/TrustEvaluationAgent.framework/Versions/A/TrustEvaluationAgent
0x000000012c3b6000 	cl_kernels
0x000000000aa12000 	/System/Library/Frameworks/OpenCL.framework/Versions/A/Libraries/ImageFormats/unorm8_bgra.dylib
0x000000000aa12000 	/System/Library/Frameworks/OpenCL.framework/Versions/A/Libraries/ImageFormats/unorm8_rgba.dylib
0x000000000aa12000 	/System/Library/PrivateFrameworks/FamilyControls.framework/Versions/A/FamilyControls
0x000000000aa12000 	/System/Library/PrivateFrameworks/CommerceKit.framework/Versions/A/Frameworks/CommerceCore.framework/Versions/A/CommerceCore
0x000000000aa12000 	/System/Library/PrivateFrameworks/SystemAdministration.framework/Versions/A/SystemAdministration
0x000000000aa12000 	/System/Library/PrivateFrameworks/AppContainer.framework/Versions/A/AppContainer
0x000000000aa12000 	/System/Library/PrivateFrameworks/SecCodeWrapper.framework/Versions/A/SecCodeWrapper
0x000000000aa12000 	/System/Library/Frameworks/DirectoryService.framework/Versions/A/DirectoryService
0x000000000aa12000 	/System/Library/PrivateFrameworks/LoginUIKit.framework/Versions/A/Frameworks/LoginUICore.framework/Versions/A/LoginUICore
0x000000000aa12000 	/usr/lib/libodfde.dylib
0x000000000aa12000 	/System/Library/Frameworks/OpenGL.framework/Versions/A/Resources/GLEngine.bundle/GLEngine
0x000000000aa12000 	/System/Library/Frameworks/OpenGL.framework/Versions/A/Libraries/libGLProgrammability.dylib
0x000000012e58d000 	/System/Library/Extensions/AppleIntelHD5000GraphicsGLDriver.bundle/Contents/MacOS/AppleIntelHD5000GraphicsGLDriver
0x000000000aa12000 	/System/Library/PrivateFrameworks/GPUSupport.framework/Versions/A/Libraries/libGPUSupportMercury.dylib
0x000000000aa12000 	/System/Library/Frameworks/OpenGL.framework/Versions/A/Resources/GLRendererFloat.bundle/GLRendererFloat
0x000000012f5a3000 	/Library/Java/JavaVirtualMachines/jdk1.8.0_91.jdk/Contents/Home/jre/lib/libfontmanager.dylib
0x0000000130aeb000 	/Library/Java/JavaVirtualMachines/jdk1.8.0_91.jdk/Contents/Home/jre/lib/libosxui.dylib
0x00000001317fc000 	/Library/Java/JavaVirtualMachines/jdk1.8.0_91.jdk/Contents/Home/jre/lib/libnet.dylib
0x0000000131813000 	/Library/Java/JavaVirtualMachines/jdk1.8.0_91.jdk/Contents/Home/jre/lib/libnio.dylib
0x000000000aa12000 	/System/Library/Frameworks/ApplicationServices.framework/Versions/A/Frameworks/ATS.framework/Versions/A/Resources/libTrueTypeScaler.dylib
0x000000018296e000 	/System/Library/Extensions/AppleIntelHD5000GraphicsMTLDriver.bundle/Contents/MacOS/AppleIntelHD5000GraphicsMTLDriver
0x000000012ca70000 	/private/var/folders/lj/ts4xrlmj1tsc3mnwzl_88g000000gn/T/jogamp_0000/file_cache/jln3448626285379274/jln7791493853364812798/libgluegen-rt.jnilib
0x000000012ca75000 	/private/var/folders/lj/ts4xrlmj1tsc3mnwzl_88g000000gn/T/jogamp_0000/file_cache/jln3448626285379274/jln7791493853364812798/libnativewindow_awt.jnilib
0x000000012ca78000 	/Library/Java/JavaVirtualMachines/jdk1.8.0_91.jdk/Contents/Home/jre/lib/libjawt.dylib
0x0000000182835000 	/private/var/folders/lj/ts4xrlmj1tsc3mnwzl_88g000000gn/T/jogamp_0000/file_cache/jln3448626285379274/jln7791493853364812798/libnativewindow_macosx.jnilib
0x0000000182f9d000 	/private/var/folders/lj/ts4xrlmj1tsc3mnwzl_88g000000gn/T/jogamp_0000/file_cache/jln3448626285379274/jln7791493853364812798/libjogl_desktop.jnilib

VM Arguments:
jvm_args: -Djava.library.path=/Library/Java/JavaVirtualMachines/jdk1.8.0_91.jdk/Contents/Home -Djava.security.policy=java.policy.applet -Dfile.encoding=UTF-8 
java_command: sun.applet.AppletViewer SimpleMapApp1469731239614.html
java_class_path (initial): /Users/rblowers/git/ice-crystal/ice-crystal/build:/Users/rblowers/git/ice-crystal/ice-crystal/lib/core.jar:/Users/rblowers/git/ice-crystal/ice-crystal/lib/gluegen-rt.jar:/Users/rblowers/git/ice-crystal/ice-crystal/lib/jogl-all.jar:/Users/rblowers/git/ice-crystal/ice-crystal/lib/log4j-1.2.15.jar:/Users/rblowers/git/ice-crystal/ice-crystal/lib/sqlite-jdbc-3.7.2.jar:/Users/rblowers/git/ice-crystal/ice-crystal/lib/json4processing.jar:/Users/rblowers/git/ice-crystal/ice-crystal/lib/libTUIO.jar:/Users/rblowers/git/ice-crystal/ice-crystal/lib/unfolding.0.9.6.jar:/Users/rblowers/git/ice-crystal/ice-crystal/lib/geonames-1.1.13.jar:/Users/rblowers/git/ice-crystal/ice-crystal/lib/jdom-1.0.jar
Launcher Type: SUN_STANDARD

Environment Variables:
PATH=/usr/bin:/bin:/usr/sbin:/sbin
SHELL=/bin/bash
DISPLAY=/private/tmp/com.apple.launchd.VRADdgyDcm/org.macosforge.xquartz:0

Signal Handlers:
SIGSEGV: [libjvm.dylib+0x5a97a1], sa_mask[0]=11111111011111110111111111111111, sa_flags=SA_ONSTACK|SA_RESTART|SA_SIGINFO
SIGBUS: [libjvm.dylib+0x5a97a1], sa_mask[0]=11111111011111110111111111111111, sa_flags=SA_RESTART|SA_SIGINFO
SIGFPE: [libjvm.dylib+0x482594], sa_mask[0]=11111111011111110111111111111111, sa_flags=SA_RESTART|SA_SIGINFO
SIGPIPE: [libjvm.dylib+0x482594], sa_mask[0]=11111111011111110111111111111111, sa_flags=SA_RESTART|SA_SIGINFO
SIGXFSZ: [libjvm.dylib+0x482594], sa_mask[0]=11111111011111110111111111111111, sa_flags=SA_RESTART|SA_SIGINFO
SIGILL: [libjvm.dylib+0x482594], sa_mask[0]=11111111011111110111111111111111, sa_flags=SA_RESTART|SA_SIGINFO
SIGUSR1: SIG_DFL, sa_mask[0]=00000000000000000000000000000000, sa_flags=none
SIGUSR2: [libjvm.dylib+0x4820b2], sa_mask[0]=00100000000000000000000000000000, sa_flags=SA_RESTART|SA_SIGINFO
SIGHUP: [libjvm.dylib+0x480689], sa_mask[0]=11111111011111110111111111111111, sa_flags=SA_RESTART|SA_SIGINFO
SIGINT: [libjvm.dylib+0x480689], sa_mask[0]=11111111011111110111111111111111, sa_flags=SA_RESTART|SA_SIGINFO
SIGTERM: [libjvm.dylib+0x480689], sa_mask[0]=11111111011111110111111111111111, sa_flags=SA_RESTART|SA_SIGINFO
SIGQUIT: [libjvm.dylib+0x480689], sa_mask[0]=11111111011111110111111111111111, sa_flags=SA_RESTART|SA_SIGINFO


---------------  S Y S T E M  ---------------

OS:Bsduname:Darwin 15.3.0 Darwin Kernel Version 15.3.0: Thu Dec 10 18:40:58 PST 2015; root:xnu-3248.30.4~1/RELEASE_X86_64 x86_64
rlimit: STACK 8192k, CORE 0k, NPROC 709, NOFILE 10240, AS infinity
load average:3.02 2.35 2.24

CPU:total 8 (4 cores per cpu, 2 threads per core) family 6 model 70 stepping 1, cmov, cx8, fxsr, mmx, sse, sse2, sse3, ssse3, sse4.1, sse4.2, popcnt, avx, avx2, aes, clmul, erms, lzcnt, ht, tsc, tscinvbit, bmi1, bmi2

Memory: 4k page, physical 16777216k(1088804k free)

/proc/meminfo:


vm_info: Java HotSpot(TM) 64-Bit Server VM (25.91-b14) for bsd-amd64 JRE (1.8.0_91-b14), built on Apr  1 2016 01:03:00 by "java_re" with gcc 4.2.1 (Based on Apple Inc. build 5658) (LLVM build 2336.11.00)

time: Thu Jul 28 14:40:53 2016
elapsed time: 14 seconds (0d 0h 0m 14s)

