#
# A fatal error has been detected by the Java Runtime Environment:
#
#  SIGSEGV (0xb) at pc=0x00007fff930314dd, pid=82627, tid=2571
#
# JRE version: Java(TM) SE Runtime Environment (8.0_91-b14) (build 1.8.0_91-b14)
# Java VM: Java HotSpot(TM) 64-Bit Server VM (25.91-b14 mixed mode bsd-amd64 compressed oops)
# Problematic frame:
# C  [libobjc.A.dylib+0x14dd]  objc_msgSend+0x1d
#
# Failed to write core dump. Core dumps have been disabled. To enable core dumping, try "ulimit -c unlimited" before starting Java again
#
# If you would like to submit a bug report, please visit:
#   http://bugreport.java.com/bugreport/crash.jsp
# The crash happened outside the Java Virtual Machine in native code.
# See problematic frame for where to report the bug.
#

---------------  T H R E A D  ---------------

Current thread (0x00007f8b9d96d800):  JavaThread "AWT-AppKit" daemon [_thread_in_native, id=2571, stack(0x00007fff5de17000,0x00007fff5e617000)]

siginfo: si_signo: 11 (SIGSEGV), si_code: 1 (SEGV_MAPERR), si_addr: 0x0000000000000018

Registers:
RAX=0x00007f8ba23ee4f0, RBX=0x00000001216db3b0, RCX=0x0000000121032720, RDX=0x00000001216b1680
RSP=0x00007fff5e612338, RBP=0x00007fff5e6123f0, RSI=0x00007fff88614d0e, RDI=0x00007f8ba22c18e0
R8 =0x0000000000000000, R9 =0x00000000000008c0, R10=0x00007fff88614d0e, R11=0x0000000000000000
R12=0x0000000000000000, R13=0x000000017c5816c8, R14=0x00000001216db3a0, R15=0x00007f8b9d96d800
RIP=0x00007fff930314dd, EFLAGS=0x0000000000010246, ERR=0x0000000000000004
  TRAPNO=0x000000000000000e

Top of Stack: (sp=0x00007fff5e612338)
0x00007fff5e612338:   00000001216d95d7 00007fff5e612390
0x00007fff5e612348:   0000000000000003 00007fff5e612370
0x00007fff5e612358:   0000000102bf24ea 000000017c5816c8
0x00007fff5e612368:   000000017c5816c8 00007f8ba23ee4f0
0x00007fff5e612378:   00000001216db5c0 00000001216db640
0x00007fff5e612388:   00000001216db3b0 00007fff798b8770
0x00007fff5e612398:   00000001216db5d0 00007fff79a5b500
0x00007fff5e6123a8:   00007f8ba23ee4f0 00007f8ba22c18e0
0x00007fff5e6123b8:   00007f8b9be36aa0 00007f8ba23ee4f0
0x00007fff5e6123c8:   00007f8ba22c18e0 00007fff5e612478
0x00007fff5e6123d8:   00007f8b9d96d9f8 000000017c5816c8
0x00007fff5e6123e8:   00007fff5e6124a0 00007fff5e612468
0x00007fff5e6123f8:   00000001039ab9d4 000000017c5816c8
0x00007fff5e612408:   00007fff5e6124a0 00007fff5e612468
0x00007fff5e612418:   00000001039ab767 00000001039ab722
0x00007fff5e612428:   00007fff5e612428 000000017c5816c8
0x00007fff5e612438:   00007fff5e6124a0 000000017c583eb8
0x00007fff5e612448:   0000000000000000 000000017c5816c8
0x00007fff5e612458:   0000000000000000 00007fff5e612488
0x00007fff5e612468:   00007fff5e6124e8 000000010399c2bd
0x00007fff5e612478:   000000077060a838 00000001039a5538
0x00007fff5e612488:   00007f8ba23ee4f0 00007fff5e6124e8
0x00007fff5e612498:   00007f8ba22c18e0 00000001039a6e02
0x00007fff5e6124a8:   00007fff5e6124a8 000000017c581892
0x00007fff5e6124b8:   00007fff5e612510 000000017c583eb8
0x00007fff5e6124c8:   0000000000000000 000000017c5818a0
0x00007fff5e6124d8:   00007fff5e612488 00007fff5e6124f8
0x00007fff5e6124e8:   00007fff5e612558 000000010399c2bd
0x00007fff5e6124f8:   00007f8ba23ee4f0 0000000770673ed8
0x00007fff5e612508:   00007f8ba22c18e0 0000000770673ed8
0x00007fff5e612518:   00007fff5e612518 0000000182386736
0x00007fff5e612528:   00007fff5e612568 00000001823867f0 

Instructions: (pc=0x00007fff930314dd)
0x00007fff930314bd:   44 00 00 48 85 ff 2e 74 62 40 f6 c7 01 2e 75 66
0x00007fff930314cd:   49 bb f8 ff ff ff ff 7f 00 00 4c 23 1f 49 89 f2
0x00007fff930314dd:   45 23 53 18 49 c1 e2 04 4d 03 53 10 49 3b 32 75
0x00007fff930314ed:   04 41 ff 62 08 49 83 3a 01 76 0d 49 83 c2 10 49 

Register to memory mapping:

RAX=0x00007f8ba23ee4f0 is an unknown value
RBX=0x00000001216db3b0: Java_jogamp_nativewindow_macosx_OSXUtil_GetScreenRefreshRate0+0x1850 in /private/var/folders/lj/ts4xrlmj1tsc3mnwzl_88g000000gn/T/jogamp_0000/file_cache/jln5716264801669932581/jln3367139835099650827/libnativewindow_macosx.jnilib at 0x00000001216d4000
RCX=0x0000000121032720 is an unknown value
RDX=0x00000001216b1680 is an unknown value
RSP=0x00007fff5e612338 is pointing into the stack for thread: 0x00007f8b9d96d800
RBP=0x00007fff5e6123f0 is pointing into the stack for thread: 0x00007f8b9d96d800
RSI=0x00007fff88614d0e is an unknown value
RDI=0x00007f8ba22c18e0 is an unknown value
R8 =0x0000000000000000 is an unknown value
R9 =0x00000000000008c0 is an unknown value
R10=0x00007fff88614d0e is an unknown value
R11=0x0000000000000000 is an unknown value
R12=0x0000000000000000 is an unknown value
R13={method} {0x000000017c5816c8} 'UnsetJAWTRootSurfaceLayer0' '(JJ)V' in 'jogamp/nativewindow/jawt/macosx/MacOSXJAWTWindow'
R14=0x00000001216db3a0: Java_jogamp_nativewindow_macosx_OSXUtil_GetScreenRefreshRate0+0x1840 in /private/var/folders/lj/ts4xrlmj1tsc3mnwzl_88g000000gn/T/jogamp_0000/file_cache/jln5716264801669932581/jln3367139835099650827/libnativewindow_macosx.jnilib at 0x00000001216d4000
R15=0x00007f8b9d96d800 is a thread


Stack: [0x00007fff5de17000,0x00007fff5e617000],  sp=0x00007fff5e612338,  free space=8172k
Native frames: (J=compiled Java code, j=interpreted, Vv=VM code, C=native code)
C  [libobjc.A.dylib+0x14dd]  objc_msgSend+0x1d
j  jogamp.nativewindow.jawt.macosx.MacOSXJAWTWindow.UnsetJAWTRootSurfaceLayer0(JJ)V+0
j  jogamp.nativewindow.jawt.macosx.MacOSXJAWTWindow.access$200(JJ)V+2
j  jogamp.nativewindow.jawt.macosx.MacOSXJAWTWindow$1.run()V+38
J 1817 C1 com.jogamp.common.util.RunnableTask.run()V (345 bytes) @ 0x000000010400d254 [0x000000010400d0c0+0x194]
v  ~StubRoutines::call_stub
V  [libjvm.dylib+0x2ec1e6]  JavaCalls::call_helper(JavaValue*, methodHandle*, JavaCallArguments*, Thread*)+0x6ae
V  [libjvm.dylib+0x323355]  jni_invoke_nonstatic(JNIEnv_*, JavaValue*, _jobject*, JNICallType, _jmethodID*, JNI_ArgumentPusher*, Thread*)+0x2ec
V  [libjvm.dylib+0x315b23]  jni_CallVoidMethod+0x16b
C  [libnativewindow_macosx.jnilib+0x57ae]  Java_jogamp_nativewindow_jawt_macosx_MacOSXJAWTWindow_UnsetJAWTRootSurfaceLayer0+0x2be
C  [Foundation+0x8dd4b]  __NSThreadPerformPerform+0x117
C  [CoreFoundation+0x7e5c1]  __CFRUNLOOP_IS_CALLING_OUT_TO_A_SOURCE0_PERFORM_FUNCTION__+0x11
C  [CoreFoundation+0x70397]  __CFRunLoopDoSources0+0x1a7
C  [CoreFoundation+0x6f93f]  __CFRunLoopRun+0x39f
C  [CoreFoundation+0x6f338]  CFRunLoopRunSpecific+0x128
C  [HIToolbox+0x30935]  RunCurrentEventLoopInMode+0xeb
C  [HIToolbox+0x30677]  ReceiveNextEventCommon+0xb8
C  [HIToolbox+0x305af]  _BlockUntilNextEventMatchingListInModeWithFilter+0x47
C  [AppKit+0x8a0ee]  _DPSNextEvent+0x42b
C  [AppKit+0x456943]  -[NSApplication _nextEventMatchingEventMask:untilDate:inMode:dequeue:]+0x1c6
C  [libosxapp.dylib+0x23aa]  -[NSApplicationAWT nextEventMatchingMask:untilDate:inMode:dequeue:]+0x7c
C  [AppKit+0x7ffc8]  -[NSApplication run]+0x2aa
C  [libosxapp.dylib+0x214d]  +[NSApplicationAWT runAWTLoopWithApp:]+0x9c
C  [libawt_lwawt.dylib+0x4455b]  -[AWTStarter starter:]+0x389
C  [Foundation+0x8dd4b]  __NSThreadPerformPerform+0x117
C  [CoreFoundation+0x7e5c1]  __CFRUNLOOP_IS_CALLING_OUT_TO_A_SOURCE0_PERFORM_FUNCTION__+0x11
C  [CoreFoundation+0x7041c]  __CFRunLoopDoSources0+0x22c
C  [CoreFoundation+0x6f93f]  __CFRunLoopRun+0x39f
C  [CoreFoundation+0x6f338]  CFRunLoopRunSpecific+0x128
C  [java+0x6463]  CreateExecutionEnvironment+0x367
C  [java+0x21ac]  JLI_Launch+0x7a0
C  [java+0x84c0]  main+0x65
C  [java+0x1a04]  start+0x34
C  0x0000000000000008

Java frames: (J=compiled Java code, j=interpreted, Vv=VM code)
j  jogamp.nativewindow.jawt.macosx.MacOSXJAWTWindow.UnsetJAWTRootSurfaceLayer0(JJ)V+0
j  jogamp.nativewindow.jawt.macosx.MacOSXJAWTWindow.access$200(JJ)V+2
j  jogamp.nativewindow.jawt.macosx.MacOSXJAWTWindow$1.run()V+38
J 1817 C1 com.jogamp.common.util.RunnableTask.run()V (345 bytes) @ 0x000000010400d254 [0x000000010400d0c0+0x194]
v  ~StubRoutines::call_stub

---------------  P R O C E S S  ---------------

Java Threads: ( => current thread )
  0x00007f8b9f41e000 JavaThread "Thread-195" [_thread_blocked, id=27263, stack(0x00007000016df000,0x00007000017df000)]
  0x00007f8b9e802000 JavaThread "Image Fetcher 2" daemon [_thread_blocked, id=77063, stack(0x000070000281e000,0x000070000291e000)]
  0x00007f8b9c2f0800 JavaThread "Image Fetcher 1" daemon [_thread_blocked, id=74523, stack(0x000070000220c000,0x000070000230c000)]
  0x00007f8b9cbea000 JavaThread "Keep-Alive-Timer" daemon [_thread_blocked, id=76039, stack(0x0000700002618000,0x0000700002718000)]
  0x00007f8b9dbae000 JavaThread "Image Fetcher 0" daemon [_thread_blocked, id=70667, stack(0x0000700002086000,0x0000700002186000)]
  0x00007f8b9c295000 JavaThread "AWT-EventQueue-1" [_thread_in_native, id=68123, stack(0x0000700001f83000,0x0000700002083000)]
  0x00007f8b9da7a800 JavaThread "DestroyJavaVM" [_thread_blocked, id=5891, stack(0x000070000011a000,0x000070000021a000)]
  0x00007f8b9c942800 JavaThread "AWT-EventQueue-0" [_thread_blocked, id=60931, stack(0x0000700001d7d000,0x0000700001e7d000)]
  0x00007f8b9c137000 JavaThread "Java2D Disposer" daemon [_thread_blocked, id=56583, stack(0x0000700001af4000,0x0000700001bf4000)]
  0x00007f8b9f149800 JavaThread "Java2D Queue Flusher" daemon [_thread_blocked, id=47383, stack(0x00007000019f1000,0x0000700001af1000)]
  0x00007f8b9f0e5000 JavaThread "AWT-Shutdown" [_thread_blocked, id=31763, stack(0x00007000015dc000,0x00007000016dc000)]
=>0x00007f8b9d96d800 JavaThread "AWT-AppKit" daemon [_thread_in_native, id=2571, stack(0x00007fff5de17000,0x00007fff5e617000)]
  0x00007f8b9c847800 JavaThread "Service Thread" daemon [_thread_blocked, id=20995, stack(0x00007000012d0000,0x00007000013d0000)]
  0x00007f8b9c045800 JavaThread "C1 CompilerThread3" daemon [_thread_blocked, id=20483, stack(0x00007000011cd000,0x00007000012cd000)]
  0x00007f8b9c03d000 JavaThread "C2 CompilerThread2" daemon [_thread_blocked, id=19971, stack(0x00007000010ca000,0x00007000011ca000)]
  0x00007f8b9c81e800 JavaThread "C2 CompilerThread1" daemon [_thread_blocked, id=19459, stack(0x0000700000fc7000,0x00007000010c7000)]
  0x00007f8b9f004000 JavaThread "C2 CompilerThread0" daemon [_thread_blocked, id=18947, stack(0x0000700000ec4000,0x0000700000fc4000)]
  0x00007f8b9f002000 JavaThread "Signal Dispatcher" daemon [_thread_blocked, id=15887, stack(0x0000700000dc1000,0x0000700000ec1000)]
  0x00007f8b9c81d800 JavaThread "Finalizer" daemon [_thread_blocked, id=14339, stack(0x0000700000c3b000,0x0000700000d3b000)]
  0x00007f8b9c038000 JavaThread "Reference Handler" daemon [_thread_blocked, id=13827, stack(0x0000700000b38000,0x0000700000c38000)]

Other Threads:
  0x00007f8b9c817800 VMThread [stack: 0x0000700000a35000,0x0000700000b35000] [id=13315]
  0x00007f8b9f003000 WatcherThread [stack: 0x00007000013d3000,0x00007000014d3000] [id=21507]

VM state:not at safepoint (normal execution)

VM Mutex/Monitor currently owned by a thread: None

Heap:
 PSYoungGen      total 89088K, used 47385K [0x000000076ab00000, 0x0000000771e00000, 0x00000007c0000000)
  eden space 62464K, 41% used [0x000000076ab00000,0x000000076c46d438,0x000000076e800000)
  from space 26624K, 80% used [0x0000000770400000,0x00000007718d90e0,0x0000000771e00000)
  to   space 27648K, 0% used [0x000000076e800000,0x000000076e800000,0x0000000770300000)
 ParOldGen       total 175104K, used 41031K [0x00000006c0000000, 0x00000006cab00000, 0x000000076ab00000)
  object space 175104K, 23% used [0x00000006c0000000,0x00000006c2811ca0,0x00000006cab00000)
 Metaspace       used 19578K, capacity 19837K, committed 19968K, reserved 1067008K
  class space    used 1897K, capacity 1981K, committed 2048K, reserved 1048576K

Card table byte_map: [0x0000000112d54000,0x0000000113555000] byte_map_base: 0x000000010f754000

Marking Bits: (ParMarkBitMap*) 0x00000001032e6eb0
 Begin Bits: [0x0000000113aab000, 0x0000000117aab000)
 End Bits:   [0x0000000117aab000, 0x000000011baab000)

Polling page: 0x00000001018ac000

CodeCache: size=245760Kb used=8082Kb max_used=8236Kb free=237677Kb
 bounds [0x0000000103994000, 0x00000001041b4000, 0x0000000112994000]
 total_blobs=3170 nmethods=2286 adapters=797
 compilation: enabled

Compilation events (10 events):
Event: 18.597 Thread 0x00007f8b9c045800 2630       3       sun.awt.PeerEvent::<init> (10 bytes)
Event: 18.597 Thread 0x00007f8b9c045800 nmethod 2630 0x0000000103f3d450 code [0x0000000103f3d5e0, 0x0000000103f3d888]
Event: 18.597 Thread 0x00007f8b9c045800 2631       3       sun.awt.PeerEvent::<init> (16 bytes)
Event: 18.597 Thread 0x00007f8b9c045800 nmethod 2631 0x0000000103e319d0 code [0x0000000103e31b40, 0x0000000103e31d88]
Event: 18.597 Thread 0x00007f8b9c045800 2632       1       sun.java2d.SurfaceData::isValid (5 bytes)
Event: 18.597 Thread 0x00007f8b9c045800 nmethod 2632 0x0000000103dc8fd0 code [0x0000000103dc9120, 0x0000000103dc9230]
Event: 18.607 Thread 0x00007f8b9c045800 2633       3       sun.awt.SunToolkit::executeOnEventHandlerThread (14 bytes)
Event: 18.608 Thread 0x00007f8b9c045800 nmethod 2633 0x0000000103e811d0 code [0x0000000103e813c0, 0x0000000103e81d18]
Event: 18.608 Thread 0x00007f8b9c045800 2634       3       sun.awt.SunToolkit::executeOnEventHandlerThread (12 bytes)
Event: 18.608 Thread 0x00007f8b9c045800 nmethod 2634 0x0000000103f4a6d0 code [0x0000000103f4a880, 0x0000000103f4af68]

GC Heap History (10 events):
Event: 7.292 GC heap before
{Heap before GC invocations=2 (full 0):
 PSYoungGen      total 76288K, used 76278K [0x000000076ab00000, 0x0000000770000000, 0x00000007c0000000)
  eden space 65536K, 100% used [0x000000076ab00000,0x000000076eb00000,0x000000076eb00000)
  from space 10752K, 99% used [0x000000076eb00000,0x000000076f57d970,0x000000076f580000)
  to   space 10752K, 0% used [0x000000076f580000,0x000000076f580000,0x0000000770000000)
 ParOldGen       total 175104K, used 2967K [0x00000006c0000000, 0x00000006cab00000, 0x000000076ab00000)
  object space 175104K, 1% used [0x00000006c0000000,0x00000006c02e5cc0,0x00000006cab00000)
 Metaspace       used 19022K, capacity 19261K, committed 19456K, reserved 1067008K
  class space    used 1885K, capacity 1981K, committed 2048K, reserved 1048576K
Event: 7.304 GC heap after
Heap after GC invocations=2 (full 0):
 PSYoungGen      total 76288K, used 10739K [0x000000076ab00000, 0x0000000770000000, 0x00000007c0000000)
  eden space 65536K, 0% used [0x000000076ab00000,0x000000076ab00000,0x000000076eb00000)
  from space 10752K, 99% used [0x000000076f580000,0x000000076fffce30,0x0000000770000000)
  to   space 10752K, 0% used [0x000000076eb00000,0x000000076eb00000,0x000000076f580000)
 ParOldGen       total 175104K, used 10247K [0x00000006c0000000, 0x00000006cab00000, 0x000000076ab00000)
  object space 175104K, 5% used [0x00000006c0000000,0x00000006c0a01c90,0x00000006cab00000)
 Metaspace       used 19022K, capacity 19261K, committed 19456K, reserved 1067008K
  class space    used 1885K, capacity 1981K, committed 2048K, reserved 1048576K
}
Event: 9.125 GC heap before
{Heap before GC invocations=3 (full 0):
 PSYoungGen      total 76288K, used 76275K [0x000000076ab00000, 0x0000000770000000, 0x00000007c0000000)
  eden space 65536K, 100% used [0x000000076ab00000,0x000000076eb00000,0x000000076eb00000)
  from space 10752K, 99% used [0x000000076f580000,0x000000076fffce30,0x0000000770000000)
  to   space 10752K, 0% used [0x000000076eb00000,0x000000076eb00000,0x000000076f580000)
 ParOldGen       total 175104K, used 10247K [0x00000006c0000000, 0x00000006cab00000, 0x000000076ab00000)
  object space 175104K, 5% used [0x00000006c0000000,0x00000006c0a01c90,0x00000006cab00000)
 Metaspace       used 19175K, capacity 19389K, committed 19712K, reserved 1067008K
  class space    used 1886K, capacity 1981K, committed 2048K, reserved 1048576K
Event: 9.134 GC heap after
Heap after GC invocations=3 (full 0):
 PSYoungGen      total 76288K, used 10739K [0x000000076ab00000, 0x0000000770000000, 0x00000007c0000000)
  eden space 65536K, 0% used [0x000000076ab00000,0x000000076ab00000,0x000000076eb00000)
  from space 10752K, 99% used [0x000000076eb00000,0x000000076f57ce60,0x000000076f580000)
  to   space 10752K, 0% used [0x000000076f580000,0x000000076f580000,0x0000000770000000)
 ParOldGen       total 175104K, used 19915K [0x00000006c0000000, 0x00000006cab00000, 0x000000076ab00000)
  object space 175104K, 11% used [0x00000006c0000000,0x00000006c1372ee0,0x00000006cab00000)
 Metaspace       used 19175K, capacity 19389K, committed 19712K, reserved 1067008K
  class space    used 1886K, capacity 1981K, committed 2048K, reserved 1048576K
}
Event: 11.231 GC heap before
{Heap before GC invocations=4 (full 0):
 PSYoungGen      total 76288K, used 76275K [0x000000076ab00000, 0x0000000770000000, 0x00000007c0000000)
  eden space 65536K, 100% used [0x000000076ab00000,0x000000076eb00000,0x000000076eb00000)
  from space 10752K, 99% used [0x000000076eb00000,0x000000076f57ce60,0x000000076f580000)
  to   space 10752K, 0% used [0x000000076f580000,0x000000076f580000,0x0000000770000000)
 ParOldGen       total 175104K, used 19915K [0x00000006c0000000, 0x00000006cab00000, 0x000000076ab00000)
  object space 175104K, 11% used [0x00000006c0000000,0x00000006c1372ee0,0x00000006cab00000)
 Metaspace       used 19273K, capacity 19453K, committed 19712K, reserved 1067008K
  class space    used 1886K, capacity 1981K, committed 2048K, reserved 1048576K
Event: 11.240 GC heap after
Heap after GC invocations=4 (full 0):
 PSYoungGen      total 76288K, used 10643K [0x000000076ab00000, 0x0000000770000000, 0x00000007c0000000)
  eden space 65536K, 0% used [0x000000076ab00000,0x000000076ab00000,0x000000076eb00000)
  from space 10752K, 98% used [0x000000076f580000,0x000000076ffe4e30,0x0000000770000000)
  to   space 10752K, 0% used [0x000000076eb00000,0x000000076eb00000,0x000000076f580000)
 ParOldGen       total 175104K, used 28884K [0x00000006c0000000, 0x00000006cab00000, 0x000000076ab00000)
  object space 175104K, 16% used [0x00000006c0000000,0x00000006c1c35110,0x00000006cab00000)
 Metaspace       used 19273K, capacity 19453K, committed 19712K, reserved 1067008K
  class space    used 1886K, capacity 1981K, committed 2048K, reserved 1048576K
}
Event: 14.264 GC heap before
{Heap before GC invocations=5 (full 0):
 PSYoungGen      total 76288K, used 75962K [0x000000076ab00000, 0x0000000770000000, 0x00000007c0000000)
  eden space 65536K, 99% used [0x000000076ab00000,0x000000076eac9c68,0x000000076eb00000)
  from space 10752K, 98% used [0x000000076f580000,0x000000076ffe4e30,0x0000000770000000)
  to   space 10752K, 0% used [0x000000076eb00000,0x000000076eb00000,0x000000076f580000)
 ParOldGen       total 175104K, used 28884K [0x00000006c0000000, 0x00000006cab00000, 0x000000076ab00000)
  object space 175104K, 16% used [0x00000006c0000000,0x00000006c1c35110,0x00000006cab00000)
 Metaspace       used 19399K, capacity 19581K, committed 19712K, reserved 1067008K
  class space    used 1888K, capacity 1981K, committed 2048K, reserved 1048576K
Event: 14.274 GC heap after
Heap after GC invocations=5 (full 0):
 PSYoungGen      total 74752K, used 10739K [0x000000076ab00000, 0x0000000771e80000, 0x00000007c0000000)
  eden space 64000K, 0% used [0x000000076ab00000,0x000000076ab00000,0x000000076e980000)
  from space 10752K, 99% used [0x000000076eb00000,0x000000076f57ce40,0x000000076f580000)
  to   space 27136K, 0% used [0x0000000770400000,0x0000000770400000,0x0000000771e80000)
 ParOldGen       total 175104K, used 41023K [0x00000006c0000000, 0x00000006cab00000, 0x000000076ab00000)
  object space 175104K, 23% used [0x00000006c0000000,0x00000006c280fca0,0x00000006cab00000)
 Metaspace       used 19399K, capacity 19581K, committed 19712K, reserved 1067008K
  class space    used 1888K, capacity 1981K, committed 2048K, reserved 1048576K
}
Event: 16.748 GC heap before
{Heap before GC invocations=6 (full 0):
 PSYoungGen      total 74752K, used 74739K [0x000000076ab00000, 0x0000000771e80000, 0x00000007c0000000)
  eden space 64000K, 100% used [0x000000076ab00000,0x000000076e980000,0x000000076e980000)
  from space 10752K, 99% used [0x000000076eb00000,0x000000076f57ce40,0x000000076f580000)
  to   space 27136K, 0% used [0x0000000770400000,0x0000000770400000,0x0000000771e80000)
 ParOldGen       total 175104K, used 41023K [0x00000006c0000000, 0x00000006cab00000, 0x000000076ab00000)
  object space 175104K, 23% used [0x00000006c0000000,0x00000006c280fca0,0x00000006cab00000)
 Metaspace       used 19509K, capacity 19709K, committed 19968K, reserved 1067008K
  class space    used 1889K, capacity 1981K, committed 2048K, reserved 1048576K
Event: 16.761 GC heap after
Heap after GC invocations=6 (full 0):
 PSYoungGen      total 89088K, used 21348K [0x000000076ab00000, 0x0000000771e00000, 0x00000007c0000000)
  eden space 62464K, 0% used [0x000000076ab00000,0x000000076ab00000,0x000000076e800000)
  from space 26624K, 80% used [0x0000000770400000,0x00000007718d90e0,0x0000000771e00000)
  to   space 27648K, 0% used [0x000000076e800000,0x000000076e800000,0x0000000770300000)
 ParOldGen       total 175104K, used 41031K [0x00000006c0000000, 0x00000006cab00000, 0x000000076ab00000)
  object space 175104K, 23% used [0x00000006c0000000,0x00000006c2811ca0,0x00000006cab00000)
 Metaspace       used 19509K, capacity 19709K, committed 19968K, reserved 1067008K
  class space    used 1889K, capacity 1981K, committed 2048K, reserved 1048576K
}

Deoptimization events (10 events):
Event: 8.432 Thread 0x00007f8b9c295000 Uncommon trap: reason=unstable_if action=reinterpret pc=0x0000000103daef9c method=java.text.DecimalFormat.subformat(Ljava/lang/StringBuffer;Ljava/text/Format$FieldDelegate;ZZIIII)Ljava/lang/StringBuffer; @ 753
Event: 10.872 Thread 0x00007f8b9c295000 Uncommon trap: reason=unstable_if action=reinterpret pc=0x0000000103d650c8 method=sun.misc.FloatingDecimal$BinaryToASCIIBuffer.developLongDigits(IJI)V @ 129
Event: 10.872 Thread 0x00007f8b9c295000 Uncommon trap: reason=unstable_if action=reinterpret pc=0x0000000103b2bb58 method=java.text.DigitList.set(ZLjava/lang/String;ZZIZ)V @ 305
Event: 14.781 Thread 0x00007f8b9c295000 Uncommon trap: reason=unstable_if action=reinterpret pc=0x00000001040cc018 method=java.util.TimSort.countRunAndMakeAscending([Ljava/lang/Object;IILjava/util/Comparator;)I @ 27
Event: 18.596 Thread 0x00007f8b9f15d800 Uncommon trap: reason=class_check action=maybe_recompile pc=0x0000000104138268 method=java.util.HashMap.putVal(ILjava/lang/Object;Ljava/lang/Object;ZZ)Ljava/lang/Object; @ 91
Event: 18.596 Thread 0x00007f8b9f15d800 Uncommon trap: reason=class_check action=maybe_recompile pc=0x0000000104138268 method=java.util.HashMap.putVal(ILjava/lang/Object;Ljava/lang/Object;ZZ)Ljava/lang/Object; @ 91
Event: 18.596 Thread 0x00007f8b9f15d800 Uncommon trap: reason=class_check action=maybe_recompile pc=0x0000000104138268 method=java.util.HashMap.putVal(ILjava/lang/Object;Ljava/lang/Object;ZZ)Ljava/lang/Object; @ 91
Event: 18.596 Thread 0x00007f8b9f15d800 Uncommon trap: reason=class_check action=maybe_recompile pc=0x0000000104138268 method=java.util.HashMap.putVal(ILjava/lang/Object;Ljava/lang/Object;ZZ)Ljava/lang/Object; @ 91
Event: 18.596 Thread 0x00007f8b9f15d800 Uncommon trap: reason=unstable_if action=reinterpret pc=0x0000000103fe9dd8 method=java.util.HashMap.putVal(ILjava/lang/Object;Ljava/lang/Object;ZZ)Ljava/lang/Object; @ 81
Event: 18.607 Thread 0x00007f8b9c295000 Uncommon trap: reason=unstable_if action=reinterpret pc=0x0000000103cbfa90 method=java.security.AccessControlContext.optimize()Ljava/security/AccessControlContext; @ 233

Internal exceptions (10 events):
Event: 13.139 Thread 0x00007f8b9f406000 Exception <a 'java/security/PrivilegedActionException'> (0x000000076d251fe0) thrown at [/Users/java_re/workspace/8-2-build-macosx-x86_64/jdk8u91/6644/hotspot/src/share/vm/prims/jvm.cpp, line 1386]
Event: 13.225 Thread 0x00007f8b9f42a800 Exception <a 'java/security/PrivilegedActionException'> (0x000000076d43d8b8) thrown at [/Users/java_re/workspace/8-2-build-macosx-x86_64/jdk8u91/6644/hotspot/src/share/vm/prims/jvm.cpp, line 1386]
Event: 13.242 Thread 0x00007f8b9db9b000 Exception <a 'java/security/PrivilegedActionException'> (0x000000076d5453f8) thrown at [/Users/java_re/workspace/8-2-build-macosx-x86_64/jdk8u91/6644/hotspot/src/share/vm/prims/jvm.cpp, line 1386]
Event: 13.292 Thread 0x00007f8ba4244800 Exception <a 'java/security/PrivilegedActionException'> (0x000000076d60cf40) thrown at [/Users/java_re/workspace/8-2-build-macosx-x86_64/jdk8u91/6644/hotspot/src/share/vm/prims/jvm.cpp, line 1386]
Event: 13.321 Thread 0x00007f8b9ddc5800 Exception <a 'java/security/PrivilegedActionException'> (0x000000076d714ae0) thrown at [/Users/java_re/workspace/8-2-build-macosx-x86_64/jdk8u91/6644/hotspot/src/share/vm/prims/jvm.cpp, line 1386]
Event: 13.404 Thread 0x00007f8ba0071000 Exception <a 'java/security/PrivilegedActionException'> (0x000000076d81c620) thrown at [/Users/java_re/workspace/8-2-build-macosx-x86_64/jdk8u91/6644/hotspot/src/share/vm/prims/jvm.cpp, line 1386]
Event: 13.422 Thread 0x00007f8b9db9b000 Exception <a 'java/security/PrivilegedActionException'> (0x000000076d924140) thrown at [/Users/java_re/workspace/8-2-build-macosx-x86_64/jdk8u91/6644/hotspot/src/share/vm/prims/jvm.cpp, line 1386]
Event: 13.476 Thread 0x00007f8b9e810000 Exception <a 'java/security/PrivilegedActionException'> (0x000000076d9ebc88) thrown at [/Users/java_re/workspace/8-2-build-macosx-x86_64/jdk8u91/6644/hotspot/src/share/vm/prims/jvm.cpp, line 1386]
Event: 13.506 Thread 0x00007f8ba4244800 Exception <a 'java/security/PrivilegedActionException'> (0x000000076daf3810) thrown at [/Users/java_re/workspace/8-2-build-macosx-x86_64/jdk8u91/6644/hotspot/src/share/vm/prims/jvm.cpp, line 1386]
Event: 13.595 Thread 0x00007f8b9ddc5800 Exception <a 'java/security/PrivilegedActionException'> (0x000000076dbbb358) thrown at [/Users/java_re/workspace/8-2-build-macosx-x86_64/jdk8u91/6644/hotspot/src/share/vm/prims/jvm.cpp, line 1386]

Events (10 events):
Event: 18.607 loading class java/awt/LightweightDispatcher$2 done
Event: 18.607 loading class java/awt/event/AWTEventListenerProxy
Event: 18.607 loading class java/awt/event/AWTEventListenerProxy done
Event: 18.607 loading class java/awt/Toolkit$ToolkitEventMulticaster
Event: 18.607 loading class java/awt/Toolkit$ToolkitEventMulticaster done
Event: 18.607 Thread 0x00007f8b9f15d800 Thread exited: 0x00007f8b9f15d800
Event: 18.607 loading class java/lang/IllegalThreadStateException
Event: 18.607 loading class java/lang/IllegalThreadStateException done
Event: 18.608 loading class java/awt/Window$1DisposeAction
Event: 18.608 loading class java/awt/Window$1DisposeAction done


Dynamic libraries:
0x0000000007123000 	/System/Library/Frameworks/Cocoa.framework/Versions/A/Cocoa
0x0000000007123000 	/System/Library/Frameworks/Security.framework/Versions/A/Security
0x0000000007123000 	/System/Library/Frameworks/ApplicationServices.framework/Versions/A/ApplicationServices
0x0000000007123000 	/usr/lib/libz.1.dylib
0x0000000007123000 	/usr/lib/libSystem.B.dylib
0x0000000007123000 	/usr/lib/libobjc.A.dylib
0x0000000007123000 	/System/Library/Frameworks/CoreFoundation.framework/Versions/A/CoreFoundation
0x0000000007123000 	/System/Library/Frameworks/Foundation.framework/Versions/C/Foundation
0x0000000007123000 	/System/Library/Frameworks/AppKit.framework/Versions/C/AppKit
0x0000000007123000 	/System/Library/Frameworks/CoreData.framework/Versions/A/CoreData
0x0000000007123000 	/System/Library/PrivateFrameworks/RemoteViewServices.framework/Versions/A/RemoteViewServices
0x0000000007123000 	/System/Library/PrivateFrameworks/UIFoundation.framework/Versions/A/UIFoundation
0x0000000007123000 	/usr/lib/libScreenReader.dylib
0x0000000007123000 	/System/Library/Frameworks/Accelerate.framework/Versions/A/Accelerate
0x0000000007123000 	/System/Library/Frameworks/IOSurface.framework/Versions/A/IOSurface
0x0000000007123000 	/System/Library/Frameworks/AudioToolbox.framework/Versions/A/AudioToolbox
0x0000000007123000 	/System/Library/Frameworks/AudioUnit.framework/Versions/A/AudioUnit
0x0000000007123000 	/System/Library/PrivateFrameworks/DataDetectorsCore.framework/Versions/A/DataDetectorsCore
0x0000000007123000 	/System/Library/PrivateFrameworks/DesktopServicesPriv.framework/Versions/A/DesktopServicesPriv
0x0000000007123000 	/System/Library/Frameworks/Carbon.framework/Versions/A/Frameworks/HIToolbox.framework/Versions/A/HIToolbox
0x0000000007123000 	/System/Library/Frameworks/QuartzCore.framework/Versions/A/QuartzCore
0x0000000007123000 	/System/Library/Frameworks/Carbon.framework/Versions/A/Frameworks/SpeechRecognition.framework/Versions/A/SpeechRecognition
0x0000000007123000 	/usr/lib/libauto.dylib
0x0000000007123000 	/usr/lib/libicucore.A.dylib
0x0000000007123000 	/usr/lib/libxml2.2.dylib
0x0000000007123000 	/System/Library/PrivateFrameworks/CoreUI.framework/Versions/A/CoreUI
0x0000000007123000 	/System/Library/Frameworks/CoreAudio.framework/Versions/A/CoreAudio
0x0000000007123000 	/System/Library/Frameworks/DiskArbitration.framework/Versions/A/DiskArbitration
0x0000000007123000 	/usr/lib/liblangid.dylib
0x0000000007123000 	/System/Library/PrivateFrameworks/MultitouchSupport.framework/Versions/A/MultitouchSupport
0x0000000007123000 	/System/Library/Frameworks/IOKit.framework/Versions/A/IOKit
0x0000000007123000 	/usr/lib/libDiagnosticMessagesClient.dylib
0x0000000007123000 	/System/Library/Frameworks/CoreServices.framework/Versions/A/CoreServices
0x0000000007123000 	/System/Library/PrivateFrameworks/PerformanceAnalysis.framework/Versions/A/PerformanceAnalysis
0x0000000007123000 	/System/Library/PrivateFrameworks/GenerationalStorage.framework/Versions/A/GenerationalStorage
0x0000000007123000 	/System/Library/Frameworks/OpenGL.framework/Versions/A/OpenGL
0x0000000007123000 	/System/Library/PrivateFrameworks/Sharing.framework/Versions/A/Sharing
0x0000000007123000 	/System/Library/Frameworks/CoreGraphics.framework/Versions/A/CoreGraphics
0x0000000007123000 	/System/Library/Frameworks/CoreImage.framework/Versions/A/CoreImage
0x0000000007123000 	/System/Library/Frameworks/CoreText.framework/Versions/A/CoreText
0x0000000007123000 	/System/Library/Frameworks/ImageIO.framework/Versions/A/ImageIO
0x0000000007123000 	/System/Library/PrivateFrameworks/Backup.framework/Versions/A/Backup
0x0000000007123000 	/usr/lib/libextension.dylib
0x0000000007123000 	/usr/lib/libarchive.2.dylib
0x0000000007123000 	/System/Library/Frameworks/CFNetwork.framework/Versions/A/CFNetwork
0x0000000007123000 	/System/Library/Frameworks/SystemConfiguration.framework/Versions/A/SystemConfiguration
0x0000000007123000 	/usr/lib/libCRFSuite.dylib
0x0000000007123000 	/usr/lib/libc++.1.dylib
0x0000000007123000 	/usr/lib/libc++abi.dylib
0x0000000007123000 	/usr/lib/system/libcache.dylib
0x0000000007123000 	/usr/lib/system/libcommonCrypto.dylib
0x0000000007123000 	/usr/lib/system/libcompiler_rt.dylib
0x0000000007123000 	/usr/lib/system/libcopyfile.dylib
0x0000000007123000 	/usr/lib/system/libcorecrypto.dylib
0x0000000007123000 	/usr/lib/system/libdispatch.dylib
0x0000000007123000 	/usr/lib/system/libdyld.dylib
0x0000000007123000 	/usr/lib/system/libkeymgr.dylib
0x0000000007123000 	/usr/lib/system/liblaunch.dylib
0x0000000007123000 	/usr/lib/system/libmacho.dylib
0x0000000007123000 	/usr/lib/system/libquarantine.dylib
0x0000000007123000 	/usr/lib/system/libremovefile.dylib
0x0000000007123000 	/usr/lib/system/libsystem_asl.dylib
0x0000000007123000 	/usr/lib/system/libsystem_blocks.dylib
0x0000000007123000 	/usr/lib/system/libsystem_c.dylib
0x0000000007123000 	/usr/lib/system/libsystem_configuration.dylib
0x0000000007123000 	/usr/lib/system/libsystem_coreservices.dylib
0x0000000007123000 	/usr/lib/system/libsystem_coretls.dylib
0x0000000007123000 	/usr/lib/system/libsystem_dnssd.dylib
0x0000000007123000 	/usr/lib/system/libsystem_info.dylib
0x0000000007123000 	/usr/lib/system/libsystem_kernel.dylib
0x0000000007123000 	/usr/lib/system/libsystem_m.dylib
0x0000000007123000 	/usr/lib/system/libsystem_malloc.dylib
0x0000000007123000 	/usr/lib/system/libsystem_network.dylib
0x0000000007123000 	/usr/lib/system/libsystem_networkextension.dylib
0x0000000007123000 	/usr/lib/system/libsystem_notify.dylib
0x0000000007123000 	/usr/lib/system/libsystem_platform.dylib
0x0000000007123000 	/usr/lib/system/libsystem_pthread.dylib
0x0000000007123000 	/usr/lib/system/libsystem_sandbox.dylib
0x0000000007123000 	/usr/lib/system/libsystem_secinit.dylib
0x0000000007123000 	/usr/lib/system/libsystem_trace.dylib
0x0000000007123000 	/usr/lib/system/libunc.dylib
0x0000000007123000 	/usr/lib/system/libunwind.dylib
0x0000000007123000 	/usr/lib/system/libxpc.dylib
0x0000000007123000 	/usr/lib/libenergytrace.dylib
0x0000000007123000 	/usr/lib/libbsm.0.dylib
0x0000000007123000 	/usr/lib/system/libkxld.dylib
0x0000000007123000 	/usr/lib/libxar.1.dylib
0x0000000007123000 	/usr/lib/libsqlite3.dylib
0x0000000007123000 	/usr/lib/libpam.2.dylib
0x0000000007123000 	/usr/lib/libOpenScriptingUtil.dylib
0x0000000007123000 	/usr/lib/libbz2.1.0.dylib
0x0000000007123000 	/usr/lib/liblzma.5.dylib
0x0000000007123000 	/System/Library/Frameworks/CoreServices.framework/Versions/A/Frameworks/FSEvents.framework/Versions/A/FSEvents
0x0000000007123000 	/System/Library/Frameworks/CoreServices.framework/Versions/A/Frameworks/CarbonCore.framework/Versions/A/CarbonCore
0x0000000007123000 	/System/Library/Frameworks/CoreServices.framework/Versions/A/Frameworks/Metadata.framework/Versions/A/Metadata
0x0000000007123000 	/System/Library/Frameworks/CoreServices.framework/Versions/A/Frameworks/OSServices.framework/Versions/A/OSServices
0x0000000007123000 	/System/Library/Frameworks/CoreServices.framework/Versions/A/Frameworks/SearchKit.framework/Versions/A/SearchKit
0x0000000007123000 	/System/Library/Frameworks/CoreServices.framework/Versions/A/Frameworks/AE.framework/Versions/A/AE
0x0000000007123000 	/System/Library/Frameworks/CoreServices.framework/Versions/A/Frameworks/LaunchServices.framework/Versions/A/LaunchServices
0x0000000007123000 	/System/Library/Frameworks/CoreServices.framework/Versions/A/Frameworks/DictionaryServices.framework/Versions/A/DictionaryServices
0x0000000007123000 	/System/Library/Frameworks/CoreServices.framework/Versions/A/Frameworks/SharedFileList.framework/Versions/A/SharedFileList
0x0000000007123000 	/System/Library/Frameworks/NetFS.framework/Versions/A/NetFS
0x0000000007123000 	/System/Library/PrivateFrameworks/NetAuth.framework/Versions/A/NetAuth
0x0000000007123000 	/System/Library/PrivateFrameworks/login.framework/Versions/A/Frameworks/loginsupport.framework/Versions/A/loginsupport
0x0000000007123000 	/System/Library/PrivateFrameworks/TCC.framework/Versions/A/TCC
0x0000000007123000 	/usr/lib/libmecabra.dylib
0x0000000007123000 	/System/Library/Frameworks/ApplicationServices.framework/Versions/A/Frameworks/ATS.framework/Versions/A/ATS
0x0000000007123000 	/System/Library/Frameworks/ApplicationServices.framework/Versions/A/Frameworks/ColorSync.framework/Versions/A/ColorSync
0x0000000007123000 	/System/Library/Frameworks/ApplicationServices.framework/Versions/A/Frameworks/HIServices.framework/Versions/A/HIServices
0x0000000007123000 	/System/Library/Frameworks/ApplicationServices.framework/Versions/A/Frameworks/LangAnalysis.framework/Versions/A/LangAnalysis
0x0000000007123000 	/System/Library/Frameworks/ApplicationServices.framework/Versions/A/Frameworks/PrintCore.framework/Versions/A/PrintCore
0x0000000007123000 	/System/Library/Frameworks/ApplicationServices.framework/Versions/A/Frameworks/QD.framework/Versions/A/QD
0x0000000007123000 	/System/Library/Frameworks/ApplicationServices.framework/Versions/A/Frameworks/SpeechSynthesis.framework/Versions/A/SpeechSynthesis
0x0000000007123000 	/System/Library/Frameworks/Metal.framework/Versions/A/Metal
0x0000000007123000 	/System/Library/Frameworks/Accelerate.framework/Versions/A/Frameworks/vImage.framework/Versions/A/vImage
0x0000000007123000 	/System/Library/Frameworks/Accelerate.framework/Versions/A/Frameworks/vecLib.framework/Versions/A/vecLib
0x0000000007123000 	/System/Library/Frameworks/Accelerate.framework/Versions/A/Frameworks/vecLib.framework/Versions/A/libvDSP.dylib
0x0000000007123000 	/System/Library/Frameworks/Accelerate.framework/Versions/A/Frameworks/vecLib.framework/Versions/A/libvMisc.dylib
0x0000000007123000 	/System/Library/Frameworks/Accelerate.framework/Versions/A/Frameworks/vecLib.framework/Versions/A/libLAPACK.dylib
0x0000000007123000 	/System/Library/Frameworks/Accelerate.framework/Versions/A/Frameworks/vecLib.framework/Versions/A/libBLAS.dylib
0x0000000007123000 	/System/Library/Frameworks/Accelerate.framework/Versions/A/Frameworks/vecLib.framework/Versions/A/libLinearAlgebra.dylib
0x0000000007123000 	/System/Library/Frameworks/Accelerate.framework/Versions/A/Frameworks/vecLib.framework/Versions/A/libSparseBLAS.dylib
0x0000000007123000 	/System/Library/PrivateFrameworks/GPUCompiler.framework/libmetal_timestamp.dylib
0x0000000007123000 	/System/Library/Frameworks/OpenGL.framework/Versions/A/Libraries/libCoreFSCache.dylib
0x0000000007123000 	/System/Library/PrivateFrameworks/IOAccelerator.framework/Versions/A/IOAccelerator
0x0000000007123000 	/System/Library/Frameworks/ApplicationServices.framework/Versions/A/Frameworks/ATS.framework/Versions/A/Resources/libFontParser.dylib
0x0000000007123000 	/System/Library/Frameworks/ApplicationServices.framework/Versions/A/Frameworks/ATS.framework/Versions/A/Resources/libFontRegistry.dylib
0x0000000007123000 	/System/Library/PrivateFrameworks/AppleVPA.framework/Versions/A/AppleVPA
0x0000000007123000 	/System/Library/PrivateFrameworks/AppleJPEG.framework/Versions/A/AppleJPEG
0x0000000007123000 	/System/Library/Frameworks/ImageIO.framework/Versions/A/Resources/libJPEG.dylib
0x0000000007123000 	/System/Library/Frameworks/ImageIO.framework/Versions/A/Resources/libTIFF.dylib
0x0000000007123000 	/System/Library/Frameworks/ImageIO.framework/Versions/A/Resources/libPng.dylib
0x0000000007123000 	/System/Library/Frameworks/ImageIO.framework/Versions/A/Resources/libGIF.dylib
0x0000000007123000 	/System/Library/Frameworks/ImageIO.framework/Versions/A/Resources/libJP2.dylib
0x0000000007123000 	/System/Library/Frameworks/ImageIO.framework/Versions/A/Resources/libRadiance.dylib
0x0000000007123000 	/System/Library/Frameworks/CoreVideo.framework/Versions/A/CoreVideo
0x0000000007123000 	/System/Library/Frameworks/OpenGL.framework/Versions/A/Libraries/libGLU.dylib
0x0000000007123000 	/System/Library/Frameworks/OpenGL.framework/Versions/A/Libraries/libGFXShared.dylib
0x0000000007123000 	/System/Library/Frameworks/OpenGL.framework/Versions/A/Libraries/libGL.dylib
0x0000000007123000 	/System/Library/Frameworks/OpenGL.framework/Versions/A/Libraries/libGLImage.dylib
0x0000000007123000 	/System/Library/Frameworks/OpenGL.framework/Versions/A/Libraries/libCVMSPluginSupport.dylib
0x0000000007123000 	/System/Library/Frameworks/OpenGL.framework/Versions/A/Libraries/libCoreVMClient.dylib
0x0000000007123000 	/usr/lib/libcups.2.dylib
0x0000000007123000 	/System/Library/Frameworks/Kerberos.framework/Versions/A/Kerberos
0x0000000007123000 	/System/Library/Frameworks/GSS.framework/Versions/A/GSS
0x0000000007123000 	/usr/lib/libresolv.9.dylib
0x0000000007123000 	/usr/lib/libiconv.2.dylib
0x0000000007123000 	/System/Library/PrivateFrameworks/Heimdal.framework/Versions/A/Heimdal
0x0000000007123000 	/usr/lib/libheimdal-asn1.dylib
0x0000000007123000 	/System/Library/Frameworks/OpenDirectory.framework/Versions/A/OpenDirectory
0x0000000007123000 	/System/Library/PrivateFrameworks/CommonAuth.framework/Versions/A/CommonAuth
0x0000000007123000 	/System/Library/Frameworks/OpenDirectory.framework/Versions/A/Frameworks/CFOpenDirectory.framework/Versions/A/CFOpenDirectory
0x0000000007123000 	/System/Library/Frameworks/SecurityFoundation.framework/Versions/A/SecurityFoundation
0x0000000007123000 	/System/Library/PrivateFrameworks/LanguageModeling.framework/Versions/A/LanguageModeling
0x0000000007123000 	/usr/lib/libmarisa.dylib
0x0000000007123000 	/usr/lib/libChineseTokenizer.dylib
0x0000000007123000 	/usr/lib/libcmph.dylib
0x0000000007123000 	/usr/lib/libcompression.dylib
0x0000000007123000 	/System/Library/Frameworks/ServiceManagement.framework/Versions/A/ServiceManagement
0x0000000007123000 	/usr/lib/libxslt.1.dylib
0x0000000007123000 	/System/Library/Frameworks/Carbon.framework/Versions/A/Frameworks/Ink.framework/Versions/A/Ink
0x0000000007123000 	/usr/lib/libFosl_dynamic.dylib
0x0000000007123000 	/System/Library/PrivateFrameworks/FaceCore.framework/Versions/A/FaceCore
0x0000000007123000 	/System/Library/Frameworks/OpenCL.framework/Versions/A/OpenCL
0x0000000007123000 	/System/Library/PrivateFrameworks/CrashReporterSupport.framework/Versions/A/CrashReporterSupport
0x0000000007123000 	/System/Library/PrivateFrameworks/IconServices.framework/Versions/A/IconServices
0x0000000007123000 	/System/Library/PrivateFrameworks/Apple80211.framework/Versions/A/Apple80211
0x0000000007123000 	/System/Library/Frameworks/CoreWLAN.framework/Versions/A/CoreWLAN
0x0000000007123000 	/System/Library/Frameworks/IOBluetooth.framework/Versions/A/IOBluetooth
0x0000000007123000 	/System/Library/PrivateFrameworks/CoreWiFi.framework/Versions/A/CoreWiFi
0x0000000007123000 	/System/Library/Frameworks/CoreBluetooth.framework/Versions/A/CoreBluetooth
0x0000000007123000 	/System/Library/PrivateFrameworks/ChunkingLibrary.framework/Versions/A/ChunkingLibrary
0x0000000007123000 	/System/Library/PrivateFrameworks/DebugSymbols.framework/Versions/A/DebugSymbols
0x0000000007123000 	/System/Library/PrivateFrameworks/CoreSymbolication.framework/Versions/A/CoreSymbolication
0x0000000007123000 	/System/Library/PrivateFrameworks/Symbolication.framework/Versions/A/Symbolication
0x0000000007123000 	/System/Library/PrivateFrameworks/SpeechRecognitionCore.framework/Versions/A/SpeechRecognitionCore
0x0000000102a00000 	/Library/Java/JavaVirtualMachines/jdk1.8.0_91.jdk/Contents/Home/jre/lib/server/libjvm.dylib
0x0000000007123000 	/usr/lib/libstdc++.6.dylib
0x0000000101869000 	/Library/Java/JavaVirtualMachines/jdk1.8.0_91.jdk/Contents/Home/jre/lib/libverify.dylib
0x0000000101877000 	/Library/Java/JavaVirtualMachines/jdk1.8.0_91.jdk/Contents/Home/jre/lib/libjava.dylib
0x00000001018b6000 	/Library/Java/JavaVirtualMachines/jdk1.8.0_91.jdk/Contents/Home/jre/lib/libzip.dylib
0x00000001019e4000 	/System/Library/Frameworks/JavaVM.framework/Frameworks/JavaRuntimeSupport.framework/JavaRuntimeSupport
0x000000011e925000 	/System/Library/Frameworks/JavaVM.framework/Versions/A/Frameworks/JavaNativeFoundation.framework/Versions/A/JavaNativeFoundation
0x000000011e93a000 	/System/Library/Frameworks/JavaVM.framework/Versions/A/JavaVM
0x0000000007123000 	/System/Library/Frameworks/Carbon.framework/Versions/A/Carbon
0x000000011e947000 	/System/Library/PrivateFrameworks/JavaLaunching.framework/Versions/A/JavaLaunching
0x0000000007123000 	/System/Library/Frameworks/Carbon.framework/Versions/A/Frameworks/CommonPanels.framework/Versions/A/CommonPanels
0x0000000007123000 	/System/Library/Frameworks/Carbon.framework/Versions/A/Frameworks/Help.framework/Versions/A/Help
0x0000000007123000 	/System/Library/Frameworks/Carbon.framework/Versions/A/Frameworks/ImageCapture.framework/Versions/A/ImageCapture
0x0000000007123000 	/System/Library/Frameworks/Carbon.framework/Versions/A/Frameworks/OpenScripting.framework/Versions/A/OpenScripting
0x0000000007123000 	/System/Library/Frameworks/Carbon.framework/Versions/A/Frameworks/Print.framework/Versions/A/Print
0x0000000007123000 	/System/Library/Frameworks/Carbon.framework/Versions/A/Frameworks/SecurityHI.framework/Versions/A/SecurityHI
0x000000012026a000 	/Library/Java/JavaVirtualMachines/jdk1.8.0_91.jdk/Contents/Home/jre/lib/libawt.dylib
0x0000000120312000 	/Library/Java/JavaVirtualMachines/jdk1.8.0_91.jdk/Contents/Home/jre/lib/./libmlib_image.dylib
0x00000001203de000 	/Library/Java/JavaVirtualMachines/jdk1.8.0_91.jdk/Contents/Home/jre/lib/libawt_lwawt.dylib
0x0000000120493000 	/Library/Java/JavaVirtualMachines/jdk1.8.0_91.jdk/Contents/Home/jre/lib/./libosxapp.dylib
0x0000000007123000 	/System/Library/Frameworks/ExceptionHandling.framework/Versions/A/ExceptionHandling
0x0000000007123000 	/System/Library/PrivateFrameworks/CoreServicesInternal.framework/Versions/A/CoreServicesInternal
0x0000000007123000 	/System/Library/Frameworks/CoreGraphics.framework/Versions/A/Resources/libRIP.A.dylib
0x0000000007123000 	/System/Library/Frameworks/Accelerate.framework/Versions/A/Frameworks/vImage.framework/Versions/A/Libraries/libCGInterfaces.dylib
0x0000000007123000 	/System/Library/Frameworks/CoreGraphics.framework/Versions/A/Resources/libCGXType.A.dylib
0x0000000007123000 	/System/Library/Frameworks/OpenCL.framework/Versions/A/Libraries/libcldcpuengine.dylib
0x0000000007123000 	/System/Library/PrivateFrameworks/DiskImages.framework/Versions/A/DiskImages
0x0000000007123000 	/System/Library/Frameworks/DiscRecording.framework/Versions/A/DiscRecording
0x0000000007123000 	/usr/lib/libcsfde.dylib
0x0000000007123000 	/usr/lib/libcurl.4.dylib
0x0000000007123000 	/System/Library/PrivateFrameworks/MediaKit.framework/Versions/A/MediaKit
0x0000000007123000 	/System/Library/PrivateFrameworks/ProtectedCloudStorage.framework/Versions/A/ProtectedCloudStorage
0x0000000007123000 	/usr/lib/libCoreStorage.dylib
0x0000000007123000 	/System/Library/PrivateFrameworks/EFILogin.framework/Versions/A/EFILogin
0x0000000007123000 	/usr/lib/libutil.dylib
0x0000000007123000 	/System/Library/PrivateFrameworks/FindMyDevice.framework/Versions/A/FindMyDevice
0x0000000007123000 	/System/Library/Frameworks/LDAP.framework/Versions/A/LDAP
0x0000000007123000 	/usr/lib/libsasl2.2.dylib
0x0000000007123000 	/System/Library/PrivateFrameworks/CoreDaemon.framework/Versions/B/CoreDaemon
0x0000000007123000 	/usr/lib/libcrypto.0.9.8.dylib
0x0000000007123000 	/System/Library/PrivateFrameworks/AppleSRP.framework/Versions/A/AppleSRP
0x0000000007123000 	/System/Library/PrivateFrameworks/TrustEvaluationAgent.framework/Versions/A/TrustEvaluationAgent
0x0000000121033000 	cl_kernels
0x0000000007123000 	/System/Library/Frameworks/OpenCL.framework/Versions/A/Libraries/ImageFormats/unorm8_bgra.dylib
0x0000000007123000 	/System/Library/Frameworks/OpenCL.framework/Versions/A/Libraries/ImageFormats/unorm8_rgba.dylib
0x0000000007123000 	/System/Library/PrivateFrameworks/FamilyControls.framework/Versions/A/FamilyControls
0x0000000007123000 	/System/Library/PrivateFrameworks/CommerceKit.framework/Versions/A/Frameworks/CommerceCore.framework/Versions/A/CommerceCore
0x0000000007123000 	/System/Library/PrivateFrameworks/SystemAdministration.framework/Versions/A/SystemAdministration
0x0000000007123000 	/System/Library/PrivateFrameworks/AppContainer.framework/Versions/A/AppContainer
0x0000000007123000 	/System/Library/PrivateFrameworks/SecCodeWrapper.framework/Versions/A/SecCodeWrapper
0x0000000007123000 	/System/Library/Frameworks/DirectoryService.framework/Versions/A/DirectoryService
0x0000000007123000 	/System/Library/PrivateFrameworks/LoginUIKit.framework/Versions/A/Frameworks/LoginUICore.framework/Versions/A/LoginUICore
0x0000000007123000 	/usr/lib/libodfde.dylib
0x0000000007123000 	/System/Library/Frameworks/OpenGL.framework/Versions/A/Resources/GLEngine.bundle/GLEngine
0x0000000007123000 	/System/Library/Frameworks/OpenGL.framework/Versions/A/Libraries/libGLProgrammability.dylib
0x00000001232d0000 	/System/Library/Extensions/AppleIntelHD5000GraphicsGLDriver.bundle/Contents/MacOS/AppleIntelHD5000GraphicsGLDriver
0x0000000007123000 	/System/Library/PrivateFrameworks/GPUSupport.framework/Versions/A/Libraries/libGPUSupportMercury.dylib
0x0000000007123000 	/System/Library/Frameworks/OpenGL.framework/Versions/A/Resources/GLRendererFloat.bundle/GLRendererFloat
0x0000000124770000 	/Library/Java/JavaVirtualMachines/jdk1.8.0_91.jdk/Contents/Home/jre/lib/libfontmanager.dylib
0x0000000125cb8000 	/Library/Java/JavaVirtualMachines/jdk1.8.0_91.jdk/Contents/Home/jre/lib/libosxui.dylib
0x0000000126a06000 	/Library/Java/JavaVirtualMachines/jdk1.8.0_91.jdk/Contents/Home/jre/lib/libnet.dylib
0x0000000126739000 	/Library/Java/JavaVirtualMachines/jdk1.8.0_91.jdk/Contents/Home/jre/lib/libnio.dylib
0x0000000007123000 	/System/Library/Frameworks/ApplicationServices.framework/Versions/A/Frameworks/ATS.framework/Versions/A/Resources/libTrueTypeScaler.dylib
0x0000000177b5a000 	/System/Library/Extensions/AppleIntelHD5000GraphicsMTLDriver.bundle/Contents/MacOS/AppleIntelHD5000GraphicsMTLDriver
0x00000001216c9000 	/private/var/folders/lj/ts4xrlmj1tsc3mnwzl_88g000000gn/T/jogamp_0000/file_cache/jln5716264801669932581/jln3367139835099650827/libgluegen-rt.jnilib
0x00000001216ce000 	/private/var/folders/lj/ts4xrlmj1tsc3mnwzl_88g000000gn/T/jogamp_0000/file_cache/jln5716264801669932581/jln3367139835099650827/libnativewindow_awt.jnilib
0x00000001216d1000 	/Library/Java/JavaVirtualMachines/jdk1.8.0_91.jdk/Contents/Home/jre/lib/libjawt.dylib
0x00000001216d4000 	/private/var/folders/lj/ts4xrlmj1tsc3mnwzl_88g000000gn/T/jogamp_0000/file_cache/jln5716264801669932581/jln3367139835099650827/libnativewindow_macosx.jnilib
0x0000000178232000 	/private/var/folders/lj/ts4xrlmj1tsc3mnwzl_88g000000gn/T/jogamp_0000/file_cache/jln5716264801669932581/jln3367139835099650827/libjogl_desktop.jnilib
0x000000018214b000 	/Library/Java/JavaVirtualMachines/jdk1.8.0_91.jdk/Contents/Home/jre/lib/libjpeg.dylib

VM Arguments:
jvm_args: -Djava.library.path=/Library/Java/JavaVirtualMachines/jdk1.8.0_91.jdk/Contents/Home -Djava.security.policy=java.policy.applet -Dfile.encoding=UTF-8 
java_command: sun.applet.AppletViewer SimpleMapApp1469051005029.html
java_class_path (initial): /Users/rblowers/git/ice-crystal/ice-crystal/build:/Users/rblowers/git/ice-crystal/ice-crystal/lib/core.jar:/Users/rblowers/git/ice-crystal/ice-crystal/lib/gluegen-rt.jar:/Users/rblowers/git/ice-crystal/ice-crystal/lib/jogl-all.jar:/Users/rblowers/git/ice-crystal/ice-crystal/lib/log4j-1.2.15.jar:/Users/rblowers/git/ice-crystal/ice-crystal/lib/sqlite-jdbc-3.7.2.jar:/Users/rblowers/git/ice-crystal/ice-crystal/lib/json4processing.jar:/Users/rblowers/git/ice-crystal/ice-crystal/lib/libTUIO.jar:/Users/rblowers/git/ice-crystal/ice-crystal/lib/unfolding.0.9.6.jar
Launcher Type: SUN_STANDARD

Environment Variables:
PATH=/usr/bin:/bin:/usr/sbin:/sbin
SHELL=/bin/bash
DISPLAY=/private/tmp/com.apple.launchd.9qI8Gzruq0/org.macosforge.xquartz:0

Signal Handlers:
SIGSEGV: [libjvm.dylib+0x5a97a1], sa_mask[0]=11111111011111110111111111111111, sa_flags=SA_ONSTACK|SA_RESTART|SA_SIGINFO
SIGBUS: [libjvm.dylib+0x5a97a1], sa_mask[0]=11111111011111110111111111111111, sa_flags=SA_RESTART|SA_SIGINFO
SIGFPE: [libjvm.dylib+0x482594], sa_mask[0]=11111111011111110111111111111111, sa_flags=SA_RESTART|SA_SIGINFO
SIGPIPE: [libjvm.dylib+0x482594], sa_mask[0]=11111111011111110111111111111111, sa_flags=SA_RESTART|SA_SIGINFO
SIGXFSZ: [libjvm.dylib+0x482594], sa_mask[0]=11111111011111110111111111111111, sa_flags=SA_RESTART|SA_SIGINFO
SIGILL: [libjvm.dylib+0x482594], sa_mask[0]=11111111011111110111111111111111, sa_flags=SA_RESTART|SA_SIGINFO
SIGUSR1: SIG_DFL, sa_mask[0]=00000000000000000000000000000000, sa_flags=none
SIGUSR2: [libjvm.dylib+0x4820b2], sa_mask[0]=00100000000000000000000000000000, sa_flags=SA_RESTART|SA_SIGINFO
SIGHUP: [libjvm.dylib+0x480689], sa_mask[0]=11111111011111110111111111111111, sa_flags=SA_RESTART|SA_SIGINFO
SIGINT: [libjvm.dylib+0x480689], sa_mask[0]=11111111011111110111111111111111, sa_flags=SA_RESTART|SA_SIGINFO
SIGTERM: [libjvm.dylib+0x480689], sa_mask[0]=11111111011111110111111111111111, sa_flags=SA_RESTART|SA_SIGINFO
SIGQUIT: [libjvm.dylib+0x480689], sa_mask[0]=11111111011111110111111111111111, sa_flags=SA_RESTART|SA_SIGINFO


---------------  S Y S T E M  ---------------

OS:Bsduname:Darwin 15.3.0 Darwin Kernel Version 15.3.0: Thu Dec 10 18:40:58 PST 2015; root:xnu-3248.30.4~1/RELEASE_X86_64 x86_64
rlimit: STACK 8192k, CORE 0k, NPROC 709, NOFILE 10240, AS infinity
load average:1.54 1.79 1.91

CPU:total 8 (4 cores per cpu, 2 threads per core) family 6 model 70 stepping 1, cmov, cx8, fxsr, mmx, sse, sse2, sse3, ssse3, sse4.1, sse4.2, popcnt, avx, avx2, aes, clmul, erms, lzcnt, ht, tsc, tscinvbit, bmi1, bmi2

Memory: 4k page, physical 16777216k(309544k free)

/proc/meminfo:


vm_info: Java HotSpot(TM) 64-Bit Server VM (25.91-b14) for bsd-amd64 JRE (1.8.0_91-b14), built on Apr  1 2016 01:03:00 by "java_re" with gcc 4.2.1 (Based on Apple Inc. build 5658) (LLVM build 2336.11.00)

time: Wed Jul 20 17:43:43 2016
elapsed time: 18 seconds (0d 0h 0m 18s)

