#
# A fatal error has been detected by the Java Runtime Environment:
#
#  SIGSEGV (0xb) at pc=0x00007fff969204dd, pid=19514, tid=2571
#
# JRE version: Java(TM) SE Runtime Environment (8.0_91-b14) (build 1.8.0_91-b14)
# Java VM: Java HotSpot(TM) 64-Bit Server VM (25.91-b14 mixed mode bsd-amd64 compressed oops)
# Problematic frame:
# C  [libobjc.A.dylib+0x14dd]  objc_msgSend+0x1d
#
# Failed to write core dump. Core dumps have been disabled. To enable core dumping, try "ulimit -c unlimited" before starting Java again
#
# If you would like to submit a bug report, please visit:
#   http://bugreport.java.com/bugreport/crash.jsp
# The crash happened outside the Java Virtual Machine in native code.
# See problematic frame for where to report the bug.
#

---------------  T H R E A D  ---------------

Current thread (0x00007fa94e8d9800):  JavaThread "AWT-AppKit" daemon [_thread_in_native, id=2571, stack(0x00007fff55614000,0x00007fff55e14000)]

siginfo: si_signo: 11 (SIGSEGV), si_code: 1 (SEGV_MAPERR), si_addr: 0x0000000000000018

Registers:
RAX=0x00007fa952890370, RBX=0x000000017fcbc3b0, RCX=0x0000000129eb1f80, RDX=0x0000000129eb14e0
RSP=0x00007fff55e0f358, RBP=0x00007fff55e0f410, RSI=0x00007fff8bf03d0e, RDI=0x00007fa952bb5300
R8 =0x0000000000000000, R9 =0x00000000000008c0, R10=0x00007fff8bf03d0e, R11=0x0000000000000000
R12=0x0000000000000000, R13=0x00000001840a02b0, R14=0x000000017fcbc3a0, R15=0x00007fa94e8d9800
RIP=0x00007fff969204dd, EFLAGS=0x0000000000010246, ERR=0x0000000000000004
  TRAPNO=0x000000000000000e

Top of Stack: (sp=0x00007fff55e0f358)
0x00007fff55e0f358:   000000017fcba5d7 00007fff55e0f3b0
0x00007fff55e0f368:   0000000000000003 00007fff55e0f390
0x00007fff55e0f378:   000000010b3f24ea 00000001840a02b0
0x00007fff55e0f388:   00000001840a02b0 00007fa952890370
0x00007fff55e0f398:   000000017fcbc5c0 000000017fcbc640
0x00007fff55e0f3a8:   000000017fcbc3b0 00007fff7d1a7770
0x00007fff55e0f3b8:   000000017fcbc5d0 00007fff7d34a500
0x00007fff55e0f3c8:   00007fa952890370 00007fa952bb5300
0x00007fff55e0f3d8:   00007fa952a814a0 00007fa952890370
0x00007fff55e0f3e8:   00007fa952bb5300 00007fff55e0f498
0x00007fff55e0f3f8:   00007fa94e8d99f8 00000001840a02b0
0x00007fff55e0f408:   00007fff55e0f4c0 00007fff55e0f488
0x00007fff55e0f418:   000000010c1ab9d4 00000001840a02b0
0x00007fff55e0f428:   00007fff55e0f4c0 00007fff55e0f488
0x00007fff55e0f438:   000000010c1ab767 000000010c1ab722
0x00007fff55e0f448:   00007fff55e0f448 00000001840a02b0
0x00007fff55e0f458:   00007fff55e0f4c0 00000001840a2aa0
0x00007fff55e0f468:   0000000000000000 00000001840a02b0
0x00007fff55e0f478:   0000000000000000 00007fff55e0f4a8
0x00007fff55e0f488:   00007fff55e0f508 000000010c19c2bd
0x00007fff55e0f498:   00000006c240ad58 000000010c1a5538
0x00007fff55e0f4a8:   00007fa952890370 00007fff55e0f508
0x00007fff55e0f4b8:   00007fa952bb5300 000000010c1a6e02
0x00007fff55e0f4c8:   00007fff55e0f4c8 00000001840a047a
0x00007fff55e0f4d8:   00007fff55e0f530 00000001840a2aa0
0x00007fff55e0f4e8:   0000000000000000 00000001840a0488
0x00007fff55e0f4f8:   00007fff55e0f4a8 00007fff55e0f518
0x00007fff55e0f508:   00007fff55e0f578 000000010c19c2bd
0x00007fff55e0f518:   00007fa952890370 00000006c2327730
0x00007fff55e0f528:   00007fa952bb5300 00000006c2327730
0x00007fff55e0f538:   00007fff55e0f538 000000018a92857e
0x00007fff55e0f548:   00007fff55e0f588 000000018a928638 

Instructions: (pc=0x00007fff969204dd)
0x00007fff969204bd:   44 00 00 48 85 ff 2e 74 62 40 f6 c7 01 2e 75 66
0x00007fff969204cd:   49 bb f8 ff ff ff ff 7f 00 00 4c 23 1f 49 89 f2
0x00007fff969204dd:   45 23 53 18 49 c1 e2 04 4d 03 53 10 49 3b 32 75
0x00007fff969204ed:   04 41 ff 62 08 49 83 3a 01 76 0d 49 83 c2 10 49 

Register to memory mapping:

RAX=0x00007fa952890370 is an unknown value
RBX=0x000000017fcbc3b0: Java_jogamp_nativewindow_macosx_OSXUtil_GetScreenRefreshRate0+0x1850 in /private/var/folders/lj/ts4xrlmj1tsc3mnwzl_88g000000gn/T/jogamp_0000/file_cache/jln8793517092363349030/jln4801519105048536419/libnativewindow_macosx.jnilib at 0x000000017fcb5000
RCX=0x0000000129eb1f80 is an unknown value
RDX=0x0000000129eb14e0 is an unknown value
RSP=0x00007fff55e0f358 is pointing into the stack for thread: 0x00007fa94e8d9800
RBP=0x00007fff55e0f410 is pointing into the stack for thread: 0x00007fa94e8d9800
RSI=0x00007fff8bf03d0e is an unknown value
RDI=0x00007fa952bb5300 is an unknown value
R8 =0x0000000000000000 is an unknown value
R9 =0x00000000000008c0 is an unknown value
R10=0x00007fff8bf03d0e is an unknown value
R11=0x0000000000000000 is an unknown value
R12=0x0000000000000000 is an unknown value
R13={method} {0x00000001840a02b0} 'UnsetJAWTRootSurfaceLayer0' '(JJ)V' in 'jogamp/nativewindow/jawt/macosx/MacOSXJAWTWindow'
R14=0x000000017fcbc3a0: Java_jogamp_nativewindow_macosx_OSXUtil_GetScreenRefreshRate0+0x1840 in /private/var/folders/lj/ts4xrlmj1tsc3mnwzl_88g000000gn/T/jogamp_0000/file_cache/jln8793517092363349030/jln4801519105048536419/libnativewindow_macosx.jnilib at 0x000000017fcb5000
R15=0x00007fa94e8d9800 is a thread


Stack: [0x00007fff55614000,0x00007fff55e14000],  sp=0x00007fff55e0f358,  free space=8172k
Native frames: (J=compiled Java code, j=interpreted, Vv=VM code, C=native code)
C  [libobjc.A.dylib+0x14dd]  objc_msgSend+0x1d
j  jogamp.nativewindow.jawt.macosx.MacOSXJAWTWindow.UnsetJAWTRootSurfaceLayer0(JJ)V+0
j  jogamp.nativewindow.jawt.macosx.MacOSXJAWTWindow.access$200(JJ)V+2
j  jogamp.nativewindow.jawt.macosx.MacOSXJAWTWindow$1.run()V+38
j  com.jogamp.common.util.RunnableTask.run()V+24
v  ~StubRoutines::call_stub
V  [libjvm.dylib+0x2ec1e6]  JavaCalls::call_helper(JavaValue*, methodHandle*, JavaCallArguments*, Thread*)+0x6ae
V  [libjvm.dylib+0x323355]  jni_invoke_nonstatic(JNIEnv_*, JavaValue*, _jobject*, JNICallType, _jmethodID*, JNI_ArgumentPusher*, Thread*)+0x2ec
V  [libjvm.dylib+0x315b23]  jni_CallVoidMethod+0x16b
C  [libnativewindow_macosx.jnilib+0x57ae]  Java_jogamp_nativewindow_jawt_macosx_MacOSXJAWTWindow_UnsetJAWTRootSurfaceLayer0+0x2be
C  [Foundation+0x8dd4b]  __NSThreadPerformPerform+0x117
C  [CoreFoundation+0x7e5c1]  __CFRUNLOOP_IS_CALLING_OUT_TO_A_SOURCE0_PERFORM_FUNCTION__+0x11
C  [CoreFoundation+0x70397]  __CFRunLoopDoSources0+0x1a7
C  [CoreFoundation+0x6f93f]  __CFRunLoopRun+0x39f
C  [CoreFoundation+0x6f338]  CFRunLoopRunSpecific+0x128
C  [HIToolbox+0x30935]  RunCurrentEventLoopInMode+0xeb
C  [HIToolbox+0x30677]  ReceiveNextEventCommon+0xb8
C  [HIToolbox+0x305af]  _BlockUntilNextEventMatchingListInModeWithFilter+0x47
C  [AppKit+0x8a0ee]  _DPSNextEvent+0x42b
C  [AppKit+0x456943]  -[NSApplication _nextEventMatchingEventMask:untilDate:inMode:dequeue:]+0x1c6
C  [libosxapp.dylib+0x23aa]  -[NSApplicationAWT nextEventMatchingMask:untilDate:inMode:dequeue:]+0x7c
C  [AppKit+0x7ffc8]  -[NSApplication run]+0x2aa
C  [libosxapp.dylib+0x214d]  +[NSApplicationAWT runAWTLoopWithApp:]+0x9c
C  [libawt_lwawt.dylib+0x4455b]  -[AWTStarter starter:]+0x389
C  [Foundation+0x8dd4b]  __NSThreadPerformPerform+0x117
C  [CoreFoundation+0x7e5c1]  __CFRUNLOOP_IS_CALLING_OUT_TO_A_SOURCE0_PERFORM_FUNCTION__+0x11
C  [CoreFoundation+0x7041c]  __CFRunLoopDoSources0+0x22c
C  [CoreFoundation+0x6f93f]  __CFRunLoopRun+0x39f
C  [CoreFoundation+0x6f338]  CFRunLoopRunSpecific+0x128
C  [java+0x6463]  CreateExecutionEnvironment+0x367
C  [java+0x21ac]  JLI_Launch+0x7a0
C  [java+0x84c0]  main+0x65
C  [java+0x1a04]  start+0x34
C  0x0000000000000008

Java frames: (J=compiled Java code, j=interpreted, Vv=VM code)
j  jogamp.nativewindow.jawt.macosx.MacOSXJAWTWindow.UnsetJAWTRootSurfaceLayer0(JJ)V+0
j  jogamp.nativewindow.jawt.macosx.MacOSXJAWTWindow.access$200(JJ)V+2
j  jogamp.nativewindow.jawt.macosx.MacOSXJAWTWindow$1.run()V+38
j  com.jogamp.common.util.RunnableTask.run()V+24
v  ~StubRoutines::call_stub

---------------  P R O C E S S  ---------------

Java Threads: ( => current thread )
  0x00007fa9558dc800 JavaThread "Thread-278" [_thread_blocked, id=42259, stack(0x00007000016df000,0x00007000017df000)]
  0x00007fa94d8af800 JavaThread "Keep-Alive-Timer" daemon [_thread_blocked, id=28223, stack(0x000070000230f000,0x000070000240f000)]
  0x00007fa94c249000 JavaThread "AWT-EventQueue-1" [_thread_in_native, id=67615, stack(0x0000700001f83000,0x0000700002083000)]
  0x00007fa94e800800 JavaThread "DestroyJavaVM" [_thread_blocked, id=5891, stack(0x000070000011a000,0x000070000021a000)]
  0x00007fa94d899800 JavaThread "AWT-EventQueue-0" [_thread_blocked, id=60163, stack(0x0000700001d7d000,0x0000700001e7d000)]
  0x00007fa94d886000 JavaThread "Java2D Disposer" daemon [_thread_blocked, id=56587, stack(0x0000700001af4000,0x0000700001bf4000)]
  0x00007fa94d883800 JavaThread "Java2D Queue Flusher" daemon [_thread_blocked, id=53511, stack(0x00007000019f1000,0x0000700001af1000)]
  0x00007fa94c15d800 JavaThread "AWT-Shutdown" [_thread_blocked, id=31507, stack(0x00007000015dc000,0x00007000016dc000)]
=>0x00007fa94e8d9800 JavaThread "AWT-AppKit" daemon [_thread_in_native, id=2571, stack(0x00007fff55614000,0x00007fff55e14000)]
  0x00007fa94d81e800 JavaThread "Service Thread" daemon [_thread_blocked, id=21251, stack(0x0000700001353000,0x0000700001453000)]
  0x00007fa94d82a000 JavaThread "C1 CompilerThread3" daemon [_thread_blocked, id=20739, stack(0x0000700001250000,0x0000700001350000)]
  0x00007fa94d821000 JavaThread "C2 CompilerThread2" daemon [_thread_blocked, id=20227, stack(0x000070000114d000,0x000070000124d000)]
  0x00007fa94d820800 JavaThread "C2 CompilerThread1" daemon [_thread_blocked, id=19715, stack(0x000070000104a000,0x000070000114a000)]
  0x00007fa94d81d800 JavaThread "C2 CompilerThread0" daemon [_thread_blocked, id=19203, stack(0x0000700000f47000,0x0000700001047000)]
  0x00007fa94d81d000 JavaThread "Signal Dispatcher" daemon [_thread_blocked, id=14863, stack(0x0000700000e44000,0x0000700000f44000)]
  0x00007fa94c062800 JavaThread "Finalizer" daemon [_thread_blocked, id=14339, stack(0x0000700000c3b000,0x0000700000d3b000)]
  0x00007fa94c05f800 JavaThread "Reference Handler" daemon [_thread_blocked, id=13827, stack(0x0000700000b38000,0x0000700000c38000)]

Other Threads:
  0x00007fa94c05b000 VMThread [stack: 0x0000700000a35000,0x0000700000b35000] [id=13315]
  0x00007fa94e812800 WatcherThread [stack: 0x0000700001456000,0x0000700001556000] [id=21763]

VM state:not at safepoint (normal execution)

VM Mutex/Monitor currently owned by a thread: None

Heap:
 PSYoungGen      total 82432K, used 45057K [0x000000076ab00000, 0x0000000772300000, 0x00000007c0000000)
  eden space 51712K, 27% used [0x000000076ab00000,0x000000076b907d98,0x000000076dd80000)
  from space 30720K, 99% used [0x000000076ff00000,0x0000000771cf8770,0x0000000771d00000)
  to   space 34304K, 0% used [0x000000076dd80000,0x000000076dd80000,0x000000076ff00000)
 ParOldGen       total 147456K, used 51516K [0x00000006c0000000, 0x00000006c9000000, 0x000000076ab00000)
  object space 147456K, 34% used [0x00000006c0000000,0x00000006c324f078,0x00000006c9000000)
 Metaspace       used 21531K, capacity 21775K, committed 22192K, reserved 1069056K
  class space    used 2089K, capacity 2178K, committed 2304K, reserved 1048576K

Card table byte_map: [0x000000011b554000,0x000000011bd55000] byte_map_base: 0x0000000117f54000

Marking Bits: (ParMarkBitMap*) 0x000000010bae6eb0
 Begin Bits: [0x000000011c2ab000, 0x00000001202ab000)
 End Bits:   [0x00000001202ab000, 0x00000001242ab000)

Polling page: 0x000000010a0af000

CodeCache: size=245760Kb used=10029Kb max_used=10042Kb free=235730Kb
 bounds [0x000000010c194000, 0x000000010cb84000, 0x000000011b194000]
 total_blobs=3600 nmethods=2704 adapters=809
 compilation: enabled

Compilation events (10 events):
Event: 93.570 Thread 0x00007fa94d821000 3184       4       java.awt.Component::isDisplayable (13 bytes)
Event: 93.570 Thread 0x00007fa94d821000 nmethod 3184 0x000000010c5497d0 code [0x000000010c549920, 0x000000010c549998]
Event: 93.571 Thread 0x00007fa94d820800 3185       4       sun.java2d.SurfaceData::pixelFor (13 bytes)
Event: 93.571 Thread 0x00007fa94d81d800 3186       4       java.lang.Math::floor (5 bytes)
Event: 93.572 Thread 0x00007fa94d820800 nmethod 3185 0x000000010c4b07d0 code [0x000000010c4b0920, 0x000000010c4b09f8]
Event: 93.573 Thread 0x00007fa94d81d800 nmethod 3186 0x000000010c7cf690 code [0x000000010c7cf800, 0x000000010c7cf918]
Event: 93.601 Thread 0x00007fa94d821000 3187       4       java.beans.WeakIdentityMap$Entry::isMatched (22 bytes)
Event: 93.602 Thread 0x00007fa94d821000 nmethod 3187 0x000000010c4b0c10 code [0x000000010c4b0d60, 0x000000010c4b0e18]
Event: 93.608 Thread 0x00007fa94d820800 3188   !   4       jogamp.common.util.locks.RecursiveLockImpl01Unfairish::unlock (23 bytes)
Event: 93.613 Thread 0x00007fa94d820800 nmethod 3188 0x000000010ca80790 code [0x000000010ca80920, 0x000000010ca81388]

GC Heap History (10 events):
Event: 74.134 GC heap before
{Heap before GC invocations=11 (full 1):
 PSYoungGen      total 78336K, used 77921K [0x000000076ab00000, 0x0000000771600000, 0x00000007c0000000)
  eden space 60416K, 100% used [0x000000076ab00000,0x000000076e600000,0x000000076e600000)
  from space 17920K, 97% used [0x000000076e700000,0x000000076f818430,0x000000076f880000)
  to   space 24576K, 0% used [0x000000076fe00000,0x000000076fe00000,0x0000000771600000)
 ParOldGen       total 147456K, used 46075K [0x00000006c0000000, 0x00000006c9000000, 0x000000076ab00000)
  object space 147456K, 31% used [0x00000006c0000000,0x00000006c2cfef28,0x00000006c9000000)
 Metaspace       used 21253K, capacity 21455K, committed 21808K, reserved 1069056K
  class space    used 2059K, capacity 2114K, committed 2176K, reserved 1048576K
Event: 74.138 GC heap after
Heap after GC invocations=11 (full 1):
 PSYoungGen      total 82944K, used 19233K [0x000000076ab00000, 0x0000000771500000, 0x00000007c0000000)
  eden space 59392K, 0% used [0x000000076ab00000,0x000000076ab00000,0x000000076e500000)
  from space 23552K, 81% used [0x000000076fe00000,0x00000007710c84b0,0x0000000771500000)
  to   space 24576K, 0% used [0x000000076e500000,0x000000076e500000,0x000000076fd00000)
 ParOldGen       total 147456K, used 46075K [0x00000006c0000000, 0x00000006c9000000, 0x000000076ab00000)
  object space 147456K, 31% used [0x00000006c0000000,0x00000006c2cfef28,0x00000006c9000000)
 Metaspace       used 21253K, capacity 21455K, committed 21808K, reserved 1069056K
  class space    used 2059K, capacity 2114K, committed 2176K, reserved 1048576K
}
Event: 80.571 GC heap before
{Heap before GC invocations=12 (full 1):
 PSYoungGen      total 82944K, used 78420K [0x000000076ab00000, 0x0000000771500000, 0x00000007c0000000)
  eden space 59392K, 99% used [0x000000076ab00000,0x000000076e4ccce0,0x000000076e500000)
  from space 23552K, 81% used [0x000000076fe00000,0x00000007710c84b0,0x0000000771500000)
  to   space 24576K, 0% used [0x000000076e500000,0x000000076e500000,0x000000076fd00000)
 ParOldGen       total 147456K, used 46075K [0x00000006c0000000, 0x00000006c9000000, 0x000000076ab00000)
  object space 147456K, 31% used [0x00000006c0000000,0x00000006c2cfef28,0x00000006c9000000)
 Metaspace       used 21349K, capacity 21551K, committed 21808K, reserved 1069056K
  class space    used 2077K, capacity 2146K, committed 2176K, reserved 1048576K
Event: 80.576 GC heap after
Heap after GC invocations=12 (full 1):
 PSYoungGen      total 82944K, used 22369K [0x000000076ab00000, 0x0000000771700000, 0x00000007c0000000)
  eden space 58368K, 0% used [0x000000076ab00000,0x000000076ab00000,0x000000076e400000)
  from space 24576K, 91% used [0x000000076e500000,0x000000076fad85a0,0x000000076fd00000)
  to   space 26112K, 0% used [0x000000076fd80000,0x000000076fd80000,0x0000000771700000)
 ParOldGen       total 147456K, used 46075K [0x00000006c0000000, 0x00000006c9000000, 0x000000076ab00000)
  object space 147456K, 31% used [0x00000006c0000000,0x00000006c2cfef28,0x00000006c9000000)
 Metaspace       used 21349K, capacity 21551K, committed 21808K, reserved 1069056K
  class space    used 2077K, capacity 2146K, committed 2176K, reserved 1048576K
}
Event: 83.605 GC heap before
{Heap before GC invocations=13 (full 1):
 PSYoungGen      total 82944K, used 80737K [0x000000076ab00000, 0x0000000771700000, 0x00000007c0000000)
  eden space 58368K, 100% used [0x000000076ab00000,0x000000076e400000,0x000000076e400000)
  from space 24576K, 91% used [0x000000076e500000,0x000000076fad85a0,0x000000076fd00000)
  to   space 26112K, 0% used [0x000000076fd80000,0x000000076fd80000,0x0000000771700000)
 ParOldGen       total 147456K, used 46075K [0x00000006c0000000, 0x00000006c9000000, 0x000000076ab00000)
  object space 147456K, 31% used [0x00000006c0000000,0x00000006c2cfef28,0x00000006c9000000)
 Metaspace       used 21376K, capacity 21551K, committed 21808K, reserved 1069056K
  class space    used 2077K, capacity 2146K, committed 2176K, reserved 1048576K
Event: 83.613 GC heap after
Heap after GC invocations=13 (full 1):
 PSYoungGen      total 82432K, used 25985K [0x000000076ab00000, 0x0000000771a00000, 0x00000007c0000000)
  eden space 56320K, 0% used [0x000000076ab00000,0x000000076ab00000,0x000000076e200000)
  from space 26112K, 99% used [0x000000076fd80000,0x00000007716e0680,0x0000000771700000)
  to   space 28160K, 0% used [0x000000076e200000,0x000000076e200000,0x000000076fd80000)
 ParOldGen       total 147456K, used 46851K [0x00000006c0000000, 0x00000006c9000000, 0x000000076ab00000)
  object space 147456K, 31% used [0x00000006c0000000,0x00000006c2dc0f58,0x00000006c9000000)
 Metaspace       used 21376K, capacity 21551K, committed 21808K, reserved 1069056K
  class space    used 2077K, capacity 2146K, committed 2176K, reserved 1048576K
}
Event: 86.352 GC heap before
{Heap before GC invocations=14 (full 1):
 PSYoungGen      total 82432K, used 82305K [0x000000076ab00000, 0x0000000771a00000, 0x00000007c0000000)
  eden space 56320K, 100% used [0x000000076ab00000,0x000000076e200000,0x000000076e200000)
  from space 26112K, 99% used [0x000000076fd80000,0x00000007716e0680,0x0000000771700000)
  to   space 28160K, 0% used [0x000000076e200000,0x000000076e200000,0x000000076fd80000)
 ParOldGen       total 147456K, used 46851K [0x00000006c0000000, 0x00000006c9000000, 0x000000076ab00000)
  object space 147456K, 31% used [0x00000006c0000000,0x00000006c2dc0f58,0x00000006c9000000)
 Metaspace       used 21409K, capacity 21551K, committed 21808K, reserved 1069056K
  class space    used 2077K, capacity 2146K, committed 2176K, reserved 1048576K
Event: 86.358 GC heap after
Heap after GC invocations=14 (full 1):
 PSYoungGen      total 83456K, used 27937K [0x000000076ab00000, 0x0000000771d00000, 0x00000007c0000000)
  eden space 55296K, 0% used [0x000000076ab00000,0x000000076ab00000,0x000000076e100000)
  from space 28160K, 99% used [0x000000076e200000,0x000000076fd48710,0x000000076fd80000)
  to   space 30720K, 0% used [0x000000076ff00000,0x000000076ff00000,0x0000000771d00000)
 ParOldGen       total 147456K, used 49419K [0x00000006c0000000, 0x00000006c9000000, 0x000000076ab00000)
  object space 147456K, 33% used [0x00000006c0000000,0x00000006c3042ff8,0x00000006c9000000)
 Metaspace       used 21409K, capacity 21551K, committed 21808K, reserved 1069056K
  class space    used 2077K, capacity 2146K, committed 2176K, reserved 1048576K
}
Event: 90.699 GC heap before
{Heap before GC invocations=15 (full 1):
 PSYoungGen      total 83456K, used 83233K [0x000000076ab00000, 0x0000000771d00000, 0x00000007c0000000)
  eden space 55296K, 100% used [0x000000076ab00000,0x000000076e100000,0x000000076e100000)
  from space 28160K, 99% used [0x000000076e200000,0x000000076fd48710,0x000000076fd80000)
  to   space 30720K, 0% used [0x000000076ff00000,0x000000076ff00000,0x0000000771d00000)
 ParOldGen       total 147456K, used 49419K [0x00000006c0000000, 0x00000006c9000000, 0x000000076ab00000)
  object space 147456K, 33% used [0x00000006c0000000,0x00000006c3042ff8,0x00000006c9000000)
 Metaspace       used 21495K, capacity 21743K, committed 22064K, reserved 1069056K
  class space    used 2081K, capacity 2146K, committed 2176K, reserved 1048576K
Event: 90.707 GC heap after
Heap after GC invocations=15 (full 1):
 PSYoungGen      total 82432K, used 30689K [0x000000076ab00000, 0x0000000772300000, 0x00000007c0000000)
  eden space 51712K, 0% used [0x000000076ab00000,0x000000076ab00000,0x000000076dd80000)
  from space 30720K, 99% used [0x000000076ff00000,0x0000000771cf8770,0x0000000771d00000)
  to   space 34304K, 0% used [0x000000076dd80000,0x000000076dd80000,0x000000076ff00000)
 ParOldGen       total 147456K, used 51516K [0x00000006c0000000, 0x00000006c9000000, 0x000000076ab00000)
  object space 147456K, 34% used [0x00000006c0000000,0x00000006c324f078,0x00000006c9000000)
 Metaspace       used 21495K, capacity 21743K, committed 22064K, reserved 1069056K
  class space    used 2081K, capacity 2146K, committed 2176K, reserved 1048576K
}

Deoptimization events (10 events):
Event: 93.601 Thread 0x00007fa94d899800 Uncommon trap: reason=class_check action=maybe_recompile pc=0x000000010cb06648 method=java.awt.event.InvocationEvent.dispatch()V @ 47
Event: 93.601 Thread 0x00007fa94d899800 Uncommon trap: reason=class_check action=maybe_recompile pc=0x000000010cb47270 method=java.awt.Component.getGraphics()Ljava/awt/Graphics; @ 114
Event: 93.602 Thread 0x00007fa94e8d9800 Uncommon trap: reason=class_check action=maybe_recompile pc=0x000000010c7e5400 method=com.jogamp.common.util.RunnableTask.run()V @ 24
Event: 93.603 Thread 0x00007fa94e8d9800 Uncommon trap: reason=unstable_if action=reinterpret pc=0x000000010c527734 method=jogamp.nativewindow.macosx.OSXUtil.RunOnMainThread(ZLjava/lang/Runnable;)V @ 3
Event: 93.608 Thread 0x00007fa94c249000 Uncommon trap: reason=unstable_if action=reinterpret pc=0x000000010cb71118 method=jogamp.opengl.GLContextImpl.release(Z)V @ 257
Event: 93.609 Thread 0x00007fa94c249000 Uncommon trap: reason=unstable_if action=reinterpret pc=0x000000010ca84e58 method=java.util.LinkedList$ListItr.<init>(Ljava/util/LinkedList;I)V @ 26
Event: 93.610 Thread 0x00007fa94c249000 Uncommon trap: reason=unstable_if action=reinterpret pc=0x000000010c5149e4 method=java.security.AccessControlContext.optimize()Ljava/security/AccessControlContext; @ 233
Event: 93.612 Thread 0x00007fa94d899800 Uncommon trap: reason=class_check action=maybe_recompile pc=0x000000010cb06648 method=java.awt.event.InvocationEvent.dispatch()V @ 47
Event: 93.612 Thread 0x00007fa94d899800 Uncommon trap: reason=class_check action=maybe_recompile pc=0x000000010cb47270 method=java.awt.Component.getGraphics()Ljava/awt/Graphics; @ 114
Event: 93.642 Thread 0x00007fa94e8d9800 Uncommon trap: reason=class_check action=maybe_recompile pc=0x000000010c7e5400 method=com.jogamp.common.util.RunnableTask.run()V @ 24

Internal exceptions (10 events):
Event: 1.382 Thread 0x00007fa94c253000 Exception <a 'java/lang/UnsatisfiedLinkError': com.jogamp.common.util.JarUtil.fixNativeLibAttribs(Ljava/lang/String;)Z> (0x000000076c775718) thrown at [/Users/java_re/workspace/8-2-build-macosx-x86_64/jdk8u91/6644/hotspot/src/share/vm/prims/nativeLookup.c
Event: 2.054 Thread 0x00007fa94c249000 Exception <a 'java/io/FileNotFoundException'> (0x000000076d7f1168) thrown at [/Users/java_re/workspace/8-2-build-macosx-x86_64/jdk8u91/6644/hotspot/src/share/vm/prims/jni.cpp, line 709]
Event: 2.054 Thread 0x00007fa94c249000 Exception <a 'java/io/FileNotFoundException'> (0x000000076d7f72d8) thrown at [/Users/java_re/workspace/8-2-build-macosx-x86_64/jdk8u91/6644/hotspot/src/share/vm/prims/jni.cpp, line 709]
Event: 2.054 Thread 0x00007fa94c249000 Implicit null exception at 0x000000010c33c375 to 0x000000010c33c6d9
Event: 2.835 Thread 0x00007fa94c062800 Exception <a 'java/lang/NullPointerException'> (0x000000076ae5a4a8) thrown at [/Users/java_re/workspace/8-2-build-macosx-x86_64/jdk8u91/6644/hotspot/src/share/vm/interpreter/linkResolver.cpp, line 1178]
Event: 78.984 Thread 0x00007fa94c249000 Implicit null exception at 0x000000010c822db7 to 0x000000010c822f3d
Event: 78.993 Thread 0x00007fa94c249000 Implicit null exception at 0x000000010c9ad42f to 0x000000010c9adcc9
Event: 78.993 Thread 0x00007fa94c249000 Implicit null exception at 0x000000010c8df8ee to 0x000000010c8e06d9
Event: 79.803 Thread 0x00007fa94c249000 Implicit null exception at 0x000000010c8de16d to 0x000000010c8de8b5
Event: 83.741 Thread 0x00007fa94c249000 Implicit null exception at 0x000000010c8d0e93 to 0x000000010c8d0fc1

Events (10 events):
Event: 93.612 loading class java/awt/Window$1DisposeAction
Event: 93.612 Thread 0x00007fa94d899800 DEOPT PACKING pc=0x000000010cb06648 sp=0x0000700001e7af00
Event: 93.612 Thread 0x00007fa94d899800 DEOPT UNPACKING pc=0x000000010c199229 sp=0x0000700001e7af20 mode 2
Event: 93.612 loading class java/awt/Window$1DisposeAction done
Event: 93.612 Thread 0x00007fa94d899800 Uncommon trap: trap_request=0xffffffde fr.pc=0x000000010cb47270
Event: 93.612 Thread 0x00007fa94d899800 DEOPT PACKING pc=0x000000010cb47270 sp=0x0000700001e7aca0
Event: 93.612 Thread 0x00007fa94d899800 DEOPT UNPACKING pc=0x000000010c199229 sp=0x0000700001e7acb0 mode 2
Event: 93.642 Thread 0x00007fa94e8d9800 Uncommon trap: trap_request=0xffffffde fr.pc=0x000000010c7e5400
Event: 93.642 Thread 0x00007fa94e8d9800 DEOPT PACKING pc=0x000000010c7e5400 sp=0x00007fff55e0f5d0
Event: 93.642 Thread 0x00007fa94e8d9800 DEOPT UNPACKING pc=0x000000010c199229 sp=0x00007fff55e0f578 mode 2


Dynamic libraries:
0x000000000aa12000 	/System/Library/Frameworks/Cocoa.framework/Versions/A/Cocoa
0x000000000aa12000 	/System/Library/Frameworks/Security.framework/Versions/A/Security
0x000000000aa12000 	/System/Library/Frameworks/ApplicationServices.framework/Versions/A/ApplicationServices
0x000000000aa12000 	/usr/lib/libz.1.dylib
0x000000000aa12000 	/usr/lib/libSystem.B.dylib
0x000000000aa12000 	/usr/lib/libobjc.A.dylib
0x000000000aa12000 	/System/Library/Frameworks/CoreFoundation.framework/Versions/A/CoreFoundation
0x000000000aa12000 	/System/Library/Frameworks/Foundation.framework/Versions/C/Foundation
0x000000000aa12000 	/System/Library/Frameworks/AppKit.framework/Versions/C/AppKit
0x000000000aa12000 	/System/Library/Frameworks/CoreData.framework/Versions/A/CoreData
0x000000000aa12000 	/System/Library/PrivateFrameworks/RemoteViewServices.framework/Versions/A/RemoteViewServices
0x000000000aa12000 	/System/Library/PrivateFrameworks/UIFoundation.framework/Versions/A/UIFoundation
0x000000000aa12000 	/usr/lib/libScreenReader.dylib
0x000000000aa12000 	/System/Library/Frameworks/Accelerate.framework/Versions/A/Accelerate
0x000000000aa12000 	/System/Library/Frameworks/IOSurface.framework/Versions/A/IOSurface
0x000000000aa12000 	/System/Library/Frameworks/AudioToolbox.framework/Versions/A/AudioToolbox
0x000000000aa12000 	/System/Library/Frameworks/AudioUnit.framework/Versions/A/AudioUnit
0x000000000aa12000 	/System/Library/PrivateFrameworks/DataDetectorsCore.framework/Versions/A/DataDetectorsCore
0x000000000aa12000 	/System/Library/PrivateFrameworks/DesktopServicesPriv.framework/Versions/A/DesktopServicesPriv
0x000000000aa12000 	/System/Library/Frameworks/Carbon.framework/Versions/A/Frameworks/HIToolbox.framework/Versions/A/HIToolbox
0x000000000aa12000 	/System/Library/Frameworks/QuartzCore.framework/Versions/A/QuartzCore
0x000000000aa12000 	/System/Library/Frameworks/Carbon.framework/Versions/A/Frameworks/SpeechRecognition.framework/Versions/A/SpeechRecognition
0x000000000aa12000 	/usr/lib/libauto.dylib
0x000000000aa12000 	/usr/lib/libicucore.A.dylib
0x000000000aa12000 	/usr/lib/libxml2.2.dylib
0x000000000aa12000 	/System/Library/PrivateFrameworks/CoreUI.framework/Versions/A/CoreUI
0x000000000aa12000 	/System/Library/Frameworks/CoreAudio.framework/Versions/A/CoreAudio
0x000000000aa12000 	/System/Library/Frameworks/DiskArbitration.framework/Versions/A/DiskArbitration
0x000000000aa12000 	/usr/lib/liblangid.dylib
0x000000000aa12000 	/System/Library/PrivateFrameworks/MultitouchSupport.framework/Versions/A/MultitouchSupport
0x000000000aa12000 	/System/Library/Frameworks/IOKit.framework/Versions/A/IOKit
0x000000000aa12000 	/usr/lib/libDiagnosticMessagesClient.dylib
0x000000000aa12000 	/System/Library/Frameworks/CoreServices.framework/Versions/A/CoreServices
0x000000000aa12000 	/System/Library/PrivateFrameworks/PerformanceAnalysis.framework/Versions/A/PerformanceAnalysis
0x000000000aa12000 	/System/Library/PrivateFrameworks/GenerationalStorage.framework/Versions/A/GenerationalStorage
0x000000000aa12000 	/System/Library/Frameworks/OpenGL.framework/Versions/A/OpenGL
0x000000000aa12000 	/System/Library/PrivateFrameworks/Sharing.framework/Versions/A/Sharing
0x000000000aa12000 	/System/Library/Frameworks/CoreGraphics.framework/Versions/A/CoreGraphics
0x000000000aa12000 	/System/Library/Frameworks/CoreImage.framework/Versions/A/CoreImage
0x000000000aa12000 	/System/Library/Frameworks/CoreText.framework/Versions/A/CoreText
0x000000000aa12000 	/System/Library/Frameworks/ImageIO.framework/Versions/A/ImageIO
0x000000000aa12000 	/System/Library/PrivateFrameworks/Backup.framework/Versions/A/Backup
0x000000000aa12000 	/usr/lib/libextension.dylib
0x000000000aa12000 	/usr/lib/libarchive.2.dylib
0x000000000aa12000 	/System/Library/Frameworks/CFNetwork.framework/Versions/A/CFNetwork
0x000000000aa12000 	/System/Library/Frameworks/SystemConfiguration.framework/Versions/A/SystemConfiguration
0x000000000aa12000 	/usr/lib/libCRFSuite.dylib
0x000000000aa12000 	/usr/lib/libc++.1.dylib
0x000000000aa12000 	/usr/lib/libc++abi.dylib
0x000000000aa12000 	/usr/lib/system/libcache.dylib
0x000000000aa12000 	/usr/lib/system/libcommonCrypto.dylib
0x000000000aa12000 	/usr/lib/system/libcompiler_rt.dylib
0x000000000aa12000 	/usr/lib/system/libcopyfile.dylib
0x000000000aa12000 	/usr/lib/system/libcorecrypto.dylib
0x000000000aa12000 	/usr/lib/system/libdispatch.dylib
0x000000000aa12000 	/usr/lib/system/libdyld.dylib
0x000000000aa12000 	/usr/lib/system/libkeymgr.dylib
0x000000000aa12000 	/usr/lib/system/liblaunch.dylib
0x000000000aa12000 	/usr/lib/system/libmacho.dylib
0x000000000aa12000 	/usr/lib/system/libquarantine.dylib
0x000000000aa12000 	/usr/lib/system/libremovefile.dylib
0x000000000aa12000 	/usr/lib/system/libsystem_asl.dylib
0x000000000aa12000 	/usr/lib/system/libsystem_blocks.dylib
0x000000000aa12000 	/usr/lib/system/libsystem_c.dylib
0x000000000aa12000 	/usr/lib/system/libsystem_configuration.dylib
0x000000000aa12000 	/usr/lib/system/libsystem_coreservices.dylib
0x000000000aa12000 	/usr/lib/system/libsystem_coretls.dylib
0x000000000aa12000 	/usr/lib/system/libsystem_dnssd.dylib
0x000000000aa12000 	/usr/lib/system/libsystem_info.dylib
0x000000000aa12000 	/usr/lib/system/libsystem_kernel.dylib
0x000000000aa12000 	/usr/lib/system/libsystem_m.dylib
0x000000000aa12000 	/usr/lib/system/libsystem_malloc.dylib
0x000000000aa12000 	/usr/lib/system/libsystem_network.dylib
0x000000000aa12000 	/usr/lib/system/libsystem_networkextension.dylib
0x000000000aa12000 	/usr/lib/system/libsystem_notify.dylib
0x000000000aa12000 	/usr/lib/system/libsystem_platform.dylib
0x000000000aa12000 	/usr/lib/system/libsystem_pthread.dylib
0x000000000aa12000 	/usr/lib/system/libsystem_sandbox.dylib
0x000000000aa12000 	/usr/lib/system/libsystem_secinit.dylib
0x000000000aa12000 	/usr/lib/system/libsystem_trace.dylib
0x000000000aa12000 	/usr/lib/system/libunc.dylib
0x000000000aa12000 	/usr/lib/system/libunwind.dylib
0x000000000aa12000 	/usr/lib/system/libxpc.dylib
0x000000000aa12000 	/usr/lib/libenergytrace.dylib
0x000000000aa12000 	/usr/lib/libbsm.0.dylib
0x000000000aa12000 	/usr/lib/system/libkxld.dylib
0x000000000aa12000 	/usr/lib/libxar.1.dylib
0x000000000aa12000 	/usr/lib/libsqlite3.dylib
0x000000000aa12000 	/usr/lib/libpam.2.dylib
0x000000000aa12000 	/usr/lib/libOpenScriptingUtil.dylib
0x000000000aa12000 	/usr/lib/libbz2.1.0.dylib
0x000000000aa12000 	/usr/lib/liblzma.5.dylib
0x000000000aa12000 	/System/Library/Frameworks/CoreServices.framework/Versions/A/Frameworks/FSEvents.framework/Versions/A/FSEvents
0x000000000aa12000 	/System/Library/Frameworks/CoreServices.framework/Versions/A/Frameworks/CarbonCore.framework/Versions/A/CarbonCore
0x000000000aa12000 	/System/Library/Frameworks/CoreServices.framework/Versions/A/Frameworks/Metadata.framework/Versions/A/Metadata
0x000000000aa12000 	/System/Library/Frameworks/CoreServices.framework/Versions/A/Frameworks/OSServices.framework/Versions/A/OSServices
0x000000000aa12000 	/System/Library/Frameworks/CoreServices.framework/Versions/A/Frameworks/SearchKit.framework/Versions/A/SearchKit
0x000000000aa12000 	/System/Library/Frameworks/CoreServices.framework/Versions/A/Frameworks/AE.framework/Versions/A/AE
0x000000000aa12000 	/System/Library/Frameworks/CoreServices.framework/Versions/A/Frameworks/LaunchServices.framework/Versions/A/LaunchServices
0x000000000aa12000 	/System/Library/Frameworks/CoreServices.framework/Versions/A/Frameworks/DictionaryServices.framework/Versions/A/DictionaryServices
0x000000000aa12000 	/System/Library/Frameworks/CoreServices.framework/Versions/A/Frameworks/SharedFileList.framework/Versions/A/SharedFileList
0x000000000aa12000 	/System/Library/Frameworks/NetFS.framework/Versions/A/NetFS
0x000000000aa12000 	/System/Library/PrivateFrameworks/NetAuth.framework/Versions/A/NetAuth
0x000000000aa12000 	/System/Library/PrivateFrameworks/login.framework/Versions/A/Frameworks/loginsupport.framework/Versions/A/loginsupport
0x000000000aa12000 	/System/Library/PrivateFrameworks/TCC.framework/Versions/A/TCC
0x000000000aa12000 	/usr/lib/libmecabra.dylib
0x000000000aa12000 	/System/Library/Frameworks/ApplicationServices.framework/Versions/A/Frameworks/ATS.framework/Versions/A/ATS
0x000000000aa12000 	/System/Library/Frameworks/ApplicationServices.framework/Versions/A/Frameworks/ColorSync.framework/Versions/A/ColorSync
0x000000000aa12000 	/System/Library/Frameworks/ApplicationServices.framework/Versions/A/Frameworks/HIServices.framework/Versions/A/HIServices
0x000000000aa12000 	/System/Library/Frameworks/ApplicationServices.framework/Versions/A/Frameworks/LangAnalysis.framework/Versions/A/LangAnalysis
0x000000000aa12000 	/System/Library/Frameworks/ApplicationServices.framework/Versions/A/Frameworks/PrintCore.framework/Versions/A/PrintCore
0x000000000aa12000 	/System/Library/Frameworks/ApplicationServices.framework/Versions/A/Frameworks/QD.framework/Versions/A/QD
0x000000000aa12000 	/System/Library/Frameworks/ApplicationServices.framework/Versions/A/Frameworks/SpeechSynthesis.framework/Versions/A/SpeechSynthesis
0x000000000aa12000 	/System/Library/Frameworks/Metal.framework/Versions/A/Metal
0x000000000aa12000 	/System/Library/Frameworks/Accelerate.framework/Versions/A/Frameworks/vImage.framework/Versions/A/vImage
0x000000000aa12000 	/System/Library/Frameworks/Accelerate.framework/Versions/A/Frameworks/vecLib.framework/Versions/A/vecLib
0x000000000aa12000 	/System/Library/Frameworks/Accelerate.framework/Versions/A/Frameworks/vecLib.framework/Versions/A/libvDSP.dylib
0x000000000aa12000 	/System/Library/Frameworks/Accelerate.framework/Versions/A/Frameworks/vecLib.framework/Versions/A/libvMisc.dylib
0x000000000aa12000 	/System/Library/Frameworks/Accelerate.framework/Versions/A/Frameworks/vecLib.framework/Versions/A/libLAPACK.dylib
0x000000000aa12000 	/System/Library/Frameworks/Accelerate.framework/Versions/A/Frameworks/vecLib.framework/Versions/A/libBLAS.dylib
0x000000000aa12000 	/System/Library/Frameworks/Accelerate.framework/Versions/A/Frameworks/vecLib.framework/Versions/A/libLinearAlgebra.dylib
0x000000000aa12000 	/System/Library/Frameworks/Accelerate.framework/Versions/A/Frameworks/vecLib.framework/Versions/A/libSparseBLAS.dylib
0x000000000aa12000 	/System/Library/PrivateFrameworks/GPUCompiler.framework/libmetal_timestamp.dylib
0x000000000aa12000 	/System/Library/Frameworks/OpenGL.framework/Versions/A/Libraries/libCoreFSCache.dylib
0x000000000aa12000 	/System/Library/PrivateFrameworks/IOAccelerator.framework/Versions/A/IOAccelerator
0x000000000aa12000 	/System/Library/Frameworks/ApplicationServices.framework/Versions/A/Frameworks/ATS.framework/Versions/A/Resources/libFontParser.dylib
0x000000000aa12000 	/System/Library/Frameworks/ApplicationServices.framework/Versions/A/Frameworks/ATS.framework/Versions/A/Resources/libFontRegistry.dylib
0x000000000aa12000 	/System/Library/PrivateFrameworks/AppleVPA.framework/Versions/A/AppleVPA
0x000000000aa12000 	/System/Library/PrivateFrameworks/AppleJPEG.framework/Versions/A/AppleJPEG
0x000000000aa12000 	/System/Library/Frameworks/ImageIO.framework/Versions/A/Resources/libJPEG.dylib
0x000000000aa12000 	/System/Library/Frameworks/ImageIO.framework/Versions/A/Resources/libTIFF.dylib
0x000000000aa12000 	/System/Library/Frameworks/ImageIO.framework/Versions/A/Resources/libPng.dylib
0x000000000aa12000 	/System/Library/Frameworks/ImageIO.framework/Versions/A/Resources/libGIF.dylib
0x000000000aa12000 	/System/Library/Frameworks/ImageIO.framework/Versions/A/Resources/libJP2.dylib
0x000000000aa12000 	/System/Library/Frameworks/ImageIO.framework/Versions/A/Resources/libRadiance.dylib
0x000000000aa12000 	/System/Library/Frameworks/CoreVideo.framework/Versions/A/CoreVideo
0x000000000aa12000 	/System/Library/Frameworks/OpenGL.framework/Versions/A/Libraries/libGLU.dylib
0x000000000aa12000 	/System/Library/Frameworks/OpenGL.framework/Versions/A/Libraries/libGFXShared.dylib
0x000000000aa12000 	/System/Library/Frameworks/OpenGL.framework/Versions/A/Libraries/libGL.dylib
0x000000000aa12000 	/System/Library/Frameworks/OpenGL.framework/Versions/A/Libraries/libGLImage.dylib
0x000000000aa12000 	/System/Library/Frameworks/OpenGL.framework/Versions/A/Libraries/libCVMSPluginSupport.dylib
0x000000000aa12000 	/System/Library/Frameworks/OpenGL.framework/Versions/A/Libraries/libCoreVMClient.dylib
0x000000000aa12000 	/usr/lib/libcups.2.dylib
0x000000000aa12000 	/System/Library/Frameworks/Kerberos.framework/Versions/A/Kerberos
0x000000000aa12000 	/System/Library/Frameworks/GSS.framework/Versions/A/GSS
0x000000000aa12000 	/usr/lib/libresolv.9.dylib
0x000000000aa12000 	/usr/lib/libiconv.2.dylib
0x000000000aa12000 	/System/Library/PrivateFrameworks/Heimdal.framework/Versions/A/Heimdal
0x000000000aa12000 	/usr/lib/libheimdal-asn1.dylib
0x000000000aa12000 	/System/Library/Frameworks/OpenDirectory.framework/Versions/A/OpenDirectory
0x000000000aa12000 	/System/Library/PrivateFrameworks/CommonAuth.framework/Versions/A/CommonAuth
0x000000000aa12000 	/System/Library/Frameworks/OpenDirectory.framework/Versions/A/Frameworks/CFOpenDirectory.framework/Versions/A/CFOpenDirectory
0x000000000aa12000 	/System/Library/Frameworks/SecurityFoundation.framework/Versions/A/SecurityFoundation
0x000000000aa12000 	/System/Library/PrivateFrameworks/LanguageModeling.framework/Versions/A/LanguageModeling
0x000000000aa12000 	/usr/lib/libmarisa.dylib
0x000000000aa12000 	/usr/lib/libChineseTokenizer.dylib
0x000000000aa12000 	/usr/lib/libcmph.dylib
0x000000000aa12000 	/usr/lib/libcompression.dylib
0x000000000aa12000 	/System/Library/Frameworks/ServiceManagement.framework/Versions/A/ServiceManagement
0x000000000aa12000 	/usr/lib/libxslt.1.dylib
0x000000000aa12000 	/System/Library/Frameworks/Carbon.framework/Versions/A/Frameworks/Ink.framework/Versions/A/Ink
0x000000000aa12000 	/usr/lib/libFosl_dynamic.dylib
0x000000000aa12000 	/System/Library/PrivateFrameworks/FaceCore.framework/Versions/A/FaceCore
0x000000000aa12000 	/System/Library/Frameworks/OpenCL.framework/Versions/A/OpenCL
0x000000000aa12000 	/System/Library/PrivateFrameworks/CrashReporterSupport.framework/Versions/A/CrashReporterSupport
0x000000000aa12000 	/System/Library/PrivateFrameworks/IconServices.framework/Versions/A/IconServices
0x000000000aa12000 	/System/Library/PrivateFrameworks/Apple80211.framework/Versions/A/Apple80211
0x000000000aa12000 	/System/Library/Frameworks/CoreWLAN.framework/Versions/A/CoreWLAN
0x000000000aa12000 	/System/Library/Frameworks/IOBluetooth.framework/Versions/A/IOBluetooth
0x000000000aa12000 	/System/Library/PrivateFrameworks/CoreWiFi.framework/Versions/A/CoreWiFi
0x000000000aa12000 	/System/Library/Frameworks/CoreBluetooth.framework/Versions/A/CoreBluetooth
0x000000000aa12000 	/System/Library/PrivateFrameworks/ChunkingLibrary.framework/Versions/A/ChunkingLibrary
0x000000000aa12000 	/System/Library/PrivateFrameworks/DebugSymbols.framework/Versions/A/DebugSymbols
0x000000000aa12000 	/System/Library/PrivateFrameworks/CoreSymbolication.framework/Versions/A/CoreSymbolication
0x000000000aa12000 	/System/Library/PrivateFrameworks/Symbolication.framework/Versions/A/Symbolication
0x000000000aa12000 	/System/Library/PrivateFrameworks/SpeechRecognitionCore.framework/Versions/A/SpeechRecognitionCore
0x000000010b200000 	/Library/Java/JavaVirtualMachines/jdk1.8.0_91.jdk/Contents/Home/jre/lib/server/libjvm.dylib
0x000000000aa12000 	/usr/lib/libstdc++.6.dylib
0x000000010a06c000 	/Library/Java/JavaVirtualMachines/jdk1.8.0_91.jdk/Contents/Home/jre/lib/libverify.dylib
0x000000010a07a000 	/Library/Java/JavaVirtualMachines/jdk1.8.0_91.jdk/Contents/Home/jre/lib/libjava.dylib
0x000000010a0b9000 	/Library/Java/JavaVirtualMachines/jdk1.8.0_91.jdk/Contents/Home/jre/lib/libzip.dylib
0x0000000127125000 	/System/Library/Frameworks/JavaVM.framework/Frameworks/JavaRuntimeSupport.framework/JavaRuntimeSupport
0x000000010a1e7000 	/System/Library/Frameworks/JavaVM.framework/Versions/A/Frameworks/JavaNativeFoundation.framework/Versions/A/JavaNativeFoundation
0x0000000127140000 	/System/Library/Frameworks/JavaVM.framework/Versions/A/JavaVM
0x000000000aa12000 	/System/Library/Frameworks/Carbon.framework/Versions/A/Carbon
0x000000012714d000 	/System/Library/PrivateFrameworks/JavaLaunching.framework/Versions/A/JavaLaunching
0x000000000aa12000 	/System/Library/Frameworks/Carbon.framework/Versions/A/Frameworks/CommonPanels.framework/Versions/A/CommonPanels
0x000000000aa12000 	/System/Library/Frameworks/Carbon.framework/Versions/A/Frameworks/Help.framework/Versions/A/Help
0x000000000aa12000 	/System/Library/Frameworks/Carbon.framework/Versions/A/Frameworks/ImageCapture.framework/Versions/A/ImageCapture
0x000000000aa12000 	/System/Library/Frameworks/Carbon.framework/Versions/A/Frameworks/OpenScripting.framework/Versions/A/OpenScripting
0x000000000aa12000 	/System/Library/Frameworks/Carbon.framework/Versions/A/Frameworks/Print.framework/Versions/A/Print
0x000000000aa12000 	/System/Library/Frameworks/Carbon.framework/Versions/A/Frameworks/SecurityHI.framework/Versions/A/SecurityHI
0x0000000128a6c000 	/Library/Java/JavaVirtualMachines/jdk1.8.0_91.jdk/Contents/Home/jre/lib/libawt.dylib
0x0000000128b14000 	/Library/Java/JavaVirtualMachines/jdk1.8.0_91.jdk/Contents/Home/jre/lib/./libmlib_image.dylib
0x0000000128be0000 	/Library/Java/JavaVirtualMachines/jdk1.8.0_91.jdk/Contents/Home/jre/lib/libawt_lwawt.dylib
0x0000000128c95000 	/Library/Java/JavaVirtualMachines/jdk1.8.0_91.jdk/Contents/Home/jre/lib/./libosxapp.dylib
0x000000000aa12000 	/System/Library/Frameworks/ExceptionHandling.framework/Versions/A/ExceptionHandling
0x000000000aa12000 	/System/Library/PrivateFrameworks/CoreServicesInternal.framework/Versions/A/CoreServicesInternal
0x000000000aa12000 	/System/Library/Frameworks/CoreGraphics.framework/Versions/A/Resources/libRIP.A.dylib
0x000000000aa12000 	/System/Library/Frameworks/Accelerate.framework/Versions/A/Frameworks/vImage.framework/Versions/A/Libraries/libCGInterfaces.dylib
0x000000000aa12000 	/System/Library/Frameworks/CoreGraphics.framework/Versions/A/Resources/libCGXType.A.dylib
0x000000000aa12000 	/System/Library/Frameworks/OpenCL.framework/Versions/A/Libraries/libcldcpuengine.dylib
0x000000000aa12000 	/System/Library/PrivateFrameworks/DiskImages.framework/Versions/A/DiskImages
0x000000000aa12000 	/System/Library/Frameworks/DiscRecording.framework/Versions/A/DiscRecording
0x000000000aa12000 	/usr/lib/libcsfde.dylib
0x000000000aa12000 	/usr/lib/libcurl.4.dylib
0x000000000aa12000 	/System/Library/PrivateFrameworks/MediaKit.framework/Versions/A/MediaKit
0x000000000aa12000 	/System/Library/PrivateFrameworks/ProtectedCloudStorage.framework/Versions/A/ProtectedCloudStorage
0x000000000aa12000 	/usr/lib/libCoreStorage.dylib
0x000000000aa12000 	/System/Library/PrivateFrameworks/EFILogin.framework/Versions/A/EFILogin
0x000000000aa12000 	/usr/lib/libutil.dylib
0x000000000aa12000 	/System/Library/PrivateFrameworks/FindMyDevice.framework/Versions/A/FindMyDevice
0x000000000aa12000 	/System/Library/Frameworks/LDAP.framework/Versions/A/LDAP
0x000000000aa12000 	/usr/lib/libsasl2.2.dylib
0x000000000aa12000 	/System/Library/PrivateFrameworks/CoreDaemon.framework/Versions/B/CoreDaemon
0x000000000aa12000 	/usr/lib/libcrypto.0.9.8.dylib
0x000000000aa12000 	/System/Library/PrivateFrameworks/AppleSRP.framework/Versions/A/AppleSRP
0x000000000aa12000 	/System/Library/PrivateFrameworks/TrustEvaluationAgent.framework/Versions/A/TrustEvaluationAgent
0x000000012a8fc000 	cl_kernels
0x000000000aa12000 	/System/Library/Frameworks/OpenCL.framework/Versions/A/Libraries/ImageFormats/unorm8_bgra.dylib
0x000000000aa12000 	/System/Library/Frameworks/OpenCL.framework/Versions/A/Libraries/ImageFormats/unorm8_rgba.dylib
0x000000000aa12000 	/System/Library/PrivateFrameworks/FamilyControls.framework/Versions/A/FamilyControls
0x000000000aa12000 	/System/Library/PrivateFrameworks/CommerceKit.framework/Versions/A/Frameworks/CommerceCore.framework/Versions/A/CommerceCore
0x000000000aa12000 	/System/Library/PrivateFrameworks/SystemAdministration.framework/Versions/A/SystemAdministration
0x000000000aa12000 	/System/Library/PrivateFrameworks/AppContainer.framework/Versions/A/AppContainer
0x000000000aa12000 	/System/Library/PrivateFrameworks/SecCodeWrapper.framework/Versions/A/SecCodeWrapper
0x000000000aa12000 	/System/Library/Frameworks/DirectoryService.framework/Versions/A/DirectoryService
0x000000000aa12000 	/System/Library/PrivateFrameworks/LoginUIKit.framework/Versions/A/Frameworks/LoginUICore.framework/Versions/A/LoginUICore
0x000000000aa12000 	/usr/lib/libodfde.dylib
0x000000000aa12000 	/System/Library/Frameworks/OpenGL.framework/Versions/A/Resources/GLEngine.bundle/GLEngine
0x000000000aa12000 	/System/Library/Frameworks/OpenGL.framework/Versions/A/Libraries/libGLProgrammability.dylib
0x000000012ba13000 	/System/Library/Extensions/AppleIntelHD5000GraphicsGLDriver.bundle/Contents/MacOS/AppleIntelHD5000GraphicsGLDriver
0x000000000aa12000 	/System/Library/PrivateFrameworks/GPUSupport.framework/Versions/A/Libraries/libGPUSupportMercury.dylib
0x000000000aa12000 	/System/Library/Frameworks/OpenGL.framework/Versions/A/Resources/GLRendererFloat.bundle/GLRendererFloat
0x000000012ca23000 	/Library/Java/JavaVirtualMachines/jdk1.8.0_91.jdk/Contents/Home/jre/lib/libfontmanager.dylib
0x000000012df6b000 	/Library/Java/JavaVirtualMachines/jdk1.8.0_91.jdk/Contents/Home/jre/lib/libosxui.dylib
0x000000012ec7c000 	/Library/Java/JavaVirtualMachines/jdk1.8.0_91.jdk/Contents/Home/jre/lib/libnet.dylib
0x000000012ec93000 	/Library/Java/JavaVirtualMachines/jdk1.8.0_91.jdk/Contents/Home/jre/lib/libnio.dylib
0x000000000aa12000 	/System/Library/Frameworks/ApplicationServices.framework/Versions/A/Frameworks/ATS.framework/Versions/A/Resources/libTrueTypeScaler.dylib
0x000000017fdee000 	/System/Library/Extensions/AppleIntelHD5000GraphicsMTLDriver.bundle/Contents/MacOS/AppleIntelHD5000GraphicsMTLDriver
0x0000000129ec9000 	/private/var/folders/lj/ts4xrlmj1tsc3mnwzl_88g000000gn/T/jogamp_0000/file_cache/jln8793517092363349030/jln4801519105048536419/libgluegen-rt.jnilib
0x0000000129ecd000 	/private/var/folders/lj/ts4xrlmj1tsc3mnwzl_88g000000gn/T/jogamp_0000/file_cache/jln8793517092363349030/jln4801519105048536419/libnativewindow_awt.jnilib
0x0000000129ed0000 	/Library/Java/JavaVirtualMachines/jdk1.8.0_91.jdk/Contents/Home/jre/lib/libjawt.dylib
0x000000017fcb5000 	/private/var/folders/lj/ts4xrlmj1tsc3mnwzl_88g000000gn/T/jogamp_0000/file_cache/jln8793517092363349030/jln4801519105048536419/libnativewindow_macosx.jnilib
0x00000001804d2000 	/private/var/folders/lj/ts4xrlmj1tsc3mnwzl_88g000000gn/T/jogamp_0000/file_cache/jln8793517092363349030/jln4801519105048536419/libjogl_desktop.jnilib
0x0000000189053000 	/Library/Java/JavaVirtualMachines/jdk1.8.0_91.jdk/Contents/Home/jre/lib/libjpeg.dylib

VM Arguments:
jvm_args: -Djava.library.path=/Library/Java/JavaVirtualMachines/jdk1.8.0_91.jdk/Contents/Home -Djava.security.policy=java.policy.applet -Dfile.encoding=UTF-8 
java_command: sun.applet.AppletViewer SimpleMapApp1469731512517.html
java_class_path (initial): /Users/rblowers/git/ice-crystal/ice-crystal/build:/Users/rblowers/git/ice-crystal/ice-crystal/lib/core.jar:/Users/rblowers/git/ice-crystal/ice-crystal/lib/gluegen-rt.jar:/Users/rblowers/git/ice-crystal/ice-crystal/lib/jogl-all.jar:/Users/rblowers/git/ice-crystal/ice-crystal/lib/log4j-1.2.15.jar:/Users/rblowers/git/ice-crystal/ice-crystal/lib/sqlite-jdbc-3.7.2.jar:/Users/rblowers/git/ice-crystal/ice-crystal/lib/json4processing.jar:/Users/rblowers/git/ice-crystal/ice-crystal/lib/libTUIO.jar:/Users/rblowers/git/ice-crystal/ice-crystal/lib/unfolding.0.9.6.jar:/Users/rblowers/git/ice-crystal/ice-crystal/lib/geonames-1.1.13.jar:/Users/rblowers/git/ice-crystal/ice-crystal/lib/jdom-1.0.jar
Launcher Type: SUN_STANDARD

Environment Variables:
PATH=/usr/bin:/bin:/usr/sbin:/sbin
SHELL=/bin/bash
DISPLAY=/private/tmp/com.apple.launchd.VRADdgyDcm/org.macosforge.xquartz:0

Signal Handlers:
SIGSEGV: [libjvm.dylib+0x5a97a1], sa_mask[0]=11111111011111110111111111111111, sa_flags=SA_ONSTACK|SA_RESTART|SA_SIGINFO
SIGBUS: [libjvm.dylib+0x5a97a1], sa_mask[0]=11111111011111110111111111111111, sa_flags=SA_RESTART|SA_SIGINFO
SIGFPE: [libjvm.dylib+0x482594], sa_mask[0]=11111111011111110111111111111111, sa_flags=SA_RESTART|SA_SIGINFO
SIGPIPE: [libjvm.dylib+0x482594], sa_mask[0]=11111111011111110111111111111111, sa_flags=SA_RESTART|SA_SIGINFO
SIGXFSZ: [libjvm.dylib+0x482594], sa_mask[0]=11111111011111110111111111111111, sa_flags=SA_RESTART|SA_SIGINFO
SIGILL: [libjvm.dylib+0x482594], sa_mask[0]=11111111011111110111111111111111, sa_flags=SA_RESTART|SA_SIGINFO
SIGUSR1: SIG_DFL, sa_mask[0]=00000000000000000000000000000000, sa_flags=none
SIGUSR2: [libjvm.dylib+0x4820b2], sa_mask[0]=00100000000000000000000000000000, sa_flags=SA_RESTART|SA_SIGINFO
SIGHUP: [libjvm.dylib+0x480689], sa_mask[0]=11111111011111110111111111111111, sa_flags=SA_RESTART|SA_SIGINFO
SIGINT: [libjvm.dylib+0x480689], sa_mask[0]=11111111011111110111111111111111, sa_flags=SA_RESTART|SA_SIGINFO
SIGTERM: [libjvm.dylib+0x480689], sa_mask[0]=11111111011111110111111111111111, sa_flags=SA_RESTART|SA_SIGINFO
SIGQUIT: [libjvm.dylib+0x480689], sa_mask[0]=11111111011111110111111111111111, sa_flags=SA_RESTART|SA_SIGINFO


---------------  S Y S T E M  ---------------

OS:Bsduname:Darwin 15.3.0 Darwin Kernel Version 15.3.0: Thu Dec 10 18:40:58 PST 2015; root:xnu-3248.30.4~1/RELEASE_X86_64 x86_64
rlimit: STACK 8192k, CORE 0k, NPROC 709, NOFILE 10240, AS infinity
load average:2.14 2.08 2.12

CPU:total 8 (4 cores per cpu, 2 threads per core) family 6 model 70 stepping 1, cmov, cx8, fxsr, mmx, sse, sse2, sse3, ssse3, sse4.1, sse4.2, popcnt, avx, avx2, aes, clmul, erms, lzcnt, ht, tsc, tscinvbit, bmi1, bmi2

Memory: 4k page, physical 16777216k(1017496k free)

/proc/meminfo:


vm_info: Java HotSpot(TM) 64-Bit Server VM (25.91-b14) for bsd-amd64 JRE (1.8.0_91-b14), built on Apr  1 2016 01:03:00 by "java_re" with gcc 4.2.1 (Based on Apple Inc. build 5658) (LLVM build 2336.11.00)

time: Thu Jul 28 14:46:46 2016
elapsed time: 93 seconds (0d 0h 1m 33s)

