#
# A fatal error has been detected by the Java Runtime Environment:
#
#  SIGSEGV (0xb) at pc=0x00007fffa408ab5d, pid=68719, tid=775
#
# JRE version: Java(TM) SE Runtime Environment (8.0_91-b14) (build 1.8.0_91-b14)
# Java VM: Java HotSpot(TM) 64-Bit Server VM (25.91-b14 mixed mode bsd-amd64 compressed oops)
# Problematic frame:
# C  [libobjc.A.dylib+0x6b5d]  objc_msgSend+0x1d
#
# Failed to write core dump. Core dumps have been disabled. To enable core dumping, try "ulimit -c unlimited" before starting Java again
#
# If you would like to submit a bug report, please visit:
#   http://bugreport.java.com/bugreport/crash.jsp
# The crash happened outside the Java Virtual Machine in native code.
# See problematic frame for where to report the bug.
#

---------------  T H R E A D  ---------------

Current thread (0x00007fc223146800):  JavaThread "AWT-AppKit" daemon [_thread_in_native, id=775, stack(0x00007fff5d90a000,0x00007fff5e10a000)]

siginfo: si_signo: 11 (SIGSEGV), si_code: 1 (SEGV_MAPERR), si_addr: 0x0000000000000018

Registers:
RAX=0x00007fc225793e10, RBX=0x00000001524fd3b0, RCX=0x00007fc225500610, RDX=0x0000000000000000
RSP=0x00007fff5e105348, RBP=0x00007fff5e105400, RSI=0x00007fff8db809af, RDI=0x00007fc2289aa930
R8 =0x0000000000000018, R9 =0x00007fc225500220, R10=0x0000000000000000, R11=0x00007fff8db809af
R12=0x0000000000000000, R13=0x00000001580cfbd0, R14=0x00000001524fd3a0, R15=0x00007fc223146800
RIP=0x00007fffa408ab5d, EFLAGS=0x0000000000010246, ERR=0x0000000000000004
  TRAPNO=0x000000000000000e

Top of Stack: (sp=0x00007fff5e105348)
0x00007fff5e105348:   00000001524fb5d7 00007fff5e1053a0
0x00007fff5e105358:   0000000000000003 00007fff5e105380
0x00007fff5e105368:   0000000102f0c4ea 00000001580cfbd0
0x00007fff5e105378:   00000001580cfbd0 00007fc225793e10
0x00007fff5e105388:   00000001524fd5c0 00000001524fd640
0x00007fff5e105398:   00000001524fd3b0 00007fffaa0eb6d0
0x00007fff5e1053a8:   00000001524fd5d0 00007fffaad59030
0x00007fff5e1053b8:   00007fc225793e10 00007fc2289aa930
0x00007fff5e1053c8:   00007fc221818360 00007fc225793e10
0x00007fff5e1053d8:   00007fc2289aa930 00007fff5e105480
0x00007fff5e1053e8:   00007fc2231469f8 00000001580cfbd0
0x00007fff5e1053f8:   00007fff5e1054a8 00007fff5e105470
0x00007fff5e105408:   0000000103cc59d4 00007fff5e105470
0x00007fff5e105418:   0000000103cc5759 0000000103cd1983
0x00007fff5e105428:   0000000103cc5722 00007fff5e105430
0x00007fff5e105438:   00000001580cfbd0 00007fff5e1054a8
0x00007fff5e105448:   00000001580d23c0 0000000000000000
0x00007fff5e105458:   00000001580cfbd0 0000000000000000
0x00007fff5e105468:   00007fff5e105490 00007fff5e1054f0
0x00007fff5e105478:   0000000103cb62bd 000000076ee2f5e0
0x00007fff5e105488:   0000000103cbf538 00007fc225793e10
0x00007fff5e105498:   0000000103cc0e39 00007fc2289aa930
0x00007fff5e1054a8:   0000000103cc0e02 00007fff5e1054b0
0x00007fff5e1054b8:   00000001580cfd9a 00007fff5e105518
0x00007fff5e1054c8:   00000001580d23c0 0000000000000000
0x00007fff5e1054d8:   00000001580cfda8 00007fff5e105490
0x00007fff5e1054e8:   00007fff5e105500 00007fff5e105560
0x00007fff5e1054f8:   0000000103cb62bd 00007fc225793e10
0x00007fff5e105508:   000000076ee25ac8 00007fc2289aa930
0x00007fff5e105518:   000000076ee25ac8 00007fff5e105520
0x00007fff5e105528:   000000015d5fd4ce 00007fff5e105570
0x00007fff5e105538:   000000015d5fd588 0000000000000000 

Instructions: (pc=0x00007fffa408ab5d)
0x00007fffa408ab3d:   0f 1f 00 48 85 ff 2e 74 62 40 f6 c7 01 2e 75 66
0x00007fffa408ab4d:   49 ba f8 ff ff ff ff 7f 00 00 4c 23 17 49 89 f3
0x00007fffa408ab5d:   45 23 5a 18 49 c1 e3 04 4d 03 5a 10 49 3b 33 75
0x00007fffa408ab6d:   04 41 ff 63 08 49 83 3b 01 76 0d 49 83 c3 10 49 

Register to memory mapping:

RAX=0x00007fc225793e10 is an unknown value
RBX=0x00000001524fd3b0: Java_jogamp_nativewindow_macosx_OSXUtil_GetScreenRefreshRate0+0x1850 in /private/var/folders/lj/ts4xrlmj1tsc3mnwzl_88g000000gn/T/jogamp_0000/file_cache/jln2128067635733900789/jln6540254157137778461/libnativewindow_macosx.jnilib at 0x00000001524f6000
RCX=0x00007fc225500610 is an unknown value
RDX=0x0000000000000000 is an unknown value
RSP=0x00007fff5e105348 is pointing into the stack for thread: 0x00007fc223146800
RBP=0x00007fff5e105400 is pointing into the stack for thread: 0x00007fc223146800
RSI=0x00007fff8db809af: __NSStyleNameIndexTable+0x7f720 in /System/Library/Frameworks/AppKit.framework/Versions/C/AppKit at 0x00007fff8cf19000
RDI=0x00007fc2289aa930 is an unknown value
R8 =0x0000000000000018 is an unknown value
R9 =0x00007fc225500220 is an unknown value
R10=0x0000000000000000 is an unknown value
R11=0x00007fff8db809af: __NSStyleNameIndexTable+0x7f720 in /System/Library/Frameworks/AppKit.framework/Versions/C/AppKit at 0x00007fff8cf19000
R12=0x0000000000000000 is an unknown value
R13={method} {0x00000001580cfbd0} 'UnsetJAWTRootSurfaceLayer0' '(JJ)V' in 'jogamp/nativewindow/jawt/macosx/MacOSXJAWTWindow'
R14=0x00000001524fd3a0: Java_jogamp_nativewindow_macosx_OSXUtil_GetScreenRefreshRate0+0x1840 in /private/var/folders/lj/ts4xrlmj1tsc3mnwzl_88g000000gn/T/jogamp_0000/file_cache/jln2128067635733900789/jln6540254157137778461/libnativewindow_macosx.jnilib at 0x00000001524f6000
R15=0x00007fc223146800 is a thread


Stack: [0x00007fff5d90a000,0x00007fff5e10a000],  sp=0x00007fff5e105348,  free space=8172k
Native frames: (J=compiled Java code, j=interpreted, Vv=VM code, C=native code)
C  [libobjc.A.dylib+0x6b5d]  objc_msgSend+0x1d
j  jogamp.nativewindow.jawt.macosx.MacOSXJAWTWindow.UnsetJAWTRootSurfaceLayer0(JJ)V+0
j  jogamp.nativewindow.jawt.macosx.MacOSXJAWTWindow.access$200(JJ)V+2
j  jogamp.nativewindow.jawt.macosx.MacOSXJAWTWindow$1.run()V+38
j  com.jogamp.common.util.RunnableTask.run()V+24
v  ~StubRoutines::call_stub
V  [libjvm.dylib+0x2ec1e6]
V  [libjvm.dylib+0x323355]
V  [libjvm.dylib+0x315b23]
C  [libnativewindow_macosx.jnilib+0x57ae]  Java_jogamp_nativewindow_jawt_macosx_MacOSXJAWTWindow_UnsetJAWTRootSurfaceLayer0+0x2be
C  [Foundation+0x7188a]  __NSThreadPerformPerform+0x146
C  [CoreFoundation+0xa7981]  __CFRUNLOOP_IS_CALLING_OUT_TO_A_SOURCE0_PERFORM_FUNCTION__+0x11
C  [CoreFoundation+0x88a7d]  __CFRunLoopDoSources0+0x22d
C  [CoreFoundation+0x87f76]  __CFRunLoopRun+0x3a6
C  [CoreFoundation+0x87974]  CFRunLoopRunSpecific+0x1a4
C  [HIToolbox+0x30a5c]  RunCurrentEventLoopInMode+0xf0
C  [HIToolbox+0x30799]  ReceiveNextEventCommon+0xb8
C  [HIToolbox+0x306c6]  _BlockUntilNextEventMatchingListInModeWithFilter+0x47
C  [AppKit+0x475b4]  _DPSNextEvent+0x460
C  [AppKit+0x7c1d6b]  -[NSApplication(NSEvent) _nextEventMatchingEventMask:untilDate:inMode:dequeue:]+0xae5
C  [libosxapp.dylib+0x23aa]  -[NSApplicationAWT nextEventMatchingMask:untilDate:inMode:dequeue:]+0x7c
C  [AppKit+0x3bf35]  -[NSApplication run]+0x39e
C  [libosxapp.dylib+0x214d]  +[NSApplicationAWT runAWTLoopWithApp:]+0x9c
C  [libawt_lwawt.dylib+0x4455b]  -[AWTStarter starter:]+0x389
C  [Foundation+0x7188a]  __NSThreadPerformPerform+0x146
C  [CoreFoundation+0xa7981]  __CFRUNLOOP_IS_CALLING_OUT_TO_A_SOURCE0_PERFORM_FUNCTION__+0x11
C  [CoreFoundation+0x88a7d]  __CFRunLoopDoSources0+0x22d
C  [CoreFoundation+0x87f76]  __CFRunLoopRun+0x3a6
C  [CoreFoundation+0x87974]  CFRunLoopRunSpecific+0x1a4
C  [java+0x6463]  CreateExecutionEnvironment+0x367
C  [java+0x21ac]  JLI_Launch+0x7a0
C  [java+0x84c0]  main+0x65
C  [java+0x1a04]  start+0x34
C  0x0000000000000008

Java frames: (J=compiled Java code, j=interpreted, Vv=VM code)
j  jogamp.nativewindow.jawt.macosx.MacOSXJAWTWindow.UnsetJAWTRootSurfaceLayer0(JJ)V+0
j  jogamp.nativewindow.jawt.macosx.MacOSXJAWTWindow.access$200(JJ)V+2
j  jogamp.nativewindow.jawt.macosx.MacOSXJAWTWindow$1.run()V+38
j  com.jogamp.common.util.RunnableTask.run()V+24
v  ~StubRoutines::call_stub

---------------  P R O C E S S  ---------------

Java Threads: ( => current thread )
  0x00007fc222ada000 JavaThread "Thread-20" [_thread_blocked, id=74459, stack(0x000070000d794000,0x000070000d894000)]
  0x00007fc222c34000 JavaThread "Image Fetcher 0" daemon [_thread_blocked, id=76555, stack(0x000070000dca3000,0x000070000dda3000)]
  0x00007fc22405a000 JavaThread "Keep-Alive-Timer" daemon [_thread_blocked, id=75975, stack(0x000070000dba0000,0x000070000dca0000)]
  0x00007fc222aa9000 JavaThread "AWT-EventQueue-1" [_thread_in_native, id=70671, stack(0x000070000d60e000,0x000070000d70e000)]
  0x00007fc222aa8800 JavaThread "DestroyJavaVM" [_thread_blocked, id=7171, stack(0x000070000b92e000,0x000070000ba2e000)]
  0x00007fc222906800 JavaThread "AWT-EventQueue-0" [_thread_blocked, id=64019, stack(0x000070000d408000,0x000070000d508000)]
  0x00007fc2228dc000 JavaThread "Java2D Disposer" daemon [_thread_blocked, id=60687, stack(0x000070000d17f000,0x000070000d27f000)]
  0x00007fc22412e800 JavaThread "Java2D Queue Flusher" daemon [_thread_blocked, id=58631, stack(0x000070000d07c000,0x000070000d17c000)]
  0x00007fc22086a800 JavaThread "AWT-Shutdown" [_thread_blocked, id=32295, stack(0x000070000ccea000,0x000070000cdea000)]
=>0x00007fc223146800 JavaThread "AWT-AppKit" daemon [_thread_in_native, id=775, stack(0x00007fff5d90a000,0x00007fff5e10a000)]
  0x00007fc224004000 JavaThread "Service Thread" daemon [_thread_blocked, id=21251, stack(0x000070000ca61000,0x000070000cb61000)]
  0x00007fc22380b800 JavaThread "C1 CompilerThread3" daemon [_thread_blocked, id=20739, stack(0x000070000c95e000,0x000070000ca5e000)]
  0x00007fc221015800 JavaThread "C2 CompilerThread2" daemon [_thread_blocked, id=20227, stack(0x000070000c85b000,0x000070000c95b000)]
  0x00007fc223092000 JavaThread "C2 CompilerThread1" daemon [_thread_blocked, id=19715, stack(0x000070000c758000,0x000070000c858000)]
  0x00007fc223044000 JavaThread "C2 CompilerThread0" daemon [_thread_blocked, id=19203, stack(0x000070000c655000,0x000070000c755000)]
  0x00007fc222008800 JavaThread "Signal Dispatcher" daemon [_thread_blocked, id=18691, stack(0x000070000c552000,0x000070000c652000)]
  0x00007fc221002000 JavaThread "Finalizer" daemon [_thread_blocked, id=14595, stack(0x000070000c44f000,0x000070000c54f000)]
  0x00007fc223002800 JavaThread "Reference Handler" daemon [_thread_blocked, id=14083, stack(0x000070000c34c000,0x000070000c44c000)]

Other Threads:
  0x00007fc222004000 VMThread [stack: 0x000070000c249000,0x000070000c349000] [id=13571]
  0x00007fc22402d000 WatcherThread [stack: 0x000070000cb64000,0x000070000cc64000] [id=21763]

VM state:not at safepoint (normal execution)

VM Mutex/Monitor currently owned by a thread: None

Heap:
 PSYoungGen      total 76288K, used 42721K [0x000000076ab00000, 0x0000000770000000, 0x00000007c0000000)
  eden space 65536K, 48% used [0x000000076ab00000,0x000000076ca3a988,0x000000076eb00000)
  from space 10752K, 99% used [0x000000076eb00000,0x000000076f57dbb0,0x000000076f580000)
  to   space 10752K, 0% used [0x000000076f580000,0x000000076f580000,0x0000000770000000)
 ParOldGen       total 175104K, used 4813K [0x00000006c0000000, 0x00000006cab00000, 0x000000076ab00000)
  object space 175104K, 2% used [0x00000006c0000000,0x00000006c04b35c8,0x00000006cab00000)
 Metaspace       used 19010K, capacity 19217K, committed 19456K, reserved 1067008K
  class space    used 1895K, capacity 1981K, committed 2048K, reserved 1048576K

Card table byte_map: [0x000000011306e000,0x000000011386f000] byte_map_base: 0x000000010fa6e000

Marking Bits: (ParMarkBitMap*) 0x0000000103600eb0
 Begin Bits: [0x0000000113dc5000, 0x0000000117dc5000)
 End Bits:   [0x0000000117dc5000, 0x000000011bdc5000)

Polling page: 0x0000000101bb6000

CodeCache: size=245760Kb used=5607Kb max_used=5619Kb free=240152Kb
 bounds [0x0000000103cae000, 0x000000010423e000, 0x0000000112cae000]
 total_blobs=2414 nmethods=1529 adapters=799
 compilation: enabled

Compilation events (10 events):
Event: 7.321 Thread 0x00007fc22380b800 1658       1       com.jogamp.nativewindow.awt.JAWTWindow::isOffscreenLayerSurfaceEnabled (5 bytes)
Event: 7.321 Thread 0x00007fc22380b800 nmethod 1658 0x000000010422c050 code [0x000000010422c1a0, 0x000000010422c2b0]
Event: 7.352 Thread 0x00007fc223092000 1660       4       java.util.HashMap::containsKey (18 bytes)
Event: 7.352 Thread 0x00007fc22380b800 1661       1       java.awt.Component::getTreeLock (4 bytes)
Event: 7.352 Thread 0x00007fc22380b800 nmethod 1661 0x000000010422bd90 code [0x000000010422bee0, 0x000000010422bff0]
Event: 7.352 Thread 0x00007fc22380b800 1662       3       java.lang.Math::round (70 bytes)
Event: 7.353 Thread 0x00007fc22380b800 nmethod 1662 0x000000010422b910 code [0x000000010422ba80, 0x000000010422bcf0]
Event: 7.354 Thread 0x00007fc22380b800 1663       3       sun.misc.JarIndex::get (49 bytes)
Event: 7.354 Thread 0x00007fc22380b800 nmethod 1663 0x000000010422ab90 code [0x000000010422ad60, 0x000000010422b5d8]
Event: 7.357 Thread 0x00007fc223092000 nmethod 1660 0x000000010422a350 code [0x000000010422a4c0, 0x000000010422a7d8]

GC Heap History (2 events):
Event: 5.573 GC heap before
{Heap before GC invocations=1 (full 0):
 PSYoungGen      total 76288K, used 65536K [0x000000076ab00000, 0x0000000770000000, 0x00000007c0000000)
  eden space 65536K, 100% used [0x000000076ab00000,0x000000076eb00000,0x000000076eb00000)
  from space 10752K, 0% used [0x000000076f580000,0x000000076f580000,0x0000000770000000)
  to   space 10752K, 0% used [0x000000076eb00000,0x000000076eb00000,0x000000076f580000)
 ParOldGen       total 175104K, used 0K [0x00000006c0000000, 0x00000006cab00000, 0x000000076ab00000)
  object space 175104K, 0% used [0x00000006c0000000,0x00000006c0000000,0x00000006cab00000)
 Metaspace       used 18612K, capacity 18801K, committed 19200K, reserved 1067008K
  class space    used 1887K, capacity 1949K, committed 2048K, reserved 1048576K
Event: 5.588 GC heap after
Heap after GC invocations=1 (full 0):
 PSYoungGen      total 76288K, used 10742K [0x000000076ab00000, 0x0000000770000000, 0x00000007c0000000)
  eden space 65536K, 0% used [0x000000076ab00000,0x000000076ab00000,0x000000076eb00000)
  from space 10752K, 99% used [0x000000076eb00000,0x000000076f57dbb0,0x000000076f580000)
  to   space 10752K, 0% used [0x000000076f580000,0x000000076f580000,0x0000000770000000)
 ParOldGen       total 175104K, used 4813K [0x00000006c0000000, 0x00000006cab00000, 0x000000076ab00000)
  object space 175104K, 2% used [0x00000006c0000000,0x00000006c04b35c8,0x00000006cab00000)
 Metaspace       used 18612K, capacity 18801K, committed 19200K, reserved 1067008K
  class space    used 1887K, capacity 1949K, committed 2048K, reserved 1048576K
}

Deoptimization events (10 events):
Event: 4.250 Thread 0x00007fc2232a3800 Uncommon trap: reason=unstable_if action=reinterpret pc=0x0000000103e7ce98 method=java.lang.String.indexOf([CII[CIII)I @ 3
Event: 5.153 Thread 0x00007fc222aa9000 Uncommon trap: reason=unstable_if action=reinterpret pc=0x0000000103e5766c method=java.lang.AbstractStringBuilder.append(Ljava/lang/String;)Ljava/lang/AbstractStringBuilder; @ 1
Event: 5.173 Thread 0x00007fc222aa9000 Uncommon trap: reason=unstable_if action=reinterpret pc=0x00000001040328a0 method=sun.misc.MetaIndex.mayContain(Ljava/lang/String;)Z @ 38
Event: 5.174 Thread 0x00007fc222aa9000 Uncommon trap: reason=unstable_if action=reinterpret pc=0x0000000103fc40c4 method=sun.misc.MetaIndex.mayContain(Ljava/lang/String;)Z @ 38
Event: 5.311 Thread 0x00007fc222aa9000 Uncommon trap: reason=unstable_if action=reinterpret pc=0x0000000104079d3c method=com.jogamp.common.util.IntIntHashMap.get(I)I @ 28
Event: 5.321 Thread 0x00007fc222aa9000 Uncommon trap: reason=class_check action=maybe_recompile pc=0x000000010409ad20 method=com.jogamp.common.nio.Buffers.isDirect(Ljava/lang/Object;)Z @ 13
Event: 5.321 Thread 0x00007fc222aa9000 Uncommon trap: reason=class_check action=maybe_recompile pc=0x000000010409ad20 method=com.jogamp.common.nio.Buffers.isDirect(Ljava/lang/Object;)Z @ 13
Event: 5.321 Thread 0x00007fc222aa9000 Uncommon trap: reason=class_check action=maybe_recompile pc=0x000000010409ad20 method=com.jogamp.common.nio.Buffers.isDirect(Ljava/lang/Object;)Z @ 13
Event: 5.336 Thread 0x00007fc222aa9000 Uncommon trap: reason=class_check action=maybe_recompile pc=0x000000010409ad20 method=com.jogamp.common.nio.Buffers.isDirect(Ljava/lang/Object;)Z @ 13
Event: 5.393 Thread 0x00007fc222aa9000 Uncommon trap: reason=unstable_if action=reinterpret pc=0x000000010407cfa0 method=com.jogamp.common.util.IntIntHashMap.get(I)I @ 19

Internal exceptions (10 events):
Event: 0.179 Thread 0x00007fc220806800 Exception <a 'java/lang/NoSuchFieldError': method resolution failed> (0x000000076adb58a8) thrown at [/Users/java_re/workspace/8-2-build-macosx-x86_64/jdk8u91/6644/hotspot/src/share/vm/prims/methodHandles.cpp, line 1146]
Event: 2.135 Thread 0x00007fc220806800 Exception <a 'java/io/FileNotFoundException'> (0x000000076ae317a0) thrown at [/Users/java_re/workspace/8-2-build-macosx-x86_64/jdk8u91/6644/hotspot/src/share/vm/prims/jni.cpp, line 709]
Event: 2.135 Thread 0x00007fc220806800 Exception <a 'java/io/FileNotFoundException'> (0x000000076ae32300) thrown at [/Users/java_re/workspace/8-2-build-macosx-x86_64/jdk8u91/6644/hotspot/src/share/vm/prims/jni.cpp, line 709]
Event: 2.262 Thread 0x00007fc220806800 Exception <a 'java/io/FileNotFoundException'> (0x000000076aecbfd8) thrown at [/Users/java_re/workspace/8-2-build-macosx-x86_64/jdk8u91/6644/hotspot/src/share/vm/prims/jni.cpp, line 709]
Event: 4.268 Thread 0x00007fc2232a3800 Exception <a 'java/lang/UnsatisfiedLinkError': com.jogamp.common.util.JarUtil.fixNativeLibAttribs(Ljava/lang/String;)Z> (0x000000076c781e88) thrown at [/Users/java_re/workspace/8-2-build-macosx-x86_64/jdk8u91/6644/hotspot/src/share/vm/prims/nativeLookup.c
Event: 5.152 Thread 0x00007fc222aa9000 Exception <a 'java/io/FileNotFoundException'> (0x000000076d7f2300) thrown at [/Users/java_re/workspace/8-2-build-macosx-x86_64/jdk8u91/6644/hotspot/src/share/vm/prims/jni.cpp, line 709]
Event: 5.152 Thread 0x00007fc222aa9000 Exception <a 'java/io/FileNotFoundException'> (0x000000076d7f86b0) thrown at [/Users/java_re/workspace/8-2-build-macosx-x86_64/jdk8u91/6644/hotspot/src/share/vm/prims/jni.cpp, line 709]
Event: 5.153 Thread 0x00007fc222aa9000 Implicit null exception at 0x0000000103e572f5 to 0x0000000103e57659
Event: 5.393 Thread 0x00007fc222aa9000 Implicit null exception at 0x000000010407ce25 to 0x000000010407cf79
Event: 5.592 Thread 0x00007fc221002000 Exception <a 'java/lang/NullPointerException'> (0x000000076b0e4be8) thrown at [/Users/java_re/workspace/8-2-build-macosx-x86_64/jdk8u91/6644/hotspot/src/share/vm/interpreter/linkResolver.cpp, line 1178]

Events (10 events):
Event: 7.359 loading class java/awt/LightweightDispatcher$2 done
Event: 7.359 loading class java/awt/event/AWTEventListenerProxy
Event: 7.359 loading class java/awt/event/AWTEventListenerProxy done
Event: 7.359 loading class java/awt/Toolkit$ToolkitEventMulticaster
Event: 7.359 loading class java/awt/Toolkit$ToolkitEventMulticaster done
Event: 7.360 Thread 0x00007fc221010800 Thread exited: 0x00007fc221010800
Event: 7.360 loading class java/lang/IllegalThreadStateException
Event: 7.360 loading class java/lang/IllegalThreadStateException done
Event: 7.360 loading class java/awt/Window$1DisposeAction
Event: 7.360 loading class java/awt/Window$1DisposeAction done


Dynamic libraries:
0x000000001a07d000 	/System/Library/Frameworks/Cocoa.framework/Versions/A/Cocoa
0x000000001a07d000 	/System/Library/Frameworks/Security.framework/Versions/A/Security
0x000000001a07d000 	/System/Library/Frameworks/ApplicationServices.framework/Versions/A/ApplicationServices
0x000000001a07d000 	/usr/lib/libz.1.dylib
0x000000001a07d000 	/usr/lib/libSystem.B.dylib
0x000000001a07d000 	/usr/lib/libobjc.A.dylib
0x000000001a07d000 	/System/Library/Frameworks/CoreFoundation.framework/Versions/A/CoreFoundation
0x000000001a07d000 	/System/Library/Frameworks/Foundation.framework/Versions/C/Foundation
0x000000001a07d000 	/System/Library/Frameworks/AppKit.framework/Versions/C/AppKit
0x000000001a07d000 	/System/Library/Frameworks/CoreData.framework/Versions/A/CoreData
0x000000001a07d000 	/System/Library/PrivateFrameworks/RemoteViewServices.framework/Versions/A/RemoteViewServices
0x000000001a07d000 	/System/Library/PrivateFrameworks/UIFoundation.framework/Versions/A/UIFoundation
0x000000001a07d000 	/System/Library/PrivateFrameworks/DFRFoundation.framework/Versions/A/DFRFoundation
0x000000001a07d000 	/usr/lib/libenergytrace.dylib
0x000000001a07d000 	/System/Library/PrivateFrameworks/SkyLight.framework/Versions/A/SkyLight
0x000000001a07d000 	/System/Library/Frameworks/CoreGraphics.framework/Versions/A/CoreGraphics
0x000000001a07d000 	/usr/lib/libScreenReader.dylib
0x000000001a07d000 	/System/Library/Frameworks/Accelerate.framework/Versions/A/Accelerate
0x000000001a07d000 	/System/Library/Frameworks/IOSurface.framework/Versions/A/IOSurface
0x000000001a07d000 	/System/Library/Frameworks/AudioToolbox.framework/Versions/A/AudioToolbox
0x000000001a07d000 	/System/Library/Frameworks/AudioUnit.framework/Versions/A/AudioUnit
0x000000001a07d000 	/System/Library/PrivateFrameworks/DataDetectorsCore.framework/Versions/A/DataDetectorsCore
0x000000001a07d000 	/System/Library/PrivateFrameworks/DesktopServicesPriv.framework/Versions/A/DesktopServicesPriv
0x000000001a07d000 	/System/Library/Frameworks/Carbon.framework/Versions/A/Frameworks/HIToolbox.framework/Versions/A/HIToolbox
0x000000001a07d000 	/usr/lib/libicucore.A.dylib
0x000000001a07d000 	/System/Library/Frameworks/QuartzCore.framework/Versions/A/QuartzCore
0x000000001a07d000 	/System/Library/Frameworks/Carbon.framework/Versions/A/Frameworks/SpeechRecognition.framework/Versions/A/SpeechRecognition
0x000000001a07d000 	/usr/lib/libauto.dylib
0x000000001a07d000 	/usr/lib/libxml2.2.dylib
0x000000001a07d000 	/System/Library/PrivateFrameworks/CoreUI.framework/Versions/A/CoreUI
0x000000001a07d000 	/System/Library/Frameworks/CoreAudio.framework/Versions/A/CoreAudio
0x000000001a07d000 	/System/Library/Frameworks/DiskArbitration.framework/Versions/A/DiskArbitration
0x000000001a07d000 	/usr/lib/liblangid.dylib
0x000000001a07d000 	/System/Library/PrivateFrameworks/MultitouchSupport.framework/Versions/A/MultitouchSupport
0x000000001a07d000 	/System/Library/Frameworks/IOKit.framework/Versions/A/IOKit
0x000000001a07d000 	/usr/lib/libDiagnosticMessagesClient.dylib
0x000000001a07d000 	/System/Library/Frameworks/CoreServices.framework/Versions/A/CoreServices
0x000000001a07d000 	/System/Library/PrivateFrameworks/PerformanceAnalysis.framework/Versions/A/PerformanceAnalysis
0x000000001a07d000 	/System/Library/PrivateFrameworks/GenerationalStorage.framework/Versions/A/GenerationalStorage
0x000000001a07d000 	/System/Library/Frameworks/OpenGL.framework/Versions/A/OpenGL
0x000000001a07d000 	/System/Library/Frameworks/CoreImage.framework/Versions/A/CoreImage
0x000000001a07d000 	/System/Library/Frameworks/CoreText.framework/Versions/A/CoreText
0x000000001a07d000 	/System/Library/Frameworks/ImageIO.framework/Versions/A/ImageIO
0x000000001a07d000 	/System/Library/PrivateFrameworks/Backup.framework/Versions/A/Backup
0x000000001a07d000 	/usr/lib/libarchive.2.dylib
0x000000001a07d000 	/System/Library/Frameworks/CFNetwork.framework/Versions/A/CFNetwork
0x000000001a07d000 	/System/Library/Frameworks/SystemConfiguration.framework/Versions/A/SystemConfiguration
0x000000001a07d000 	/usr/lib/libCRFSuite.dylib
0x000000001a07d000 	/usr/lib/libc++.1.dylib
0x000000001a07d000 	/usr/lib/libc++abi.dylib
0x000000001a07d000 	/usr/lib/system/libcache.dylib
0x000000001a07d000 	/usr/lib/system/libcommonCrypto.dylib
0x000000001a07d000 	/usr/lib/system/libcompiler_rt.dylib
0x000000001a07d000 	/usr/lib/system/libcopyfile.dylib
0x000000001a07d000 	/usr/lib/system/libcorecrypto.dylib
0x000000001a07d000 	/usr/lib/system/libdispatch.dylib
0x000000001a07d000 	/usr/lib/system/libdyld.dylib
0x000000001a07d000 	/usr/lib/system/libkeymgr.dylib
0x000000001a07d000 	/usr/lib/system/liblaunch.dylib
0x000000001a07d000 	/usr/lib/system/libmacho.dylib
0x000000001a07d000 	/usr/lib/system/libquarantine.dylib
0x000000001a07d000 	/usr/lib/system/libremovefile.dylib
0x000000001a07d000 	/usr/lib/system/libsystem_asl.dylib
0x000000001a07d000 	/usr/lib/system/libsystem_blocks.dylib
0x000000001a07d000 	/usr/lib/system/libsystem_c.dylib
0x000000001a07d000 	/usr/lib/system/libsystem_configuration.dylib
0x000000001a07d000 	/usr/lib/system/libsystem_coreservices.dylib
0x000000001a07d000 	/usr/lib/system/libsystem_coretls.dylib
0x000000001a07d000 	/usr/lib/system/libsystem_dnssd.dylib
0x000000001a07d000 	/usr/lib/system/libsystem_info.dylib
0x000000001a07d000 	/usr/lib/system/libsystem_kernel.dylib
0x000000001a07d000 	/usr/lib/system/libsystem_m.dylib
0x000000001a07d000 	/usr/lib/system/libsystem_malloc.dylib
0x000000001a07d000 	/usr/lib/system/libsystem_network.dylib
0x000000001a07d000 	/usr/lib/system/libsystem_networkextension.dylib
0x000000001a07d000 	/usr/lib/system/libsystem_notify.dylib
0x000000001a07d000 	/usr/lib/system/libsystem_platform.dylib
0x000000001a07d000 	/usr/lib/system/libsystem_pthread.dylib
0x000000001a07d000 	/usr/lib/system/libsystem_sandbox.dylib
0x000000001a07d000 	/usr/lib/system/libsystem_secinit.dylib
0x000000001a07d000 	/usr/lib/system/libsystem_symptoms.dylib
0x000000001a07d000 	/usr/lib/system/libsystem_trace.dylib
0x000000001a07d000 	/usr/lib/system/libunwind.dylib
0x000000001a07d000 	/usr/lib/system/libxpc.dylib
0x000000001a07d000 	/usr/lib/libbsm.0.dylib
0x000000001a07d000 	/usr/lib/system/libkxld.dylib
0x000000001a07d000 	/usr/lib/libcoretls.dylib
0x000000001a07d000 	/usr/lib/libcoretls_cfhelpers.dylib
0x000000001a07d000 	/usr/lib/libxar.1.dylib
0x000000001a07d000 	/usr/lib/libsqlite3.dylib
0x000000001a07d000 	/usr/lib/libpam.2.dylib
0x000000001a07d000 	/usr/lib/libOpenScriptingUtil.dylib
0x000000001a07d000 	/usr/lib/libbz2.1.0.dylib
0x000000001a07d000 	/usr/lib/liblzma.5.dylib
0x000000001a07d000 	/usr/lib/libnetwork.dylib
0x000000001a07d000 	/usr/lib/libpcap.A.dylib
0x000000001a07d000 	/System/Library/Frameworks/CoreServices.framework/Versions/A/Frameworks/FSEvents.framework/Versions/A/FSEvents
0x000000001a07d000 	/System/Library/Frameworks/CoreServices.framework/Versions/A/Frameworks/CarbonCore.framework/Versions/A/CarbonCore
0x000000001a07d000 	/System/Library/Frameworks/CoreServices.framework/Versions/A/Frameworks/Metadata.framework/Versions/A/Metadata
0x000000001a07d000 	/System/Library/Frameworks/CoreServices.framework/Versions/A/Frameworks/OSServices.framework/Versions/A/OSServices
0x000000001a07d000 	/System/Library/Frameworks/CoreServices.framework/Versions/A/Frameworks/SearchKit.framework/Versions/A/SearchKit
0x000000001a07d000 	/System/Library/Frameworks/CoreServices.framework/Versions/A/Frameworks/AE.framework/Versions/A/AE
0x000000001a07d000 	/System/Library/Frameworks/CoreServices.framework/Versions/A/Frameworks/LaunchServices.framework/Versions/A/LaunchServices
0x000000001a07d000 	/System/Library/Frameworks/CoreServices.framework/Versions/A/Frameworks/DictionaryServices.framework/Versions/A/DictionaryServices
0x000000001a07d000 	/System/Library/Frameworks/CoreServices.framework/Versions/A/Frameworks/SharedFileList.framework/Versions/A/SharedFileList
0x000000001a07d000 	/System/Library/Frameworks/NetFS.framework/Versions/A/NetFS
0x000000001a07d000 	/System/Library/PrivateFrameworks/NetAuth.framework/Versions/A/NetAuth
0x000000001a07d000 	/System/Library/PrivateFrameworks/login.framework/Versions/A/Frameworks/loginsupport.framework/Versions/A/loginsupport
0x000000001a07d000 	/System/Library/PrivateFrameworks/TCC.framework/Versions/A/TCC
0x000000001a07d000 	/usr/lib/libmecabra.dylib
0x000000001a07d000 	/System/Library/Frameworks/ApplicationServices.framework/Versions/A/Frameworks/ATS.framework/Versions/A/ATS
0x000000001a07d000 	/System/Library/Frameworks/ApplicationServices.framework/Versions/A/Frameworks/ColorSync.framework/Versions/A/ColorSync
0x000000001a07d000 	/System/Library/Frameworks/ApplicationServices.framework/Versions/A/Frameworks/HIServices.framework/Versions/A/HIServices
0x000000001a07d000 	/System/Library/Frameworks/ApplicationServices.framework/Versions/A/Frameworks/LangAnalysis.framework/Versions/A/LangAnalysis
0x000000001a07d000 	/System/Library/Frameworks/ApplicationServices.framework/Versions/A/Frameworks/PrintCore.framework/Versions/A/PrintCore
0x000000001a07d000 	/System/Library/Frameworks/ApplicationServices.framework/Versions/A/Frameworks/QD.framework/Versions/A/QD
0x000000001a07d000 	/System/Library/Frameworks/ApplicationServices.framework/Versions/A/Frameworks/SpeechSynthesis.framework/Versions/A/SpeechSynthesis
0x000000001a07d000 	/System/Library/Frameworks/Accelerate.framework/Versions/A/Frameworks/vImage.framework/Versions/A/vImage
0x000000001a07d000 	/System/Library/Frameworks/Accelerate.framework/Versions/A/Frameworks/vecLib.framework/Versions/A/vecLib
0x000000001a07d000 	/System/Library/Frameworks/Accelerate.framework/Versions/A/Frameworks/vecLib.framework/Versions/A/libvDSP.dylib
0x000000001a07d000 	/System/Library/Frameworks/Accelerate.framework/Versions/A/Frameworks/vecLib.framework/Versions/A/libBNNS.dylib
0x000000001a07d000 	/System/Library/Frameworks/Accelerate.framework/Versions/A/Frameworks/vecLib.framework/Versions/A/libQuadrature.dylib
0x000000001a07d000 	/System/Library/Frameworks/Accelerate.framework/Versions/A/Frameworks/vecLib.framework/Versions/A/libvMisc.dylib
0x000000001a07d000 	/System/Library/Frameworks/Accelerate.framework/Versions/A/Frameworks/vecLib.framework/Versions/A/libLAPACK.dylib
0x000000001a07d000 	/System/Library/Frameworks/Accelerate.framework/Versions/A/Frameworks/vecLib.framework/Versions/A/libBLAS.dylib
0x000000001a07d000 	/System/Library/Frameworks/Accelerate.framework/Versions/A/Frameworks/vecLib.framework/Versions/A/libLinearAlgebra.dylib
0x000000001a07d000 	/System/Library/Frameworks/Accelerate.framework/Versions/A/Frameworks/vecLib.framework/Versions/A/libSparseBLAS.dylib
0x000000001a07d000 	/System/Library/Frameworks/ApplicationServices.framework/Versions/A/Frameworks/ATS.framework/Versions/A/Resources/libFontParser.dylib
0x000000001a07d000 	/System/Library/Frameworks/ApplicationServices.framework/Versions/A/Frameworks/ATS.framework/Versions/A/Resources/libFontRegistry.dylib
0x000000001a07d000 	/System/Library/Frameworks/ImageIO.framework/Versions/A/Resources/libJPEG.dylib
0x000000001a07d000 	/System/Library/Frameworks/ImageIO.framework/Versions/A/Resources/libTIFF.dylib
0x000000001a07d000 	/System/Library/Frameworks/ImageIO.framework/Versions/A/Resources/libPng.dylib
0x000000001a07d000 	/System/Library/Frameworks/ImageIO.framework/Versions/A/Resources/libGIF.dylib
0x000000001a07d000 	/System/Library/Frameworks/ImageIO.framework/Versions/A/Resources/libJP2.dylib
0x000000001a07d000 	/System/Library/Frameworks/ImageIO.framework/Versions/A/Resources/libRadiance.dylib
0x000000001a07d000 	/usr/lib/libcompression.dylib
0x000000001a07d000 	/System/Library/PrivateFrameworks/AppleJPEG.framework/Versions/A/AppleJPEG
0x000000001a07d000 	/usr/lib/libcups.2.dylib
0x000000001a07d000 	/System/Library/Frameworks/Kerberos.framework/Versions/A/Kerberos
0x000000001a07d000 	/System/Library/Frameworks/GSS.framework/Versions/A/GSS
0x000000001a07d000 	/usr/lib/libresolv.9.dylib
0x000000001a07d000 	/usr/lib/libiconv.2.dylib
0x000000001a07d000 	/System/Library/PrivateFrameworks/Heimdal.framework/Versions/A/Heimdal
0x000000001a07d000 	/usr/lib/libheimdal-asn1.dylib
0x000000001a07d000 	/System/Library/Frameworks/OpenDirectory.framework/Versions/A/OpenDirectory
0x000000001a07d000 	/System/Library/PrivateFrameworks/CommonAuth.framework/Versions/A/CommonAuth
0x000000001a07d000 	/System/Library/Frameworks/OpenDirectory.framework/Versions/A/Frameworks/CFOpenDirectory.framework/Versions/A/CFOpenDirectory
0x000000001a07d000 	/System/Library/Frameworks/SecurityFoundation.framework/Versions/A/SecurityFoundation
0x000000001a07d000 	/System/Library/PrivateFrameworks/LanguageModeling.framework/Versions/A/LanguageModeling
0x000000001a07d000 	/usr/lib/libmarisa.dylib
0x000000001a07d000 	/usr/lib/libChineseTokenizer.dylib
0x000000001a07d000 	/usr/lib/libcmph.dylib
0x000000001a07d000 	/System/Library/PrivateFrameworks/CoreEmoji.framework/Versions/A/CoreEmoji
0x000000001a07d000 	/System/Library/Frameworks/ServiceManagement.framework/Versions/A/ServiceManagement
0x000000001a07d000 	/usr/lib/libxslt.1.dylib
0x000000001a07d000 	/System/Library/Frameworks/Carbon.framework/Versions/A/Frameworks/Ink.framework/Versions/A/Ink
0x000000001a07d000 	/System/Library/PrivateFrameworks/TextureIO.framework/Versions/A/TextureIO
0x000000001a07d000 	/System/Library/Frameworks/Metal.framework/Versions/A/Metal
0x000000001a07d000 	/usr/lib/libate.dylib
0x000000001a07d000 	/System/Library/PrivateFrameworks/GPUCompiler.framework/libmetal_timestamp.dylib
0x000000001a07d000 	/System/Library/Frameworks/OpenGL.framework/Versions/A/Libraries/libCoreFSCache.dylib
0x000000001a07d000 	/System/Library/PrivateFrameworks/IOAccelerator.framework/Versions/A/IOAccelerator
0x000000001a07d000 	/System/Library/Frameworks/CoreVideo.framework/Versions/A/CoreVideo
0x000000001a07d000 	/usr/lib/libFosl_dynamic.dylib
0x000000001a07d000 	/System/Library/PrivateFrameworks/MetalPerformanceShaders.framework/Versions/A/MetalPerformanceShaders
0x000000001a07d000 	/System/Library/PrivateFrameworks/FaceCore.framework/Versions/A/FaceCore
0x000000001a07d000 	/System/Library/Frameworks/OpenCL.framework/Versions/A/OpenCL
0x000000001a07d000 	/System/Library/Frameworks/OpenGL.framework/Versions/A/Libraries/libGLU.dylib
0x000000001a07d000 	/System/Library/Frameworks/OpenGL.framework/Versions/A/Libraries/libGFXShared.dylib
0x000000001a07d000 	/System/Library/Frameworks/OpenGL.framework/Versions/A/Libraries/libGL.dylib
0x000000001a07d000 	/System/Library/Frameworks/OpenGL.framework/Versions/A/Libraries/libGLImage.dylib
0x000000001a07d000 	/System/Library/Frameworks/OpenGL.framework/Versions/A/Libraries/libCVMSPluginSupport.dylib
0x000000001a07d000 	/System/Library/Frameworks/OpenGL.framework/Versions/A/Libraries/libCoreVMClient.dylib
0x000000001a07d000 	/System/Library/PrivateFrameworks/CrashReporterSupport.framework/Versions/A/CrashReporterSupport
0x000000001a07d000 	/System/Library/PrivateFrameworks/Sharing.framework/Versions/A/Sharing
0x000000001a07d000 	/System/Library/PrivateFrameworks/IconServices.framework/Versions/A/IconServices
0x000000001a07d000 	/System/Library/PrivateFrameworks/ProtocolBuffer.framework/Versions/A/ProtocolBuffer
0x000000001a07d000 	/System/Library/PrivateFrameworks/Apple80211.framework/Versions/A/Apple80211
0x000000001a07d000 	/System/Library/Frameworks/CoreWLAN.framework/Versions/A/CoreWLAN
0x000000001a07d000 	/System/Library/PrivateFrameworks/CoreUtils.framework/Versions/A/CoreUtils
0x000000001a07d000 	/System/Library/Frameworks/IOBluetooth.framework/Versions/A/IOBluetooth
0x000000001a07d000 	/System/Library/PrivateFrameworks/CoreWiFi.framework/Versions/A/CoreWiFi
0x000000001a07d000 	/System/Library/Frameworks/CoreBluetooth.framework/Versions/A/CoreBluetooth
0x000000001a07d000 	/System/Library/Frameworks/CoreDisplay.framework/Versions/A/CoreDisplay
0x000000001a07d000 	/System/Library/PrivateFrameworks/IOPresentment.framework/Versions/A/IOPresentment
0x000000001a07d000 	/System/Library/PrivateFrameworks/DebugSymbols.framework/Versions/A/DebugSymbols
0x000000001a07d000 	/System/Library/PrivateFrameworks/CoreSymbolication.framework/Versions/A/CoreSymbolication
0x000000001a07d000 	/System/Library/PrivateFrameworks/Symbolication.framework/Versions/A/Symbolication
0x000000001a07d000 	/System/Library/PrivateFrameworks/AppleFSCompression.framework/Versions/A/AppleFSCompression
0x000000001a07d000 	/System/Library/PrivateFrameworks/SpeechRecognitionCore.framework/Versions/A/SpeechRecognitionCore
0x000000001a07d000 	/System/Library/PrivateFrameworks/ChunkingLibrary.framework/Versions/A/ChunkingLibrary
0x0000000102d1a000 	/Library/Java/JavaVirtualMachines/jdk1.8.0_91.jdk/Contents/Home/jre/lib/server/libjvm.dylib
0x000000001a07d000 	/usr/lib/libstdc++.6.dylib
0x0000000101b73000 	/Library/Java/JavaVirtualMachines/jdk1.8.0_91.jdk/Contents/Home/jre/lib/libverify.dylib
0x0000000101b81000 	/Library/Java/JavaVirtualMachines/jdk1.8.0_91.jdk/Contents/Home/jre/lib/libjava.dylib
0x0000000101bc0000 	/Library/Java/JavaVirtualMachines/jdk1.8.0_91.jdk/Contents/Home/jre/lib/libzip.dylib
0x0000000102c70000 	/System/Library/Frameworks/JavaVM.framework/Frameworks/JavaRuntimeSupport.framework/JavaRuntimeSupport
0x000000011eccb000 	/System/Library/Frameworks/JavaVM.framework/Versions/A/Frameworks/JavaNativeFoundation.framework/Versions/A/JavaNativeFoundation
0x0000000101bf2000 	/System/Library/Frameworks/JavaVM.framework/Versions/A/JavaVM
0x000000001a07d000 	/System/Library/Frameworks/Carbon.framework/Versions/A/Carbon
0x000000011ece0000 	/System/Library/PrivateFrameworks/JavaLaunching.framework/Versions/A/JavaLaunching
0x000000001a07d000 	/System/Library/Frameworks/Carbon.framework/Versions/A/Frameworks/CommonPanels.framework/Versions/A/CommonPanels
0x000000001a07d000 	/System/Library/Frameworks/Carbon.framework/Versions/A/Frameworks/Help.framework/Versions/A/Help
0x000000001a07d000 	/System/Library/Frameworks/Carbon.framework/Versions/A/Frameworks/ImageCapture.framework/Versions/A/ImageCapture
0x000000001a07d000 	/System/Library/Frameworks/Carbon.framework/Versions/A/Frameworks/OpenScripting.framework/Versions/A/OpenScripting
0x000000001a07d000 	/System/Library/Frameworks/Carbon.framework/Versions/A/Frameworks/Print.framework/Versions/A/Print
0x000000001a07d000 	/System/Library/Frameworks/Carbon.framework/Versions/A/Frameworks/SecurityHI.framework/Versions/A/SecurityHI
0x00000001205ea000 	/Library/Java/JavaVirtualMachines/jdk1.8.0_91.jdk/Contents/Home/jre/lib/libawt.dylib
0x0000000120692000 	/Library/Java/JavaVirtualMachines/jdk1.8.0_91.jdk/Contents/Home/jre/lib/./libmlib_image.dylib
0x000000012075e000 	/Library/Java/JavaVirtualMachines/jdk1.8.0_91.jdk/Contents/Home/jre/lib/libawt_lwawt.dylib
0x0000000120813000 	/Library/Java/JavaVirtualMachines/jdk1.8.0_91.jdk/Contents/Home/jre/lib/./libosxapp.dylib
0x000000001a07d000 	/System/Library/Frameworks/ExceptionHandling.framework/Versions/A/ExceptionHandling
0x000000001a07d000 	/System/Library/PrivateFrameworks/CoreServicesInternal.framework/Versions/A/CoreServicesInternal
0x000000001a07d000 	/System/Library/CoreServices/RawCamera.bundle/Contents/MacOS/RawCamera
0x000000001a07d000 	/System/Library/Frameworks/Accelerate.framework/Versions/A/Frameworks/vImage.framework/Versions/A/Libraries/libCGInterfaces.dylib
0x000000001a07d000 	/System/Library/Frameworks/ApplicationServices.framework/Versions/A/Frameworks/ATS.framework/Versions/A/Resources/libTrueTypeScaler.dylib
0x000000001a07d000 	/System/Library/Frameworks/OpenGL.framework/Versions/A/Resources/GLEngine.bundle/GLEngine
0x000000001a07d000 	/System/Library/Frameworks/OpenGL.framework/Versions/A/Libraries/libGLProgrammability.dylib
0x00000001227d3000 	/System/Library/Extensions/AppleIntelHD5000GraphicsGLDriver.bundle/Contents/MacOS/AppleIntelHD5000GraphicsGLDriver
0x000000001a07d000 	/System/Library/PrivateFrameworks/GPUSupport.framework/Versions/A/Libraries/libGPUSupportMercury.dylib
0x000000001a07d000 	/System/Library/Frameworks/OpenGL.framework/Versions/A/Resources/GLRendererFloat.bundle/GLRendererFloat
0x000000001a07d000 	/System/Library/Frameworks/OpenCL.framework/Versions/A/Libraries/libcldcpuengine.dylib
0x000000001a07d000 	/usr/lib/libcrypto.0.9.8.dylib
0x000000001a07d000 	/System/Library/PrivateFrameworks/TrustEvaluationAgent.framework/Versions/A/TrustEvaluationAgent
0x0000000122f32000 	/System/Library/Extensions/AppleIntelHD5000GraphicsMTLDriver.bundle/Contents/MacOS/AppleIntelHD5000GraphicsMTLDriver
0x000000001a07d000 	/System/Library/PrivateFrameworks/FamilyControls.framework/Versions/A/FamilyControls
0x000000001a07d000 	/System/Library/PrivateFrameworks/CommerceKit.framework/Versions/A/Frameworks/CommerceCore.framework/Versions/A/CommerceCore
0x000000001a07d000 	/System/Library/PrivateFrameworks/SystemAdministration.framework/Versions/A/SystemAdministration
0x000000001a07d000 	/System/Library/PrivateFrameworks/AppContainer.framework/Versions/A/AppContainer
0x000000001a07d000 	/System/Library/PrivateFrameworks/SecCodeWrapper.framework/Versions/A/SecCodeWrapper
0x000000001a07d000 	/System/Library/Frameworks/DirectoryService.framework/Versions/A/DirectoryService
0x000000001a07d000 	/System/Library/PrivateFrameworks/DiskImages.framework/Versions/A/DiskImages
0x000000001a07d000 	/System/Library/PrivateFrameworks/LoginUIKit.framework/Versions/A/Frameworks/LoginUICore.framework/Versions/A/LoginUICore
0x000000001a07d000 	/usr/lib/libCoreStorage.dylib
0x000000001a07d000 	/usr/lib/libcsfde.dylib
0x000000001a07d000 	/usr/lib/libodfde.dylib
0x000000001a07d000 	/System/Library/Frameworks/DiscRecording.framework/Versions/A/DiscRecording
0x000000001a07d000 	/usr/lib/libcurl.4.dylib
0x000000001a07d000 	/System/Library/PrivateFrameworks/MediaKit.framework/Versions/A/MediaKit
0x000000001a07d000 	/System/Library/PrivateFrameworks/ProtectedCloudStorage.framework/Versions/A/ProtectedCloudStorage
0x000000001a07d000 	/System/Library/PrivateFrameworks/EFILogin.framework/Versions/A/EFILogin
0x000000001a07d000 	/usr/lib/libutil.dylib
0x000000001a07d000 	/System/Library/Frameworks/LDAP.framework/Versions/A/LDAP
0x000000001a07d000 	/usr/lib/libsasl2.2.dylib
0x000000001a07d000 	/System/Library/PrivateFrameworks/CoreDaemon.framework/Versions/B/CoreDaemon
0x000000001a07d000 	/System/Library/PrivateFrameworks/AppleSRP.framework/Versions/A/AppleSRP
0x000000001a07d000 	/System/Library/PrivateFrameworks/APFS.framework/Versions/A/APFS
0x0000000124c1b000 	/Library/Java/JavaVirtualMachines/jdk1.8.0_91.jdk/Contents/Home/jre/lib/libfontmanager.dylib
0x000000012608d000 	/Library/Java/JavaVirtualMachines/jdk1.8.0_91.jdk/Contents/Home/jre/lib/libosxui.dylib
0x000000001a07d000 	/System/Library/PrivateFrameworks/ViewBridge.framework/Versions/A/ViewBridge
0x000000001a07d000 	/System/Library/PrivateFrameworks/XPCService.framework/Versions/A/XPCService
0x000000001a07d000 	/System/Library/PrivateFrameworks/AppSandbox.framework/Versions/A/AppSandbox
0x000000001a07d000 	/usr/lib/libsandbox.1.dylib
0x000000001a07d000 	/usr/lib/libMatch.1.dylib
0x0000000126c08000 	/Library/Java/JavaVirtualMachines/jdk1.8.0_91.jdk/Contents/Home/jre/lib/libnet.dylib
0x0000000126b48000 	/Library/Java/JavaVirtualMachines/jdk1.8.0_91.jdk/Contents/Home/jre/lib/libnio.dylib
0x0000000125de6000 	/private/var/folders/lj/ts4xrlmj1tsc3mnwzl_88g000000gn/T/jogamp_0000/file_cache/jln2128067635733900789/jln6540254157137778461/libgluegen-rt.jnilib
0x0000000125e14000 	/private/var/folders/lj/ts4xrlmj1tsc3mnwzl_88g000000gn/T/jogamp_0000/file_cache/jln2128067635733900789/jln6540254157137778461/libnativewindow_awt.jnilib
0x0000000125e17000 	/Library/Java/JavaVirtualMachines/jdk1.8.0_91.jdk/Contents/Home/jre/lib/libjawt.dylib
0x00000001524f6000 	/private/var/folders/lj/ts4xrlmj1tsc3mnwzl_88g000000gn/T/jogamp_0000/file_cache/jln2128067635733900789/jln6540254157137778461/libnativewindow_macosx.jnilib
0x0000000152533000 	/private/var/folders/lj/ts4xrlmj1tsc3mnwzl_88g000000gn/T/jogamp_0000/file_cache/jln2128067635733900789/jln6540254157137778461/libjogl_desktop.jnilib

VM Arguments:
jvm_args: -Djava.library.path=/Library/Java/JavaVirtualMachines/jdk1.8.0_91.jdk/Contents/Home -Djava.security.policy=java.policy.applet -Dfile.encoding=UTF-8 
java_command: sun.applet.AppletViewer SimpleMapApp1491986201737.html
java_class_path (initial): /Users/rblowers/git/ice-crystalv6/ice-crystal/build:/Users/rblowers/git/ice-crystalv6/ice-crystal/lib/core.jar:/Users/rblowers/git/ice-crystalv6/ice-crystal/lib/gluegen-rt.jar:/Users/rblowers/git/ice-crystalv6/ice-crystal/lib/jogl-all.jar:/Users/rblowers/git/ice-crystalv6/ice-crystal/lib/log4j-1.2.15.jar:/Users/rblowers/git/ice-crystalv6/ice-crystal/lib/sqlite-jdbc-3.7.2.jar:/Users/rblowers/git/ice-crystalv6/ice-crystal/lib/json4processing.jar:/Users/rblowers/git/ice-crystalv6/ice-crystal/lib/libTUIO.jar:/Users/rblowers/git/ice-crystalv6/ice-crystal/lib/unfolding.0.9.6.jar:/Users/rblowers/git/ice-crystalv6/ice-crystal/lib/geonames-1.1.13.jar:/Users/rblowers/git/ice-crystalv6/ice-crystal/lib/jdom-1.0.jar:/Users/rblowers/git/ice-crystalv6/ice-crystal/lib/xchart-3.2.0.jar
Launcher Type: SUN_STANDARD

Environment Variables:
PATH=/usr/bin:/bin:/usr/sbin:/sbin
SHELL=/bin/bash
DISPLAY=/private/tmp/com.apple.launchd.uYCQgKFUwX/org.macosforge.xquartz:0

Signal Handlers:
SIGSEGV: [libjvm.dylib+0x5a97a1], sa_mask[0]=11111111011111110111111111111111, sa_flags=SA_ONSTACK|SA_RESTART|SA_SIGINFO
SIGBUS: [libjvm.dylib+0x5a97a1], sa_mask[0]=11111111011111110111111111111111, sa_flags=SA_RESTART|SA_SIGINFO
SIGFPE: [libjvm.dylib+0x482594], sa_mask[0]=11111111011111110111111111111111, sa_flags=SA_RESTART|SA_SIGINFO
SIGPIPE: [libjvm.dylib+0x482594], sa_mask[0]=11111111011111110111111111111111, sa_flags=SA_RESTART|SA_SIGINFO
SIGXFSZ: [libjvm.dylib+0x482594], sa_mask[0]=11111111011111110111111111111111, sa_flags=SA_RESTART|SA_SIGINFO
SIGILL: [libjvm.dylib+0x482594], sa_mask[0]=11111111011111110111111111111111, sa_flags=SA_RESTART|SA_SIGINFO
SIGUSR1: SIG_DFL, sa_mask[0]=00000000000000000000000000000000, sa_flags=none
SIGUSR2: [libjvm.dylib+0x4820b2], sa_mask[0]=00100000000000000000000000000000, sa_flags=SA_RESTART|SA_SIGINFO
SIGHUP: [libjvm.dylib+0x480689], sa_mask[0]=11111111011111110111111111111111, sa_flags=SA_RESTART|SA_SIGINFO
SIGINT: [libjvm.dylib+0x480689], sa_mask[0]=11111111011111110111111111111111, sa_flags=SA_RESTART|SA_SIGINFO
SIGTERM: [libjvm.dylib+0x480689], sa_mask[0]=11111111011111110111111111111111, sa_flags=SA_RESTART|SA_SIGINFO
SIGQUIT: [libjvm.dylib+0x480689], sa_mask[0]=11111111011111110111111111111111, sa_flags=SA_RESTART|SA_SIGINFO


---------------  S Y S T E M  ---------------

OS:Bsduname:Darwin 16.4.0 Darwin Kernel Version 16.4.0: Thu Dec 22 22:53:21 PST 2016; root:xnu-3789.41.3~3/RELEASE_X86_64 x86_64
rlimit: STACK 8192k, CORE 0k, NPROC 709, NOFILE 10240, AS infinity
load average:3.21 2.18 1.79

CPU:total 8 (4 cores per cpu, 2 threads per core) family 6 model 70 stepping 1, cmov, cx8, fxsr, mmx, sse, sse2, sse3, ssse3, sse4.1, sse4.2, popcnt, avx, avx2, aes, clmul, erms, lzcnt, ht, tsc, tscinvbit, bmi1, bmi2

Memory: 4k page, physical 16777216k(38068k free)

/proc/meminfo:


vm_info: Java HotSpot(TM) 64-Bit Server VM (25.91-b14) for bsd-amd64 JRE (1.8.0_91-b14), built on Apr  1 2016 01:03:00 by "java_re" with gcc 4.2.1 (Based on Apple Inc. build 5658) (LLVM build 2336.11.00)

time: Wed Apr 12 09:36:49 2017
elapsed time: 7 seconds (0d 0h 0m 7s)

