#
# A fatal error has been detected by the Java Runtime Environment:
#
#  SIGSEGV (0xb) at pc=0x00007fff97329d5d, pid=28612, tid=2571
#
# JRE version: Java(TM) SE Runtime Environment (8.0_91-b14) (build 1.8.0_91-b14)
# Java VM: Java HotSpot(TM) 64-Bit Server VM (25.91-b14 mixed mode bsd-amd64 compressed oops)
# Problematic frame:
# C  [libobjc.A.dylib+0x6d5d]  objc_msgSend+0x1d
#
# Failed to write core dump. Core dumps have been disabled. To enable core dumping, try "ulimit -c unlimited" before starting Java again
#
# If you would like to submit a bug report, please visit:
#   http://bugreport.java.com/bugreport/crash.jsp
# The crash happened outside the Java Virtual Machine in native code.
# See problematic frame for where to report the bug.
#

---------------  T H R E A D  ---------------

Current thread (0x00007ffa1a04f000):  JavaThread "AWT-AppKit" daemon [_thread_in_native, id=2571, stack(0x00007fff5f27e000,0x00007fff5fa7e000)]

siginfo: si_signo: 11 (SIGSEGV), si_code: 1 (SEGV_MAPERR), si_addr: 0x000007ffa1e1f1a8

Registers:
RAX=0x00007ffa1e1c8e30, RBX=0x0000000119dd23b0, RCX=0x0000000119de6460, RDX=0x0000000119de6480
RSP=0x00007fff5fa793c8, RBP=0x00007fff5fa79480, RSI=0x00007fff92eebd0e, RDI=0x00007ffa1e1c4940
R8 =0x0000000000000000, R9 =0x0000000000000810, R10=0x00007fff92eebd0e, R11=0x000007ffa1e1f190
R12=0x0000000000000000, R13=0x0000000170f35028, R14=0x0000000119dd23a0, R15=0x00007ffa1a04f000
RIP=0x00007fff97329d5d, EFLAGS=0x0000000000010206, ERR=0x0000000000000004
  TRAPNO=0x000000000000000e

Top of Stack: (sp=0x00007fff5fa793c8)
0x00007fff5fa793c8:   0000000119dd05d7 00007fff5fa79420
0x00007fff5fa793d8:   0000000000000003 00007fff5fa79400
0x00007fff5fa793e8:   0000000100df64ea 0000000170f35028
0x00007fff5fa793f8:   0000000170f35028 00007ffa1e1c8e30
0x00007fff5fa79408:   0000000119dd25c0 0000000119dd2640
0x00007fff5fa79418:   0000000119dd23b0 00007fff7bca0740
0x00007fff5fa79428:   0000000119dd25d0 00007fff7bea64c0
0x00007fff5fa79438:   00007ffa1e1c8e30 00007ffa1e1c4940
0x00007fff5fa79448:   00007ffa1c7e4af0 00007ffa1e1c8e30
0x00007fff5fa79458:   00007ffa1e1c4940 00007fff5fa79500
0x00007fff5fa79468:   00007ffa1a04f1f8 0000000170f35028
0x00007fff5fa79478:   00007fff5fa79528 00007fff5fa794f0
0x00007fff5fa79488:   0000000101c039d4 00007fff5fa794f0
0x00007fff5fa79498:   0000000101c03759 0000000101c0f983
0x00007fff5fa794a8:   0000000101c03722 00007fff5fa794b0
0x00007fff5fa794b8:   0000000170f35028 00007fff5fa79528
0x00007fff5fa794c8:   0000000170f37818 0000000000000000
0x00007fff5fa794d8:   0000000170f35028 0000000000000000
0x00007fff5fa794e8:   00007fff5fa79510 00007fff5fa79570
0x00007fff5fa794f8:   0000000101bf42bd 0000000740303990
0x00007fff5fa79508:   0000000101bfd538 00007ffa1e1c8e30
0x00007fff5fa79518:   0000000101bfee39 00007ffa1e1c4940
0x00007fff5fa79528:   0000000101bfee02 00007fff5fa79530
0x00007fff5fa79538:   0000000170f351f2 00007fff5fa79598
0x00007fff5fa79548:   0000000170f37818 0000000000000000
0x00007fff5fa79558:   0000000170f35200 00007fff5fa79510
0x00007fff5fa79568:   00007fff5fa79580 00007fff5fa795e0
0x00007fff5fa79578:   0000000101bf42bd 00007ffa1e1c8e30
0x00007fff5fa79588:   00000007401a27f0 00007ffa1e1c4940
0x00007fff5fa79598:   00000007401a27f0 00007fff5fa795a0
0x00007fff5fa795a8:   0000000172e9fe7e 00007fff5fa795f0
0x00007fff5fa795b8:   0000000172e9ff38 0000000000000000 

Instructions: (pc=0x00007fff97329d5d)
0x00007fff97329d3d:   44 00 00 48 85 ff 2e 74 62 40 f6 c7 01 2e 75 66
0x00007fff97329d4d:   49 bb f8 ff ff ff ff 7f 00 00 4c 23 1f 49 89 f2
0x00007fff97329d5d:   45 23 53 18 49 c1 e2 04 4d 03 53 10 49 3b 32 75
0x00007fff97329d6d:   04 41 ff 62 08 49 83 3a 01 76 0d 49 83 c2 10 49 

Register to memory mapping:

RAX=0x00007ffa1e1c8e30 is an unknown value
RBX=0x0000000119dd23b0: Java_jogamp_nativewindow_macosx_OSXUtil_GetScreenRefreshRate0+0x1850 in /private/var/folders/dg/lb7chnkx37l0x14w48949l7m0000gn/T/jogamp_0000/file_cache/jln4703088119474012115/jln2403322738348711966/libnativewindow_macosx.jnilib at 0x0000000119dcb000
RCX=0x0000000119de6460 is an unknown value
RDX=0x0000000119de6480 is an unknown value
RSP=0x00007fff5fa793c8 is pointing into the stack for thread: 0x00007ffa1a04f000
RBP=0x00007fff5fa79480 is pointing into the stack for thread: 0x00007ffa1a04f000
RSI=0x00007fff92eebd0e is an unknown value
RDI=0x00007ffa1e1c4940 is an unknown value
R8 =0x0000000000000000 is an unknown value
R9 =0x0000000000000810 is an unknown value
R10=0x00007fff92eebd0e is an unknown value
R11=0x000007ffa1e1f190 is an unknown value
R12=0x0000000000000000 is an unknown value
R13={method} {0x0000000170f35028} 'UnsetJAWTRootSurfaceLayer0' '(JJ)V' in 'jogamp/nativewindow/jawt/macosx/MacOSXJAWTWindow'
R14=0x0000000119dd23a0: Java_jogamp_nativewindow_macosx_OSXUtil_GetScreenRefreshRate0+0x1840 in /private/var/folders/dg/lb7chnkx37l0x14w48949l7m0000gn/T/jogamp_0000/file_cache/jln4703088119474012115/jln2403322738348711966/libnativewindow_macosx.jnilib at 0x0000000119dcb000
R15=0x00007ffa1a04f000 is a thread


Stack: [0x00007fff5f27e000,0x00007fff5fa7e000],  sp=0x00007fff5fa793c8,  free space=8172k
Native frames: (J=compiled Java code, j=interpreted, Vv=VM code, C=native code)
C  [libobjc.A.dylib+0x6d5d]  objc_msgSend+0x1d
j  jogamp.nativewindow.jawt.macosx.MacOSXJAWTWindow.UnsetJAWTRootSurfaceLayer0(JJ)V+0
j  jogamp.nativewindow.jawt.macosx.MacOSXJAWTWindow.access$200(JJ)V+2
j  jogamp.nativewindow.jawt.macosx.MacOSXJAWTWindow$1.run()V+38
j  com.jogamp.common.util.RunnableTask.run()V+24
v  ~StubRoutines::call_stub
V  [libjvm.dylib+0x2ec1e6]  JavaCalls::call_helper(JavaValue*, methodHandle*, JavaCallArguments*, Thread*)+0x6ae
V  [libjvm.dylib+0x323355]  jni_invoke_nonstatic(JNIEnv_*, JavaValue*, _jobject*, JNICallType, _jmethodID*, JNI_ArgumentPusher*, Thread*)+0x2ec
V  [libjvm.dylib+0x315b23]  jni_CallVoidMethod+0x16b
C  [libnativewindow_macosx.jnilib+0x57ae]  Java_jogamp_nativewindow_jawt_macosx_MacOSXJAWTWindow_UnsetJAWTRootSurfaceLayer0+0x2be
C  [Foundation+0x7741e]  __NSThreadPerformPerform+0x117
C  [CoreFoundation+0xaa8b1]  __CFRUNLOOP_IS_CALLING_OUT_TO_A_SOURCE0_PERFORM_FUNCTION__+0x11
C  [CoreFoundation+0x8a027]  __CFRunLoopDoSources0+0x1a7
C  [CoreFoundation+0x895cf]  __CFRunLoopRun+0x39f
C  [CoreFoundation+0x88fc8]  CFRunLoopRunSpecific+0x128
C  [HIToolbox+0x30d55]  RunCurrentEventLoopInMode+0xeb
C  [HIToolbox+0x30a97]  ReceiveNextEventCommon+0xb8
C  [HIToolbox+0x309cf]  _BlockUntilNextEventMatchingListInModeWithFilter+0x47
C  [AppKit+0x49d96]  _DPSNextEvent+0x42b
C  [AppKit+0x491c5]  -[NSApplication _nextEventMatchingEventMask:untilDate:inMode:dequeue:]+0x1c6
C  [libosxapp.dylib+0x23aa]  -[NSApplicationAWT nextEventMatchingMask:untilDate:inMode:dequeue:]+0x7c
C  [AppKit+0x3dd28]  -[NSApplication run]+0x2aa
C  [libosxapp.dylib+0x214d]  +[NSApplicationAWT runAWTLoopWithApp:]+0x9c
C  [libawt_lwawt.dylib+0x4455b]  -[AWTStarter starter:]+0x389
C  [Foundation+0x7741e]  __NSThreadPerformPerform+0x117
C  [CoreFoundation+0xaa8b1]  __CFRUNLOOP_IS_CALLING_OUT_TO_A_SOURCE0_PERFORM_FUNCTION__+0x11
C  [CoreFoundation+0x8a0ac]  __CFRunLoopDoSources0+0x22c
C  [CoreFoundation+0x895cf]  __CFRunLoopRun+0x39f
C  [CoreFoundation+0x88fc8]  CFRunLoopRunSpecific+0x128
C  [java+0x6463]  CreateExecutionEnvironment+0x367
C  [java+0x21ac]  JLI_Launch+0x7a0
C  [java+0x84c0]  main+0x65
C  [java+0x1a04]  start+0x34
C  0x0000000000000008

Java frames: (J=compiled Java code, j=interpreted, Vv=VM code)
j  jogamp.nativewindow.jawt.macosx.MacOSXJAWTWindow.UnsetJAWTRootSurfaceLayer0(JJ)V+0
j  jogamp.nativewindow.jawt.macosx.MacOSXJAWTWindow.access$200(JJ)V+2
j  jogamp.nativewindow.jawt.macosx.MacOSXJAWTWindow$1.run()V+38
j  com.jogamp.common.util.RunnableTask.run()V+24
v  ~StubRoutines::call_stub

---------------  P R O C E S S  ---------------

Java Threads: ( => current thread )
  0x00007ffa1abe6000 JavaThread "Thread-20" [_thread_blocked, id=67635, stack(0x0000700001c77000,0x0000700001d77000)]
  0x00007ffa1ab95800 JavaThread "Image Fetcher 2" daemon [_thread_blocked, id=68871, stack(0x0000700002186000,0x0000700002286000)]
  0x00007ffa1ab95000 JavaThread "Image Fetcher 1" daemon [_thread_blocked, id=68147, stack(0x0000700002083000,0x0000700002183000)]
  0x00007ffa1bcb3800 JavaThread "Keep-Alive-Timer" daemon [_thread_blocked, id=64051, stack(0x0000700001af1000,0x0000700001bf1000)]
  0x00007ffa1b399800 JavaThread "Image Fetcher 0" daemon [_thread_blocked, id=62211, stack(0x00007000019ee000,0x0000700001aee000)]
  0x00007ffa1a20b800 JavaThread "AWT-EventQueue-1" [_thread_in_native, id=59171, stack(0x0000700001868000,0x0000700001968000)]
  0x00007ffa1b2c9000 JavaThread "DestroyJavaVM" [_thread_blocked, id=5891, stack(0x000070000011a000,0x000070000021a000)]
  0x00007ffa1b188000 JavaThread "AWT-EventQueue-0" [_thread_blocked, id=54027, stack(0x0000700001662000,0x0000700001762000)]
  0x00007ffa1b1a0000 JavaThread "Java2D Disposer" daemon [_thread_blocked, id=53259, stack(0x00007000013d9000,0x00007000014d9000)]
  0x00007ffa1b187800 JavaThread "Java2D Queue Flusher" daemon [_thread_blocked, id=48919, stack(0x00007000012d6000,0x00007000013d6000)]
  0x00007ffa1a9a3000 JavaThread "AWT-Shutdown" [_thread_blocked, id=29979, stack(0x0000700001150000,0x0000700001250000)]
=>0x00007ffa1a04f000 JavaThread "AWT-AppKit" daemon [_thread_in_native, id=2571, stack(0x00007fff5f27e000,0x00007fff5fa7e000)]
  0x00007ffa1b802800 JavaThread "Service Thread" daemon [_thread_blocked, id=18691, stack(0x0000700000e44000,0x0000700000f44000)]
  0x00007ffa1b800800 JavaThread "C1 CompilerThread2" daemon [_thread_blocked, id=18179, stack(0x0000700000d41000,0x0000700000e41000)]
  0x00007ffa1a011800 JavaThread "C2 CompilerThread1" daemon [_thread_blocked, id=17667, stack(0x0000700000c3e000,0x0000700000d3e000)]
  0x00007ffa1b038800 JavaThread "C2 CompilerThread0" daemon [_thread_blocked, id=17155, stack(0x0000700000b3b000,0x0000700000c3b000)]
  0x00007ffa1a81e800 JavaThread "Signal Dispatcher" daemon [_thread_blocked, id=12815, stack(0x0000700000a38000,0x0000700000b38000)]
  0x00007ffa1b02f800 JavaThread "Finalizer" daemon [_thread_blocked, id=12291, stack(0x000070000082f000,0x000070000092f000)]
  0x00007ffa1b801800 JavaThread "Reference Handler" daemon [_thread_blocked, id=11779, stack(0x000070000072c000,0x000070000082c000)]

Other Threads:
  0x00007ffa1b027800 VMThread [stack: 0x0000700000629000,0x0000700000729000] [id=11267]
  0x00007ffa1b039800 WatcherThread [stack: 0x0000700000f47000,0x0000700001047000] [id=19203]

VM state:not at safepoint (normal execution)

VM Mutex/Monitor currently owned by a thread: None

Heap:
 PSYoungGen      total 38400K, used 16747K [0x0000000795580000, 0x000000079a080000, 0x00000007c0000000)
  eden space 33280K, 34% used [0x0000000795580000,0x00000007960ddf70,0x0000000797600000)
  from space 5120K, 99% used [0x0000000797b00000,0x0000000797ffccd0,0x0000000798000000)
  to   space 5120K, 0% used [0x0000000797600000,0x0000000797600000,0x0000000797b00000)
 ParOldGen       total 87552K, used 10191K [0x0000000740000000, 0x0000000745580000, 0x0000000795580000)
  object space 87552K, 11% used [0x0000000740000000,0x00000007409f3d48,0x0000000745580000)
 Metaspace       used 20131K, capacity 20353K, committed 20608K, reserved 1067008K
  class space    used 2031K, capacity 2109K, committed 2176K, reserved 1048576K

Card table byte_map: [0x0000000110fac000,0x00000001113ad000] byte_map_base: 0x000000010d5ac000

Marking Bits: (ParMarkBitMap*) 0x00000001014eaeb0
 Begin Bits: [0x0000000111658000, 0x0000000113658000)
 End Bits:   [0x0000000113658000, 0x0000000115658000)

Polling page: 0x00000001003fe000

CodeCache: size=245760Kb used=5915Kb max_used=5915Kb free=239844Kb
 bounds [0x0000000101bec000, 0x00000001021bc000, 0x0000000110bec000]
 total_blobs=2486 nmethods=1597 adapters=803
 compilation: enabled

Compilation events (10 events):
Event: 6.253 Thread 0x00007ffa1b800800 1599       3       java.awt.EventQueue::cacheEQItem (60 bytes)
Event: 6.254 Thread 0x00007ffa1b800800 nmethod 1599 0x00000001021a7bd0 code [0x00000001021a7d80, 0x00000001021a84e8]
Event: 6.254 Thread 0x00007ffa1b800800 1600       3       java.awt.EventDispatchThread$HierarchyEventFilter::acceptEvent (225 bytes)
Event: 6.255 Thread 0x00007ffa1b800800 nmethod 1600 0x00000001021abdd0 code [0x00000001021ac000, 0x00000001021ad248]
Event: 6.257 Thread 0x00007ffa1b800800 1602   !   3       sun.lwawt.LWComponentPeer::isShowing (49 bytes)
Event: 6.258 Thread 0x00007ffa1b800800 nmethod 1602 0x00000001021b67d0 code [0x00000001021b6980, 0x00000001021b7288]
Event: 6.258 Thread 0x00007ffa1b800800 1603       1       sun.java2d.opengl.CGLSurfaceData::getDefaultScale (5 bytes)
Event: 6.258 Thread 0x00007ffa1b800800 nmethod 1603 0x000000010218cc50 code [0x000000010218cda0, 0x000000010218ceb0]
Event: 6.297 Thread 0x00007ffa1b800800 1604       3       sun.java2d.pipe.Region::clipScale (41 bytes)
Event: 6.297 Thread 0x00007ffa1b800800 nmethod 1604 0x00000001021ab810 code [0x00000001021ab9c0, 0x00000001021abc88]

GC Heap History (4 events):
Event: 2.515 GC heap before
{Heap before GC invocations=1 (full 0):
 PSYoungGen      total 38400K, used 33280K [0x0000000795580000, 0x0000000798000000, 0x00000007c0000000)
  eden space 33280K, 100% used [0x0000000795580000,0x0000000797600000,0x0000000797600000)
  from space 5120K, 0% used [0x0000000797b00000,0x0000000797b00000,0x0000000798000000)
  to   space 5120K, 0% used [0x0000000797600000,0x0000000797600000,0x0000000797b00000)
 ParOldGen       total 87552K, used 0K [0x0000000740000000, 0x0000000745580000, 0x0000000795580000)
  object space 87552K, 0% used [0x0000000740000000,0x0000000740000000,0x0000000745580000)
 Metaspace       used 16005K, capacity 16219K, committed 16384K, reserved 1064960K
  class space    used 1618K, capacity 1692K, committed 1792K, reserved 1048576K
Event: 2.522 GC heap after
Heap after GC invocations=1 (full 0):
 PSYoungGen      total 38400K, used 5075K [0x0000000795580000, 0x0000000798000000, 0x00000007c0000000)
  eden space 33280K, 0% used [0x0000000795580000,0x0000000795580000,0x0000000797600000)
  from space 5120K, 99% used [0x0000000797600000,0x0000000797af4f38,0x0000000797b00000)
  to   space 5120K, 0% used [0x0000000797b00000,0x0000000797b00000,0x0000000798000000)
 ParOldGen       total 87552K, used 16K [0x0000000740000000, 0x0000000745580000, 0x0000000795580000)
  object space 87552K, 0% used [0x0000000740000000,0x0000000740004000,0x0000000745580000)
 Metaspace       used 16005K, capacity 16219K, committed 16384K, reserved 1064960K
  class space    used 1618K, capacity 1692K, committed 1792K, reserved 1048576K
}
Event: 4.466 GC heap before
{Heap before GC invocations=2 (full 0):
 PSYoungGen      total 38400K, used 38167K [0x0000000795580000, 0x0000000798000000, 0x00000007c0000000)
  eden space 33280K, 99% used [0x0000000795580000,0x00000007975d0e00,0x0000000797600000)
  from space 5120K, 99% used [0x0000000797600000,0x0000000797af4f38,0x0000000797b00000)
  to   space 5120K, 0% used [0x0000000797b00000,0x0000000797b00000,0x0000000798000000)
 ParOldGen       total 87552K, used 16K [0x0000000740000000, 0x0000000745580000, 0x0000000795580000)
  object space 87552K, 0% used [0x0000000740000000,0x0000000740004000,0x0000000745580000)
 Metaspace       used 19722K, capacity 19931K, committed 20096K, reserved 1067008K
  class space    used 2018K, capacity 2076K, committed 2176K, reserved 1048576K
Event: 4.549 GC heap after
Heap after GC invocations=2 (full 0):
 PSYoungGen      total 38400K, used 5107K [0x0000000795580000, 0x000000079a080000, 0x00000007c0000000)
  eden space 33280K, 0% used [0x0000000795580000,0x0000000795580000,0x0000000797600000)
  from space 5120K, 99% used [0x0000000797b00000,0x0000000797ffccd0,0x0000000798000000)
  to   space 5120K, 0% used [0x0000000797600000,0x0000000797600000,0x0000000797b00000)
 ParOldGen       total 87552K, used 10191K [0x0000000740000000, 0x0000000745580000, 0x0000000795580000)
  object space 87552K, 11% used [0x0000000740000000,0x00000007409f3d48,0x0000000745580000)
 Metaspace       used 19722K, capacity 19931K, committed 20096K, reserved 1067008K
  class space    used 2018K, capacity 2076K, committed 2176K, reserved 1048576K
}

Deoptimization events (9 events):
Event: 1.836 Thread 0x00007ffa1b1ac000 Uncommon trap: reason=unstable_if action=reinterpret pc=0x0000000101dbd080 method=java.lang.String.toLowerCase(Ljava/util/Locale;)Ljava/lang/String; @ 85
Event: 2.103 Thread 0x00007ffa1b1ac000 Uncommon trap: reason=unstable_if action=reinterpret pc=0x0000000101e31460 method=java.lang.String.indexOf([CII[CIII)I @ 3
Event: 2.103 Thread 0x00007ffa1b1ac000 Uncommon trap: reason=unstable_if action=reinterpret pc=0x0000000101e1f650 method=java.lang.String.indexOf([CII[CIII)I @ 3
Event: 2.103 Thread 0x00007ffa1b1ac000 Uncommon trap: reason=unstable_if action=reinterpret pc=0x0000000101dadf18 method=java.lang.String.indexOf([CII[CIII)I @ 3
Event: 3.137 Thread 0x00007ffa1a20b800 Uncommon trap: reason=unstable_if action=reinterpret pc=0x0000000101d983ac method=java.lang.AbstractStringBuilder.append(Ljava/lang/String;)Ljava/lang/AbstractStringBuilder; @ 1
Event: 3.189 Thread 0x00007ffa1a20b800 Uncommon trap: reason=unstable_if action=reinterpret pc=0x0000000101f5d260 method=sun.misc.MetaIndex.mayContain(Ljava/lang/String;)Z @ 38
Event: 3.189 Thread 0x00007ffa1a20b800 Uncommon trap: reason=unstable_if action=reinterpret pc=0x0000000101f02504 method=sun.misc.MetaIndex.mayContain(Ljava/lang/String;)Z @ 38
Event: 4.107 Thread 0x00007ffa1a20b800 Uncommon trap: reason=unstable_if action=reinterpret pc=0x0000000101fabd7c method=com.jogamp.common.util.IntIntHashMap.get(I)I @ 28
Event: 4.412 Thread 0x00007ffa1ab95000 Uncommon trap: reason=unstable_if action=reinterpret pc=0x00000001020454e8 method=sun.awt.image.PNGImageDecoder.produceImage()V @ 867

Internal exceptions (10 events):
Event: 0.189 Thread 0x00007ffa1a800000 Exception <a 'java/lang/NoSuchFieldError': method resolution failed> (0x0000000795785ef0) thrown at [/Users/java_re/workspace/8-2-build-macosx-x86_64/jdk8u91/6644/hotspot/src/share/vm/prims/methodHandles.cpp, line 1146]
Event: 0.192 Thread 0x00007ffa1a800000 Exception <a 'java/lang/NoSuchFieldError': method resolution failed> (0x00000007957936c0) thrown at [/Users/java_re/workspace/8-2-build-macosx-x86_64/jdk8u91/6644/hotspot/src/share/vm/prims/methodHandles.cpp, line 1146]
Event: 0.359 Thread 0x00007ffa1a800000 Exception <a 'java/io/FileNotFoundException'> (0x000000079580f598) thrown at [/Users/java_re/workspace/8-2-build-macosx-x86_64/jdk8u91/6644/hotspot/src/share/vm/prims/jni.cpp, line 709]
Event: 0.359 Thread 0x00007ffa1a800000 Exception <a 'java/io/FileNotFoundException'> (0x00000007958100e8) thrown at [/Users/java_re/workspace/8-2-build-macosx-x86_64/jdk8u91/6644/hotspot/src/share/vm/prims/jni.cpp, line 709]
Event: 0.479 Thread 0x00007ffa1a800000 Exception <a 'java/io/FileNotFoundException'> (0x000000079594e720) thrown at [/Users/java_re/workspace/8-2-build-macosx-x86_64/jdk8u91/6644/hotspot/src/share/vm/prims/jni.cpp, line 709]
Event: 2.127 Thread 0x00007ffa1b1ac000 Exception <a 'java/lang/UnsatisfiedLinkError': com.jogamp.common.util.JarUtil.fixNativeLibAttribs(Ljava/lang/String;)Z> (0x0000000796bc90b8) thrown at [/Users/java_re/workspace/8-2-build-macosx-x86_64/jdk8u91/6644/hotspot/src/share/vm/prims/nativeLookup.c
Event: 2.524 Thread 0x00007ffa1b02f800 Exception <a 'java/lang/NullPointerException'> (0x00000007956a6d00) thrown at [/Users/java_re/workspace/8-2-build-macosx-x86_64/jdk8u91/6644/hotspot/src/share/vm/interpreter/linkResolver.cpp, line 1178]
Event: 3.136 Thread 0x00007ffa1a20b800 Exception <a 'java/io/FileNotFoundException'> (0x0000000795dbeed0) thrown at [/Users/java_re/workspace/8-2-build-macosx-x86_64/jdk8u91/6644/hotspot/src/share/vm/prims/jni.cpp, line 709]
Event: 3.137 Thread 0x00007ffa1a20b800 Exception <a 'java/io/FileNotFoundException'> (0x0000000795dc4fd8) thrown at [/Users/java_re/workspace/8-2-build-macosx-x86_64/jdk8u91/6644/hotspot/src/share/vm/prims/jni.cpp, line 709]
Event: 3.137 Thread 0x00007ffa1a20b800 Implicit null exception at 0x0000000101d98035 to 0x0000000101d98399

Events (10 events):
Event: 6.296 loading class java/awt/LightweightDispatcher$2 done
Event: 6.296 loading class java/awt/event/AWTEventListenerProxy
Event: 6.296 loading class java/awt/event/AWTEventListenerProxy done
Event: 6.296 loading class java/awt/Toolkit$ToolkitEventMulticaster
Event: 6.296 loading class java/awt/Toolkit$ToolkitEventMulticaster done
Event: 6.297 Thread 0x00007ffa1a0cc000 Thread exited: 0x00007ffa1a0cc000
Event: 6.297 loading class java/lang/IllegalThreadStateException
Event: 6.297 loading class java/lang/IllegalThreadStateException done
Event: 6.297 loading class java/awt/Window$1DisposeAction
Event: 6.297 loading class java/awt/Window$1DisposeAction done


Dynamic libraries:
0x000000000b142000 	/System/Library/Frameworks/Cocoa.framework/Versions/A/Cocoa
0x000000000b142000 	/System/Library/Frameworks/Security.framework/Versions/A/Security
0x000000000b142000 	/System/Library/Frameworks/ApplicationServices.framework/Versions/A/ApplicationServices
0x000000000b142000 	/usr/lib/libz.1.dylib
0x000000000b142000 	/usr/lib/libSystem.B.dylib
0x000000000b142000 	/usr/lib/libobjc.A.dylib
0x000000000b142000 	/System/Library/Frameworks/CoreFoundation.framework/Versions/A/CoreFoundation
0x000000000b142000 	/System/Library/Frameworks/Foundation.framework/Versions/C/Foundation
0x000000000b142000 	/System/Library/Frameworks/AppKit.framework/Versions/C/AppKit
0x000000000b142000 	/System/Library/Frameworks/CoreData.framework/Versions/A/CoreData
0x000000000b142000 	/System/Library/PrivateFrameworks/RemoteViewServices.framework/Versions/A/RemoteViewServices
0x000000000b142000 	/System/Library/PrivateFrameworks/UIFoundation.framework/Versions/A/UIFoundation
0x000000000b142000 	/usr/lib/libScreenReader.dylib
0x000000000b142000 	/System/Library/Frameworks/Accelerate.framework/Versions/A/Accelerate
0x000000000b142000 	/System/Library/Frameworks/IOSurface.framework/Versions/A/IOSurface
0x000000000b142000 	/System/Library/Frameworks/AudioToolbox.framework/Versions/A/AudioToolbox
0x000000000b142000 	/System/Library/Frameworks/AudioUnit.framework/Versions/A/AudioUnit
0x000000000b142000 	/System/Library/PrivateFrameworks/DataDetectorsCore.framework/Versions/A/DataDetectorsCore
0x000000000b142000 	/System/Library/PrivateFrameworks/DesktopServicesPriv.framework/Versions/A/DesktopServicesPriv
0x000000000b142000 	/System/Library/Frameworks/Carbon.framework/Versions/A/Frameworks/HIToolbox.framework/Versions/A/HIToolbox
0x000000000b142000 	/System/Library/Frameworks/QuartzCore.framework/Versions/A/QuartzCore
0x000000000b142000 	/System/Library/Frameworks/Carbon.framework/Versions/A/Frameworks/SpeechRecognition.framework/Versions/A/SpeechRecognition
0x000000000b142000 	/usr/lib/libauto.dylib
0x000000000b142000 	/usr/lib/libicucore.A.dylib
0x000000000b142000 	/usr/lib/libxml2.2.dylib
0x000000000b142000 	/System/Library/PrivateFrameworks/CoreUI.framework/Versions/A/CoreUI
0x000000000b142000 	/System/Library/Frameworks/CoreAudio.framework/Versions/A/CoreAudio
0x000000000b142000 	/System/Library/Frameworks/DiskArbitration.framework/Versions/A/DiskArbitration
0x000000000b142000 	/usr/lib/liblangid.dylib
0x000000000b142000 	/System/Library/PrivateFrameworks/MultitouchSupport.framework/Versions/A/MultitouchSupport
0x000000000b142000 	/System/Library/Frameworks/IOKit.framework/Versions/A/IOKit
0x000000000b142000 	/usr/lib/libDiagnosticMessagesClient.dylib
0x000000000b142000 	/System/Library/Frameworks/CoreServices.framework/Versions/A/CoreServices
0x000000000b142000 	/System/Library/PrivateFrameworks/PerformanceAnalysis.framework/Versions/A/PerformanceAnalysis
0x000000000b142000 	/System/Library/PrivateFrameworks/GenerationalStorage.framework/Versions/A/GenerationalStorage
0x000000000b142000 	/System/Library/Frameworks/OpenGL.framework/Versions/A/OpenGL
0x000000000b142000 	/System/Library/PrivateFrameworks/Sharing.framework/Versions/A/Sharing
0x000000000b142000 	/System/Library/Frameworks/CoreGraphics.framework/Versions/A/CoreGraphics
0x000000000b142000 	/System/Library/Frameworks/CoreImage.framework/Versions/A/CoreImage
0x000000000b142000 	/System/Library/Frameworks/CoreText.framework/Versions/A/CoreText
0x000000000b142000 	/System/Library/Frameworks/ImageIO.framework/Versions/A/ImageIO
0x000000000b142000 	/System/Library/PrivateFrameworks/Backup.framework/Versions/A/Backup
0x000000000b142000 	/usr/lib/libextension.dylib
0x000000000b142000 	/usr/lib/libarchive.2.dylib
0x000000000b142000 	/System/Library/Frameworks/CFNetwork.framework/Versions/A/CFNetwork
0x000000000b142000 	/System/Library/Frameworks/SystemConfiguration.framework/Versions/A/SystemConfiguration
0x000000000b142000 	/usr/lib/libCRFSuite.dylib
0x000000000b142000 	/usr/lib/libc++.1.dylib
0x000000000b142000 	/usr/lib/libc++abi.dylib
0x000000000b142000 	/usr/lib/system/libcache.dylib
0x000000000b142000 	/usr/lib/system/libcommonCrypto.dylib
0x000000000b142000 	/usr/lib/system/libcompiler_rt.dylib
0x000000000b142000 	/usr/lib/system/libcopyfile.dylib
0x000000000b142000 	/usr/lib/system/libcorecrypto.dylib
0x000000000b142000 	/usr/lib/system/libdispatch.dylib
0x000000000b142000 	/usr/lib/system/libdyld.dylib
0x000000000b142000 	/usr/lib/system/libkeymgr.dylib
0x000000000b142000 	/usr/lib/system/liblaunch.dylib
0x000000000b142000 	/usr/lib/system/libmacho.dylib
0x000000000b142000 	/usr/lib/system/libquarantine.dylib
0x000000000b142000 	/usr/lib/system/libremovefile.dylib
0x000000000b142000 	/usr/lib/system/libsystem_asl.dylib
0x000000000b142000 	/usr/lib/system/libsystem_blocks.dylib
0x000000000b142000 	/usr/lib/system/libsystem_c.dylib
0x000000000b142000 	/usr/lib/system/libsystem_configuration.dylib
0x000000000b142000 	/usr/lib/system/libsystem_coreservices.dylib
0x000000000b142000 	/usr/lib/system/libsystem_coretls.dylib
0x000000000b142000 	/usr/lib/system/libsystem_dnssd.dylib
0x000000000b142000 	/usr/lib/system/libsystem_info.dylib
0x000000000b142000 	/usr/lib/system/libsystem_kernel.dylib
0x000000000b142000 	/usr/lib/system/libsystem_m.dylib
0x000000000b142000 	/usr/lib/system/libsystem_malloc.dylib
0x000000000b142000 	/usr/lib/system/libsystem_network.dylib
0x000000000b142000 	/usr/lib/system/libsystem_networkextension.dylib
0x000000000b142000 	/usr/lib/system/libsystem_notify.dylib
0x000000000b142000 	/usr/lib/system/libsystem_platform.dylib
0x000000000b142000 	/usr/lib/system/libsystem_pthread.dylib
0x000000000b142000 	/usr/lib/system/libsystem_sandbox.dylib
0x000000000b142000 	/usr/lib/system/libsystem_secinit.dylib
0x000000000b142000 	/usr/lib/system/libsystem_trace.dylib
0x000000000b142000 	/usr/lib/system/libunc.dylib
0x000000000b142000 	/usr/lib/system/libunwind.dylib
0x000000000b142000 	/usr/lib/system/libxpc.dylib
0x000000000b142000 	/usr/lib/libenergytrace.dylib
0x000000000b142000 	/usr/lib/libbsm.0.dylib
0x000000000b142000 	/usr/lib/system/libkxld.dylib
0x000000000b142000 	/usr/lib/libxar.1.dylib
0x000000000b142000 	/usr/lib/libsqlite3.dylib
0x000000000b142000 	/usr/lib/libpam.2.dylib
0x000000000b142000 	/usr/lib/libOpenScriptingUtil.dylib
0x000000000b142000 	/usr/lib/libbz2.1.0.dylib
0x000000000b142000 	/usr/lib/liblzma.5.dylib
0x000000000b142000 	/System/Library/Frameworks/CoreServices.framework/Versions/A/Frameworks/FSEvents.framework/Versions/A/FSEvents
0x000000000b142000 	/System/Library/Frameworks/CoreServices.framework/Versions/A/Frameworks/CarbonCore.framework/Versions/A/CarbonCore
0x000000000b142000 	/System/Library/Frameworks/CoreServices.framework/Versions/A/Frameworks/Metadata.framework/Versions/A/Metadata
0x000000000b142000 	/System/Library/Frameworks/CoreServices.framework/Versions/A/Frameworks/OSServices.framework/Versions/A/OSServices
0x000000000b142000 	/System/Library/Frameworks/CoreServices.framework/Versions/A/Frameworks/SearchKit.framework/Versions/A/SearchKit
0x000000000b142000 	/System/Library/Frameworks/CoreServices.framework/Versions/A/Frameworks/AE.framework/Versions/A/AE
0x000000000b142000 	/System/Library/Frameworks/CoreServices.framework/Versions/A/Frameworks/LaunchServices.framework/Versions/A/LaunchServices
0x000000000b142000 	/System/Library/Frameworks/CoreServices.framework/Versions/A/Frameworks/DictionaryServices.framework/Versions/A/DictionaryServices
0x000000000b142000 	/System/Library/Frameworks/CoreServices.framework/Versions/A/Frameworks/SharedFileList.framework/Versions/A/SharedFileList
0x000000000b142000 	/System/Library/Frameworks/NetFS.framework/Versions/A/NetFS
0x000000000b142000 	/System/Library/PrivateFrameworks/NetAuth.framework/Versions/A/NetAuth
0x000000000b142000 	/System/Library/PrivateFrameworks/login.framework/Versions/A/Frameworks/loginsupport.framework/Versions/A/loginsupport
0x000000000b142000 	/System/Library/PrivateFrameworks/TCC.framework/Versions/A/TCC
0x000000000b142000 	/usr/lib/libmecabra.dylib
0x000000000b142000 	/System/Library/Frameworks/ApplicationServices.framework/Versions/A/Frameworks/ATS.framework/Versions/A/ATS
0x000000000b142000 	/System/Library/Frameworks/ApplicationServices.framework/Versions/A/Frameworks/ColorSync.framework/Versions/A/ColorSync
0x000000000b142000 	/System/Library/Frameworks/ApplicationServices.framework/Versions/A/Frameworks/HIServices.framework/Versions/A/HIServices
0x000000000b142000 	/System/Library/Frameworks/ApplicationServices.framework/Versions/A/Frameworks/LangAnalysis.framework/Versions/A/LangAnalysis
0x000000000b142000 	/System/Library/Frameworks/ApplicationServices.framework/Versions/A/Frameworks/PrintCore.framework/Versions/A/PrintCore
0x000000000b142000 	/System/Library/Frameworks/ApplicationServices.framework/Versions/A/Frameworks/QD.framework/Versions/A/QD
0x000000000b142000 	/System/Library/Frameworks/ApplicationServices.framework/Versions/A/Frameworks/SpeechSynthesis.framework/Versions/A/SpeechSynthesis
0x000000000b142000 	/System/Library/Frameworks/Metal.framework/Versions/A/Metal
0x000000000b142000 	/System/Library/Frameworks/Accelerate.framework/Versions/A/Frameworks/vImage.framework/Versions/A/vImage
0x000000000b142000 	/System/Library/Frameworks/Accelerate.framework/Versions/A/Frameworks/vecLib.framework/Versions/A/vecLib
0x000000000b142000 	/System/Library/Frameworks/Accelerate.framework/Versions/A/Frameworks/vecLib.framework/Versions/A/libvDSP.dylib
0x000000000b142000 	/System/Library/Frameworks/Accelerate.framework/Versions/A/Frameworks/vecLib.framework/Versions/A/libvMisc.dylib
0x000000000b142000 	/System/Library/Frameworks/Accelerate.framework/Versions/A/Frameworks/vecLib.framework/Versions/A/libLAPACK.dylib
0x000000000b142000 	/System/Library/Frameworks/Accelerate.framework/Versions/A/Frameworks/vecLib.framework/Versions/A/libBLAS.dylib
0x000000000b142000 	/System/Library/Frameworks/Accelerate.framework/Versions/A/Frameworks/vecLib.framework/Versions/A/libLinearAlgebra.dylib
0x000000000b142000 	/System/Library/Frameworks/Accelerate.framework/Versions/A/Frameworks/vecLib.framework/Versions/A/libSparseBLAS.dylib
0x000000000b142000 	/System/Library/PrivateFrameworks/GPUCompiler.framework/libmetal_timestamp.dylib
0x000000000b142000 	/System/Library/Frameworks/OpenGL.framework/Versions/A/Libraries/libCoreFSCache.dylib
0x000000000b142000 	/System/Library/PrivateFrameworks/IOAccelerator.framework/Versions/A/IOAccelerator
0x000000000b142000 	/System/Library/Frameworks/ApplicationServices.framework/Versions/A/Frameworks/ATS.framework/Versions/A/Resources/libFontParser.dylib
0x000000000b142000 	/System/Library/Frameworks/ApplicationServices.framework/Versions/A/Frameworks/ATS.framework/Versions/A/Resources/libFontRegistry.dylib
0x000000000b142000 	/System/Library/PrivateFrameworks/AppleVPA.framework/Versions/A/AppleVPA
0x000000000b142000 	/System/Library/PrivateFrameworks/AppleJPEG.framework/Versions/A/AppleJPEG
0x000000000b142000 	/System/Library/Frameworks/ImageIO.framework/Versions/A/Resources/libJPEG.dylib
0x000000000b142000 	/System/Library/Frameworks/ImageIO.framework/Versions/A/Resources/libTIFF.dylib
0x000000000b142000 	/System/Library/Frameworks/ImageIO.framework/Versions/A/Resources/libPng.dylib
0x000000000b142000 	/System/Library/Frameworks/ImageIO.framework/Versions/A/Resources/libGIF.dylib
0x000000000b142000 	/System/Library/Frameworks/ImageIO.framework/Versions/A/Resources/libJP2.dylib
0x000000000b142000 	/System/Library/Frameworks/ImageIO.framework/Versions/A/Resources/libRadiance.dylib
0x000000000b142000 	/System/Library/Frameworks/CoreVideo.framework/Versions/A/CoreVideo
0x000000000b142000 	/System/Library/Frameworks/OpenGL.framework/Versions/A/Libraries/libGLU.dylib
0x000000000b142000 	/System/Library/Frameworks/OpenGL.framework/Versions/A/Libraries/libGFXShared.dylib
0x000000000b142000 	/System/Library/Frameworks/OpenGL.framework/Versions/A/Libraries/libGL.dylib
0x000000000b142000 	/System/Library/Frameworks/OpenGL.framework/Versions/A/Libraries/libGLImage.dylib
0x000000000b142000 	/System/Library/Frameworks/OpenGL.framework/Versions/A/Libraries/libCVMSPluginSupport.dylib
0x000000000b142000 	/System/Library/Frameworks/OpenGL.framework/Versions/A/Libraries/libCoreVMClient.dylib
0x000000000b142000 	/usr/lib/libcups.2.dylib
0x000000000b142000 	/System/Library/Frameworks/Kerberos.framework/Versions/A/Kerberos
0x000000000b142000 	/System/Library/Frameworks/GSS.framework/Versions/A/GSS
0x000000000b142000 	/usr/lib/libresolv.9.dylib
0x000000000b142000 	/usr/lib/libiconv.2.dylib
0x000000000b142000 	/System/Library/PrivateFrameworks/Heimdal.framework/Versions/A/Heimdal
0x000000000b142000 	/usr/lib/libheimdal-asn1.dylib
0x000000000b142000 	/System/Library/Frameworks/OpenDirectory.framework/Versions/A/OpenDirectory
0x000000000b142000 	/System/Library/PrivateFrameworks/CommonAuth.framework/Versions/A/CommonAuth
0x000000000b142000 	/System/Library/Frameworks/OpenDirectory.framework/Versions/A/Frameworks/CFOpenDirectory.framework/Versions/A/CFOpenDirectory
0x000000000b142000 	/System/Library/Frameworks/SecurityFoundation.framework/Versions/A/SecurityFoundation
0x000000000b142000 	/System/Library/PrivateFrameworks/LanguageModeling.framework/Versions/A/LanguageModeling
0x000000000b142000 	/usr/lib/libmarisa.dylib
0x000000000b142000 	/usr/lib/libChineseTokenizer.dylib
0x000000000b142000 	/usr/lib/libcmph.dylib
0x000000000b142000 	/usr/lib/libcompression.dylib
0x000000000b142000 	/System/Library/Frameworks/ServiceManagement.framework/Versions/A/ServiceManagement
0x000000000b142000 	/usr/lib/libxslt.1.dylib
0x000000000b142000 	/System/Library/Frameworks/Carbon.framework/Versions/A/Frameworks/Ink.framework/Versions/A/Ink
0x000000000b142000 	/usr/lib/libFosl_dynamic.dylib
0x000000000b142000 	/System/Library/PrivateFrameworks/FaceCore.framework/Versions/A/FaceCore
0x000000000b142000 	/System/Library/Frameworks/OpenCL.framework/Versions/A/OpenCL
0x000000000b142000 	/System/Library/PrivateFrameworks/CrashReporterSupport.framework/Versions/A/CrashReporterSupport
0x000000000b142000 	/System/Library/PrivateFrameworks/IconServices.framework/Versions/A/IconServices
0x000000000b142000 	/System/Library/PrivateFrameworks/Apple80211.framework/Versions/A/Apple80211
0x000000000b142000 	/System/Library/Frameworks/CoreWLAN.framework/Versions/A/CoreWLAN
0x000000000b142000 	/System/Library/Frameworks/IOBluetooth.framework/Versions/A/IOBluetooth
0x000000000b142000 	/System/Library/PrivateFrameworks/CoreWiFi.framework/Versions/A/CoreWiFi
0x000000000b142000 	/System/Library/Frameworks/CoreBluetooth.framework/Versions/A/CoreBluetooth
0x000000000b142000 	/System/Library/PrivateFrameworks/ChunkingLibrary.framework/Versions/A/ChunkingLibrary
0x000000000b142000 	/System/Library/PrivateFrameworks/DebugSymbols.framework/Versions/A/DebugSymbols
0x000000000b142000 	/System/Library/PrivateFrameworks/CoreSymbolication.framework/Versions/A/CoreSymbolication
0x000000000b142000 	/System/Library/PrivateFrameworks/Symbolication.framework/Versions/A/Symbolication
0x000000000b142000 	/System/Library/PrivateFrameworks/SpeechRecognitionCore.framework/Versions/A/SpeechRecognitionCore
0x0000000100c04000 	/Library/Java/JavaVirtualMachines/jdk1.8.0_91.jdk/Contents/Home/jre/lib/server/libjvm.dylib
0x000000000b142000 	/usr/lib/libstdc++.6.dylib
0x0000000101b98000 	/Library/Java/JavaVirtualMachines/jdk1.8.0_91.jdk/Contents/Home/jre/lib/libverify.dylib
0x0000000101ba6000 	/Library/Java/JavaVirtualMachines/jdk1.8.0_91.jdk/Contents/Home/jre/lib/libjava.dylib
0x0000000101be3000 	/Library/Java/JavaVirtualMachines/jdk1.8.0_91.jdk/Contents/Home/jre/lib/libzip.dylib
0x000000011754f000 	/System/Library/Frameworks/JavaVM.framework/Frameworks/JavaRuntimeSupport.framework/JavaRuntimeSupport
0x000000011756a000 	/System/Library/Frameworks/JavaVM.framework/Versions/A/Frameworks/JavaNativeFoundation.framework/Versions/A/JavaNativeFoundation
0x000000011757f000 	/System/Library/Frameworks/JavaVM.framework/Versions/A/JavaVM
0x000000000b142000 	/System/Library/Frameworks/Carbon.framework/Versions/A/Carbon
0x000000011758c000 	/System/Library/PrivateFrameworks/JavaLaunching.framework/Versions/A/JavaLaunching
0x000000000b142000 	/System/Library/Frameworks/Carbon.framework/Versions/A/Frameworks/CommonPanels.framework/Versions/A/CommonPanels
0x000000000b142000 	/System/Library/Frameworks/Carbon.framework/Versions/A/Frameworks/Help.framework/Versions/A/Help
0x000000000b142000 	/System/Library/Frameworks/Carbon.framework/Versions/A/Frameworks/ImageCapture.framework/Versions/A/ImageCapture
0x000000000b142000 	/System/Library/Frameworks/Carbon.framework/Versions/A/Frameworks/OpenScripting.framework/Versions/A/OpenScripting
0x000000000b142000 	/System/Library/Frameworks/Carbon.framework/Versions/A/Frameworks/Print.framework/Versions/A/Print
0x000000000b142000 	/System/Library/Frameworks/Carbon.framework/Versions/A/Frameworks/SecurityHI.framework/Versions/A/SecurityHI
0x0000000118eaf000 	/Library/Java/JavaVirtualMachines/jdk1.8.0_91.jdk/Contents/Home/jre/lib/libawt.dylib
0x0000000118f57000 	/Library/Java/JavaVirtualMachines/jdk1.8.0_91.jdk/Contents/Home/jre/lib/./libmlib_image.dylib
0x0000000119023000 	/Library/Java/JavaVirtualMachines/jdk1.8.0_91.jdk/Contents/Home/jre/lib/libawt_lwawt.dylib
0x00000001190d8000 	/Library/Java/JavaVirtualMachines/jdk1.8.0_91.jdk/Contents/Home/jre/lib/./libosxapp.dylib
0x000000000b142000 	/System/Library/Frameworks/ExceptionHandling.framework/Versions/A/ExceptionHandling
0x000000000b142000 	/System/Library/PrivateFrameworks/CoreServicesInternal.framework/Versions/A/CoreServicesInternal
0x000000000b142000 	/System/Library/Frameworks/CoreGraphics.framework/Versions/A/Resources/libRIP.A.dylib
0x000000000b142000 	/System/Library/Frameworks/Accelerate.framework/Versions/A/Frameworks/vImage.framework/Versions/A/Libraries/libCGInterfaces.dylib
0x000000000b142000 	/System/Library/Frameworks/CoreGraphics.framework/Versions/A/Resources/libCGXType.A.dylib
0x000000000b142000 	/System/Library/Frameworks/OpenCL.framework/Versions/A/Libraries/libcldcpuengine.dylib
0x000000000b142000 	/System/Library/PrivateFrameworks/DiskImages.framework/Versions/A/DiskImages
0x000000000b142000 	/System/Library/Frameworks/DiscRecording.framework/Versions/A/DiscRecording
0x000000000b142000 	/usr/lib/libcsfde.dylib
0x000000000b142000 	/usr/lib/libcurl.4.dylib
0x000000000b142000 	/System/Library/PrivateFrameworks/MediaKit.framework/Versions/A/MediaKit
0x000000000b142000 	/System/Library/PrivateFrameworks/ProtectedCloudStorage.framework/Versions/A/ProtectedCloudStorage
0x000000000b142000 	/usr/lib/libCoreStorage.dylib
0x000000000b142000 	/System/Library/PrivateFrameworks/EFILogin.framework/Versions/A/EFILogin
0x000000000b142000 	/usr/lib/libutil.dylib
0x000000000b142000 	/System/Library/PrivateFrameworks/FindMyDevice.framework/Versions/A/FindMyDevice
0x000000000b142000 	/System/Library/Frameworks/LDAP.framework/Versions/A/LDAP
0x000000000b142000 	/usr/lib/libsasl2.2.dylib
0x000000000b142000 	/System/Library/PrivateFrameworks/CoreDaemon.framework/Versions/B/CoreDaemon
0x000000000b142000 	/usr/lib/libcrypto.0.9.8.dylib
0x000000000b142000 	/System/Library/PrivateFrameworks/AppleSRP.framework/Versions/A/AppleSRP
0x000000000b142000 	/System/Library/PrivateFrameworks/TrustEvaluationAgent.framework/Versions/A/TrustEvaluationAgent
0x000000011a818000 	cl_kernels
0x000000000b142000 	/System/Library/Frameworks/OpenCL.framework/Versions/A/Libraries/ImageFormats/unorm8_bgra.dylib
0x000000000b142000 	/System/Library/Frameworks/OpenCL.framework/Versions/A/Libraries/ImageFormats/unorm8_rgba.dylib
0x000000000b142000 	/System/Library/PrivateFrameworks/FamilyControls.framework/Versions/A/FamilyControls
0x000000000b142000 	/System/Library/PrivateFrameworks/CommerceKit.framework/Versions/A/Frameworks/CommerceCore.framework/Versions/A/CommerceCore
0x000000000b142000 	/System/Library/PrivateFrameworks/SystemAdministration.framework/Versions/A/SystemAdministration
0x000000000b142000 	/System/Library/PrivateFrameworks/AppContainer.framework/Versions/A/AppContainer
0x000000000b142000 	/System/Library/PrivateFrameworks/SecCodeWrapper.framework/Versions/A/SecCodeWrapper
0x000000000b142000 	/System/Library/Frameworks/DirectoryService.framework/Versions/A/DirectoryService
0x000000000b142000 	/System/Library/PrivateFrameworks/LoginUIKit.framework/Versions/A/Frameworks/LoginUICore.framework/Versions/A/LoginUICore
0x000000000b142000 	/usr/lib/libodfde.dylib
0x000000000b142000 	/System/Library/Frameworks/OpenGL.framework/Versions/A/Resources/GLEngine.bundle/GLEngine
0x000000000b142000 	/System/Library/Frameworks/OpenGL.framework/Versions/A/Libraries/libGLProgrammability.dylib
0x000000011b856000 	/System/Library/Extensions/AppleIntelHD5000GraphicsGLDriver.bundle/Contents/MacOS/AppleIntelHD5000GraphicsGLDriver
0x000000000b142000 	/System/Library/PrivateFrameworks/GPUSupport.framework/Versions/A/Libraries/libGPUSupportMercury.dylib
0x000000000b142000 	/System/Library/Frameworks/OpenGL.framework/Versions/A/Resources/GLRendererFloat.bundle/GLRendererFloat
0x000000011c816000 	/Library/Java/JavaVirtualMachines/jdk1.8.0_91.jdk/Contents/Home/jre/lib/libfontmanager.dylib
0x000000011dcb0000 	/Library/Java/JavaVirtualMachines/jdk1.8.0_91.jdk/Contents/Home/jre/lib/libosxui.dylib
0x000000011eab6000 	/Library/Java/JavaVirtualMachines/jdk1.8.0_91.jdk/Contents/Home/jre/lib/libnet.dylib
0x000000011e8c6000 	/Library/Java/JavaVirtualMachines/jdk1.8.0_91.jdk/Contents/Home/jre/lib/libnio.dylib
0x000000000b142000 	/System/Library/Frameworks/ApplicationServices.framework/Versions/A/Frameworks/ATS.framework/Versions/A/Resources/libTrueTypeScaler.dylib
0x000000016f5fd000 	/System/Library/Extensions/AppleIntelHD5000GraphicsMTLDriver.bundle/Contents/MacOS/AppleIntelHD5000GraphicsMTLDriver
0x0000000119dc0000 	/private/var/folders/dg/lb7chnkx37l0x14w48949l7m0000gn/T/jogamp_0000/file_cache/jln4703088119474012115/jln2403322738348711966/libgluegen-rt.jnilib
0x0000000119dc5000 	/private/var/folders/dg/lb7chnkx37l0x14w48949l7m0000gn/T/jogamp_0000/file_cache/jln4703088119474012115/jln2403322738348711966/libnativewindow_awt.jnilib
0x0000000119dc8000 	/Library/Java/JavaVirtualMachines/jdk1.8.0_91.jdk/Contents/Home/jre/lib/libjawt.dylib
0x0000000119dcb000 	/private/var/folders/dg/lb7chnkx37l0x14w48949l7m0000gn/T/jogamp_0000/file_cache/jln4703088119474012115/jln2403322738348711966/libnativewindow_macosx.jnilib
0x0000000170e06000 	/private/var/folders/dg/lb7chnkx37l0x14w48949l7m0000gn/T/jogamp_0000/file_cache/jln4703088119474012115/jln2403322738348711966/libjogl_desktop.jnilib

VM Arguments:
jvm_args: -Djava.library.path=/Library/Java/JavaVirtualMachines/jdk1.8.0_91.jdk/Contents/Home -Djava.security.policy=java.policy.applet -Dfile.encoding=UTF-8 
java_command: sun.applet.AppletViewer SimpleMapApp1469641146687.html
java_class_path (initial): /Users/aarkerr/git/ice-crystal/ice-crystal/build:/Users/aarkerr/git/ice-crystal/ice-crystal/lib/core.jar:/Users/aarkerr/git/ice-crystal/ice-crystal/lib/gluegen-rt.jar:/Users/aarkerr/git/ice-crystal/ice-crystal/lib/jogl-all.jar:/Users/aarkerr/git/ice-crystal/ice-crystal/lib/log4j-1.2.15.jar:/Users/aarkerr/git/ice-crystal/ice-crystal/lib/sqlite-jdbc-3.7.2.jar:/Users/aarkerr/git/ice-crystal/ice-crystal/lib/json4processing.jar:/Users/aarkerr/git/ice-crystal/ice-crystal/lib/libTUIO.jar:/Users/aarkerr/git/ice-crystal/ice-crystal/lib/unfolding.0.9.6.jar:/Users/aarkerr/git/ice-crystal/ice-crystal/lib/geonames-1.1.13.jar:/Users/aarkerr/git/ice-crystal/ice-crystal/lib/jdom-1.0.jar
Launcher Type: SUN_STANDARD

Environment Variables:
PATH=/usr/bin:/bin:/usr/sbin:/sbin
SHELL=/bin/bash
DISPLAY=/private/tmp/com.apple.launchd.cCLFbATgG3/org.macosforge.xquartz:0

Signal Handlers:
SIGSEGV: [libjvm.dylib+0x5a97a1], sa_mask[0]=11111111011111110111111111111111, sa_flags=SA_ONSTACK|SA_RESTART|SA_SIGINFO
SIGBUS: [libjvm.dylib+0x5a97a1], sa_mask[0]=11111111011111110111111111111111, sa_flags=SA_RESTART|SA_SIGINFO
SIGFPE: [libjvm.dylib+0x482594], sa_mask[0]=11111111011111110111111111111111, sa_flags=SA_RESTART|SA_SIGINFO
SIGPIPE: [libjvm.dylib+0x482594], sa_mask[0]=11111111011111110111111111111111, sa_flags=SA_RESTART|SA_SIGINFO
SIGXFSZ: [libjvm.dylib+0x482594], sa_mask[0]=11111111011111110111111111111111, sa_flags=SA_RESTART|SA_SIGINFO
SIGILL: [libjvm.dylib+0x482594], sa_mask[0]=11111111011111110111111111111111, sa_flags=SA_RESTART|SA_SIGINFO
SIGUSR1: SIG_DFL, sa_mask[0]=00000000000000000000000000000000, sa_flags=none
SIGUSR2: [libjvm.dylib+0x4820b2], sa_mask[0]=00100000000000000000000000000000, sa_flags=SA_RESTART|SA_SIGINFO
SIGHUP: [libjvm.dylib+0x480689], sa_mask[0]=11111111011111110111111111111111, sa_flags=SA_RESTART|SA_SIGINFO
SIGINT: [libjvm.dylib+0x480689], sa_mask[0]=11111111011111110111111111111111, sa_flags=SA_RESTART|SA_SIGINFO
SIGTERM: [libjvm.dylib+0x480689], sa_mask[0]=11111111011111110111111111111111, sa_flags=SA_RESTART|SA_SIGINFO
SIGQUIT: [libjvm.dylib+0x480689], sa_mask[0]=11111111011111110111111111111111, sa_flags=SA_RESTART|SA_SIGINFO


---------------  S Y S T E M  ---------------

OS:Bsduname:Darwin 15.0.0 Darwin Kernel Version 15.0.0: Sat Sep 19 15:53:46 PDT 2015; root:xnu-3247.10.11~1/RELEASE_X86_64 x86_64
rlimit: STACK 8192k, CORE 0k, NPROC 709, NOFILE 10240, AS infinity
load average:3.73 2.68 2.32

CPU:total 4 (2 cores per cpu, 2 threads per core) family 6 model 69 stepping 1, cmov, cx8, fxsr, mmx, sse, sse2, sse3, ssse3, sse4.1, sse4.2, popcnt, avx, avx2, aes, clmul, erms, rtm, lzcnt, ht, tsc, tscinvbit, bmi1, bmi2

Memory: 4k page, physical 8388608k(1256428k free)

/proc/meminfo:


vm_info: Java HotSpot(TM) 64-Bit Server VM (25.91-b14) for bsd-amd64 JRE (1.8.0_91-b14), built on Apr  1 2016 01:03:00 by "java_re" with gcc 4.2.1 (Based on Apple Inc. build 5658) (LLVM build 2336.11.00)

time: Wed Jul 27 13:39:13 2016
elapsed time: 6 seconds (0d 0h 0m 6s)

