#
# A fatal error has been detected by the Java Runtime Environment:
#
#  SIGSEGV (0xb) at pc=0x00007fff8e3f1d5d, pid=91538, tid=2571
#
# JRE version: Java(TM) SE Runtime Environment (8.0_91-b14) (build 1.8.0_91-b14)
# Java VM: Java HotSpot(TM) 64-Bit Server VM (25.91-b14 mixed mode bsd-amd64 compressed oops)
# Problematic frame:
# C  [libobjc.A.dylib+0x6d5d]  objc_msgSend+0x1d
#
# Failed to write core dump. Core dumps have been disabled. To enable core dumping, try "ulimit -c unlimited" before starting Java again
#
# If you would like to submit a bug report, please visit:
#   http://bugreport.java.com/bugreport/crash.jsp
# The crash happened outside the Java Virtual Machine in native code.
# See problematic frame for where to report the bug.
#

---------------  T H R E A D  ---------------

Current thread (0x00007fabc40ee800):  JavaThread "AWT-AppKit" daemon [_thread_in_native, id=2571, stack(0x00007fff5bdc4000,0x00007fff5c5c4000)]

siginfo: si_signo: 11 (SIGSEGV), si_code: 1 (SEGV_MAPERR), si_addr: 0x0000000000000018

Registers:
RAX=0x00007fabc70727c0, RBX=0x0000000172a183b0, RCX=0x000000011d2cbbe0, RDX=0x000000011ce4ac00
RSP=0x00007fff5c5bf2c8, RBP=0x00007fff5c5bf380, RSI=0x00007fff89fb3d0e, RDI=0x00007fabc2ca3920
R8 =0x0000000000000000, R9 =0x0000000000000810, R10=0x00007fff89fb3d0e, R11=0x0000000000000000
R12=0x0000000000000000, R13=0x000000017440a5c8, R14=0x0000000172a183a0, R15=0x00007fabc40ee800
RIP=0x00007fff8e3f1d5d, EFLAGS=0x0000000000010246, ERR=0x0000000000000004
  TRAPNO=0x000000000000000e

Top of Stack: (sp=0x00007fff5c5bf2c8)
0x00007fff5c5bf2c8:   0000000172a165d7 00007fff5c5bf320
0x00007fff5c5bf2d8:   0000000000000003 00007fff5c5bf300
0x00007fff5c5bf2e8:   0000000103aaa4ea 000000017440a5c8
0x00007fff5c5bf2f8:   000000017440a5c8 00007fabc70727c0
0x00007fff5c5bf308:   0000000172a185c0 0000000172a18640
0x00007fff5c5bf318:   0000000172a183b0 00007fff72d68740
0x00007fff5c5bf328:   0000000172a185d0 00007fff72f6e4c0
0x00007fff5c5bf338:   00007fabc70727c0 00007fabc2ca3920
0x00007fff5c5bf348:   00007fabc56b6bc0 00007fabc70727c0
0x00007fff5c5bf358:   00007fabc2ca3920 00007fff5c5bf408
0x00007fff5c5bf368:   00007fabc40ee9f8 000000017440a5c8
0x00007fff5c5bf378:   00007fff5c5bf430 00007fff5c5bf3f8
0x00007fff5c5bf388:   00000001052179d4 000000017440a5c8
0x00007fff5c5bf398:   00007fff5c5bf430 00007fff5c5bf3f8
0x00007fff5c5bf3a8:   0000000105217767 0000000105217722
0x00007fff5c5bf3b8:   00007fff5c5bf3b8 000000017440a5c8
0x00007fff5c5bf3c8:   00007fff5c5bf430 000000017440cdb8
0x00007fff5c5bf3d8:   0000000000000000 000000017440a5c8
0x00007fff5c5bf3e8:   0000000000000000 00007fff5c5bf418
0x00007fff5c5bf3f8:   00007fff5c5bf478 00000001052082bd
0x00007fff5c5bf408:   000000074016faf0 0000000105211538
0x00007fff5c5bf418:   00007fabc70727c0 00007fff5c5bf478
0x00007fff5c5bf428:   00007fabc2ca3920 0000000105212e02
0x00007fff5c5bf438:   00007fff5c5bf438 000000017440a792
0x00007fff5c5bf448:   00007fff5c5bf4a0 000000017440cdb8
0x00007fff5c5bf458:   0000000000000000 000000017440a7a0
0x00007fff5c5bf468:   00007fff5c5bf418 00007fff5c5bf488
0x00007fff5c5bf478:   00007fff5c5bf4e8 00000001052082bd
0x00007fff5c5bf488:   00007fabc70727c0 0000000797cfc908
0x00007fff5c5bf498:   00007fabc2ca3920 0000000797cfc908
0x00007fff5c5bf4a8:   00007fff5c5bf4a8 000000017925606e
0x00007fff5c5bf4b8:   00007fff5c5bf4f8 0000000179256128 

Instructions: (pc=0x00007fff8e3f1d5d)
0x00007fff8e3f1d3d:   44 00 00 48 85 ff 2e 74 62 40 f6 c7 01 2e 75 66
0x00007fff8e3f1d4d:   49 bb f8 ff ff ff ff 7f 00 00 4c 23 1f 49 89 f2
0x00007fff8e3f1d5d:   45 23 53 18 49 c1 e2 04 4d 03 53 10 49 3b 32 75
0x00007fff8e3f1d6d:   04 41 ff 62 08 49 83 3a 01 76 0d 49 83 c2 10 49 

Register to memory mapping:

RAX=0x00007fabc70727c0 is an unknown value
RBX=0x0000000172a183b0: Java_jogamp_nativewindow_macosx_OSXUtil_GetScreenRefreshRate0+0x1850 in /private/var/folders/dg/lb7chnkx37l0x14w48949l7m0000gn/T/jogamp_0000/file_cache/jln1870550561024448013/jln2864728187034408452/libnativewindow_macosx.jnilib at 0x0000000172a11000
RCX=0x000000011d2cbbe0 is an unknown value
RDX=0x000000011ce4ac00 is an unknown value
RSP=0x00007fff5c5bf2c8 is pointing into the stack for thread: 0x00007fabc40ee800
RBP=0x00007fff5c5bf380 is pointing into the stack for thread: 0x00007fabc40ee800
RSI=0x00007fff89fb3d0e is an unknown value
RDI=0x00007fabc2ca3920 is an unknown value
R8 =0x0000000000000000 is an unknown value
R9 =0x0000000000000810 is an unknown value
R10=0x00007fff89fb3d0e is an unknown value
R11=0x0000000000000000 is an unknown value
R12=0x0000000000000000 is an unknown value
R13={method} {0x000000017440a5c8} 'UnsetJAWTRootSurfaceLayer0' '(JJ)V' in 'jogamp/nativewindow/jawt/macosx/MacOSXJAWTWindow'
R14=0x0000000172a183a0: Java_jogamp_nativewindow_macosx_OSXUtil_GetScreenRefreshRate0+0x1840 in /private/var/folders/dg/lb7chnkx37l0x14w48949l7m0000gn/T/jogamp_0000/file_cache/jln1870550561024448013/jln2864728187034408452/libnativewindow_macosx.jnilib at 0x0000000172a11000
R15=0x00007fabc40ee800 is a thread


Stack: [0x00007fff5bdc4000,0x00007fff5c5c4000],  sp=0x00007fff5c5bf2c8,  free space=8172k
Native frames: (J=compiled Java code, j=interpreted, Vv=VM code, C=native code)
C  [libobjc.A.dylib+0x6d5d]  objc_msgSend+0x1d
j  jogamp.nativewindow.jawt.macosx.MacOSXJAWTWindow.UnsetJAWTRootSurfaceLayer0(JJ)V+0
j  jogamp.nativewindow.jawt.macosx.MacOSXJAWTWindow.access$200(JJ)V+2
j  jogamp.nativewindow.jawt.macosx.MacOSXJAWTWindow$1.run()V+38
J 1821 C1 com.jogamp.common.util.RunnableTask.run()V (345 bytes) @ 0x000000010587ab54 [0x000000010587a9c0+0x194]
v  ~StubRoutines::call_stub
V  [libjvm.dylib+0x2ec1e6]  JavaCalls::call_helper(JavaValue*, methodHandle*, JavaCallArguments*, Thread*)+0x6ae
V  [libjvm.dylib+0x323355]  jni_invoke_nonstatic(JNIEnv_*, JavaValue*, _jobject*, JNICallType, _jmethodID*, JNI_ArgumentPusher*, Thread*)+0x2ec
V  [libjvm.dylib+0x315b23]  jni_CallVoidMethod+0x16b
C  [libnativewindow_macosx.jnilib+0x57ae]  Java_jogamp_nativewindow_jawt_macosx_MacOSXJAWTWindow_UnsetJAWTRootSurfaceLayer0+0x2be
C  [Foundation+0x7741e]  __NSThreadPerformPerform+0x117
C  [CoreFoundation+0xaa8b1]  __CFRUNLOOP_IS_CALLING_OUT_TO_A_SOURCE0_PERFORM_FUNCTION__+0x11
C  [CoreFoundation+0x8a027]  __CFRunLoopDoSources0+0x1a7
C  [CoreFoundation+0x895cf]  __CFRunLoopRun+0x39f
C  [CoreFoundation+0x88fc8]  CFRunLoopRunSpecific+0x128
C  [HIToolbox+0x30d55]  RunCurrentEventLoopInMode+0xeb
C  [HIToolbox+0x30a97]  ReceiveNextEventCommon+0xb8
C  [HIToolbox+0x309cf]  _BlockUntilNextEventMatchingListInModeWithFilter+0x47
C  [AppKit+0x49d96]  _DPSNextEvent+0x42b
C  [AppKit+0x491c5]  -[NSApplication _nextEventMatchingEventMask:untilDate:inMode:dequeue:]+0x1c6
C  [libosxapp.dylib+0x23aa]  -[NSApplicationAWT nextEventMatchingMask:untilDate:inMode:dequeue:]+0x7c
C  [AppKit+0x3dd28]  -[NSApplication run]+0x2aa
C  [libosxapp.dylib+0x214d]  +[NSApplicationAWT runAWTLoopWithApp:]+0x9c
C  [libawt_lwawt.dylib+0x4455b]  -[AWTStarter starter:]+0x389
C  [Foundation+0x7741e]  __NSThreadPerformPerform+0x117
C  [CoreFoundation+0xaa8b1]  __CFRUNLOOP_IS_CALLING_OUT_TO_A_SOURCE0_PERFORM_FUNCTION__+0x11
C  [CoreFoundation+0x8a0ac]  __CFRunLoopDoSources0+0x22c
C  [CoreFoundation+0x895cf]  __CFRunLoopRun+0x39f
C  [CoreFoundation+0x88fc8]  CFRunLoopRunSpecific+0x128
C  [java+0x6463]  CreateExecutionEnvironment+0x367
C  [java+0x21ac]  JLI_Launch+0x7a0
C  [java+0x84c0]  main+0x65
C  [java+0x1a04]  start+0x34
C  0x0000000000000008

Java frames: (J=compiled Java code, j=interpreted, Vv=VM code)
j  jogamp.nativewindow.jawt.macosx.MacOSXJAWTWindow.UnsetJAWTRootSurfaceLayer0(JJ)V+0
j  jogamp.nativewindow.jawt.macosx.MacOSXJAWTWindow.access$200(JJ)V+2
j  jogamp.nativewindow.jawt.macosx.MacOSXJAWTWindow$1.run()V+38
J 1821 C1 com.jogamp.common.util.RunnableTask.run()V (345 bytes) @ 0x000000010587ab54 [0x000000010587a9c0+0x194]
v  ~StubRoutines::call_stub

---------------  P R O C E S S  ---------------

Java Threads: ( => current thread )
  0x00007fabc424a000 JavaThread "Thread-20" [_thread_blocked, id=66583, stack(0x00007000019ee000,0x0000700001aee000)]
  0x00007fabc44a5000 JavaThread "Keep-Alive-Timer" daemon [_thread_blocked, id=65375, stack(0x0000700001dfa000,0x0000700001efa000)]
  0x00007fabc3348800 JavaThread "AWT-EventQueue-1" [_thread_in_native, id=58923, stack(0x0000700001868000,0x0000700001968000)]
  0x00007fabc4803000 JavaThread "DestroyJavaVM" [_thread_blocked, id=5891, stack(0x000070000011a000,0x000070000021a000)]
  0x00007fabc420d000 JavaThread "AWT-EventQueue-0" [_thread_blocked, id=54027, stack(0x0000700001662000,0x0000700001762000)]
  0x00007fabc419a800 JavaThread "Java2D Disposer" daemon [_thread_blocked, id=53255, stack(0x00007000013d9000,0x00007000014d9000)]
  0x00007fabc31c8800 JavaThread "Java2D Queue Flusher" daemon [_thread_blocked, id=41751, stack(0x00007000012d6000,0x00007000013d6000)]
  0x00007fabc3132800 JavaThread "AWT-Shutdown" [_thread_blocked, id=26431, stack(0x00007000010cd000,0x00007000011cd000)]
=>0x00007fabc40ee800 JavaThread "AWT-AppKit" daemon [_thread_in_native, id=2571, stack(0x00007fff5bdc4000,0x00007fff5c5c4000)]
  0x00007fabc407e800 JavaThread "Service Thread" daemon [_thread_blocked, id=18691, stack(0x0000700000e44000,0x0000700000f44000)]
  0x00007fabc301a800 JavaThread "C1 CompilerThread2" daemon [_thread_blocked, id=18179, stack(0x0000700000d41000,0x0000700000e41000)]
  0x00007fabc301a000 JavaThread "C2 CompilerThread1" daemon [_thread_blocked, id=17667, stack(0x0000700000c3e000,0x0000700000d3e000)]
  0x00007fabc4033800 JavaThread "C2 CompilerThread0" daemon [_thread_blocked, id=17155, stack(0x0000700000b3b000,0x0000700000c3b000)]
  0x00007fabc4011000 JavaThread "Signal Dispatcher" daemon [_thread_blocked, id=13839, stack(0x0000700000a38000,0x0000700000b38000)]
  0x00007fabc4001800 JavaThread "Finalizer" daemon [_thread_blocked, id=12291, stack(0x000070000082f000,0x000070000092f000)]
  0x00007fabc3012800 JavaThread "Reference Handler" daemon [_thread_blocked, id=11779, stack(0x000070000072c000,0x000070000082c000)]

Other Threads:
  0x00007fabc300d800 VMThread [stack: 0x0000700000629000,0x0000700000729000] [id=11267]
  0x00007fabc3880800 WatcherThread [stack: 0x0000700000f47000,0x0000700001047000] [id=19203]

VM state:not at safepoint (normal execution)

VM Mutex/Monitor currently owned by a thread: None

Heap:
 PSYoungGen      total 38400K, used 33120K [0x0000000795580000, 0x0000000798000000, 0x00000007c0000000)
  eden space 33280K, 84% used [0x0000000795580000,0x00000007970db720,0x0000000797600000)
  from space 5120K, 99% used [0x0000000797b00000,0x0000000797ffccb0,0x0000000798000000)
  to   space 5120K, 0% used [0x0000000797600000,0x0000000797600000,0x0000000797b00000)
 ParOldGen       total 87552K, used 8707K [0x0000000740000000, 0x0000000745580000, 0x0000000795580000)
  object space 87552K, 9% used [0x0000000740000000,0x0000000740880fc0,0x0000000745580000)
 Metaspace       used 19270K, capacity 19457K, committed 19712K, reserved 1067008K
  class space    used 1894K, capacity 1981K, committed 2048K, reserved 1048576K

Card table byte_map: [0x00000001145c0000,0x00000001149c1000] byte_map_base: 0x0000000110bc0000

Marking Bits: (ParMarkBitMap*) 0x000000010419eeb0
 Begin Bits: [0x0000000114c6c000, 0x0000000116c6c000)
 End Bits:   [0x0000000116c6c000, 0x0000000118c6c000)

Polling page: 0x0000000104893000

CodeCache: size=245760Kb used=7290Kb max_used=7290Kb free=238470Kb
 bounds [0x0000000105200000, 0x0000000105930000, 0x0000000114200000]
 total_blobs=2884 nmethods=1998 adapters=799
 compilation: enabled

Compilation events (10 events):
Event: 9.596 Thread 0x00007fabc301a800 1993       3       java.util.concurrent.locks.AbstractQueuedSynchronizer::tryAcquireSharedNanos (37 bytes)
Event: 9.597 Thread 0x00007fabc301a800 nmethod 1993 0x000000010591f7d0 code [0x000000010591f980, 0x000000010591fe18]
Event: 9.667 Thread 0x00007fabc301a800 1995   !   3       java.util.concurrent.locks.AbstractQueuedSynchronizer::fullyRelease (54 bytes)
Event: 9.667 Thread 0x00007fabc301a800 nmethod 1995 0x0000000105920e50 code [0x0000000105921000, 0x00000001059215e8]
Event: 9.695 Thread 0x00007fabc301a800 1996       1       sun.java2d.SurfaceData::isValid (5 bytes)
Event: 9.695 Thread 0x00007fabc301a800 nmethod 1996 0x00000001058d0890 code [0x00000001058d09e0, 0x00000001058d0af0]
Event: 9.707 Thread 0x00007fabc301a800 1997       3       sun.misc.JarIndex::get (49 bytes)
Event: 9.708 Thread 0x00007fabc301a800 nmethod 1997 0x00000001059218d0 code [0x0000000105921aa0, 0x0000000105922318]
Event: 9.709 Thread 0x00007fabc301a800 1998       3       sun.lwawt.LWComponentPeer::getLocationOnScreen (41 bytes)
Event: 9.710 Thread 0x00007fabc301a800 nmethod 1998 0x0000000105922650 code [0x0000000105922840, 0x00000001059231c8]

GC Heap History (4 events):
Event: 2.434 GC heap before
{Heap before GC invocations=1 (full 0):
 PSYoungGen      total 38400K, used 33280K [0x0000000795580000, 0x0000000798000000, 0x00000007c0000000)
  eden space 33280K, 100% used [0x0000000795580000,0x0000000797600000,0x0000000797600000)
  from space 5120K, 0% used [0x0000000797b00000,0x0000000797b00000,0x0000000798000000)
  to   space 5120K, 0% used [0x0000000797600000,0x0000000797600000,0x0000000797b00000)
 ParOldGen       total 87552K, used 0K [0x0000000740000000, 0x0000000745580000, 0x0000000795580000)
  object space 87552K, 0% used [0x0000000740000000,0x0000000740000000,0x0000000745580000)
 Metaspace       used 16029K, capacity 16215K, committed 16384K, reserved 1064960K
  class space    used 1619K, capacity 1692K, committed 1792K, reserved 1048576K
Event: 2.442 GC heap after
Heap after GC invocations=1 (full 0):
 PSYoungGen      total 38400K, used 5119K [0x0000000795580000, 0x0000000798000000, 0x00000007c0000000)
  eden space 33280K, 0% used [0x0000000795580000,0x0000000795580000,0x0000000797600000)
  from space 5120K, 99% used [0x0000000797600000,0x0000000797affc38,0x0000000797b00000)
  to   space 5120K, 0% used [0x0000000797b00000,0x0000000797b00000,0x0000000798000000)
 ParOldGen       total 87552K, used 45K [0x0000000740000000, 0x0000000745580000, 0x0000000795580000)
  object space 87552K, 0% used [0x0000000740000000,0x000000074000b750,0x0000000745580000)
 Metaspace       used 16029K, capacity 16215K, committed 16384K, reserved 1064960K
  class space    used 1619K, capacity 1692K, committed 1792K, reserved 1048576K
}
Event: 3.732 GC heap before
{Heap before GC invocations=2 (full 0):
 PSYoungGen      total 38400K, used 38399K [0x0000000795580000, 0x0000000798000000, 0x00000007c0000000)
  eden space 33280K, 100% used [0x0000000795580000,0x0000000797600000,0x0000000797600000)
  from space 5120K, 99% used [0x0000000797600000,0x0000000797affc38,0x0000000797b00000)
  to   space 5120K, 0% used [0x0000000797b00000,0x0000000797b00000,0x0000000798000000)
 ParOldGen       total 87552K, used 45K [0x0000000740000000, 0x0000000745580000, 0x0000000795580000)
  object space 87552K, 0% used [0x0000000740000000,0x000000074000b750,0x0000000745580000)
 Metaspace       used 18678K, capacity 18849K, committed 19200K, reserved 1067008K
  class space    used 1885K, capacity 1949K, committed 2048K, reserved 1048576K
Event: 3.747 GC heap after
Heap after GC invocations=2 (full 0):
 PSYoungGen      total 38400K, used 5107K [0x0000000795580000, 0x0000000798000000, 0x00000007c0000000)
  eden space 33280K, 0% used [0x0000000795580000,0x0000000795580000,0x0000000797600000)
  from space 5120K, 99% used [0x0000000797b00000,0x0000000797ffccb0,0x0000000798000000)
  to   space 5120K, 0% used [0x0000000797600000,0x0000000797600000,0x0000000797b00000)
 ParOldGen       total 87552K, used 8707K [0x0000000740000000, 0x0000000745580000, 0x0000000795580000)
  object space 87552K, 9% used [0x0000000740000000,0x0000000740880fc0,0x0000000745580000)
 Metaspace       used 18678K, capacity 18849K, committed 19200K, reserved 1067008K
  class space    used 1885K, capacity 1949K, committed 2048K, reserved 1048576K
}

Deoptimization events (8 events):
Event: 1.693 Thread 0x00007fabc4981800 Uncommon trap: reason=unstable_if action=reinterpret pc=0x00000001053d0a40 method=java.lang.String.toLowerCase(Ljava/util/Locale;)Ljava/lang/String; @ 85
Event: 1.947 Thread 0x00007fabc333e800 Uncommon trap: reason=unstable_if action=reinterpret pc=0x0000000105441d28 method=java.lang.String.indexOf([CII[CIII)I @ 3
Event: 1.947 Thread 0x00007fabc333e800 Uncommon trap: reason=unstable_if action=reinterpret pc=0x00000001053bc218 method=java.lang.String.indexOf([CII[CIII)I @ 3
Event: 2.960 Thread 0x00007fabc3348800 Uncommon trap: reason=unstable_if action=reinterpret pc=0x00000001053a2d40 method=java.lang.AbstractStringBuilder.append(Ljava/lang/String;)Ljava/lang/AbstractStringBuilder; @ 1
Event: 2.983 Thread 0x00007fabc3348800 Uncommon trap: reason=unstable_if action=reinterpret pc=0x000000010558af20 method=sun.misc.MetaIndex.mayContain(Ljava/lang/String;)Z @ 38
Event: 2.983 Thread 0x00007fabc3348800 Uncommon trap: reason=unstable_if action=reinterpret pc=0x0000000105515fc4 method=sun.misc.MetaIndex.mayContain(Ljava/lang/String;)Z @ 38
Event: 3.113 Thread 0x00007fabc3348800 Uncommon trap: reason=unstable_if action=reinterpret pc=0x00000001055c62bc method=com.jogamp.common.util.IntIntHashMap.get(I)I @ 28
Event: 9.694 Thread 0x00007fabc319a800 Uncommon trap: reason=unstable_if action=reinterpret pc=0x0000000105851640 method=java.util.HashMap.putVal(ILjava/lang/Object;Ljava/lang/Object;ZZ)Ljava/lang/Object; @ 81

Internal exceptions (10 events):
Event: 0.147 Thread 0x00007fabc4803000 Exception <a 'java/lang/NoSuchFieldError': method resolution failed> (0x0000000795785ef0) thrown at [/Users/java_re/workspace/8-2-build-macosx-x86_64/jdk8u91/6644/hotspot/src/share/vm/prims/methodHandles.cpp, line 1146]
Event: 0.149 Thread 0x00007fabc4803000 Exception <a 'java/lang/NoSuchFieldError': method resolution failed> (0x00000007957936c0) thrown at [/Users/java_re/workspace/8-2-build-macosx-x86_64/jdk8u91/6644/hotspot/src/share/vm/prims/methodHandles.cpp, line 1146]
Event: 0.277 Thread 0x00007fabc4803000 Exception <a 'java/io/FileNotFoundException'> (0x000000079580f598) thrown at [/Users/java_re/workspace/8-2-build-macosx-x86_64/jdk8u91/6644/hotspot/src/share/vm/prims/jni.cpp, line 709]
Event: 0.278 Thread 0x00007fabc4803000 Exception <a 'java/io/FileNotFoundException'> (0x00000007958100e8) thrown at [/Users/java_re/workspace/8-2-build-macosx-x86_64/jdk8u91/6644/hotspot/src/share/vm/prims/jni.cpp, line 709]
Event: 0.393 Thread 0x00007fabc4803000 Exception <a 'java/io/FileNotFoundException'> (0x000000079594e720) thrown at [/Users/java_re/workspace/8-2-build-macosx-x86_64/jdk8u91/6644/hotspot/src/share/vm/prims/jni.cpp, line 709]
Event: 1.977 Thread 0x00007fabc333e800 Exception <a 'java/lang/UnsatisfiedLinkError': com.jogamp.common.util.JarUtil.fixNativeLibAttribs(Ljava/lang/String;)Z> (0x0000000796bebf40) thrown at [/Users/java_re/workspace/8-2-build-macosx-x86_64/jdk8u91/6644/hotspot/src/share/vm/prims/nativeLookup.c
Event: 2.443 Thread 0x00007fabc4001800 Exception <a 'java/lang/NullPointerException'> (0x00000007956a4a98) thrown at [/Users/java_re/workspace/8-2-build-macosx-x86_64/jdk8u91/6644/hotspot/src/share/vm/interpreter/linkResolver.cpp, line 1178]
Event: 2.959 Thread 0x00007fabc3348800 Exception <a 'java/io/FileNotFoundException'> (0x0000000795dcaa80) thrown at [/Users/java_re/workspace/8-2-build-macosx-x86_64/jdk8u91/6644/hotspot/src/share/vm/prims/jni.cpp, line 709]
Event: 2.959 Thread 0x00007fabc3348800 Exception <a 'java/io/FileNotFoundException'> (0x0000000795dd0b88) thrown at [/Users/java_re/workspace/8-2-build-macosx-x86_64/jdk8u91/6644/hotspot/src/share/vm/prims/jni.cpp, line 709]
Event: 2.960 Thread 0x00007fabc3348800 Implicit null exception at 0x00000001053a2973 to 0x00000001053a2d2d

Events (10 events):
Event: 9.709 loading class java/awt/LightweightDispatcher$2 done
Event: 9.709 loading class java/awt/event/AWTEventListenerProxy
Event: 9.709 loading class java/awt/event/AWTEventListenerProxy done
Event: 9.709 loading class java/awt/Toolkit$ToolkitEventMulticaster
Event: 9.709 loading class java/awt/Toolkit$ToolkitEventMulticaster done
Event: 9.709 Thread 0x00007fabc319a800 Thread exited: 0x00007fabc319a800
Event: 9.710 loading class java/lang/IllegalThreadStateException
Event: 9.710 loading class java/lang/IllegalThreadStateException done
Event: 9.710 loading class java/awt/Window$1DisposeAction
Event: 9.710 loading class java/awt/Window$1DisposeAction done


Dynamic libraries:
0x000000000220a000 	/System/Library/Frameworks/Cocoa.framework/Versions/A/Cocoa
0x000000000220a000 	/System/Library/Frameworks/Security.framework/Versions/A/Security
0x000000000220a000 	/System/Library/Frameworks/ApplicationServices.framework/Versions/A/ApplicationServices
0x000000000220a000 	/usr/lib/libz.1.dylib
0x000000000220a000 	/usr/lib/libSystem.B.dylib
0x000000000220a000 	/usr/lib/libobjc.A.dylib
0x000000000220a000 	/System/Library/Frameworks/CoreFoundation.framework/Versions/A/CoreFoundation
0x000000000220a000 	/System/Library/Frameworks/Foundation.framework/Versions/C/Foundation
0x000000000220a000 	/System/Library/Frameworks/AppKit.framework/Versions/C/AppKit
0x000000000220a000 	/System/Library/Frameworks/CoreData.framework/Versions/A/CoreData
0x000000000220a000 	/System/Library/PrivateFrameworks/RemoteViewServices.framework/Versions/A/RemoteViewServices
0x000000000220a000 	/System/Library/PrivateFrameworks/UIFoundation.framework/Versions/A/UIFoundation
0x000000000220a000 	/usr/lib/libScreenReader.dylib
0x000000000220a000 	/System/Library/Frameworks/Accelerate.framework/Versions/A/Accelerate
0x000000000220a000 	/System/Library/Frameworks/IOSurface.framework/Versions/A/IOSurface
0x000000000220a000 	/System/Library/Frameworks/AudioToolbox.framework/Versions/A/AudioToolbox
0x000000000220a000 	/System/Library/Frameworks/AudioUnit.framework/Versions/A/AudioUnit
0x000000000220a000 	/System/Library/PrivateFrameworks/DataDetectorsCore.framework/Versions/A/DataDetectorsCore
0x000000000220a000 	/System/Library/PrivateFrameworks/DesktopServicesPriv.framework/Versions/A/DesktopServicesPriv
0x000000000220a000 	/System/Library/Frameworks/Carbon.framework/Versions/A/Frameworks/HIToolbox.framework/Versions/A/HIToolbox
0x000000000220a000 	/System/Library/Frameworks/QuartzCore.framework/Versions/A/QuartzCore
0x000000000220a000 	/System/Library/Frameworks/Carbon.framework/Versions/A/Frameworks/SpeechRecognition.framework/Versions/A/SpeechRecognition
0x000000000220a000 	/usr/lib/libauto.dylib
0x000000000220a000 	/usr/lib/libicucore.A.dylib
0x000000000220a000 	/usr/lib/libxml2.2.dylib
0x000000000220a000 	/System/Library/PrivateFrameworks/CoreUI.framework/Versions/A/CoreUI
0x000000000220a000 	/System/Library/Frameworks/CoreAudio.framework/Versions/A/CoreAudio
0x000000000220a000 	/System/Library/Frameworks/DiskArbitration.framework/Versions/A/DiskArbitration
0x000000000220a000 	/usr/lib/liblangid.dylib
0x000000000220a000 	/System/Library/PrivateFrameworks/MultitouchSupport.framework/Versions/A/MultitouchSupport
0x000000000220a000 	/System/Library/Frameworks/IOKit.framework/Versions/A/IOKit
0x000000000220a000 	/usr/lib/libDiagnosticMessagesClient.dylib
0x000000000220a000 	/System/Library/Frameworks/CoreServices.framework/Versions/A/CoreServices
0x000000000220a000 	/System/Library/PrivateFrameworks/PerformanceAnalysis.framework/Versions/A/PerformanceAnalysis
0x000000000220a000 	/System/Library/PrivateFrameworks/GenerationalStorage.framework/Versions/A/GenerationalStorage
0x000000000220a000 	/System/Library/Frameworks/OpenGL.framework/Versions/A/OpenGL
0x000000000220a000 	/System/Library/PrivateFrameworks/Sharing.framework/Versions/A/Sharing
0x000000000220a000 	/System/Library/Frameworks/CoreGraphics.framework/Versions/A/CoreGraphics
0x000000000220a000 	/System/Library/Frameworks/CoreImage.framework/Versions/A/CoreImage
0x000000000220a000 	/System/Library/Frameworks/CoreText.framework/Versions/A/CoreText
0x000000000220a000 	/System/Library/Frameworks/ImageIO.framework/Versions/A/ImageIO
0x000000000220a000 	/System/Library/PrivateFrameworks/Backup.framework/Versions/A/Backup
0x000000000220a000 	/usr/lib/libextension.dylib
0x000000000220a000 	/usr/lib/libarchive.2.dylib
0x000000000220a000 	/System/Library/Frameworks/CFNetwork.framework/Versions/A/CFNetwork
0x000000000220a000 	/System/Library/Frameworks/SystemConfiguration.framework/Versions/A/SystemConfiguration
0x000000000220a000 	/usr/lib/libCRFSuite.dylib
0x000000000220a000 	/usr/lib/libc++.1.dylib
0x000000000220a000 	/usr/lib/libc++abi.dylib
0x000000000220a000 	/usr/lib/system/libcache.dylib
0x000000000220a000 	/usr/lib/system/libcommonCrypto.dylib
0x000000000220a000 	/usr/lib/system/libcompiler_rt.dylib
0x000000000220a000 	/usr/lib/system/libcopyfile.dylib
0x000000000220a000 	/usr/lib/system/libcorecrypto.dylib
0x000000000220a000 	/usr/lib/system/libdispatch.dylib
0x000000000220a000 	/usr/lib/system/libdyld.dylib
0x000000000220a000 	/usr/lib/system/libkeymgr.dylib
0x000000000220a000 	/usr/lib/system/liblaunch.dylib
0x000000000220a000 	/usr/lib/system/libmacho.dylib
0x000000000220a000 	/usr/lib/system/libquarantine.dylib
0x000000000220a000 	/usr/lib/system/libremovefile.dylib
0x000000000220a000 	/usr/lib/system/libsystem_asl.dylib
0x000000000220a000 	/usr/lib/system/libsystem_blocks.dylib
0x000000000220a000 	/usr/lib/system/libsystem_c.dylib
0x000000000220a000 	/usr/lib/system/libsystem_configuration.dylib
0x000000000220a000 	/usr/lib/system/libsystem_coreservices.dylib
0x000000000220a000 	/usr/lib/system/libsystem_coretls.dylib
0x000000000220a000 	/usr/lib/system/libsystem_dnssd.dylib
0x000000000220a000 	/usr/lib/system/libsystem_info.dylib
0x000000000220a000 	/usr/lib/system/libsystem_kernel.dylib
0x000000000220a000 	/usr/lib/system/libsystem_m.dylib
0x000000000220a000 	/usr/lib/system/libsystem_malloc.dylib
0x000000000220a000 	/usr/lib/system/libsystem_network.dylib
0x000000000220a000 	/usr/lib/system/libsystem_networkextension.dylib
0x000000000220a000 	/usr/lib/system/libsystem_notify.dylib
0x000000000220a000 	/usr/lib/system/libsystem_platform.dylib
0x000000000220a000 	/usr/lib/system/libsystem_pthread.dylib
0x000000000220a000 	/usr/lib/system/libsystem_sandbox.dylib
0x000000000220a000 	/usr/lib/system/libsystem_secinit.dylib
0x000000000220a000 	/usr/lib/system/libsystem_trace.dylib
0x000000000220a000 	/usr/lib/system/libunc.dylib
0x000000000220a000 	/usr/lib/system/libunwind.dylib
0x000000000220a000 	/usr/lib/system/libxpc.dylib
0x000000000220a000 	/usr/lib/libenergytrace.dylib
0x000000000220a000 	/usr/lib/libbsm.0.dylib
0x000000000220a000 	/usr/lib/system/libkxld.dylib
0x000000000220a000 	/usr/lib/libxar.1.dylib
0x000000000220a000 	/usr/lib/libsqlite3.dylib
0x000000000220a000 	/usr/lib/libpam.2.dylib
0x000000000220a000 	/usr/lib/libOpenScriptingUtil.dylib
0x000000000220a000 	/usr/lib/libbz2.1.0.dylib
0x000000000220a000 	/usr/lib/liblzma.5.dylib
0x000000000220a000 	/System/Library/Frameworks/CoreServices.framework/Versions/A/Frameworks/FSEvents.framework/Versions/A/FSEvents
0x000000000220a000 	/System/Library/Frameworks/CoreServices.framework/Versions/A/Frameworks/CarbonCore.framework/Versions/A/CarbonCore
0x000000000220a000 	/System/Library/Frameworks/CoreServices.framework/Versions/A/Frameworks/Metadata.framework/Versions/A/Metadata
0x000000000220a000 	/System/Library/Frameworks/CoreServices.framework/Versions/A/Frameworks/OSServices.framework/Versions/A/OSServices
0x000000000220a000 	/System/Library/Frameworks/CoreServices.framework/Versions/A/Frameworks/SearchKit.framework/Versions/A/SearchKit
0x000000000220a000 	/System/Library/Frameworks/CoreServices.framework/Versions/A/Frameworks/AE.framework/Versions/A/AE
0x000000000220a000 	/System/Library/Frameworks/CoreServices.framework/Versions/A/Frameworks/LaunchServices.framework/Versions/A/LaunchServices
0x000000000220a000 	/System/Library/Frameworks/CoreServices.framework/Versions/A/Frameworks/DictionaryServices.framework/Versions/A/DictionaryServices
0x000000000220a000 	/System/Library/Frameworks/CoreServices.framework/Versions/A/Frameworks/SharedFileList.framework/Versions/A/SharedFileList
0x000000000220a000 	/System/Library/Frameworks/NetFS.framework/Versions/A/NetFS
0x000000000220a000 	/System/Library/PrivateFrameworks/NetAuth.framework/Versions/A/NetAuth
0x000000000220a000 	/System/Library/PrivateFrameworks/login.framework/Versions/A/Frameworks/loginsupport.framework/Versions/A/loginsupport
0x000000000220a000 	/System/Library/PrivateFrameworks/TCC.framework/Versions/A/TCC
0x000000000220a000 	/usr/lib/libmecabra.dylib
0x000000000220a000 	/System/Library/Frameworks/ApplicationServices.framework/Versions/A/Frameworks/ATS.framework/Versions/A/ATS
0x000000000220a000 	/System/Library/Frameworks/ApplicationServices.framework/Versions/A/Frameworks/ColorSync.framework/Versions/A/ColorSync
0x000000000220a000 	/System/Library/Frameworks/ApplicationServices.framework/Versions/A/Frameworks/HIServices.framework/Versions/A/HIServices
0x000000000220a000 	/System/Library/Frameworks/ApplicationServices.framework/Versions/A/Frameworks/LangAnalysis.framework/Versions/A/LangAnalysis
0x000000000220a000 	/System/Library/Frameworks/ApplicationServices.framework/Versions/A/Frameworks/PrintCore.framework/Versions/A/PrintCore
0x000000000220a000 	/System/Library/Frameworks/ApplicationServices.framework/Versions/A/Frameworks/QD.framework/Versions/A/QD
0x000000000220a000 	/System/Library/Frameworks/ApplicationServices.framework/Versions/A/Frameworks/SpeechSynthesis.framework/Versions/A/SpeechSynthesis
0x000000000220a000 	/System/Library/Frameworks/Metal.framework/Versions/A/Metal
0x000000000220a000 	/System/Library/Frameworks/Accelerate.framework/Versions/A/Frameworks/vImage.framework/Versions/A/vImage
0x000000000220a000 	/System/Library/Frameworks/Accelerate.framework/Versions/A/Frameworks/vecLib.framework/Versions/A/vecLib
0x000000000220a000 	/System/Library/Frameworks/Accelerate.framework/Versions/A/Frameworks/vecLib.framework/Versions/A/libvDSP.dylib
0x000000000220a000 	/System/Library/Frameworks/Accelerate.framework/Versions/A/Frameworks/vecLib.framework/Versions/A/libvMisc.dylib
0x000000000220a000 	/System/Library/Frameworks/Accelerate.framework/Versions/A/Frameworks/vecLib.framework/Versions/A/libLAPACK.dylib
0x000000000220a000 	/System/Library/Frameworks/Accelerate.framework/Versions/A/Frameworks/vecLib.framework/Versions/A/libBLAS.dylib
0x000000000220a000 	/System/Library/Frameworks/Accelerate.framework/Versions/A/Frameworks/vecLib.framework/Versions/A/libLinearAlgebra.dylib
0x000000000220a000 	/System/Library/Frameworks/Accelerate.framework/Versions/A/Frameworks/vecLib.framework/Versions/A/libSparseBLAS.dylib
0x000000000220a000 	/System/Library/PrivateFrameworks/GPUCompiler.framework/libmetal_timestamp.dylib
0x000000000220a000 	/System/Library/Frameworks/OpenGL.framework/Versions/A/Libraries/libCoreFSCache.dylib
0x000000000220a000 	/System/Library/PrivateFrameworks/IOAccelerator.framework/Versions/A/IOAccelerator
0x000000000220a000 	/System/Library/Frameworks/ApplicationServices.framework/Versions/A/Frameworks/ATS.framework/Versions/A/Resources/libFontParser.dylib
0x000000000220a000 	/System/Library/Frameworks/ApplicationServices.framework/Versions/A/Frameworks/ATS.framework/Versions/A/Resources/libFontRegistry.dylib
0x000000000220a000 	/System/Library/PrivateFrameworks/AppleVPA.framework/Versions/A/AppleVPA
0x000000000220a000 	/System/Library/PrivateFrameworks/AppleJPEG.framework/Versions/A/AppleJPEG
0x000000000220a000 	/System/Library/Frameworks/ImageIO.framework/Versions/A/Resources/libJPEG.dylib
0x000000000220a000 	/System/Library/Frameworks/ImageIO.framework/Versions/A/Resources/libTIFF.dylib
0x000000000220a000 	/System/Library/Frameworks/ImageIO.framework/Versions/A/Resources/libPng.dylib
0x000000000220a000 	/System/Library/Frameworks/ImageIO.framework/Versions/A/Resources/libGIF.dylib
0x000000000220a000 	/System/Library/Frameworks/ImageIO.framework/Versions/A/Resources/libJP2.dylib
0x000000000220a000 	/System/Library/Frameworks/ImageIO.framework/Versions/A/Resources/libRadiance.dylib
0x000000000220a000 	/System/Library/Frameworks/CoreVideo.framework/Versions/A/CoreVideo
0x000000000220a000 	/System/Library/Frameworks/OpenGL.framework/Versions/A/Libraries/libGLU.dylib
0x000000000220a000 	/System/Library/Frameworks/OpenGL.framework/Versions/A/Libraries/libGFXShared.dylib
0x000000000220a000 	/System/Library/Frameworks/OpenGL.framework/Versions/A/Libraries/libGL.dylib
0x000000000220a000 	/System/Library/Frameworks/OpenGL.framework/Versions/A/Libraries/libGLImage.dylib
0x000000000220a000 	/System/Library/Frameworks/OpenGL.framework/Versions/A/Libraries/libCVMSPluginSupport.dylib
0x000000000220a000 	/System/Library/Frameworks/OpenGL.framework/Versions/A/Libraries/libCoreVMClient.dylib
0x000000000220a000 	/usr/lib/libcups.2.dylib
0x000000000220a000 	/System/Library/Frameworks/Kerberos.framework/Versions/A/Kerberos
0x000000000220a000 	/System/Library/Frameworks/GSS.framework/Versions/A/GSS
0x000000000220a000 	/usr/lib/libresolv.9.dylib
0x000000000220a000 	/usr/lib/libiconv.2.dylib
0x000000000220a000 	/System/Library/PrivateFrameworks/Heimdal.framework/Versions/A/Heimdal
0x000000000220a000 	/usr/lib/libheimdal-asn1.dylib
0x000000000220a000 	/System/Library/Frameworks/OpenDirectory.framework/Versions/A/OpenDirectory
0x000000000220a000 	/System/Library/PrivateFrameworks/CommonAuth.framework/Versions/A/CommonAuth
0x000000000220a000 	/System/Library/Frameworks/OpenDirectory.framework/Versions/A/Frameworks/CFOpenDirectory.framework/Versions/A/CFOpenDirectory
0x000000000220a000 	/System/Library/Frameworks/SecurityFoundation.framework/Versions/A/SecurityFoundation
0x000000000220a000 	/System/Library/PrivateFrameworks/LanguageModeling.framework/Versions/A/LanguageModeling
0x000000000220a000 	/usr/lib/libmarisa.dylib
0x000000000220a000 	/usr/lib/libChineseTokenizer.dylib
0x000000000220a000 	/usr/lib/libcmph.dylib
0x000000000220a000 	/usr/lib/libcompression.dylib
0x000000000220a000 	/System/Library/Frameworks/ServiceManagement.framework/Versions/A/ServiceManagement
0x000000000220a000 	/usr/lib/libxslt.1.dylib
0x000000000220a000 	/System/Library/Frameworks/Carbon.framework/Versions/A/Frameworks/Ink.framework/Versions/A/Ink
0x000000000220a000 	/usr/lib/libFosl_dynamic.dylib
0x000000000220a000 	/System/Library/PrivateFrameworks/FaceCore.framework/Versions/A/FaceCore
0x000000000220a000 	/System/Library/Frameworks/OpenCL.framework/Versions/A/OpenCL
0x000000000220a000 	/System/Library/PrivateFrameworks/CrashReporterSupport.framework/Versions/A/CrashReporterSupport
0x000000000220a000 	/System/Library/PrivateFrameworks/IconServices.framework/Versions/A/IconServices
0x000000000220a000 	/System/Library/PrivateFrameworks/Apple80211.framework/Versions/A/Apple80211
0x000000000220a000 	/System/Library/Frameworks/CoreWLAN.framework/Versions/A/CoreWLAN
0x000000000220a000 	/System/Library/Frameworks/IOBluetooth.framework/Versions/A/IOBluetooth
0x000000000220a000 	/System/Library/PrivateFrameworks/CoreWiFi.framework/Versions/A/CoreWiFi
0x000000000220a000 	/System/Library/Frameworks/CoreBluetooth.framework/Versions/A/CoreBluetooth
0x000000000220a000 	/System/Library/PrivateFrameworks/ChunkingLibrary.framework/Versions/A/ChunkingLibrary
0x000000000220a000 	/System/Library/PrivateFrameworks/DebugSymbols.framework/Versions/A/DebugSymbols
0x000000000220a000 	/System/Library/PrivateFrameworks/CoreSymbolication.framework/Versions/A/CoreSymbolication
0x000000000220a000 	/System/Library/PrivateFrameworks/Symbolication.framework/Versions/A/Symbolication
0x000000000220a000 	/System/Library/PrivateFrameworks/SpeechRecognitionCore.framework/Versions/A/SpeechRecognitionCore
0x00000001038b8000 	/Library/Java/JavaVirtualMachines/jdk1.8.0_91.jdk/Contents/Home/jre/lib/server/libjvm.dylib
0x000000000220a000 	/usr/lib/libstdc++.6.dylib
0x0000000104850000 	/Library/Java/JavaVirtualMachines/jdk1.8.0_91.jdk/Contents/Home/jre/lib/libverify.dylib
0x000000010485e000 	/Library/Java/JavaVirtualMachines/jdk1.8.0_91.jdk/Contents/Home/jre/lib/libjava.dylib
0x000000010489d000 	/Library/Java/JavaVirtualMachines/jdk1.8.0_91.jdk/Contents/Home/jre/lib/libzip.dylib
0x000000011aa21000 	/System/Library/Frameworks/JavaVM.framework/Frameworks/JavaRuntimeSupport.framework/JavaRuntimeSupport
0x00000001049e8000 	/System/Library/Frameworks/JavaVM.framework/Versions/A/Frameworks/JavaNativeFoundation.framework/Versions/A/JavaNativeFoundation
0x000000011aa3c000 	/System/Library/Frameworks/JavaVM.framework/Versions/A/JavaVM
0x000000000220a000 	/System/Library/Frameworks/Carbon.framework/Versions/A/Carbon
0x000000011aa49000 	/System/Library/PrivateFrameworks/JavaLaunching.framework/Versions/A/JavaLaunching
0x000000000220a000 	/System/Library/Frameworks/Carbon.framework/Versions/A/Frameworks/CommonPanels.framework/Versions/A/CommonPanels
0x000000000220a000 	/System/Library/Frameworks/Carbon.framework/Versions/A/Frameworks/Help.framework/Versions/A/Help
0x000000000220a000 	/System/Library/Frameworks/Carbon.framework/Versions/A/Frameworks/ImageCapture.framework/Versions/A/ImageCapture
0x000000000220a000 	/System/Library/Frameworks/Carbon.framework/Versions/A/Frameworks/OpenScripting.framework/Versions/A/OpenScripting
0x000000000220a000 	/System/Library/Frameworks/Carbon.framework/Versions/A/Frameworks/Print.framework/Versions/A/Print
0x000000000220a000 	/System/Library/Frameworks/Carbon.framework/Versions/A/Frameworks/SecurityHI.framework/Versions/A/SecurityHI
0x000000011c36a000 	/Library/Java/JavaVirtualMachines/jdk1.8.0_91.jdk/Contents/Home/jre/lib/libawt.dylib
0x000000011c412000 	/Library/Java/JavaVirtualMachines/jdk1.8.0_91.jdk/Contents/Home/jre/lib/./libmlib_image.dylib
0x000000011c4de000 	/Library/Java/JavaVirtualMachines/jdk1.8.0_91.jdk/Contents/Home/jre/lib/libawt_lwawt.dylib
0x000000011c593000 	/Library/Java/JavaVirtualMachines/jdk1.8.0_91.jdk/Contents/Home/jre/lib/./libosxapp.dylib
0x000000000220a000 	/System/Library/Frameworks/ExceptionHandling.framework/Versions/A/ExceptionHandling
0x000000000220a000 	/System/Library/PrivateFrameworks/CoreServicesInternal.framework/Versions/A/CoreServicesInternal
0x000000000220a000 	/System/Library/Frameworks/CoreGraphics.framework/Versions/A/Resources/libRIP.A.dylib
0x000000000220a000 	/System/Library/Frameworks/Accelerate.framework/Versions/A/Frameworks/vImage.framework/Versions/A/Libraries/libCGInterfaces.dylib
0x000000000220a000 	/System/Library/Frameworks/CoreGraphics.framework/Versions/A/Resources/libCGXType.A.dylib
0x000000000220a000 	/System/Library/Frameworks/OpenCL.framework/Versions/A/Libraries/libcldcpuengine.dylib
0x000000000220a000 	/System/Library/PrivateFrameworks/DiskImages.framework/Versions/A/DiskImages
0x000000000220a000 	/System/Library/Frameworks/DiscRecording.framework/Versions/A/DiscRecording
0x000000000220a000 	/usr/lib/libcsfde.dylib
0x000000000220a000 	/usr/lib/libcurl.4.dylib
0x000000000220a000 	/System/Library/PrivateFrameworks/MediaKit.framework/Versions/A/MediaKit
0x000000000220a000 	/System/Library/PrivateFrameworks/ProtectedCloudStorage.framework/Versions/A/ProtectedCloudStorage
0x000000000220a000 	/usr/lib/libCoreStorage.dylib
0x000000000220a000 	/System/Library/PrivateFrameworks/EFILogin.framework/Versions/A/EFILogin
0x000000000220a000 	/usr/lib/libutil.dylib
0x000000000220a000 	/System/Library/PrivateFrameworks/FindMyDevice.framework/Versions/A/FindMyDevice
0x000000000220a000 	/System/Library/Frameworks/LDAP.framework/Versions/A/LDAP
0x000000000220a000 	/usr/lib/libsasl2.2.dylib
0x000000000220a000 	/System/Library/PrivateFrameworks/CoreDaemon.framework/Versions/B/CoreDaemon
0x000000000220a000 	/usr/lib/libcrypto.0.9.8.dylib
0x000000000220a000 	/System/Library/PrivateFrameworks/AppleSRP.framework/Versions/A/AppleSRP
0x000000000220a000 	/System/Library/PrivateFrameworks/TrustEvaluationAgent.framework/Versions/A/TrustEvaluationAgent
0x000000011ce42000 	cl_kernels
0x000000000220a000 	/System/Library/Frameworks/OpenCL.framework/Versions/A/Libraries/ImageFormats/unorm8_bgra.dylib
0x000000000220a000 	/System/Library/Frameworks/OpenCL.framework/Versions/A/Libraries/ImageFormats/unorm8_rgba.dylib
0x000000000220a000 	/System/Library/PrivateFrameworks/FamilyControls.framework/Versions/A/FamilyControls
0x000000000220a000 	/System/Library/PrivateFrameworks/CommerceKit.framework/Versions/A/Frameworks/CommerceCore.framework/Versions/A/CommerceCore
0x000000000220a000 	/System/Library/PrivateFrameworks/SystemAdministration.framework/Versions/A/SystemAdministration
0x000000000220a000 	/System/Library/PrivateFrameworks/AppContainer.framework/Versions/A/AppContainer
0x000000000220a000 	/System/Library/PrivateFrameworks/SecCodeWrapper.framework/Versions/A/SecCodeWrapper
0x000000000220a000 	/System/Library/Frameworks/DirectoryService.framework/Versions/A/DirectoryService
0x000000000220a000 	/System/Library/PrivateFrameworks/LoginUIKit.framework/Versions/A/Frameworks/LoginUICore.framework/Versions/A/LoginUICore
0x000000000220a000 	/usr/lib/libodfde.dylib
0x000000000220a000 	/System/Library/Frameworks/OpenGL.framework/Versions/A/Resources/GLEngine.bundle/GLEngine
0x000000000220a000 	/System/Library/Frameworks/OpenGL.framework/Versions/A/Libraries/libGLProgrammability.dylib
0x000000011ed09000 	/System/Library/Extensions/AppleIntelHD5000GraphicsGLDriver.bundle/Contents/MacOS/AppleIntelHD5000GraphicsGLDriver
0x000000000220a000 	/System/Library/PrivateFrameworks/GPUSupport.framework/Versions/A/Libraries/libGPUSupportMercury.dylib
0x000000000220a000 	/System/Library/Frameworks/OpenGL.framework/Versions/A/Resources/GLRendererFloat.bundle/GLRendererFloat
0x000000011fd10000 	/Library/Java/JavaVirtualMachines/jdk1.8.0_91.jdk/Contents/Home/jre/lib/libfontmanager.dylib
0x000000012116a000 	/Library/Java/JavaVirtualMachines/jdk1.8.0_91.jdk/Contents/Home/jre/lib/libosxui.dylib
0x0000000121d7b000 	/Library/Java/JavaVirtualMachines/jdk1.8.0_91.jdk/Contents/Home/jre/lib/libnet.dylib
0x0000000121d92000 	/Library/Java/JavaVirtualMachines/jdk1.8.0_91.jdk/Contents/Home/jre/lib/libnio.dylib
0x000000000220a000 	/System/Library/Frameworks/ApplicationServices.framework/Versions/A/Frameworks/ATS.framework/Versions/A/Resources/libTrueTypeScaler.dylib
0x0000000172ac2000 	/System/Library/Extensions/AppleIntelHD5000GraphicsMTLDriver.bundle/Contents/MacOS/AppleIntelHD5000GraphicsMTLDriver
0x000000011d2e3000 	/private/var/folders/dg/lb7chnkx37l0x14w48949l7m0000gn/T/jogamp_0000/file_cache/jln1870550561024448013/jln2864728187034408452/libgluegen-rt.jnilib
0x000000011d2e8000 	/private/var/folders/dg/lb7chnkx37l0x14w48949l7m0000gn/T/jogamp_0000/file_cache/jln1870550561024448013/jln2864728187034408452/libnativewindow_awt.jnilib
0x0000000172a0e000 	/Library/Java/JavaVirtualMachines/jdk1.8.0_91.jdk/Contents/Home/jre/lib/libjawt.dylib
0x0000000172a11000 	/private/var/folders/dg/lb7chnkx37l0x14w48949l7m0000gn/T/jogamp_0000/file_cache/jln1870550561024448013/jln2864728187034408452/libnativewindow_macosx.jnilib
0x00000001742cb000 	/private/var/folders/dg/lb7chnkx37l0x14w48949l7m0000gn/T/jogamp_0000/file_cache/jln1870550561024448013/jln2864728187034408452/libjogl_desktop.jnilib

VM Arguments:
jvm_args: -Djava.library.path=/Library/Java/JavaVirtualMachines/jdk1.8.0_91.jdk/Contents/Home -Djava.security.policy=java.policy.applet -Dfile.encoding=UTF-8 
java_command: sun.applet.AppletViewer SimpleMapApp1469839125987.html
java_class_path (initial): /Users/aarkerr/git/ice-crystal/ice-crystal/build:/Users/aarkerr/git/ice-crystal/ice-crystal/lib/core.jar:/Users/aarkerr/git/ice-crystal/ice-crystal/lib/gluegen-rt.jar:/Users/aarkerr/git/ice-crystal/ice-crystal/lib/jogl-all.jar:/Users/aarkerr/git/ice-crystal/ice-crystal/lib/log4j-1.2.15.jar:/Users/aarkerr/git/ice-crystal/ice-crystal/lib/sqlite-jdbc-3.7.2.jar:/Users/aarkerr/git/ice-crystal/ice-crystal/lib/json4processing.jar:/Users/aarkerr/git/ice-crystal/ice-crystal/lib/libTUIO.jar:/Users/aarkerr/git/ice-crystal/ice-crystal/lib/unfolding.0.9.6.jar:/Users/aarkerr/git/ice-crystal/ice-crystal/lib/geonames-1.1.13.jar:/Users/aarkerr/git/ice-crystal/ice-crystal/lib/jdom-1.0.jar
Launcher Type: SUN_STANDARD

Environment Variables:
PATH=/usr/bin:/bin:/usr/sbin:/sbin
SHELL=/bin/bash
DISPLAY=/private/tmp/com.apple.launchd.vY77ZV5Cdp/org.macosforge.xquartz:0

Signal Handlers:
SIGSEGV: [libjvm.dylib+0x5a97a1], sa_mask[0]=11111111011111110111111111111111, sa_flags=SA_ONSTACK|SA_RESTART|SA_SIGINFO
SIGBUS: [libjvm.dylib+0x5a97a1], sa_mask[0]=11111111011111110111111111111111, sa_flags=SA_RESTART|SA_SIGINFO
SIGFPE: [libjvm.dylib+0x482594], sa_mask[0]=11111111011111110111111111111111, sa_flags=SA_RESTART|SA_SIGINFO
SIGPIPE: [libjvm.dylib+0x482594], sa_mask[0]=11111111011111110111111111111111, sa_flags=SA_RESTART|SA_SIGINFO
SIGXFSZ: [libjvm.dylib+0x482594], sa_mask[0]=11111111011111110111111111111111, sa_flags=SA_RESTART|SA_SIGINFO
SIGILL: [libjvm.dylib+0x482594], sa_mask[0]=11111111011111110111111111111111, sa_flags=SA_RESTART|SA_SIGINFO
SIGUSR1: SIG_DFL, sa_mask[0]=00000000000000000000000000000000, sa_flags=none
SIGUSR2: [libjvm.dylib+0x4820b2], sa_mask[0]=00100000000000000000000000000000, sa_flags=SA_RESTART|SA_SIGINFO
SIGHUP: [libjvm.dylib+0x480689], sa_mask[0]=11111111011111110111111111111111, sa_flags=SA_RESTART|SA_SIGINFO
SIGINT: [libjvm.dylib+0x480689], sa_mask[0]=11111111011111110111111111111111, sa_flags=SA_RESTART|SA_SIGINFO
SIGTERM: [libjvm.dylib+0x480689], sa_mask[0]=11111111011111110111111111111111, sa_flags=SA_RESTART|SA_SIGINFO
SIGQUIT: [libjvm.dylib+0x480689], sa_mask[0]=11111111011111110111111111111111, sa_flags=SA_RESTART|SA_SIGINFO


---------------  S Y S T E M  ---------------

OS:Bsduname:Darwin 15.0.0 Darwin Kernel Version 15.0.0: Sat Sep 19 15:53:46 PDT 2015; root:xnu-3247.10.11~1/RELEASE_X86_64 x86_64
rlimit: STACK 8192k, CORE 0k, NPROC 709, NOFILE 10240, AS infinity
load average:2.78 2.72 2.74

CPU:total 4 (2 cores per cpu, 2 threads per core) family 6 model 69 stepping 1, cmov, cx8, fxsr, mmx, sse, sse2, sse3, ssse3, sse4.1, sse4.2, popcnt, avx, avx2, aes, clmul, erms, rtm, lzcnt, ht, tsc, tscinvbit, bmi1, bmi2

Memory: 4k page, physical 8388608k(2243664k free)

/proc/meminfo:


vm_info: Java HotSpot(TM) 64-Bit Server VM (25.91-b14) for bsd-amd64 JRE (1.8.0_91-b14), built on Apr  1 2016 01:03:00 by "java_re" with gcc 4.2.1 (Based on Apple Inc. build 5658) (LLVM build 2336.11.00)

time: Fri Jul 29 20:38:55 2016
elapsed time: 9 seconds (0d 0h 0m 9s)

