#
# A fatal error has been detected by the Java Runtime Environment:
#
#  SIGSEGV (0xb) at pc=0x00007fff8bcf105d, pid=20961, tid=775
#
# JRE version: Java(TM) SE Runtime Environment (8.0_91-b14) (build 1.8.0_91-b14)
# Java VM: Java HotSpot(TM) 64-Bit Server VM (25.91-b14 mixed mode bsd-amd64 compressed oops)
# Problematic frame:
# C  [libobjc.A.dylib+0x705d]  objc_msgSend+0x1d
#
# Failed to write core dump. Core dumps have been disabled. To enable core dumping, try "ulimit -c unlimited" before starting Java again
#
# If you would like to submit a bug report, please visit:
#   http://bugreport.java.com/bugreport/crash.jsp
# The crash happened outside the Java Virtual Machine in native code.
# See problematic frame for where to report the bug.
#

---------------  T H R E A D  ---------------

Current thread (0x00007ff4f388c800):  JavaThread "AWT-AppKit" daemon [_thread_in_native, id=775, stack(0x00007fff57d61000,0x00007fff58561000)]

siginfo: si_signo: 11 (SIGSEGV), si_code: 1 (SEGV_MAPERR), si_addr: 0x0000000000000018

Registers:
RAX=0x00007ff4f34a40d0, RBX=0x00000001586b63b0, RCX=0x00007ff4f8b00f60, RDX=0x0000000000000000
RSP=0x00007fff5855c348, RBP=0x00007fff5855c400, RSI=0x00007fff7558b116, RDI=0x00007ff4f49d5070
R8 =0x0000000000000018, R9 =0x00007ff4f8b00400, R10=0x0000000000000000, R11=0x00007fff7558b116
R12=0x0000000000000000, R13=0x000000015e15cbd0, R14=0x00000001586b63a0, R15=0x00007ff4f388c800
RIP=0x00007fff8bcf105d, EFLAGS=0x0000000000010246, ERR=0x0000000000000004
  TRAPNO=0x000000000000000e

Top of Stack: (sp=0x00007fff5855c348)
0x00007fff5855c348:   00000001586b45d7 00007fff5855c3a0
0x00007fff5855c358:   0000000000000003 00007fff5855c380
0x00007fff5855c368:   00000001089f24ea 000000015e15cbd0
0x00007fff5855c378:   000000015e15cbd0 00007ff4f34a40d0
0x00007fff5855c388:   00000001586b65c0 00000001586b6640
0x00007fff5855c398:   00000001586b63b0 00007fff91d556d0
0x00007fff5855c3a8:   00000001586b65d0 00007fff929851e0
0x00007fff5855c3b8:   00007ff4f34a40d0 00007ff4f49d5070
0x00007fff5855c3c8:   00007ff4f3735440 00007ff4f34a40d0
0x00007fff5855c3d8:   00007ff4f49d5070 00007fff5855c480
0x00007fff5855c3e8:   00007ff4f388c9f8 000000015e15cbd0
0x00007fff5855c3f8:   00007fff5855c4a8 00007fff5855c470
0x00007fff5855c408:   000000011340a9d4 00007fff5855c470
0x00007fff5855c418:   000000011340a759 0000000113416983
0x00007fff5855c428:   000000011340a722 00007fff5855c430
0x00007fff5855c438:   000000015e15cbd0 00007fff5855c4a8
0x00007fff5855c448:   000000015e15f3c0 0000000000000000
0x00007fff5855c458:   000000015e15cbd0 0000000000000000
0x00007fff5855c468:   00007fff5855c490 00007fff5855c4f0
0x00007fff5855c478:   00000001133fb2bd 000000076ee475e0
0x00007fff5855c488:   0000000113404538 00007ff4f34a40d0
0x00007fff5855c498:   0000000113405e39 00007ff4f49d5070
0x00007fff5855c4a8:   0000000113405e02 00007fff5855c4b0
0x00007fff5855c4b8:   000000015e15cd9a 00007fff5855c518
0x00007fff5855c4c8:   000000015e15f3c0 0000000000000000
0x00007fff5855c4d8:   000000015e15cda8 00007fff5855c490
0x00007fff5855c4e8:   00007fff5855c500 00007fff5855c560
0x00007fff5855c4f8:   00000001133fb2bd 00007ff4f34a40d0
0x00007fff5855c508:   000000076ee3b918 00007ff4f49d5070
0x00007fff5855c518:   000000076ee3b918 00007fff5855c520
0x00007fff5855c528:   00000001671009d6 00007fff5855c570
0x00007fff5855c538:   0000000167100a90 0000000000000000 

Instructions: (pc=0x00007fff8bcf105d)
0x00007fff8bcf103d:   0f 1f 00 48 85 ff 2e 74 62 40 f6 c7 01 2e 75 66
0x00007fff8bcf104d:   49 ba f8 ff ff ff ff 7f 00 00 4c 23 17 49 89 f3
0x00007fff8bcf105d:   45 23 5a 18 49 c1 e3 04 4d 03 5a 10 49 3b 33 75
0x00007fff8bcf106d:   04 41 ff 63 08 49 83 3b 01 76 0d 49 83 c3 10 49 

Register to memory mapping:

RAX=0x00007ff4f34a40d0 is an unknown value
RBX=0x00000001586b63b0: Java_jogamp_nativewindow_macosx_OSXUtil_GetScreenRefreshRate0+0x1850 in /private/var/folders/lj/ts4xrlmj1tsc3mnwzl_88g000000gn/T/jogamp_0000/file_cache/jln7942575387713411612/jln6937868229876298011/libnativewindow_macosx.jnilib at 0x00000001586af000
RCX=0x00007ff4f8b00f60 is an unknown value
RDX=0x0000000000000000 is an unknown value
RSP=0x00007fff5855c348 is pointing into the stack for thread: 0x00007ff4f388c800
RBP=0x00007fff5855c400 is pointing into the stack for thread: 0x00007ff4f388c800
RSI=0x00007fff7558b116: __NSStyleNameIndexTable+0x7fd5e in /System/Library/Frameworks/AppKit.framework/Versions/C/AppKit at 0x00007fff7491e000
RDI=0x00007ff4f49d5070 is an unknown value
R8 =0x0000000000000018 is an unknown value
R9 =0x00007ff4f8b00400 is an unknown value
R10=0x0000000000000000 is an unknown value
R11=0x00007fff7558b116: __NSStyleNameIndexTable+0x7fd5e in /System/Library/Frameworks/AppKit.framework/Versions/C/AppKit at 0x00007fff7491e000
R12=0x0000000000000000 is an unknown value
R13={method} {0x000000015e15cbd0} 'UnsetJAWTRootSurfaceLayer0' '(JJ)V' in 'jogamp/nativewindow/jawt/macosx/MacOSXJAWTWindow'
R14=0x00000001586b63a0: Java_jogamp_nativewindow_macosx_OSXUtil_GetScreenRefreshRate0+0x1840 in /private/var/folders/lj/ts4xrlmj1tsc3mnwzl_88g000000gn/T/jogamp_0000/file_cache/jln7942575387713411612/jln6937868229876298011/libnativewindow_macosx.jnilib at 0x00000001586af000
R15=0x00007ff4f388c800 is a thread


Stack: [0x00007fff57d61000,0x00007fff58561000],  sp=0x00007fff5855c348,  free space=8172k
Native frames: (J=compiled Java code, j=interpreted, Vv=VM code, C=native code)
C  [libobjc.A.dylib+0x705d]  objc_msgSend+0x1d
j  jogamp.nativewindow.jawt.macosx.MacOSXJAWTWindow.UnsetJAWTRootSurfaceLayer0(JJ)V+0
j  jogamp.nativewindow.jawt.macosx.MacOSXJAWTWindow.access$200(JJ)V+2
j  jogamp.nativewindow.jawt.macosx.MacOSXJAWTWindow$1.run()V+38
j  com.jogamp.common.util.RunnableTask.run()V+24
v  ~StubRoutines::call_stub
V  [libjvm.dylib+0x2ec1e6]
V  [libjvm.dylib+0x323355]
V  [libjvm.dylib+0x315b23]
C  [libnativewindow_macosx.jnilib+0x57ae]  Java_jogamp_nativewindow_jawt_macosx_MacOSXJAWTWindow_UnsetJAWTRootSurfaceLayer0+0x2be
C  [Foundation+0x717ba]  __NSThreadPerformPerform+0x146
C  [CoreFoundation+0xa7321]  __CFRUNLOOP_IS_CALLING_OUT_TO_A_SOURCE0_PERFORM_FUNCTION__+0x11
C  [CoreFoundation+0x88197]  __CFRunLoopDoSources0+0x1a7
C  [CoreFoundation+0x87716]  __CFRunLoopRun+0x3a6
C  [CoreFoundation+0x87114]  CFRunLoopRunSpecific+0x1a4
C  [HIToolbox+0x30ebc]  RunCurrentEventLoopInMode+0xf0
C  [HIToolbox+0x30bf9]  ReceiveNextEventCommon+0xb8
C  [HIToolbox+0x30b26]  _BlockUntilNextEventMatchingListInModeWithFilter+0x47
C  [AppKit+0x46a54]  _DPSNextEvent+0x460
C  [AppKit+0x7c27ee]  -[NSApplication(NSEvent) _nextEventMatchingEventMask:untilDate:inMode:dequeue:]+0xaec
C  [libosxapp.dylib+0x23aa]  -[NSApplicationAWT nextEventMatchingMask:untilDate:inMode:dequeue:]+0x7c
C  [AppKit+0x3b3db]  -[NSApplication run]+0x39e
C  [libosxapp.dylib+0x214d]  +[NSApplicationAWT runAWTLoopWithApp:]+0x9c
C  [libawt_lwawt.dylib+0x4455b]  -[AWTStarter starter:]+0x389
C  [Foundation+0x717ba]  __NSThreadPerformPerform+0x146
C  [CoreFoundation+0xa7321]  __CFRUNLOOP_IS_CALLING_OUT_TO_A_SOURCE0_PERFORM_FUNCTION__+0x11
C  [CoreFoundation+0x8821d]  __CFRunLoopDoSources0+0x22d
C  [CoreFoundation+0x87716]  __CFRunLoopRun+0x3a6
C  [CoreFoundation+0x87114]  CFRunLoopRunSpecific+0x1a4
C  [java+0x6463]  CreateExecutionEnvironment+0x367
C  [java+0x21ac]  JLI_Launch+0x7a0
C  [java+0x84c0]  main+0x65
C  [java+0x1a04]  start+0x34
C  0x0000000000000008

Java frames: (J=compiled Java code, j=interpreted, Vv=VM code)
j  jogamp.nativewindow.jawt.macosx.MacOSXJAWTWindow.UnsetJAWTRootSurfaceLayer0(JJ)V+0
j  jogamp.nativewindow.jawt.macosx.MacOSXJAWTWindow.access$200(JJ)V+2
j  jogamp.nativewindow.jawt.macosx.MacOSXJAWTWindow$1.run()V+38
j  com.jogamp.common.util.RunnableTask.run()V+24
v  ~StubRoutines::call_stub

---------------  P R O C E S S  ---------------

Java Threads: ( => current thread )
  0x00007ff4f50f6000 JavaThread "Thread-20" [_thread_blocked, id=75339, stack(0x000070000b0f5000,0x000070000b1f5000)]
  0x00007ff4f74e7000 JavaThread "Image Fetcher 1" daemon [_thread_blocked, id=77315, stack(0x000070000b707000,0x000070000b807000)]
  0x00007ff4f3a32800 JavaThread "Image Fetcher 0" daemon [_thread_blocked, id=76803, stack(0x000070000b604000,0x000070000b704000)]
  0x00007ff4f5b6e000 JavaThread "Keep-Alive-Timer" daemon [_thread_blocked, id=76411, stack(0x000070000b501000,0x000070000b601000)]
  0x00007ff4f60d9800 JavaThread "AWT-EventQueue-1" [_thread_in_native, id=70927, stack(0x000070000af6f000,0x000070000b06f000)]
  0x00007ff4f397a000 JavaThread "DestroyJavaVM" [_thread_blocked, id=6915, stack(0x0000700009189000,0x0000700009289000)]
  0x00007ff4f5954800 JavaThread "AWT-EventQueue-0" [_thread_blocked, id=64019, stack(0x000070000ace6000,0x000070000ade6000)]
  0x00007ff4f511d800 JavaThread "Java2D Disposer" daemon [_thread_blocked, id=60675, stack(0x000070000aa5d000,0x000070000ab5d000)]
  0x00007ff4f4001800 JavaThread "Java2D Queue Flusher" daemon [_thread_blocked, id=58119, stack(0x000070000a8d7000,0x000070000a9d7000)]
  0x00007ff4f70b1000 JavaThread "AWT-Shutdown" [_thread_blocked, id=32031, stack(0x000070000a5c8000,0x000070000a6c8000)]
=>0x00007ff4f388c800 JavaThread "AWT-AppKit" daemon [_thread_in_native, id=775, stack(0x00007fff57d61000,0x00007fff58561000)]
  0x00007ff4f581d800 JavaThread "Service Thread" daemon [_thread_blocked, id=20995, stack(0x000070000a33f000,0x000070000a43f000)]
  0x00007ff4f581d000 JavaThread "C1 CompilerThread3" daemon [_thread_blocked, id=20483, stack(0x000070000a23c000,0x000070000a33c000)]
  0x00007ff4f3812800 JavaThread "C2 CompilerThread2" daemon [_thread_blocked, id=19971, stack(0x000070000a139000,0x000070000a239000)]
  0x00007ff4f7044000 JavaThread "C2 CompilerThread1" daemon [_thread_blocked, id=19459, stack(0x000070000a036000,0x000070000a136000)]
  0x00007ff4f702a800 JavaThread "C2 CompilerThread0" daemon [_thread_blocked, id=18947, stack(0x0000700009f33000,0x000070000a033000)]
  0x00007ff4f5001000 JavaThread "Signal Dispatcher" daemon [_thread_blocked, id=18435, stack(0x0000700009e30000,0x0000700009f30000)]
  0x00007ff4f7024800 JavaThread "Finalizer" daemon [_thread_blocked, id=14339, stack(0x0000700009caa000,0x0000700009daa000)]
  0x00007ff4f7021800 JavaThread "Reference Handler" daemon [_thread_blocked, id=13827, stack(0x0000700009ba7000,0x0000700009ca7000)]

Other Threads:
  0x00007ff4f701d000 VMThread [stack: 0x0000700009aa4000,0x0000700009ba4000] [id=13315]
  0x00007ff4f6806800 WatcherThread [stack: 0x000070000a442000,0x000070000a542000] [id=21507]

VM state:not at safepoint (normal execution)

VM Mutex/Monitor currently owned by a thread: None

Heap:
 PSYoungGen      total 76288K, used 42910K [0x000000076ab00000, 0x0000000770000000, 0x00000007c0000000)
  eden space 65536K, 49% used [0x000000076ab00000,0x000000076ca69660,0x000000076eb00000)
  from space 10752K, 99% used [0x000000076eb00000,0x000000076f57e580,0x000000076f580000)
  to   space 10752K, 0% used [0x000000076f580000,0x000000076f580000,0x0000000770000000)
 ParOldGen       total 175104K, used 4667K [0x00000006c0000000, 0x00000006cab00000, 0x000000076ab00000)
  object space 175104K, 2% used [0x00000006c0000000,0x00000006c048ec20,0x00000006cab00000)
 Metaspace       used 18971K, capacity 19203K, committed 19456K, reserved 1067008K
  class space    used 1895K, capacity 1980K, committed 2048K, reserved 1048576K

Card table byte_map: [0x0000000109b54000,0x000000010a355000] byte_map_base: 0x0000000106554000

Marking Bits: (ParMarkBitMap*) 0x00000001090e6eb0
 Begin Bits: [0x000000010a8ab000, 0x000000010e8ab000)
 End Bits:   [0x000000010e8ab000, 0x00000001128ab000)

Polling page: 0x000000010775f000

CodeCache: size=245760Kb used=6043Kb max_used=6043Kb free=239716Kb
 bounds [0x00000001133f3000, 0x00000001139e3000, 0x00000001223f3000]
 total_blobs=2492 nmethods=1607 adapters=799
 compilation: enabled

Compilation events (10 events):
Event: 5.252 Thread 0x00007ff4f581d000 1603       1       com.jogamp.nativewindow.awt.JAWTWindow::isOffscreenLayerSurfaceEnabled (5 bytes)
Event: 5.252 Thread 0x00007ff4f581d000 nmethod 1603 0x00000001139dc6d0 code [0x00000001139dc820, 0x00000001139dc930]
Event: 5.266 Thread 0x00007ff4f581d000 1604       1       java.awt.Component::isEnabledImpl (5 bytes)
Event: 5.266 Thread 0x00007ff4f581d000 nmethod 1604 0x00000001139dc990 code [0x00000001139dcae0, 0x00000001139dcbf0]
Event: 5.268 Thread 0x00007ff4f581d000 1605       3       sun.misc.JarIndex::get (49 bytes)
Event: 5.269 Thread 0x00007ff4f581d000 nmethod 1605 0x00000001139dcc50 code [0x00000001139dce20, 0x00000001139dd698]
Event: 5.273 Thread 0x00007ff4f581d000 1606       3       sun.java2d.pipe.Region::clipScale (41 bytes)
Event: 5.273 Thread 0x00007ff4f581d000 nmethod 1606 0x00000001139dd9d0 code [0x00000001139ddb80, 0x00000001139dde48]
Event: 5.273 Thread 0x00007ff4f581d000 1607       3       sun.font.FontDesignMetrics::getLatinCharWidth (29 bytes)
Event: 5.274 Thread 0x00007ff4f581d000 nmethod 1607 0x00000001139dded0 code [0x00000001139de080, 0x00000001139de3c8]

GC Heap History (2 events):
Event: 3.605 GC heap before
{Heap before GC invocations=1 (full 0):
 PSYoungGen      total 76288K, used 65536K [0x000000076ab00000, 0x0000000770000000, 0x00000007c0000000)
  eden space 65536K, 100% used [0x000000076ab00000,0x000000076eb00000,0x000000076eb00000)
  from space 10752K, 0% used [0x000000076f580000,0x000000076f580000,0x0000000770000000)
  to   space 10752K, 0% used [0x000000076eb00000,0x000000076eb00000,0x000000076f580000)
 ParOldGen       total 175104K, used 0K [0x00000006c0000000, 0x00000006cab00000, 0x000000076ab00000)
  object space 175104K, 0% used [0x00000006c0000000,0x00000006c0000000,0x00000006cab00000)
 Metaspace       used 18493K, capacity 18659K, committed 18944K, reserved 1067008K
  class space    used 1882K, capacity 1948K, committed 2048K, reserved 1048576K
Event: 3.620 GC heap after
Heap after GC invocations=1 (full 0):
 PSYoungGen      total 76288K, used 10745K [0x000000076ab00000, 0x0000000770000000, 0x00000007c0000000)
  eden space 65536K, 0% used [0x000000076ab00000,0x000000076ab00000,0x000000076eb00000)
  from space 10752K, 99% used [0x000000076eb00000,0x000000076f57e580,0x000000076f580000)
  to   space 10752K, 0% used [0x000000076f580000,0x000000076f580000,0x0000000770000000)
 ParOldGen       total 175104K, used 4667K [0x00000006c0000000, 0x00000006cab00000, 0x000000076ab00000)
  object space 175104K, 2% used [0x00000006c0000000,0x00000006c048ec20,0x00000006cab00000)
 Metaspace       used 18493K, capacity 18659K, committed 18944K, reserved 1067008K
  class space    used 1882K, capacity 1948K, committed 2048K, reserved 1048576K
}

Deoptimization events (10 events):
Event: 3.133 Thread 0x00007ff4f60d9800 Uncommon trap: reason=unstable_if action=reinterpret pc=0x000000011370c884 method=sun.misc.MetaIndex.mayContain(Ljava/lang/String;)Z @ 38
Event: 3.303 Thread 0x00007ff4f60d9800 Uncommon trap: reason=unstable_if action=reinterpret pc=0x00000001137a5b3c method=com.jogamp.common.util.IntIntHashMap.get(I)I @ 28
Event: 3.310 Thread 0x00007ff4f60d9800 Uncommon trap: reason=class_check action=maybe_recompile pc=0x00000001137c0ee0 method=com.jogamp.common.nio.Buffers.isDirect(Ljava/lang/Object;)Z @ 13
Event: 3.310 Thread 0x00007ff4f60d9800 Uncommon trap: reason=class_check action=maybe_recompile pc=0x00000001137c23e4 method=com.jogamp.common.nio.Buffers.getDirectBufferByteOffset(Ljava/lang/Object;)I @ 7
Event: 3.310 Thread 0x00007ff4f60d9800 Uncommon trap: reason=class_check action=maybe_recompile pc=0x00000001137c0ee0 method=com.jogamp.common.nio.Buffers.isDirect(Ljava/lang/Object;)Z @ 13
Event: 3.310 Thread 0x00007ff4f60d9800 Uncommon trap: reason=class_check action=maybe_recompile pc=0x00000001137c23e4 method=com.jogamp.common.nio.Buffers.getDirectBufferByteOffset(Ljava/lang/Object;)I @ 7
Event: 3.310 Thread 0x00007ff4f60d9800 Uncommon trap: reason=class_check action=maybe_recompile pc=0x00000001137c0ee0 method=com.jogamp.common.nio.Buffers.isDirect(Ljava/lang/Object;)Z @ 13
Event: 3.310 Thread 0x00007ff4f60d9800 Uncommon trap: reason=class_check action=maybe_recompile pc=0x00000001137c23e4 method=com.jogamp.common.nio.Buffers.getDirectBufferByteOffset(Ljava/lang/Object;)I @ 7
Event: 3.326 Thread 0x00007ff4f60d9800 Uncommon trap: reason=class_check action=maybe_recompile pc=0x00000001137c0ee0 method=com.jogamp.common.nio.Buffers.isDirect(Ljava/lang/Object;)Z @ 13
Event: 3.326 Thread 0x00007ff4f60d9800 Uncommon trap: reason=class_check action=maybe_recompile pc=0x00000001137c23e4 method=com.jogamp.common.nio.Buffers.getDirectBufferByteOffset(Ljava/lang/Object;)I @ 7

Internal exceptions (10 events):
Event: 0.160 Thread 0x00007ff4f5002000 Exception <a 'java/lang/NoSuchFieldError': method resolution failed> (0x000000076ada80d8) thrown at [/Users/java_re/workspace/8-2-build-macosx-x86_64/jdk8u91/6644/hotspot/src/share/vm/prims/methodHandles.cpp, line 1146]
Event: 0.162 Thread 0x00007ff4f5002000 Exception <a 'java/lang/NoSuchFieldError': method resolution failed> (0x000000076adb58a8) thrown at [/Users/java_re/workspace/8-2-build-macosx-x86_64/jdk8u91/6644/hotspot/src/share/vm/prims/methodHandles.cpp, line 1146]
Event: 0.391 Thread 0x00007ff4f5002000 Exception <a 'java/io/FileNotFoundException'> (0x000000076ae317a0) thrown at [/Users/java_re/workspace/8-2-build-macosx-x86_64/jdk8u91/6644/hotspot/src/share/vm/prims/jni.cpp, line 709]
Event: 0.392 Thread 0x00007ff4f5002000 Exception <a 'java/io/FileNotFoundException'> (0x000000076ae32300) thrown at [/Users/java_re/workspace/8-2-build-macosx-x86_64/jdk8u91/6644/hotspot/src/share/vm/prims/jni.cpp, line 709]
Event: 0.498 Thread 0x00007ff4f5002000 Exception <a 'java/io/FileNotFoundException'> (0x000000076aecbfd8) thrown at [/Users/java_re/workspace/8-2-build-macosx-x86_64/jdk8u91/6644/hotspot/src/share/vm/prims/jni.cpp, line 709]
Event: 2.171 Thread 0x00007ff4f51e5800 Exception <a 'java/lang/UnsatisfiedLinkError': com.jogamp.common.util.JarUtil.fixNativeLibAttribs(Ljava/lang/String;)Z> (0x000000076c7777f0) thrown at [/Users/java_re/workspace/8-2-build-macosx-x86_64/jdk8u91/6644/hotspot/src/share/vm/prims/nativeLookup.c
Event: 3.109 Thread 0x00007ff4f60d9800 Exception <a 'java/io/FileNotFoundException'> (0x000000076d7d29c0) thrown at [/Users/java_re/workspace/8-2-build-macosx-x86_64/jdk8u91/6644/hotspot/src/share/vm/prims/jni.cpp, line 709]
Event: 3.109 Thread 0x00007ff4f60d9800 Exception <a 'java/io/FileNotFoundException'> (0x000000076d7d8d70) thrown at [/Users/java_re/workspace/8-2-build-macosx-x86_64/jdk8u91/6644/hotspot/src/share/vm/prims/jni.cpp, line 709]
Event: 3.109 Thread 0x00007ff4f60d9800 Implicit null exception at 0x000000011359acf5 to 0x000000011359b059
Event: 3.621 Thread 0x00007ff4f7024800 Exception <a 'java/lang/NullPointerException'> (0x000000076afd83d0) thrown at [/Users/java_re/workspace/8-2-build-macosx-x86_64/jdk8u91/6644/hotspot/src/share/vm/interpreter/linkResolver.cpp, line 1178]

Events (10 events):
Event: 5.272 loading class java/awt/LightweightDispatcher$2 done
Event: 5.272 loading class java/awt/event/AWTEventListenerProxy
Event: 5.272 loading class java/awt/event/AWTEventListenerProxy done
Event: 5.273 loading class java/awt/Toolkit$ToolkitEventMulticaster
Event: 5.273 loading class java/awt/Toolkit$ToolkitEventMulticaster done
Event: 5.273 Thread 0x00007ff4f38ab800 Thread exited: 0x00007ff4f38ab800
Event: 5.273 loading class java/lang/IllegalThreadStateException
Event: 5.273 loading class java/lang/IllegalThreadStateException done
Event: 5.273 loading class java/awt/Window$1DisposeAction
Event: 5.273 loading class java/awt/Window$1DisposeAction done


Dynamic libraries:
0x0000000001a6d000 	/System/Library/Frameworks/Cocoa.framework/Versions/A/Cocoa
0x0000000001a6d000 	/System/Library/Frameworks/Security.framework/Versions/A/Security
0x0000000001a6d000 	/System/Library/Frameworks/ApplicationServices.framework/Versions/A/ApplicationServices
0x0000000001a6d000 	/usr/lib/libz.1.dylib
0x0000000001a6d000 	/usr/lib/libSystem.B.dylib
0x0000000001a6d000 	/usr/lib/libobjc.A.dylib
0x0000000001a6d000 	/System/Library/Frameworks/CoreFoundation.framework/Versions/A/CoreFoundation
0x0000000001a6d000 	/System/Library/Frameworks/Foundation.framework/Versions/C/Foundation
0x0000000001a6d000 	/System/Library/Frameworks/AppKit.framework/Versions/C/AppKit
0x0000000001a6d000 	/System/Library/Frameworks/CoreData.framework/Versions/A/CoreData
0x0000000001a6d000 	/System/Library/PrivateFrameworks/RemoteViewServices.framework/Versions/A/RemoteViewServices
0x0000000001a6d000 	/System/Library/PrivateFrameworks/UIFoundation.framework/Versions/A/UIFoundation
0x0000000001a6d000 	/System/Library/PrivateFrameworks/DFRFoundation.framework/Versions/A/DFRFoundation
0x0000000001a6d000 	/usr/lib/libenergytrace.dylib
0x0000000001a6d000 	/System/Library/PrivateFrameworks/SkyLight.framework/Versions/A/SkyLight
0x0000000001a6d000 	/System/Library/Frameworks/CoreGraphics.framework/Versions/A/CoreGraphics
0x0000000001a6d000 	/usr/lib/libScreenReader.dylib
0x0000000001a6d000 	/System/Library/Frameworks/Accelerate.framework/Versions/A/Accelerate
0x0000000001a6d000 	/System/Library/Frameworks/IOSurface.framework/Versions/A/IOSurface
0x0000000001a6d000 	/System/Library/Frameworks/AudioToolbox.framework/Versions/A/AudioToolbox
0x0000000001a6d000 	/System/Library/Frameworks/AudioUnit.framework/Versions/A/AudioUnit
0x0000000001a6d000 	/System/Library/PrivateFrameworks/DataDetectorsCore.framework/Versions/A/DataDetectorsCore
0x0000000001a6d000 	/System/Library/PrivateFrameworks/DesktopServicesPriv.framework/Versions/A/DesktopServicesPriv
0x0000000001a6d000 	/System/Library/Frameworks/Carbon.framework/Versions/A/Frameworks/HIToolbox.framework/Versions/A/HIToolbox
0x0000000001a6d000 	/usr/lib/libicucore.A.dylib
0x0000000001a6d000 	/System/Library/Frameworks/QuartzCore.framework/Versions/A/QuartzCore
0x0000000001a6d000 	/System/Library/Frameworks/Carbon.framework/Versions/A/Frameworks/SpeechRecognition.framework/Versions/A/SpeechRecognition
0x0000000001a6d000 	/usr/lib/libauto.dylib
0x0000000001a6d000 	/usr/lib/libxml2.2.dylib
0x0000000001a6d000 	/System/Library/PrivateFrameworks/CoreUI.framework/Versions/A/CoreUI
0x0000000001a6d000 	/System/Library/Frameworks/CoreAudio.framework/Versions/A/CoreAudio
0x0000000001a6d000 	/System/Library/Frameworks/DiskArbitration.framework/Versions/A/DiskArbitration
0x0000000001a6d000 	/usr/lib/liblangid.dylib
0x0000000001a6d000 	/System/Library/PrivateFrameworks/MultitouchSupport.framework/Versions/A/MultitouchSupport
0x0000000001a6d000 	/System/Library/Frameworks/IOKit.framework/Versions/A/IOKit
0x0000000001a6d000 	/usr/lib/libDiagnosticMessagesClient.dylib
0x0000000001a6d000 	/System/Library/Frameworks/CoreServices.framework/Versions/A/CoreServices
0x0000000001a6d000 	/System/Library/PrivateFrameworks/PerformanceAnalysis.framework/Versions/A/PerformanceAnalysis
0x0000000001a6d000 	/System/Library/PrivateFrameworks/GenerationalStorage.framework/Versions/A/GenerationalStorage
0x0000000001a6d000 	/System/Library/Frameworks/OpenGL.framework/Versions/A/OpenGL
0x0000000001a6d000 	/System/Library/Frameworks/CoreImage.framework/Versions/A/CoreImage
0x0000000001a6d000 	/System/Library/Frameworks/CoreText.framework/Versions/A/CoreText
0x0000000001a6d000 	/System/Library/Frameworks/ImageIO.framework/Versions/A/ImageIO
0x0000000001a6d000 	/System/Library/PrivateFrameworks/Backup.framework/Versions/A/Backup
0x0000000001a6d000 	/usr/lib/libarchive.2.dylib
0x0000000001a6d000 	/System/Library/Frameworks/CFNetwork.framework/Versions/A/CFNetwork
0x0000000001a6d000 	/System/Library/Frameworks/SystemConfiguration.framework/Versions/A/SystemConfiguration
0x0000000001a6d000 	/usr/lib/libCRFSuite.dylib
0x0000000001a6d000 	/usr/lib/libc++.1.dylib
0x0000000001a6d000 	/usr/lib/libc++abi.dylib
0x0000000001a6d000 	/usr/lib/system/libcache.dylib
0x0000000001a6d000 	/usr/lib/system/libcommonCrypto.dylib
0x0000000001a6d000 	/usr/lib/system/libcompiler_rt.dylib
0x0000000001a6d000 	/usr/lib/system/libcopyfile.dylib
0x0000000001a6d000 	/usr/lib/system/libcorecrypto.dylib
0x0000000001a6d000 	/usr/lib/system/libdispatch.dylib
0x0000000001a6d000 	/usr/lib/system/libdyld.dylib
0x0000000001a6d000 	/usr/lib/system/libkeymgr.dylib
0x0000000001a6d000 	/usr/lib/system/liblaunch.dylib
0x0000000001a6d000 	/usr/lib/system/libmacho.dylib
0x0000000001a6d000 	/usr/lib/system/libquarantine.dylib
0x0000000001a6d000 	/usr/lib/system/libremovefile.dylib
0x0000000001a6d000 	/usr/lib/system/libsystem_asl.dylib
0x0000000001a6d000 	/usr/lib/system/libsystem_blocks.dylib
0x0000000001a6d000 	/usr/lib/system/libsystem_c.dylib
0x0000000001a6d000 	/usr/lib/system/libsystem_configuration.dylib
0x0000000001a6d000 	/usr/lib/system/libsystem_coreservices.dylib
0x0000000001a6d000 	/usr/lib/system/libsystem_coretls.dylib
0x0000000001a6d000 	/usr/lib/system/libsystem_dnssd.dylib
0x0000000001a6d000 	/usr/lib/system/libsystem_info.dylib
0x0000000001a6d000 	/usr/lib/system/libsystem_kernel.dylib
0x0000000001a6d000 	/usr/lib/system/libsystem_m.dylib
0x0000000001a6d000 	/usr/lib/system/libsystem_malloc.dylib
0x0000000001a6d000 	/usr/lib/system/libsystem_network.dylib
0x0000000001a6d000 	/usr/lib/system/libsystem_networkextension.dylib
0x0000000001a6d000 	/usr/lib/system/libsystem_notify.dylib
0x0000000001a6d000 	/usr/lib/system/libsystem_platform.dylib
0x0000000001a6d000 	/usr/lib/system/libsystem_pthread.dylib
0x0000000001a6d000 	/usr/lib/system/libsystem_sandbox.dylib
0x0000000001a6d000 	/usr/lib/system/libsystem_secinit.dylib
0x0000000001a6d000 	/usr/lib/system/libsystem_symptoms.dylib
0x0000000001a6d000 	/usr/lib/system/libsystem_trace.dylib
0x0000000001a6d000 	/usr/lib/system/libunwind.dylib
0x0000000001a6d000 	/usr/lib/system/libxpc.dylib
0x0000000001a6d000 	/usr/lib/libbsm.0.dylib
0x0000000001a6d000 	/usr/lib/system/libkxld.dylib
0x0000000001a6d000 	/usr/lib/libcoretls.dylib
0x0000000001a6d000 	/usr/lib/libcoretls_cfhelpers.dylib
0x0000000001a6d000 	/usr/lib/libOpenScriptingUtil.dylib
0x0000000001a6d000 	/usr/lib/libpam.2.dylib
0x0000000001a6d000 	/usr/lib/libsqlite3.dylib
0x0000000001a6d000 	/usr/lib/libxar.1.dylib
0x0000000001a6d000 	/usr/lib/libbz2.1.0.dylib
0x0000000001a6d000 	/usr/lib/liblzma.5.dylib
0x0000000001a6d000 	/usr/lib/libnetwork.dylib
0x0000000001a6d000 	/usr/lib/libpcap.A.dylib
0x0000000001a6d000 	/System/Library/Frameworks/CoreServices.framework/Versions/A/Frameworks/FSEvents.framework/Versions/A/FSEvents
0x0000000001a6d000 	/System/Library/Frameworks/CoreServices.framework/Versions/A/Frameworks/CarbonCore.framework/Versions/A/CarbonCore
0x0000000001a6d000 	/System/Library/Frameworks/CoreServices.framework/Versions/A/Frameworks/Metadata.framework/Versions/A/Metadata
0x0000000001a6d000 	/System/Library/Frameworks/CoreServices.framework/Versions/A/Frameworks/OSServices.framework/Versions/A/OSServices
0x0000000001a6d000 	/System/Library/Frameworks/CoreServices.framework/Versions/A/Frameworks/SearchKit.framework/Versions/A/SearchKit
0x0000000001a6d000 	/System/Library/Frameworks/CoreServices.framework/Versions/A/Frameworks/AE.framework/Versions/A/AE
0x0000000001a6d000 	/System/Library/Frameworks/CoreServices.framework/Versions/A/Frameworks/LaunchServices.framework/Versions/A/LaunchServices
0x0000000001a6d000 	/System/Library/Frameworks/CoreServices.framework/Versions/A/Frameworks/DictionaryServices.framework/Versions/A/DictionaryServices
0x0000000001a6d000 	/System/Library/Frameworks/CoreServices.framework/Versions/A/Frameworks/SharedFileList.framework/Versions/A/SharedFileList
0x0000000001a6d000 	/System/Library/Frameworks/NetFS.framework/Versions/A/NetFS
0x0000000001a6d000 	/System/Library/PrivateFrameworks/NetAuth.framework/Versions/A/NetAuth
0x0000000001a6d000 	/System/Library/PrivateFrameworks/login.framework/Versions/A/Frameworks/loginsupport.framework/Versions/A/loginsupport
0x0000000001a6d000 	/System/Library/PrivateFrameworks/TCC.framework/Versions/A/TCC
0x0000000001a6d000 	/usr/lib/libmecabra.dylib
0x0000000001a6d000 	/System/Library/Frameworks/ApplicationServices.framework/Versions/A/Frameworks/ATS.framework/Versions/A/ATS
0x0000000001a6d000 	/System/Library/Frameworks/ApplicationServices.framework/Versions/A/Frameworks/ColorSync.framework/Versions/A/ColorSync
0x0000000001a6d000 	/System/Library/Frameworks/ApplicationServices.framework/Versions/A/Frameworks/HIServices.framework/Versions/A/HIServices
0x0000000001a6d000 	/System/Library/Frameworks/ApplicationServices.framework/Versions/A/Frameworks/LangAnalysis.framework/Versions/A/LangAnalysis
0x0000000001a6d000 	/System/Library/Frameworks/ApplicationServices.framework/Versions/A/Frameworks/PrintCore.framework/Versions/A/PrintCore
0x0000000001a6d000 	/System/Library/Frameworks/ApplicationServices.framework/Versions/A/Frameworks/QD.framework/Versions/A/QD
0x0000000001a6d000 	/System/Library/Frameworks/ApplicationServices.framework/Versions/A/Frameworks/SpeechSynthesis.framework/Versions/A/SpeechSynthesis
0x0000000001a6d000 	/System/Library/Frameworks/Accelerate.framework/Versions/A/Frameworks/vImage.framework/Versions/A/vImage
0x0000000001a6d000 	/System/Library/Frameworks/Accelerate.framework/Versions/A/Frameworks/vecLib.framework/Versions/A/vecLib
0x0000000001a6d000 	/System/Library/Frameworks/Accelerate.framework/Versions/A/Frameworks/vecLib.framework/Versions/A/libvDSP.dylib
0x0000000001a6d000 	/System/Library/Frameworks/Accelerate.framework/Versions/A/Frameworks/vecLib.framework/Versions/A/libBNNS.dylib
0x0000000001a6d000 	/System/Library/Frameworks/Accelerate.framework/Versions/A/Frameworks/vecLib.framework/Versions/A/libQuadrature.dylib
0x0000000001a6d000 	/System/Library/Frameworks/Accelerate.framework/Versions/A/Frameworks/vecLib.framework/Versions/A/libvMisc.dylib
0x0000000001a6d000 	/System/Library/Frameworks/Accelerate.framework/Versions/A/Frameworks/vecLib.framework/Versions/A/libLAPACK.dylib
0x0000000001a6d000 	/System/Library/Frameworks/Accelerate.framework/Versions/A/Frameworks/vecLib.framework/Versions/A/libBLAS.dylib
0x0000000001a6d000 	/System/Library/Frameworks/Accelerate.framework/Versions/A/Frameworks/vecLib.framework/Versions/A/libLinearAlgebra.dylib
0x0000000001a6d000 	/System/Library/Frameworks/Accelerate.framework/Versions/A/Frameworks/vecLib.framework/Versions/A/libSparseBLAS.dylib
0x0000000001a6d000 	/System/Library/Frameworks/ApplicationServices.framework/Versions/A/Frameworks/ATS.framework/Versions/A/Resources/libFontParser.dylib
0x0000000001a6d000 	/System/Library/Frameworks/ApplicationServices.framework/Versions/A/Frameworks/ATS.framework/Versions/A/Resources/libFontRegistry.dylib
0x0000000001a6d000 	/System/Library/Frameworks/ImageIO.framework/Versions/A/Resources/libJPEG.dylib
0x0000000001a6d000 	/System/Library/Frameworks/ImageIO.framework/Versions/A/Resources/libTIFF.dylib
0x0000000001a6d000 	/System/Library/Frameworks/ImageIO.framework/Versions/A/Resources/libPng.dylib
0x0000000001a6d000 	/System/Library/Frameworks/ImageIO.framework/Versions/A/Resources/libGIF.dylib
0x0000000001a6d000 	/System/Library/Frameworks/ImageIO.framework/Versions/A/Resources/libJP2.dylib
0x0000000001a6d000 	/System/Library/Frameworks/ImageIO.framework/Versions/A/Resources/libRadiance.dylib
0x0000000001a6d000 	/usr/lib/libcompression.dylib
0x0000000001a6d000 	/System/Library/PrivateFrameworks/AppleJPEG.framework/Versions/A/AppleJPEG
0x0000000001a6d000 	/usr/lib/libcups.2.dylib
0x0000000001a6d000 	/System/Library/Frameworks/Kerberos.framework/Versions/A/Kerberos
0x0000000001a6d000 	/System/Library/Frameworks/GSS.framework/Versions/A/GSS
0x0000000001a6d000 	/usr/lib/libresolv.9.dylib
0x0000000001a6d000 	/usr/lib/libiconv.2.dylib
0x0000000001a6d000 	/System/Library/PrivateFrameworks/Heimdal.framework/Versions/A/Heimdal
0x0000000001a6d000 	/usr/lib/libheimdal-asn1.dylib
0x0000000001a6d000 	/System/Library/Frameworks/OpenDirectory.framework/Versions/A/OpenDirectory
0x0000000001a6d000 	/System/Library/PrivateFrameworks/CommonAuth.framework/Versions/A/CommonAuth
0x0000000001a6d000 	/System/Library/Frameworks/OpenDirectory.framework/Versions/A/Frameworks/CFOpenDirectory.framework/Versions/A/CFOpenDirectory
0x0000000001a6d000 	/System/Library/Frameworks/SecurityFoundation.framework/Versions/A/SecurityFoundation
0x0000000001a6d000 	/System/Library/PrivateFrameworks/LanguageModeling.framework/Versions/A/LanguageModeling
0x0000000001a6d000 	/usr/lib/libmarisa.dylib
0x0000000001a6d000 	/usr/lib/libChineseTokenizer.dylib
0x0000000001a6d000 	/usr/lib/libcmph.dylib
0x0000000001a6d000 	/System/Library/PrivateFrameworks/CoreEmoji.framework/Versions/A/CoreEmoji
0x0000000001a6d000 	/System/Library/Frameworks/ServiceManagement.framework/Versions/A/ServiceManagement
0x0000000001a6d000 	/usr/lib/libxslt.1.dylib
0x0000000001a6d000 	/System/Library/Frameworks/Carbon.framework/Versions/A/Frameworks/Ink.framework/Versions/A/Ink
0x0000000001a6d000 	/System/Library/PrivateFrameworks/TextureIO.framework/Versions/A/TextureIO
0x0000000001a6d000 	/System/Library/Frameworks/Metal.framework/Versions/A/Metal
0x0000000001a6d000 	/usr/lib/libate.dylib
0x0000000001a6d000 	/System/Library/PrivateFrameworks/GPUCompiler.framework/libmetal_timestamp.dylib
0x0000000001a6d000 	/System/Library/Frameworks/OpenGL.framework/Versions/A/Libraries/libCoreFSCache.dylib
0x0000000001a6d000 	/System/Library/PrivateFrameworks/IOAccelerator.framework/Versions/A/IOAccelerator
0x0000000001a6d000 	/System/Library/Frameworks/CoreVideo.framework/Versions/A/CoreVideo
0x0000000001a6d000 	/usr/lib/libFosl_dynamic.dylib
0x0000000001a6d000 	/System/Library/PrivateFrameworks/MetalPerformanceShaders.framework/Versions/A/MetalPerformanceShaders
0x0000000001a6d000 	/System/Library/PrivateFrameworks/FaceCore.framework/Versions/A/FaceCore
0x0000000001a6d000 	/System/Library/Frameworks/OpenCL.framework/Versions/A/OpenCL
0x0000000001a6d000 	/System/Library/Frameworks/OpenGL.framework/Versions/A/Libraries/libGLU.dylib
0x0000000001a6d000 	/System/Library/Frameworks/OpenGL.framework/Versions/A/Libraries/libGFXShared.dylib
0x0000000001a6d000 	/System/Library/Frameworks/OpenGL.framework/Versions/A/Libraries/libGL.dylib
0x0000000001a6d000 	/System/Library/Frameworks/OpenGL.framework/Versions/A/Libraries/libGLImage.dylib
0x0000000001a6d000 	/System/Library/Frameworks/OpenGL.framework/Versions/A/Libraries/libCVMSPluginSupport.dylib
0x0000000001a6d000 	/System/Library/Frameworks/OpenGL.framework/Versions/A/Libraries/libCoreVMClient.dylib
0x0000000001a6d000 	/System/Library/PrivateFrameworks/CrashReporterSupport.framework/Versions/A/CrashReporterSupport
0x0000000001a6d000 	/System/Library/PrivateFrameworks/Sharing.framework/Versions/A/Sharing
0x0000000001a6d000 	/System/Library/PrivateFrameworks/IconServices.framework/Versions/A/IconServices
0x0000000001a6d000 	/System/Library/PrivateFrameworks/ProtocolBuffer.framework/Versions/A/ProtocolBuffer
0x0000000001a6d000 	/System/Library/PrivateFrameworks/Apple80211.framework/Versions/A/Apple80211
0x0000000001a6d000 	/System/Library/Frameworks/CoreWLAN.framework/Versions/A/CoreWLAN
0x0000000001a6d000 	/System/Library/PrivateFrameworks/CoreUtils.framework/Versions/A/CoreUtils
0x0000000001a6d000 	/System/Library/Frameworks/IOBluetooth.framework/Versions/A/IOBluetooth
0x0000000001a6d000 	/System/Library/PrivateFrameworks/CoreWiFi.framework/Versions/A/CoreWiFi
0x0000000001a6d000 	/System/Library/Frameworks/CoreBluetooth.framework/Versions/A/CoreBluetooth
0x0000000001a6d000 	/System/Library/Frameworks/CoreDisplay.framework/Versions/A/CoreDisplay
0x0000000001a6d000 	/System/Library/PrivateFrameworks/IOPresentment.framework/Versions/A/IOPresentment
0x0000000001a6d000 	/System/Library/PrivateFrameworks/DSExternalDisplay.framework/Versions/A/DSExternalDisplay
0x0000000001a6d000 	/System/Library/PrivateFrameworks/DebugSymbols.framework/Versions/A/DebugSymbols
0x0000000001a6d000 	/System/Library/PrivateFrameworks/CoreSymbolication.framework/Versions/A/CoreSymbolication
0x0000000001a6d000 	/System/Library/PrivateFrameworks/Symbolication.framework/Versions/A/Symbolication
0x0000000001a6d000 	/System/Library/PrivateFrameworks/AppleFSCompression.framework/Versions/A/AppleFSCompression
0x0000000001a6d000 	/System/Library/PrivateFrameworks/SpeechRecognitionCore.framework/Versions/A/SpeechRecognitionCore
0x0000000001a6d000 	/System/Library/PrivateFrameworks/ChunkingLibrary.framework/Versions/A/ChunkingLibrary
0x0000000108800000 	/Library/Java/JavaVirtualMachines/jdk1.8.0_91.jdk/Contents/Home/jre/lib/server/libjvm.dylib
0x0000000001a6d000 	/usr/lib/libstdc++.6.dylib
0x000000010771c000 	/Library/Java/JavaVirtualMachines/jdk1.8.0_91.jdk/Contents/Home/jre/lib/libverify.dylib
0x000000010772a000 	/Library/Java/JavaVirtualMachines/jdk1.8.0_91.jdk/Contents/Home/jre/lib/libjava.dylib
0x0000000107769000 	/Library/Java/JavaVirtualMachines/jdk1.8.0_91.jdk/Contents/Home/jre/lib/libzip.dylib
0x0000000124864000 	/System/Library/Frameworks/JavaVM.framework/Frameworks/JavaRuntimeSupport.framework/JavaRuntimeSupport
0x00000001077eb000 	/System/Library/Frameworks/JavaVM.framework/Versions/A/Frameworks/JavaNativeFoundation.framework/Versions/A/JavaNativeFoundation
0x000000012487e000 	/System/Library/Frameworks/JavaVM.framework/Versions/A/JavaVM
0x0000000001a6d000 	/System/Library/Frameworks/Carbon.framework/Versions/A/Carbon
0x000000012488b000 	/System/Library/PrivateFrameworks/JavaLaunching.framework/Versions/A/JavaLaunching
0x0000000001a6d000 	/System/Library/Frameworks/Carbon.framework/Versions/A/Frameworks/CommonPanels.framework/Versions/A/CommonPanels
0x0000000001a6d000 	/System/Library/Frameworks/Carbon.framework/Versions/A/Frameworks/Help.framework/Versions/A/Help
0x0000000001a6d000 	/System/Library/Frameworks/Carbon.framework/Versions/A/Frameworks/ImageCapture.framework/Versions/A/ImageCapture
0x0000000001a6d000 	/System/Library/Frameworks/Carbon.framework/Versions/A/Frameworks/OpenScripting.framework/Versions/A/OpenScripting
0x0000000001a6d000 	/System/Library/Frameworks/Carbon.framework/Versions/A/Frameworks/Print.framework/Versions/A/Print
0x0000000001a6d000 	/System/Library/Frameworks/Carbon.framework/Versions/A/Frameworks/SecurityHI.framework/Versions/A/SecurityHI
0x0000000126192000 	/Library/Java/JavaVirtualMachines/jdk1.8.0_91.jdk/Contents/Home/jre/lib/libawt.dylib
0x000000012623a000 	/Library/Java/JavaVirtualMachines/jdk1.8.0_91.jdk/Contents/Home/jre/lib/./libmlib_image.dylib
0x0000000126306000 	/Library/Java/JavaVirtualMachines/jdk1.8.0_91.jdk/Contents/Home/jre/lib/libawt_lwawt.dylib
0x00000001263bb000 	/Library/Java/JavaVirtualMachines/jdk1.8.0_91.jdk/Contents/Home/jre/lib/./libosxapp.dylib
0x0000000001a6d000 	/System/Library/Frameworks/ExceptionHandling.framework/Versions/A/ExceptionHandling
0x0000000001a6d000 	/System/Library/PrivateFrameworks/CoreServicesInternal.framework/Versions/A/CoreServicesInternal
0x0000000001a6d000 	/System/Library/CoreServices/RawCamera.bundle/Contents/MacOS/RawCamera
0x0000000001a6d000 	/System/Library/Frameworks/Accelerate.framework/Versions/A/Frameworks/vImage.framework/Versions/A/Libraries/libCGInterfaces.dylib
0x0000000001a6d000 	/System/Library/Frameworks/ApplicationServices.framework/Versions/A/Frameworks/ATS.framework/Versions/A/Resources/libTrueTypeScaler.dylib
0x00000001283ea000 	/System/Library/Frameworks/OpenGL.framework/Resources/GLEngine.bundle/GLEngine
0x0000000001a6d000 	/System/Library/Frameworks/OpenGL.framework/Versions/A/Libraries/libGLProgrammability.dylib
0x00000001285cf000 	/System/Library/Extensions/AppleIntelHD5000GraphicsGLDriver.bundle/Contents/MacOS/AppleIntelHD5000GraphicsGLDriver
0x0000000001a6d000 	/System/Library/PrivateFrameworks/GPUSupport.framework/Versions/A/Libraries/libGPUSupportMercury.dylib
0x0000000128d3d000 	/System/Library/Frameworks/OpenGL.framework/Resources//GLRendererFloat.bundle/GLRendererFloat
0x0000000001a6d000 	/System/Library/Frameworks/OpenCL.framework/Versions/A/Libraries/libcldcpuengine.dylib
0x0000000001a6d000 	/usr/lib/libcrypto.0.9.8.dylib
0x0000000001a6d000 	/System/Library/PrivateFrameworks/TrustEvaluationAgent.framework/Versions/A/TrustEvaluationAgent
0x0000000128d71000 	/System/Library/Extensions/AppleIntelHD5000GraphicsMTLDriver.bundle/Contents/MacOS/AppleIntelHD5000GraphicsMTLDriver
0x0000000001a6d000 	/System/Library/PrivateFrameworks/FamilyControls.framework/Versions/A/FamilyControls
0x0000000001a6d000 	/System/Library/PrivateFrameworks/CommerceKit.framework/Versions/A/Frameworks/CommerceCore.framework/Versions/A/CommerceCore
0x0000000001a6d000 	/System/Library/PrivateFrameworks/SystemAdministration.framework/Versions/A/SystemAdministration
0x0000000001a6d000 	/System/Library/PrivateFrameworks/AppContainer.framework/Versions/A/AppContainer
0x0000000001a6d000 	/System/Library/PrivateFrameworks/SecCodeWrapper.framework/Versions/A/SecCodeWrapper
0x0000000001a6d000 	/System/Library/Frameworks/DirectoryService.framework/Versions/A/DirectoryService
0x0000000001a6d000 	/System/Library/PrivateFrameworks/DiskImages.framework/Versions/A/DiskImages
0x0000000001a6d000 	/System/Library/PrivateFrameworks/LoginUIKit.framework/Versions/A/Frameworks/LoginUICore.framework/Versions/A/LoginUICore
0x0000000001a6d000 	/usr/lib/libCoreStorage.dylib
0x0000000001a6d000 	/usr/lib/libcsfde.dylib
0x0000000001a6d000 	/usr/lib/libodfde.dylib
0x0000000001a6d000 	/System/Library/Frameworks/DiscRecording.framework/Versions/A/DiscRecording
0x0000000001a6d000 	/usr/lib/libcurl.4.dylib
0x0000000001a6d000 	/System/Library/PrivateFrameworks/MediaKit.framework/Versions/A/MediaKit
0x0000000001a6d000 	/System/Library/PrivateFrameworks/ProtectedCloudStorage.framework/Versions/A/ProtectedCloudStorage
0x0000000001a6d000 	/System/Library/PrivateFrameworks/EFILogin.framework/Versions/A/EFILogin
0x0000000001a6d000 	/usr/lib/libutil.dylib
0x0000000001a6d000 	/System/Library/Frameworks/LDAP.framework/Versions/A/LDAP
0x0000000001a6d000 	/usr/lib/libsasl2.2.dylib
0x0000000001a6d000 	/System/Library/PrivateFrameworks/CoreDaemon.framework/Versions/B/CoreDaemon
0x0000000001a6d000 	/System/Library/PrivateFrameworks/AppleSRP.framework/Versions/A/AppleSRP
0x0000000001a6d000 	/System/Library/PrivateFrameworks/APFS.framework/Versions/A/APFS
0x000000012aa34000 	/Library/Java/JavaVirtualMachines/jdk1.8.0_91.jdk/Contents/Home/jre/lib/libfontmanager.dylib
0x000000012bc34000 	/Library/Java/JavaVirtualMachines/jdk1.8.0_91.jdk/Contents/Home/jre/lib/libosxui.dylib
0x0000000001a6d000 	/System/Library/PrivateFrameworks/ViewBridge.framework/Versions/A/ViewBridge
0x0000000001a6d000 	/System/Library/PrivateFrameworks/XPCService.framework/Versions/A/XPCService
0x0000000001a6d000 	/System/Library/PrivateFrameworks/AppSandbox.framework/Versions/A/AppSandbox
0x0000000001a6d000 	/usr/lib/libsandbox.1.dylib
0x0000000001a6d000 	/usr/lib/libMatch.1.dylib
0x000000012cc55000 	/Library/Java/JavaVirtualMachines/jdk1.8.0_91.jdk/Contents/Home/jre/lib/libnet.dylib
0x000000012cc6c000 	/Library/Java/JavaVirtualMachines/jdk1.8.0_91.jdk/Contents/Home/jre/lib/libnio.dylib
0x000000012bbff000 	/private/var/folders/lj/ts4xrlmj1tsc3mnwzl_88g000000gn/T/jogamp_0000/file_cache/jln7942575387713411612/jln6937868229876298011/libgluegen-rt.jnilib
0x000000012bc2d000 	/private/var/folders/lj/ts4xrlmj1tsc3mnwzl_88g000000gn/T/jogamp_0000/file_cache/jln7942575387713411612/jln6937868229876298011/libnativewindow_awt.jnilib
0x000000012bc30000 	/Library/Java/JavaVirtualMachines/jdk1.8.0_91.jdk/Contents/Home/jre/lib/libjawt.dylib
0x00000001586af000 	/private/var/folders/lj/ts4xrlmj1tsc3mnwzl_88g000000gn/T/jogamp_0000/file_cache/jln7942575387713411612/jln6937868229876298011/libnativewindow_macosx.jnilib
0x00000001586ec000 	/private/var/folders/lj/ts4xrlmj1tsc3mnwzl_88g000000gn/T/jogamp_0000/file_cache/jln7942575387713411612/jln6937868229876298011/libjogl_desktop.jnilib

VM Arguments:
jvm_args: -Djava.library.path=/Library/Java/JavaVirtualMachines/jdk1.8.0_91.jdk/Contents/Home -Djava.security.policy=java.policy.applet -Dfile.encoding=UTF-8 
java_command: sun.applet.AppletViewer SimpleMapApp1498253326346.html
java_class_path (initial): /Users/rblowers/git/ice-crystalv6/ice-crystal/build:/Users/rblowers/git/ice-crystalv6/ice-crystal/lib/core.jar:/Users/rblowers/git/ice-crystalv6/ice-crystal/lib/gluegen-rt.jar:/Users/rblowers/git/ice-crystalv6/ice-crystal/lib/jogl-all.jar:/Users/rblowers/git/ice-crystalv6/ice-crystal/lib/log4j-1.2.15.jar:/Users/rblowers/git/ice-crystalv6/ice-crystal/lib/sqlite-jdbc-3.7.2.jar:/Users/rblowers/git/ice-crystalv6/ice-crystal/lib/json4processing.jar:/Users/rblowers/git/ice-crystalv6/ice-crystal/lib/libTUIO.jar:/Users/rblowers/git/ice-crystalv6/ice-crystal/lib/unfolding.0.9.6.jar:/Users/rblowers/git/ice-crystalv6/ice-crystal/lib/geonames-1.1.13.jar:/Users/rblowers/git/ice-crystalv6/ice-crystal/lib/jdom-1.0.jar:/Users/rblowers/git/ice-crystalv6/ice-crystal/lib/xchart-3.2.0.jar
Launcher Type: SUN_STANDARD

Environment Variables:
PATH=/usr/bin:/bin:/usr/sbin:/sbin
SHELL=/bin/bash
DISPLAY=/private/tmp/com.apple.launchd.swNGYr9F3m/org.macosforge.xquartz:0

Signal Handlers:
SIGSEGV: [libjvm.dylib+0x5a97a1], sa_mask[0]=11111111011111110111111111111111, sa_flags=SA_ONSTACK|SA_RESTART|SA_SIGINFO
SIGBUS: [libjvm.dylib+0x5a97a1], sa_mask[0]=11111111011111110111111111111111, sa_flags=SA_RESTART|SA_SIGINFO
SIGFPE: [libjvm.dylib+0x482594], sa_mask[0]=11111111011111110111111111111111, sa_flags=SA_RESTART|SA_SIGINFO
SIGPIPE: [libjvm.dylib+0x482594], sa_mask[0]=11111111011111110111111111111111, sa_flags=SA_RESTART|SA_SIGINFO
SIGXFSZ: [libjvm.dylib+0x482594], sa_mask[0]=11111111011111110111111111111111, sa_flags=SA_RESTART|SA_SIGINFO
SIGILL: [libjvm.dylib+0x482594], sa_mask[0]=11111111011111110111111111111111, sa_flags=SA_RESTART|SA_SIGINFO
SIGUSR1: SIG_DFL, sa_mask[0]=00000000000000000000000000000000, sa_flags=none
SIGUSR2: [libjvm.dylib+0x4820b2], sa_mask[0]=00100000000000000000000000000000, sa_flags=SA_RESTART|SA_SIGINFO
SIGHUP: [libjvm.dylib+0x480689], sa_mask[0]=11111111011111110111111111111111, sa_flags=SA_RESTART|SA_SIGINFO
SIGINT: [libjvm.dylib+0x480689], sa_mask[0]=11111111011111110111111111111111, sa_flags=SA_RESTART|SA_SIGINFO
SIGTERM: [libjvm.dylib+0x480689], sa_mask[0]=11111111011111110111111111111111, sa_flags=SA_RESTART|SA_SIGINFO
SIGQUIT: [libjvm.dylib+0x480689], sa_mask[0]=11111111011111110111111111111111, sa_flags=SA_RESTART|SA_SIGINFO


---------------  S Y S T E M  ---------------

OS:Bsduname:Darwin 16.6.0 Darwin Kernel Version 16.6.0: Fri Apr 14 16:21:16 PDT 2017; root:xnu-3789.60.24~6/RELEASE_X86_64 x86_64
rlimit: STACK 8192k, CORE 0k, NPROC 709, NOFILE 10240, AS infinity
load average:3.62 2.87 2.56

CPU:total 8 (4 cores per cpu, 2 threads per core) family 6 model 70 stepping 1, cmov, cx8, fxsr, mmx, sse, sse2, sse3, ssse3, sse4.1, sse4.2, popcnt, avx, avx2, aes, clmul, erms, lzcnt, ht, tsc, tscinvbit, bmi1, bmi2

Memory: 4k page, physical 16777216k(43372k free)

/proc/meminfo:


vm_info: Java HotSpot(TM) 64-Bit Server VM (25.91-b14) for bsd-amd64 JRE (1.8.0_91-b14), built on Apr  1 2016 01:03:00 by "java_re" with gcc 4.2.1 (Based on Apple Inc. build 5658) (LLVM build 2336.11.00)

time: Fri Jun 23 14:28:51 2017
elapsed time: 5 seconds (0d 0h 0m 5s)

