#
# A fatal error has been detected by the Java Runtime Environment:
#
#  SIGSEGV (0xb) at pc=0x00007fff969204dd, pid=54374, tid=2571
#
# JRE version: Java(TM) SE Runtime Environment (8.0_91-b14) (build 1.8.0_91-b14)
# Java VM: Java HotSpot(TM) 64-Bit Server VM (25.91-b14 mixed mode bsd-amd64 compressed oops)
# Problematic frame:
# C  [libobjc.A.dylib+0x14dd]  objc_msgSend+0x1d
#
# Failed to write core dump. Core dumps have been disabled. To enable core dumping, try "ulimit -c unlimited" before starting Java again
#
# If you would like to submit a bug report, please visit:
#   http://bugreport.java.com/bugreport/crash.jsp
# The crash happened outside the Java Virtual Machine in native code.
# See problematic frame for where to report the bug.
#

---------------  T H R E A D  ---------------

Current thread (0x00007f9b130c2000):  JavaThread "AWT-AppKit" daemon [_thread_in_native, id=2571, stack(0x00007fff59d11000,0x00007fff5a511000)]

siginfo: si_signo: 11 (SIGSEGV), si_code: 1 (SEGV_MAPERR), si_addr: 0x0000000000000018

Registers:
RAX=0x00007f9b17740dc0, RBX=0x000000017b6133b0, RCX=0x00000001257dd0c0, RDX=0x00000001257dd340
RSP=0x00007fff5a50c398, RBP=0x00007fff5a50c450, RSI=0x00007fff8bf03d0e, RDI=0x00007f9b1759c8e0
R8 =0x0000000000000000, R9 =0x00000000000008c0, R10=0x00007fff8bf03d0e, R11=0x0000000000000000
R12=0x0000000000000000, R13=0x00000001826ef688, R14=0x000000017b6133a0, R15=0x00007f9b130c2000
RIP=0x00007fff969204dd, EFLAGS=0x0000000000010246, ERR=0x0000000000000004
  TRAPNO=0x000000000000000e

Top of Stack: (sp=0x00007fff5a50c398)
0x00007fff5a50c398:   000000017b6115d7 00007fff5a50c3f0
0x00007fff5a50c3a8:   0000000000000003 00007fff5a50c3d0
0x00007fff5a50c3b8:   0000000106bf24ea 00000001826ef688
0x00007fff5a50c3c8:   00000001826ef688 00007f9b17740dc0
0x00007fff5a50c3d8:   000000017b6135c0 000000017b613640
0x00007fff5a50c3e8:   000000017b6133b0 00007fff7d1a7770
0x00007fff5a50c3f8:   000000017b6135d0 00007fff7d34a500
0x00007fff5a50c408:   00007f9b17740dc0 00007f9b1759c8e0
0x00007fff5a50c418:   00007f9b17454ac0 00007f9b17740dc0
0x00007fff5a50c428:   00007f9b1759c8e0 00007fff5a50c4d0
0x00007fff5a50c438:   00007f9b130c21f8 00000001826ef688
0x00007fff5a50c448:   00007fff5a50c4f8 00007fff5a50c4c0
0x00007fff5a50c458:   00000001079ab9d4 00007fff5a50c4c0
0x00007fff5a50c468:   00000001079ab759 00000001079b7983
0x00007fff5a50c478:   00000001079ab722 00007fff5a50c480
0x00007fff5a50c488:   00000001826ef688 00007fff5a50c4f8
0x00007fff5a50c498:   00000001826f1e78 0000000000000000
0x00007fff5a50c4a8:   00000001826ef688 0000000000000000
0x00007fff5a50c4b8:   00007fff5a50c4e0 00007fff5a50c540
0x00007fff5a50c4c8:   000000010799c2bd 000000076ee1f5e0
0x00007fff5a50c4d8:   00000001079a5538 00007f9b17740dc0
0x00007fff5a50c4e8:   00000001079a6e39 00007f9b1759c8e0
0x00007fff5a50c4f8:   00000001079a6e02 00007fff5a50c500
0x00007fff5a50c508:   00000001826ef852 00007fff5a50c568
0x00007fff5a50c518:   00000001826f1e78 0000000000000000
0x00007fff5a50c528:   00000001826ef860 00007fff5a50c4e0
0x00007fff5a50c538:   00007fff5a50c550 00007fff5a50c5b0
0x00007fff5a50c548:   000000010799c2bd 00007f9b17740dc0
0x00007fff5a50c558:   000000076ee2b6d0 00007f9b1759c8e0
0x00007fff5a50c568:   000000076ee2b6d0 00007fff5a50c570
0x00007fff5a50c578:   0000000188ed6a76 00007fff5a50c5c0
0x00007fff5a50c588:   0000000188ed6b30 0000000000000000 

Instructions: (pc=0x00007fff969204dd)
0x00007fff969204bd:   44 00 00 48 85 ff 2e 74 62 40 f6 c7 01 2e 75 66
0x00007fff969204cd:   49 bb f8 ff ff ff ff 7f 00 00 4c 23 1f 49 89 f2
0x00007fff969204dd:   45 23 53 18 49 c1 e2 04 4d 03 53 10 49 3b 32 75
0x00007fff969204ed:   04 41 ff 62 08 49 83 3a 01 76 0d 49 83 c2 10 49 

Register to memory mapping:

RAX=0x00007f9b17740dc0 is an unknown value
RBX=0x000000017b6133b0: Java_jogamp_nativewindow_macosx_OSXUtil_GetScreenRefreshRate0+0x1850 in /private/var/folders/lj/ts4xrlmj1tsc3mnwzl_88g000000gn/T/jogamp_0000/file_cache/jln5737810420167724873/jln192438624954834724/libnativewindow_macosx.jnilib at 0x000000017b60c000
RCX=0x00000001257dd0c0 is an unknown value
RDX=0x00000001257dd340 is an unknown value
RSP=0x00007fff5a50c398 is pointing into the stack for thread: 0x00007f9b130c2000
RBP=0x00007fff5a50c450 is pointing into the stack for thread: 0x00007f9b130c2000
RSI=0x00007fff8bf03d0e is an unknown value
RDI=0x00007f9b1759c8e0 is an unknown value
R8 =0x0000000000000000 is an unknown value
R9 =0x00000000000008c0 is an unknown value
R10=0x00007fff8bf03d0e is an unknown value
R11=0x0000000000000000 is an unknown value
R12=0x0000000000000000 is an unknown value
R13={method} {0x00000001826ef688} 'UnsetJAWTRootSurfaceLayer0' '(JJ)V' in 'jogamp/nativewindow/jawt/macosx/MacOSXJAWTWindow'
R14=0x000000017b6133a0: Java_jogamp_nativewindow_macosx_OSXUtil_GetScreenRefreshRate0+0x1840 in /private/var/folders/lj/ts4xrlmj1tsc3mnwzl_88g000000gn/T/jogamp_0000/file_cache/jln5737810420167724873/jln192438624954834724/libnativewindow_macosx.jnilib at 0x000000017b60c000
R15=0x00007f9b130c2000 is a thread


Stack: [0x00007fff59d11000,0x00007fff5a511000],  sp=0x00007fff5a50c398,  free space=8172k
Native frames: (J=compiled Java code, j=interpreted, Vv=VM code, C=native code)
C  [libobjc.A.dylib+0x14dd]  objc_msgSend+0x1d
j  jogamp.nativewindow.jawt.macosx.MacOSXJAWTWindow.UnsetJAWTRootSurfaceLayer0(JJ)V+0
j  jogamp.nativewindow.jawt.macosx.MacOSXJAWTWindow.access$200(JJ)V+2
j  jogamp.nativewindow.jawt.macosx.MacOSXJAWTWindow$1.run()V+38
j  com.jogamp.common.util.RunnableTask.run()V+24
v  ~StubRoutines::call_stub
V  [libjvm.dylib+0x2ec1e6]  JavaCalls::call_helper(JavaValue*, methodHandle*, JavaCallArguments*, Thread*)+0x6ae
V  [libjvm.dylib+0x323355]  jni_invoke_nonstatic(JNIEnv_*, JavaValue*, _jobject*, JNICallType, _jmethodID*, JNI_ArgumentPusher*, Thread*)+0x2ec
V  [libjvm.dylib+0x315b23]  jni_CallVoidMethod+0x16b
C  [libnativewindow_macosx.jnilib+0x57ae]  Java_jogamp_nativewindow_jawt_macosx_MacOSXJAWTWindow_UnsetJAWTRootSurfaceLayer0+0x2be
C  [Foundation+0x8dd4b]  __NSThreadPerformPerform+0x117
C  [CoreFoundation+0x7e5c1]  __CFRUNLOOP_IS_CALLING_OUT_TO_A_SOURCE0_PERFORM_FUNCTION__+0x11
C  [CoreFoundation+0x70397]  __CFRunLoopDoSources0+0x1a7
C  [CoreFoundation+0x6f93f]  __CFRunLoopRun+0x39f
C  [CoreFoundation+0x6f338]  CFRunLoopRunSpecific+0x128
C  [HIToolbox+0x30935]  RunCurrentEventLoopInMode+0xeb
C  [HIToolbox+0x30677]  ReceiveNextEventCommon+0xb8
C  [HIToolbox+0x305af]  _BlockUntilNextEventMatchingListInModeWithFilter+0x47
C  [AppKit+0x8a0ee]  _DPSNextEvent+0x42b
C  [AppKit+0x456943]  -[NSApplication _nextEventMatchingEventMask:untilDate:inMode:dequeue:]+0x1c6
C  [libosxapp.dylib+0x23aa]  -[NSApplicationAWT nextEventMatchingMask:untilDate:inMode:dequeue:]+0x7c
C  [AppKit+0x7ffc8]  -[NSApplication run]+0x2aa
C  [libosxapp.dylib+0x214d]  +[NSApplicationAWT runAWTLoopWithApp:]+0x9c
C  [libawt_lwawt.dylib+0x4455b]  -[AWTStarter starter:]+0x389
C  [Foundation+0x8dd4b]  __NSThreadPerformPerform+0x117
C  [CoreFoundation+0x7e5c1]  __CFRUNLOOP_IS_CALLING_OUT_TO_A_SOURCE0_PERFORM_FUNCTION__+0x11
C  [CoreFoundation+0x7041c]  __CFRunLoopDoSources0+0x22c
C  [CoreFoundation+0x6f93f]  __CFRunLoopRun+0x39f
C  [CoreFoundation+0x6f338]  CFRunLoopRunSpecific+0x128
C  [java+0x6463]  CreateExecutionEnvironment+0x367
C  [java+0x21ac]  JLI_Launch+0x7a0
C  [java+0x84c0]  main+0x65
C  [java+0x1a04]  start+0x34
C  0x0000000000000008

Java frames: (J=compiled Java code, j=interpreted, Vv=VM code)
j  jogamp.nativewindow.jawt.macosx.MacOSXJAWTWindow.UnsetJAWTRootSurfaceLayer0(JJ)V+0
j  jogamp.nativewindow.jawt.macosx.MacOSXJAWTWindow.access$200(JJ)V+2
j  jogamp.nativewindow.jawt.macosx.MacOSXJAWTWindow$1.run()V+38
j  com.jogamp.common.util.RunnableTask.run()V+24
v  ~StubRoutines::call_stub

---------------  P R O C E S S  ---------------

Java Threads: ( => current thread )
  0x00007f9b114d7800 JavaThread "Thread-20" [_thread_blocked, id=71123, stack(0x0000700002109000,0x0000700002209000)]
  0x00007f9b1401d000 JavaThread "Image Fetcher 0" daemon [_thread_blocked, id=73055, stack(0x0000700002618000,0x0000700002718000)]
  0x00007f9b12cd0000 JavaThread "Keep-Alive-Timer" daemon [_thread_blocked, id=74091, stack(0x0000700002515000,0x0000700002615000)]
  0x00007f9b10b05000 JavaThread "Animation Thread" [_thread_blocked, id=67855, stack(0x0000700001e80000,0x0000700001f80000)]
  0x00007f9b112ec000 JavaThread "AWT-EventQueue-1" [_thread_in_native, id=67351, stack(0x0000700001f83000,0x0000700002083000)]
  0x00007f9b13000000 JavaThread "DestroyJavaVM" [_thread_blocked, id=5891, stack(0x000070000011a000,0x000070000021a000)]
  0x00007f9b13145000 JavaThread "AWT-EventQueue-0" [_thread_blocked, id=60163, stack(0x0000700001d7d000,0x0000700001e7d000)]
  0x00007f9b1098f800 JavaThread "Java2D Disposer" daemon [_thread_blocked, id=56839, stack(0x0000700001af4000,0x0000700001bf4000)]
  0x00007f9b13138800 JavaThread "Java2D Queue Flusher" daemon [_thread_blocked, id=52759, stack(0x00007000019f1000,0x0000700001af1000)]
  0x00007f9b130cd000 JavaThread "AWT-Shutdown" [_thread_blocked, id=32019, stack(0x000070000165f000,0x000070000175f000)]
=>0x00007f9b130c2000 JavaThread "AWT-AppKit" daemon [_thread_in_native, id=2571, stack(0x00007fff59d11000,0x00007fff5a511000)]
  0x00007f9b10837800 JavaThread "Service Thread" daemon [_thread_blocked, id=21251, stack(0x0000700001353000,0x0000700001453000)]
  0x00007f9b1305d800 JavaThread "C1 CompilerThread3" daemon [_thread_blocked, id=20739, stack(0x0000700001250000,0x0000700001350000)]
  0x00007f9b1304d000 JavaThread "C2 CompilerThread2" daemon [_thread_blocked, id=20227, stack(0x000070000114d000,0x000070000124d000)]
  0x00007f9b1304c000 JavaThread "C2 CompilerThread1" daemon [_thread_blocked, id=19715, stack(0x000070000104a000,0x000070000114a000)]
  0x00007f9b13032800 JavaThread "C2 CompilerThread0" daemon [_thread_blocked, id=19203, stack(0x0000700000f47000,0x0000700001047000)]
  0x00007f9b14000000 JavaThread "Signal Dispatcher" daemon [_thread_blocked, id=14863, stack(0x0000700000e44000,0x0000700000f44000)]
  0x00007f9b1301d800 JavaThread "Finalizer" daemon [_thread_blocked, id=14339, stack(0x0000700000c3b000,0x0000700000d3b000)]
  0x00007f9b1301b000 JavaThread "Reference Handler" daemon [_thread_blocked, id=13827, stack(0x0000700000b38000,0x0000700000c38000)]

Other Threads:
  0x00007f9b12812000 VMThread [stack: 0x0000700000a35000,0x0000700000b35000] [id=13315]
  0x00007f9b13086800 WatcherThread [stack: 0x0000700001456000,0x0000700001556000] [id=21763]

VM state:not at safepoint (normal execution)

VM Mutex/Monitor currently owned by a thread: None

Heap:
 PSYoungGen      total 76288K, used 38857K [0x000000076ab00000, 0x0000000770000000, 0x00000007c0000000)
  eden space 65536K, 42% used [0x000000076ab00000,0x000000076c674228,0x000000076eb00000)
  from space 10752K, 99% used [0x000000076eb00000,0x000000076f57e570,0x000000076f580000)
  to   space 10752K, 0% used [0x000000076f580000,0x000000076f580000,0x0000000770000000)
 ParOldGen       total 175104K, used 4959K [0x00000006c0000000, 0x00000006cab00000, 0x000000076ab00000)
  object space 175104K, 2% used [0x00000006c0000000,0x00000006c04d7c00,0x00000006cab00000)
 Metaspace       used 18923K, capacity 19081K, committed 19456K, reserved 1067008K
  class space    used 1893K, capacity 1981K, committed 2048K, reserved 1048576K

Card table byte_map: [0x0000000116d54000,0x0000000117555000] byte_map_base: 0x0000000113754000

Marking Bits: (ParMarkBitMap*) 0x00000001072e6eb0
 Begin Bits: [0x0000000117aab000, 0x000000011baab000)
 End Bits:   [0x000000011baab000, 0x000000011faab000)

Polling page: 0x00000001059b2000

CodeCache: size=245760Kb used=5856Kb max_used=5856Kb free=239904Kb
 bounds [0x0000000107994000, 0x0000000107f54000, 0x0000000116994000]
 total_blobs=2418 nmethods=1533 adapters=799
 compilation: enabled

Compilation events (10 events):
Event: 3.532 Thread 0x00007f9b1305d800 nmethod 1527 0x0000000107f4b750 code [0x0000000107f4b960, 0x0000000107f4c4a8]
Event: 3.536 Thread 0x00007f9b1304d000 nmethod 1528 0x0000000107f4f8d0 code [0x0000000107f4fa40, 0x0000000107f4fd28]
Event: 3.546 Thread 0x00007f9b1305d800 1530       3       java.awt.Rectangle::intersection (180 bytes)
Event: 3.547 Thread 0x00007f9b1305d800 nmethod 1530 0x0000000107f4ebd0 code [0x0000000107f4ed60, 0x0000000107f4f290]
Event: 3.547 Thread 0x00007f9b1305d800 1531       3       sun.java2d.pipe.PixelToParallelogramConverter::normalize (15 bytes)
Event: 3.547 Thread 0x00007f9b1305d800 nmethod 1531 0x0000000107f4e690 code [0x0000000107f4e840, 0x0000000107f4eac8]
Event: 3.566 Thread 0x00007f9b1305d800 1532       3       sun.misc.JarIndex::get (49 bytes)
Event: 3.567 Thread 0x00007f9b1305d800 nmethod 1532 0x0000000107f4d910 code [0x0000000107f4dae0, 0x0000000107f4e358]
Event: 3.571 Thread 0x00007f9b1305d800 1533       3       java.awt.EventQueue::cacheEQItem (60 bytes)
Event: 3.571 Thread 0x00007f9b1305d800 nmethod 1533 0x0000000107f4cdd0 code [0x0000000107f4cf80, 0x0000000107f4d6e8]

GC Heap History (2 events):
Event: 2.521 GC heap before
{Heap before GC invocations=1 (full 0):
 PSYoungGen      total 76288K, used 65536K [0x000000076ab00000, 0x0000000770000000, 0x00000007c0000000)
  eden space 65536K, 100% used [0x000000076ab00000,0x000000076eb00000,0x000000076eb00000)
  from space 10752K, 0% used [0x000000076f580000,0x000000076f580000,0x0000000770000000)
  to   space 10752K, 0% used [0x000000076eb00000,0x000000076eb00000,0x000000076f580000)
 ParOldGen       total 175104K, used 0K [0x00000006c0000000, 0x00000006cab00000, 0x000000076ab00000)
  object space 175104K, 0% used [0x00000006c0000000,0x00000006c0000000,0x00000006cab00000)
 Metaspace       used 18593K, capacity 18793K, committed 19200K, reserved 1067008K
  class space    used 1884K, capacity 1949K, committed 2048K, reserved 1048576K
Event: 2.532 GC heap after
Heap after GC invocations=1 (full 0):
 PSYoungGen      total 76288K, used 10745K [0x000000076ab00000, 0x0000000770000000, 0x00000007c0000000)
  eden space 65536K, 0% used [0x000000076ab00000,0x000000076ab00000,0x000000076eb00000)
  from space 10752K, 99% used [0x000000076eb00000,0x000000076f57e570,0x000000076f580000)
  to   space 10752K, 0% used [0x000000076f580000,0x000000076f580000,0x0000000770000000)
 ParOldGen       total 175104K, used 4959K [0x00000006c0000000, 0x00000006cab00000, 0x000000076ab00000)
  object space 175104K, 2% used [0x00000006c0000000,0x00000006c04d7c00,0x00000006cab00000)
 Metaspace       used 18593K, capacity 18793K, committed 19200K, reserved 1067008K
  class space    used 1884K, capacity 1949K, committed 2048K, reserved 1048576K
}

Deoptimization events (10 events):
Event: 2.354 Thread 0x00007f9b112ec000 Uncommon trap: reason=unstable_if action=reinterpret pc=0x0000000107d445bc method=com.jogamp.common.util.IntIntHashMap.get(I)I @ 28
Event: 2.361 Thread 0x00007f9b112ec000 Uncommon trap: reason=class_check action=maybe_recompile pc=0x0000000107d6fca0 method=com.jogamp.common.nio.Buffers.isDirect(Ljava/lang/Object;)Z @ 13
Event: 2.361 Thread 0x00007f9b112ec000 Uncommon trap: reason=class_check action=maybe_recompile pc=0x0000000107d6fa64 method=com.jogamp.common.nio.Buffers.getDirectBufferByteOffset(Ljava/lang/Object;)I @ 7
Event: 2.362 Thread 0x00007f9b112ec000 Uncommon trap: reason=class_check action=maybe_recompile pc=0x0000000107d6fca0 method=com.jogamp.common.nio.Buffers.isDirect(Ljava/lang/Object;)Z @ 13
Event: 2.362 Thread 0x00007f9b112ec000 Uncommon trap: reason=class_check action=maybe_recompile pc=0x0000000107d6fa64 method=com.jogamp.common.nio.Buffers.getDirectBufferByteOffset(Ljava/lang/Object;)I @ 7
Event: 2.362 Thread 0x00007f9b112ec000 Uncommon trap: reason=class_check action=maybe_recompile pc=0x0000000107d6fca0 method=com.jogamp.common.nio.Buffers.isDirect(Ljava/lang/Object;)Z @ 13
Event: 2.362 Thread 0x00007f9b112ec000 Uncommon trap: reason=class_check action=maybe_recompile pc=0x0000000107d6fa64 method=com.jogamp.common.nio.Buffers.getDirectBufferByteOffset(Ljava/lang/Object;)I @ 7
Event: 2.377 Thread 0x00007f9b112ec000 Uncommon trap: reason=class_check action=maybe_recompile pc=0x0000000107d6fca0 method=com.jogamp.common.nio.Buffers.isDirect(Ljava/lang/Object;)Z @ 13
Event: 2.377 Thread 0x00007f9b112ec000 Uncommon trap: reason=class_check action=maybe_recompile pc=0x0000000107d6fa64 method=com.jogamp.common.nio.Buffers.getDirectBufferByteOffset(Ljava/lang/Object;)I @ 7
Event: 2.380 Thread 0x00007f9b112ec000 Uncommon trap: reason=unstable_if action=reinterpret pc=0x0000000107d757c4 method=jogamp.opengl.gl4.GL4bcImpl.checkBufferObject(ZZZILjava/lang/String;Z)Z @ 59

Internal exceptions (10 events):
Event: 0.118 Thread 0x00007f9b13000000 Exception <a 'java/lang/NoSuchFieldError': method resolution failed> (0x000000076ada7818) thrown at [/Users/java_re/workspace/8-2-build-macosx-x86_64/jdk8u91/6644/hotspot/src/share/vm/prims/methodHandles.cpp, line 1146]
Event: 0.120 Thread 0x00007f9b13000000 Exception <a 'java/lang/NoSuchFieldError': method resolution failed> (0x000000076adb4fe8) thrown at [/Users/java_re/workspace/8-2-build-macosx-x86_64/jdk8u91/6644/hotspot/src/share/vm/prims/methodHandles.cpp, line 1146]
Event: 0.446 Thread 0x00007f9b13000000 Exception <a 'java/io/FileNotFoundException'> (0x000000076ae30ee0) thrown at [/Users/java_re/workspace/8-2-build-macosx-x86_64/jdk8u91/6644/hotspot/src/share/vm/prims/jni.cpp, line 709]
Event: 0.447 Thread 0x00007f9b13000000 Exception <a 'java/io/FileNotFoundException'> (0x000000076ae31a40) thrown at [/Users/java_re/workspace/8-2-build-macosx-x86_64/jdk8u91/6644/hotspot/src/share/vm/prims/jni.cpp, line 709]
Event: 0.529 Thread 0x00007f9b13000000 Exception <a 'java/io/FileNotFoundException'> (0x000000076aec9d00) thrown at [/Users/java_re/workspace/8-2-build-macosx-x86_64/jdk8u91/6644/hotspot/src/share/vm/prims/jni.cpp, line 709]
Event: 1.507 Thread 0x00007f9b10b05000 Exception <a 'java/lang/UnsatisfiedLinkError': com.jogamp.common.util.JarUtil.fixNativeLibAttribs(Ljava/lang/String;)Z> (0x000000076c7776e0) thrown at [/Users/java_re/workspace/8-2-build-macosx-x86_64/jdk8u91/6644/hotspot/src/share/vm/prims/nativeLookup.c
Event: 2.217 Thread 0x00007f9b112ec000 Exception <a 'java/io/FileNotFoundException'> (0x000000076d6adb70) thrown at [/Users/java_re/workspace/8-2-build-macosx-x86_64/jdk8u91/6644/hotspot/src/share/vm/prims/jni.cpp, line 709]
Event: 2.217 Thread 0x00007f9b112ec000 Exception <a 'java/io/FileNotFoundException'> (0x000000076d6b3da0) thrown at [/Users/java_re/workspace/8-2-build-macosx-x86_64/jdk8u91/6644/hotspot/src/share/vm/prims/jni.cpp, line 709]
Event: 2.217 Thread 0x00007f9b112ec000 Implicit null exception at 0x0000000107b3b4f5 to 0x0000000107b3b859
Event: 2.534 Thread 0x00007f9b1301d800 Exception <a 'java/lang/NullPointerException'> (0x000000076b017358) thrown at [/Users/java_re/workspace/8-2-build-macosx-x86_64/jdk8u91/6644/hotspot/src/share/vm/interpreter/linkResolver.cpp, line 1178]

Events (10 events):
Event: 3.570 loading class java/awt/LightweightDispatcher$2 done
Event: 3.570 loading class java/awt/event/AWTEventListenerProxy
Event: 3.570 loading class java/awt/event/AWTEventListenerProxy done
Event: 3.570 loading class java/awt/Toolkit$ToolkitEventMulticaster
Event: 3.570 loading class java/awt/Toolkit$ToolkitEventMulticaster done
Event: 3.571 Thread 0x00007f9b1118d800 Thread exited: 0x00007f9b1118d800
Event: 3.571 loading class java/lang/IllegalThreadStateException
Event: 3.571 loading class java/lang/IllegalThreadStateException done
Event: 3.571 loading class java/awt/Window$1DisposeAction
Event: 3.571 loading class java/awt/Window$1DisposeAction done


Dynamic libraries:
0x000000000aa12000 	/System/Library/Frameworks/Cocoa.framework/Versions/A/Cocoa
0x000000000aa12000 	/System/Library/Frameworks/Security.framework/Versions/A/Security
0x000000000aa12000 	/System/Library/Frameworks/ApplicationServices.framework/Versions/A/ApplicationServices
0x000000000aa12000 	/usr/lib/libz.1.dylib
0x000000000aa12000 	/usr/lib/libSystem.B.dylib
0x000000000aa12000 	/usr/lib/libobjc.A.dylib
0x000000000aa12000 	/System/Library/Frameworks/CoreFoundation.framework/Versions/A/CoreFoundation
0x000000000aa12000 	/System/Library/Frameworks/Foundation.framework/Versions/C/Foundation
0x000000000aa12000 	/System/Library/Frameworks/AppKit.framework/Versions/C/AppKit
0x000000000aa12000 	/System/Library/Frameworks/CoreData.framework/Versions/A/CoreData
0x000000000aa12000 	/System/Library/PrivateFrameworks/RemoteViewServices.framework/Versions/A/RemoteViewServices
0x000000000aa12000 	/System/Library/PrivateFrameworks/UIFoundation.framework/Versions/A/UIFoundation
0x000000000aa12000 	/usr/lib/libScreenReader.dylib
0x000000000aa12000 	/System/Library/Frameworks/Accelerate.framework/Versions/A/Accelerate
0x000000000aa12000 	/System/Library/Frameworks/IOSurface.framework/Versions/A/IOSurface
0x000000000aa12000 	/System/Library/Frameworks/AudioToolbox.framework/Versions/A/AudioToolbox
0x000000000aa12000 	/System/Library/Frameworks/AudioUnit.framework/Versions/A/AudioUnit
0x000000000aa12000 	/System/Library/PrivateFrameworks/DataDetectorsCore.framework/Versions/A/DataDetectorsCore
0x000000000aa12000 	/System/Library/PrivateFrameworks/DesktopServicesPriv.framework/Versions/A/DesktopServicesPriv
0x000000000aa12000 	/System/Library/Frameworks/Carbon.framework/Versions/A/Frameworks/HIToolbox.framework/Versions/A/HIToolbox
0x000000000aa12000 	/System/Library/Frameworks/QuartzCore.framework/Versions/A/QuartzCore
0x000000000aa12000 	/System/Library/Frameworks/Carbon.framework/Versions/A/Frameworks/SpeechRecognition.framework/Versions/A/SpeechRecognition
0x000000000aa12000 	/usr/lib/libauto.dylib
0x000000000aa12000 	/usr/lib/libicucore.A.dylib
0x000000000aa12000 	/usr/lib/libxml2.2.dylib
0x000000000aa12000 	/System/Library/PrivateFrameworks/CoreUI.framework/Versions/A/CoreUI
0x000000000aa12000 	/System/Library/Frameworks/CoreAudio.framework/Versions/A/CoreAudio
0x000000000aa12000 	/System/Library/Frameworks/DiskArbitration.framework/Versions/A/DiskArbitration
0x000000000aa12000 	/usr/lib/liblangid.dylib
0x000000000aa12000 	/System/Library/PrivateFrameworks/MultitouchSupport.framework/Versions/A/MultitouchSupport
0x000000000aa12000 	/System/Library/Frameworks/IOKit.framework/Versions/A/IOKit
0x000000000aa12000 	/usr/lib/libDiagnosticMessagesClient.dylib
0x000000000aa12000 	/System/Library/Frameworks/CoreServices.framework/Versions/A/CoreServices
0x000000000aa12000 	/System/Library/PrivateFrameworks/PerformanceAnalysis.framework/Versions/A/PerformanceAnalysis
0x000000000aa12000 	/System/Library/PrivateFrameworks/GenerationalStorage.framework/Versions/A/GenerationalStorage
0x000000000aa12000 	/System/Library/Frameworks/OpenGL.framework/Versions/A/OpenGL
0x000000000aa12000 	/System/Library/PrivateFrameworks/Sharing.framework/Versions/A/Sharing
0x000000000aa12000 	/System/Library/Frameworks/CoreGraphics.framework/Versions/A/CoreGraphics
0x000000000aa12000 	/System/Library/Frameworks/CoreImage.framework/Versions/A/CoreImage
0x000000000aa12000 	/System/Library/Frameworks/CoreText.framework/Versions/A/CoreText
0x000000000aa12000 	/System/Library/Frameworks/ImageIO.framework/Versions/A/ImageIO
0x000000000aa12000 	/System/Library/PrivateFrameworks/Backup.framework/Versions/A/Backup
0x000000000aa12000 	/usr/lib/libextension.dylib
0x000000000aa12000 	/usr/lib/libarchive.2.dylib
0x000000000aa12000 	/System/Library/Frameworks/CFNetwork.framework/Versions/A/CFNetwork
0x000000000aa12000 	/System/Library/Frameworks/SystemConfiguration.framework/Versions/A/SystemConfiguration
0x000000000aa12000 	/usr/lib/libCRFSuite.dylib
0x000000000aa12000 	/usr/lib/libc++.1.dylib
0x000000000aa12000 	/usr/lib/libc++abi.dylib
0x000000000aa12000 	/usr/lib/system/libcache.dylib
0x000000000aa12000 	/usr/lib/system/libcommonCrypto.dylib
0x000000000aa12000 	/usr/lib/system/libcompiler_rt.dylib
0x000000000aa12000 	/usr/lib/system/libcopyfile.dylib
0x000000000aa12000 	/usr/lib/system/libcorecrypto.dylib
0x000000000aa12000 	/usr/lib/system/libdispatch.dylib
0x000000000aa12000 	/usr/lib/system/libdyld.dylib
0x000000000aa12000 	/usr/lib/system/libkeymgr.dylib
0x000000000aa12000 	/usr/lib/system/liblaunch.dylib
0x000000000aa12000 	/usr/lib/system/libmacho.dylib
0x000000000aa12000 	/usr/lib/system/libquarantine.dylib
0x000000000aa12000 	/usr/lib/system/libremovefile.dylib
0x000000000aa12000 	/usr/lib/system/libsystem_asl.dylib
0x000000000aa12000 	/usr/lib/system/libsystem_blocks.dylib
0x000000000aa12000 	/usr/lib/system/libsystem_c.dylib
0x000000000aa12000 	/usr/lib/system/libsystem_configuration.dylib
0x000000000aa12000 	/usr/lib/system/libsystem_coreservices.dylib
0x000000000aa12000 	/usr/lib/system/libsystem_coretls.dylib
0x000000000aa12000 	/usr/lib/system/libsystem_dnssd.dylib
0x000000000aa12000 	/usr/lib/system/libsystem_info.dylib
0x000000000aa12000 	/usr/lib/system/libsystem_kernel.dylib
0x000000000aa12000 	/usr/lib/system/libsystem_m.dylib
0x000000000aa12000 	/usr/lib/system/libsystem_malloc.dylib
0x000000000aa12000 	/usr/lib/system/libsystem_network.dylib
0x000000000aa12000 	/usr/lib/system/libsystem_networkextension.dylib
0x000000000aa12000 	/usr/lib/system/libsystem_notify.dylib
0x000000000aa12000 	/usr/lib/system/libsystem_platform.dylib
0x000000000aa12000 	/usr/lib/system/libsystem_pthread.dylib
0x000000000aa12000 	/usr/lib/system/libsystem_sandbox.dylib
0x000000000aa12000 	/usr/lib/system/libsystem_secinit.dylib
0x000000000aa12000 	/usr/lib/system/libsystem_trace.dylib
0x000000000aa12000 	/usr/lib/system/libunc.dylib
0x000000000aa12000 	/usr/lib/system/libunwind.dylib
0x000000000aa12000 	/usr/lib/system/libxpc.dylib
0x000000000aa12000 	/usr/lib/libenergytrace.dylib
0x000000000aa12000 	/usr/lib/libbsm.0.dylib
0x000000000aa12000 	/usr/lib/system/libkxld.dylib
0x000000000aa12000 	/usr/lib/libxar.1.dylib
0x000000000aa12000 	/usr/lib/libsqlite3.dylib
0x000000000aa12000 	/usr/lib/libpam.2.dylib
0x000000000aa12000 	/usr/lib/libOpenScriptingUtil.dylib
0x000000000aa12000 	/usr/lib/libbz2.1.0.dylib
0x000000000aa12000 	/usr/lib/liblzma.5.dylib
0x000000000aa12000 	/System/Library/Frameworks/CoreServices.framework/Versions/A/Frameworks/FSEvents.framework/Versions/A/FSEvents
0x000000000aa12000 	/System/Library/Frameworks/CoreServices.framework/Versions/A/Frameworks/CarbonCore.framework/Versions/A/CarbonCore
0x000000000aa12000 	/System/Library/Frameworks/CoreServices.framework/Versions/A/Frameworks/Metadata.framework/Versions/A/Metadata
0x000000000aa12000 	/System/Library/Frameworks/CoreServices.framework/Versions/A/Frameworks/OSServices.framework/Versions/A/OSServices
0x000000000aa12000 	/System/Library/Frameworks/CoreServices.framework/Versions/A/Frameworks/SearchKit.framework/Versions/A/SearchKit
0x000000000aa12000 	/System/Library/Frameworks/CoreServices.framework/Versions/A/Frameworks/AE.framework/Versions/A/AE
0x000000000aa12000 	/System/Library/Frameworks/CoreServices.framework/Versions/A/Frameworks/LaunchServices.framework/Versions/A/LaunchServices
0x000000000aa12000 	/System/Library/Frameworks/CoreServices.framework/Versions/A/Frameworks/DictionaryServices.framework/Versions/A/DictionaryServices
0x000000000aa12000 	/System/Library/Frameworks/CoreServices.framework/Versions/A/Frameworks/SharedFileList.framework/Versions/A/SharedFileList
0x000000000aa12000 	/System/Library/Frameworks/NetFS.framework/Versions/A/NetFS
0x000000000aa12000 	/System/Library/PrivateFrameworks/NetAuth.framework/Versions/A/NetAuth
0x000000000aa12000 	/System/Library/PrivateFrameworks/login.framework/Versions/A/Frameworks/loginsupport.framework/Versions/A/loginsupport
0x000000000aa12000 	/System/Library/PrivateFrameworks/TCC.framework/Versions/A/TCC
0x000000000aa12000 	/usr/lib/libmecabra.dylib
0x000000000aa12000 	/System/Library/Frameworks/ApplicationServices.framework/Versions/A/Frameworks/ATS.framework/Versions/A/ATS
0x000000000aa12000 	/System/Library/Frameworks/ApplicationServices.framework/Versions/A/Frameworks/ColorSync.framework/Versions/A/ColorSync
0x000000000aa12000 	/System/Library/Frameworks/ApplicationServices.framework/Versions/A/Frameworks/HIServices.framework/Versions/A/HIServices
0x000000000aa12000 	/System/Library/Frameworks/ApplicationServices.framework/Versions/A/Frameworks/LangAnalysis.framework/Versions/A/LangAnalysis
0x000000000aa12000 	/System/Library/Frameworks/ApplicationServices.framework/Versions/A/Frameworks/PrintCore.framework/Versions/A/PrintCore
0x000000000aa12000 	/System/Library/Frameworks/ApplicationServices.framework/Versions/A/Frameworks/QD.framework/Versions/A/QD
0x000000000aa12000 	/System/Library/Frameworks/ApplicationServices.framework/Versions/A/Frameworks/SpeechSynthesis.framework/Versions/A/SpeechSynthesis
0x000000000aa12000 	/System/Library/Frameworks/Metal.framework/Versions/A/Metal
0x000000000aa12000 	/System/Library/Frameworks/Accelerate.framework/Versions/A/Frameworks/vImage.framework/Versions/A/vImage
0x000000000aa12000 	/System/Library/Frameworks/Accelerate.framework/Versions/A/Frameworks/vecLib.framework/Versions/A/vecLib
0x000000000aa12000 	/System/Library/Frameworks/Accelerate.framework/Versions/A/Frameworks/vecLib.framework/Versions/A/libvDSP.dylib
0x000000000aa12000 	/System/Library/Frameworks/Accelerate.framework/Versions/A/Frameworks/vecLib.framework/Versions/A/libvMisc.dylib
0x000000000aa12000 	/System/Library/Frameworks/Accelerate.framework/Versions/A/Frameworks/vecLib.framework/Versions/A/libLAPACK.dylib
0x000000000aa12000 	/System/Library/Frameworks/Accelerate.framework/Versions/A/Frameworks/vecLib.framework/Versions/A/libBLAS.dylib
0x000000000aa12000 	/System/Library/Frameworks/Accelerate.framework/Versions/A/Frameworks/vecLib.framework/Versions/A/libLinearAlgebra.dylib
0x000000000aa12000 	/System/Library/Frameworks/Accelerate.framework/Versions/A/Frameworks/vecLib.framework/Versions/A/libSparseBLAS.dylib
0x000000000aa12000 	/System/Library/PrivateFrameworks/GPUCompiler.framework/libmetal_timestamp.dylib
0x000000000aa12000 	/System/Library/Frameworks/OpenGL.framework/Versions/A/Libraries/libCoreFSCache.dylib
0x000000000aa12000 	/System/Library/PrivateFrameworks/IOAccelerator.framework/Versions/A/IOAccelerator
0x000000000aa12000 	/System/Library/Frameworks/ApplicationServices.framework/Versions/A/Frameworks/ATS.framework/Versions/A/Resources/libFontParser.dylib
0x000000000aa12000 	/System/Library/Frameworks/ApplicationServices.framework/Versions/A/Frameworks/ATS.framework/Versions/A/Resources/libFontRegistry.dylib
0x000000000aa12000 	/System/Library/PrivateFrameworks/AppleVPA.framework/Versions/A/AppleVPA
0x000000000aa12000 	/System/Library/PrivateFrameworks/AppleJPEG.framework/Versions/A/AppleJPEG
0x000000000aa12000 	/System/Library/Frameworks/ImageIO.framework/Versions/A/Resources/libJPEG.dylib
0x000000000aa12000 	/System/Library/Frameworks/ImageIO.framework/Versions/A/Resources/libTIFF.dylib
0x000000000aa12000 	/System/Library/Frameworks/ImageIO.framework/Versions/A/Resources/libPng.dylib
0x000000000aa12000 	/System/Library/Frameworks/ImageIO.framework/Versions/A/Resources/libGIF.dylib
0x000000000aa12000 	/System/Library/Frameworks/ImageIO.framework/Versions/A/Resources/libJP2.dylib
0x000000000aa12000 	/System/Library/Frameworks/ImageIO.framework/Versions/A/Resources/libRadiance.dylib
0x000000000aa12000 	/System/Library/Frameworks/CoreVideo.framework/Versions/A/CoreVideo
0x000000000aa12000 	/System/Library/Frameworks/OpenGL.framework/Versions/A/Libraries/libGLU.dylib
0x000000000aa12000 	/System/Library/Frameworks/OpenGL.framework/Versions/A/Libraries/libGFXShared.dylib
0x000000000aa12000 	/System/Library/Frameworks/OpenGL.framework/Versions/A/Libraries/libGL.dylib
0x000000000aa12000 	/System/Library/Frameworks/OpenGL.framework/Versions/A/Libraries/libGLImage.dylib
0x000000000aa12000 	/System/Library/Frameworks/OpenGL.framework/Versions/A/Libraries/libCVMSPluginSupport.dylib
0x000000000aa12000 	/System/Library/Frameworks/OpenGL.framework/Versions/A/Libraries/libCoreVMClient.dylib
0x000000000aa12000 	/usr/lib/libcups.2.dylib
0x000000000aa12000 	/System/Library/Frameworks/Kerberos.framework/Versions/A/Kerberos
0x000000000aa12000 	/System/Library/Frameworks/GSS.framework/Versions/A/GSS
0x000000000aa12000 	/usr/lib/libresolv.9.dylib
0x000000000aa12000 	/usr/lib/libiconv.2.dylib
0x000000000aa12000 	/System/Library/PrivateFrameworks/Heimdal.framework/Versions/A/Heimdal
0x000000000aa12000 	/usr/lib/libheimdal-asn1.dylib
0x000000000aa12000 	/System/Library/Frameworks/OpenDirectory.framework/Versions/A/OpenDirectory
0x000000000aa12000 	/System/Library/PrivateFrameworks/CommonAuth.framework/Versions/A/CommonAuth
0x000000000aa12000 	/System/Library/Frameworks/OpenDirectory.framework/Versions/A/Frameworks/CFOpenDirectory.framework/Versions/A/CFOpenDirectory
0x000000000aa12000 	/System/Library/Frameworks/SecurityFoundation.framework/Versions/A/SecurityFoundation
0x000000000aa12000 	/System/Library/PrivateFrameworks/LanguageModeling.framework/Versions/A/LanguageModeling
0x000000000aa12000 	/usr/lib/libmarisa.dylib
0x000000000aa12000 	/usr/lib/libChineseTokenizer.dylib
0x000000000aa12000 	/usr/lib/libcmph.dylib
0x000000000aa12000 	/usr/lib/libcompression.dylib
0x000000000aa12000 	/System/Library/Frameworks/ServiceManagement.framework/Versions/A/ServiceManagement
0x000000000aa12000 	/usr/lib/libxslt.1.dylib
0x000000000aa12000 	/System/Library/Frameworks/Carbon.framework/Versions/A/Frameworks/Ink.framework/Versions/A/Ink
0x000000000aa12000 	/usr/lib/libFosl_dynamic.dylib
0x000000000aa12000 	/System/Library/PrivateFrameworks/FaceCore.framework/Versions/A/FaceCore
0x000000000aa12000 	/System/Library/Frameworks/OpenCL.framework/Versions/A/OpenCL
0x000000000aa12000 	/System/Library/PrivateFrameworks/CrashReporterSupport.framework/Versions/A/CrashReporterSupport
0x000000000aa12000 	/System/Library/PrivateFrameworks/IconServices.framework/Versions/A/IconServices
0x000000000aa12000 	/System/Library/PrivateFrameworks/Apple80211.framework/Versions/A/Apple80211
0x000000000aa12000 	/System/Library/Frameworks/CoreWLAN.framework/Versions/A/CoreWLAN
0x000000000aa12000 	/System/Library/Frameworks/IOBluetooth.framework/Versions/A/IOBluetooth
0x000000000aa12000 	/System/Library/PrivateFrameworks/CoreWiFi.framework/Versions/A/CoreWiFi
0x000000000aa12000 	/System/Library/Frameworks/CoreBluetooth.framework/Versions/A/CoreBluetooth
0x000000000aa12000 	/System/Library/PrivateFrameworks/ChunkingLibrary.framework/Versions/A/ChunkingLibrary
0x000000000aa12000 	/System/Library/PrivateFrameworks/DebugSymbols.framework/Versions/A/DebugSymbols
0x000000000aa12000 	/System/Library/PrivateFrameworks/CoreSymbolication.framework/Versions/A/CoreSymbolication
0x000000000aa12000 	/System/Library/PrivateFrameworks/Symbolication.framework/Versions/A/Symbolication
0x000000000aa12000 	/System/Library/PrivateFrameworks/SpeechRecognitionCore.framework/Versions/A/SpeechRecognitionCore
0x0000000106a00000 	/Library/Java/JavaVirtualMachines/jdk1.8.0_91.jdk/Contents/Home/jre/lib/server/libjvm.dylib
0x000000000aa12000 	/usr/lib/libstdc++.6.dylib
0x000000010596f000 	/Library/Java/JavaVirtualMachines/jdk1.8.0_91.jdk/Contents/Home/jre/lib/libverify.dylib
0x000000010597d000 	/Library/Java/JavaVirtualMachines/jdk1.8.0_91.jdk/Contents/Home/jre/lib/libjava.dylib
0x00000001059bc000 	/Library/Java/JavaVirtualMachines/jdk1.8.0_91.jdk/Contents/Home/jre/lib/libzip.dylib
0x0000000122a21000 	/System/Library/Frameworks/JavaVM.framework/Frameworks/JavaRuntimeSupport.framework/JavaRuntimeSupport
0x0000000122a3c000 	/System/Library/Frameworks/JavaVM.framework/Versions/A/Frameworks/JavaNativeFoundation.framework/Versions/A/JavaNativeFoundation
0x00000001059ee000 	/System/Library/Frameworks/JavaVM.framework/Versions/A/JavaVM
0x000000000aa12000 	/System/Library/Frameworks/Carbon.framework/Versions/A/Carbon
0x0000000122a51000 	/System/Library/PrivateFrameworks/JavaLaunching.framework/Versions/A/JavaLaunching
0x000000000aa12000 	/System/Library/Frameworks/Carbon.framework/Versions/A/Frameworks/CommonPanels.framework/Versions/A/CommonPanels
0x000000000aa12000 	/System/Library/Frameworks/Carbon.framework/Versions/A/Frameworks/Help.framework/Versions/A/Help
0x000000000aa12000 	/System/Library/Frameworks/Carbon.framework/Versions/A/Frameworks/ImageCapture.framework/Versions/A/ImageCapture
0x000000000aa12000 	/System/Library/Frameworks/Carbon.framework/Versions/A/Frameworks/OpenScripting.framework/Versions/A/OpenScripting
0x000000000aa12000 	/System/Library/Frameworks/Carbon.framework/Versions/A/Frameworks/Print.framework/Versions/A/Print
0x000000000aa12000 	/System/Library/Frameworks/Carbon.framework/Versions/A/Frameworks/SecurityHI.framework/Versions/A/SecurityHI
0x0000000124370000 	/Library/Java/JavaVirtualMachines/jdk1.8.0_91.jdk/Contents/Home/jre/lib/libawt.dylib
0x0000000124418000 	/Library/Java/JavaVirtualMachines/jdk1.8.0_91.jdk/Contents/Home/jre/lib/./libmlib_image.dylib
0x00000001244e4000 	/Library/Java/JavaVirtualMachines/jdk1.8.0_91.jdk/Contents/Home/jre/lib/libawt_lwawt.dylib
0x0000000124599000 	/Library/Java/JavaVirtualMachines/jdk1.8.0_91.jdk/Contents/Home/jre/lib/./libosxapp.dylib
0x000000000aa12000 	/System/Library/Frameworks/ExceptionHandling.framework/Versions/A/ExceptionHandling
0x000000000aa12000 	/System/Library/PrivateFrameworks/CoreServicesInternal.framework/Versions/A/CoreServicesInternal
0x000000000aa12000 	/System/Library/Frameworks/CoreGraphics.framework/Versions/A/Resources/libRIP.A.dylib
0x000000000aa12000 	/System/Library/Frameworks/Accelerate.framework/Versions/A/Frameworks/vImage.framework/Versions/A/Libraries/libCGInterfaces.dylib
0x000000000aa12000 	/System/Library/Frameworks/CoreGraphics.framework/Versions/A/Resources/libCGXType.A.dylib
0x000000000aa12000 	/System/Library/Frameworks/OpenCL.framework/Versions/A/Libraries/libcldcpuengine.dylib
0x000000000aa12000 	/System/Library/PrivateFrameworks/DiskImages.framework/Versions/A/DiskImages
0x000000000aa12000 	/System/Library/Frameworks/DiscRecording.framework/Versions/A/DiscRecording
0x000000000aa12000 	/usr/lib/libcsfde.dylib
0x000000000aa12000 	/usr/lib/libcurl.4.dylib
0x000000000aa12000 	/System/Library/PrivateFrameworks/MediaKit.framework/Versions/A/MediaKit
0x000000000aa12000 	/System/Library/PrivateFrameworks/ProtectedCloudStorage.framework/Versions/A/ProtectedCloudStorage
0x000000000aa12000 	/usr/lib/libCoreStorage.dylib
0x000000000aa12000 	/System/Library/PrivateFrameworks/EFILogin.framework/Versions/A/EFILogin
0x000000000aa12000 	/usr/lib/libutil.dylib
0x000000000aa12000 	/System/Library/PrivateFrameworks/FindMyDevice.framework/Versions/A/FindMyDevice
0x000000000aa12000 	/System/Library/Frameworks/LDAP.framework/Versions/A/LDAP
0x000000000aa12000 	/usr/lib/libsasl2.2.dylib
0x000000000aa12000 	/System/Library/PrivateFrameworks/CoreDaemon.framework/Versions/B/CoreDaemon
0x000000000aa12000 	/usr/lib/libcrypto.0.9.8.dylib
0x000000000aa12000 	/System/Library/PrivateFrameworks/AppleSRP.framework/Versions/A/AppleSRP
0x000000000aa12000 	/System/Library/PrivateFrameworks/TrustEvaluationAgent.framework/Versions/A/TrustEvaluationAgent
0x0000000125139000 	cl_kernels
0x000000000aa12000 	/System/Library/Frameworks/OpenCL.framework/Versions/A/Libraries/ImageFormats/unorm8_bgra.dylib
0x000000000aa12000 	/System/Library/Frameworks/OpenCL.framework/Versions/A/Libraries/ImageFormats/unorm8_rgba.dylib
0x000000000aa12000 	/System/Library/PrivateFrameworks/FamilyControls.framework/Versions/A/FamilyControls
0x000000000aa12000 	/System/Library/PrivateFrameworks/CommerceKit.framework/Versions/A/Frameworks/CommerceCore.framework/Versions/A/CommerceCore
0x000000000aa12000 	/System/Library/PrivateFrameworks/SystemAdministration.framework/Versions/A/SystemAdministration
0x000000000aa12000 	/System/Library/PrivateFrameworks/AppContainer.framework/Versions/A/AppContainer
0x000000000aa12000 	/System/Library/PrivateFrameworks/SecCodeWrapper.framework/Versions/A/SecCodeWrapper
0x000000000aa12000 	/System/Library/Frameworks/DirectoryService.framework/Versions/A/DirectoryService
0x000000000aa12000 	/System/Library/PrivateFrameworks/LoginUIKit.framework/Versions/A/Frameworks/LoginUICore.framework/Versions/A/LoginUICore
0x000000000aa12000 	/usr/lib/libodfde.dylib
0x000000000aa12000 	/System/Library/Frameworks/OpenGL.framework/Versions/A/Resources/GLEngine.bundle/GLEngine
0x000000000aa12000 	/System/Library/Frameworks/OpenGL.framework/Versions/A/Libraries/libGLProgrammability.dylib
0x000000012731c000 	/System/Library/Extensions/AppleIntelHD5000GraphicsGLDriver.bundle/Contents/MacOS/AppleIntelHD5000GraphicsGLDriver
0x000000000aa12000 	/System/Library/PrivateFrameworks/GPUSupport.framework/Versions/A/Libraries/libGPUSupportMercury.dylib
0x000000000aa12000 	/System/Library/Frameworks/OpenGL.framework/Versions/A/Resources/GLRendererFloat.bundle/GLRendererFloat
0x0000000128326000 	/Library/Java/JavaVirtualMachines/jdk1.8.0_91.jdk/Contents/Home/jre/lib/libfontmanager.dylib
0x000000012986e000 	/Library/Java/JavaVirtualMachines/jdk1.8.0_91.jdk/Contents/Home/jre/lib/libosxui.dylib
0x000000012a590000 	/Library/Java/JavaVirtualMachines/jdk1.8.0_91.jdk/Contents/Home/jre/lib/libnet.dylib
0x000000012a5a7000 	/Library/Java/JavaVirtualMachines/jdk1.8.0_91.jdk/Contents/Home/jre/lib/libnio.dylib
0x000000000aa12000 	/System/Library/Frameworks/ApplicationServices.framework/Versions/A/Frameworks/ATS.framework/Versions/A/Resources/libTrueTypeScaler.dylib
0x000000017b6fb000 	/System/Library/Extensions/AppleIntelHD5000GraphicsMTLDriver.bundle/Contents/MacOS/AppleIntelHD5000GraphicsMTLDriver
0x000000017b602000 	/private/var/folders/lj/ts4xrlmj1tsc3mnwzl_88g000000gn/T/jogamp_0000/file_cache/jln5737810420167724873/jln192438624954834724/libgluegen-rt.jnilib
0x000000017b606000 	/private/var/folders/lj/ts4xrlmj1tsc3mnwzl_88g000000gn/T/jogamp_0000/file_cache/jln5737810420167724873/jln192438624954834724/libnativewindow_awt.jnilib
0x000000017b609000 	/Library/Java/JavaVirtualMachines/jdk1.8.0_91.jdk/Contents/Home/jre/lib/libjawt.dylib
0x000000017b60c000 	/private/var/folders/lj/ts4xrlmj1tsc3mnwzl_88g000000gn/T/jogamp_0000/file_cache/jln5737810420167724873/jln192438624954834724/libnativewindow_macosx.jnilib
0x000000017bdd3000 	/private/var/folders/lj/ts4xrlmj1tsc3mnwzl_88g000000gn/T/jogamp_0000/file_cache/jln5737810420167724873/jln192438624954834724/libjogl_desktop.jnilib

VM Arguments:
jvm_args: -Djava.library.path=/Library/Java/JavaVirtualMachines/jdk1.8.0_91.jdk/Contents/Home -Djava.security.policy=java.policy.applet -Dfile.encoding=UTF-8 
java_command: sun.applet.AppletViewer SimpleMapApp1470169751517.html
java_class_path (initial): /Users/rblowers/git/ice-crystalV3/ice-crystal/build:/Users/rblowers/git/ice-crystalV3/ice-crystal/lib/core.jar:/Users/rblowers/git/ice-crystalV3/ice-crystal/lib/gluegen-rt.jar:/Users/rblowers/git/ice-crystalV3/ice-crystal/lib/jogl-all.jar:/Users/rblowers/git/ice-crystalV3/ice-crystal/lib/log4j-1.2.15.jar:/Users/rblowers/git/ice-crystalV3/ice-crystal/lib/sqlite-jdbc-3.7.2.jar:/Users/rblowers/git/ice-crystalV3/ice-crystal/lib/json4processing.jar:/Users/rblowers/git/ice-crystalV3/ice-crystal/lib/libTUIO.jar:/Users/rblowers/git/ice-crystalV3/ice-crystal/lib/unfolding.0.9.6.jar:/Users/rblowers/git/ice-crystalV3/ice-crystal/lib/geonames-1.1.13.jar:/Users/rblowers/git/ice-crystalV3/ice-crystal/lib/jdom-1.0.jar
Launcher Type: SUN_STANDARD

Environment Variables:
PATH=/usr/bin:/bin:/usr/sbin:/sbin
SHELL=/bin/bash
DISPLAY=/private/tmp/com.apple.launchd.VRADdgyDcm/org.macosforge.xquartz:0

Signal Handlers:
SIGSEGV: [libjvm.dylib+0x5a97a1], sa_mask[0]=11111111011111110111111111111111, sa_flags=SA_ONSTACK|SA_RESTART|SA_SIGINFO
SIGBUS: [libjvm.dylib+0x5a97a1], sa_mask[0]=11111111011111110111111111111111, sa_flags=SA_RESTART|SA_SIGINFO
SIGFPE: [libjvm.dylib+0x482594], sa_mask[0]=11111111011111110111111111111111, sa_flags=SA_RESTART|SA_SIGINFO
SIGPIPE: [libjvm.dylib+0x482594], sa_mask[0]=11111111011111110111111111111111, sa_flags=SA_RESTART|SA_SIGINFO
SIGXFSZ: [libjvm.dylib+0x482594], sa_mask[0]=11111111011111110111111111111111, sa_flags=SA_RESTART|SA_SIGINFO
SIGILL: [libjvm.dylib+0x482594], sa_mask[0]=11111111011111110111111111111111, sa_flags=SA_RESTART|SA_SIGINFO
SIGUSR1: SIG_DFL, sa_mask[0]=00000000000000000000000000000000, sa_flags=none
SIGUSR2: [libjvm.dylib+0x4820b2], sa_mask[0]=00100000000000000000000000000000, sa_flags=SA_RESTART|SA_SIGINFO
SIGHUP: [libjvm.dylib+0x480689], sa_mask[0]=11111111011111110111111111111111, sa_flags=SA_RESTART|SA_SIGINFO
SIGINT: [libjvm.dylib+0x480689], sa_mask[0]=11111111011111110111111111111111, sa_flags=SA_RESTART|SA_SIGINFO
SIGTERM: [libjvm.dylib+0x480689], sa_mask[0]=11111111011111110111111111111111, sa_flags=SA_RESTART|SA_SIGINFO
SIGQUIT: [libjvm.dylib+0x480689], sa_mask[0]=11111111011111110111111111111111, sa_flags=SA_RESTART|SA_SIGINFO


---------------  S Y S T E M  ---------------

OS:Bsduname:Darwin 15.3.0 Darwin Kernel Version 15.3.0: Thu Dec 10 18:40:58 PST 2015; root:xnu-3248.30.4~1/RELEASE_X86_64 x86_64
rlimit: STACK 8192k, CORE 0k, NPROC 709, NOFILE 10240, AS infinity
load average:1.75 1.89 1.89

CPU:total 8 (4 cores per cpu, 2 threads per core) family 6 model 70 stepping 1, cmov, cx8, fxsr, mmx, sse, sse2, sse3, ssse3, sse4.1, sse4.2, popcnt, avx, avx2, aes, clmul, erms, lzcnt, ht, tsc, tscinvbit, bmi1, bmi2

Memory: 4k page, physical 16777216k(155328k free)

/proc/meminfo:


vm_info: Java HotSpot(TM) 64-Bit Server VM (25.91-b14) for bsd-amd64 JRE (1.8.0_91-b14), built on Apr  1 2016 01:03:00 by "java_re" with gcc 4.2.1 (Based on Apple Inc. build 5658) (LLVM build 2336.11.00)

time: Tue Aug  2 16:29:15 2016
elapsed time: 3 seconds (0d 0h 0m 3s)

