#
# A fatal error has been detected by the Java Runtime Environment:
#
#  SIGSEGV (0xb) at pc=0x00007fff953574dd, pid=98782, tid=2571
#
# JRE version: Java(TM) SE Runtime Environment (8.0_91-b14) (build 1.8.0_91-b14)
# Java VM: Java HotSpot(TM) 64-Bit Server VM (25.91-b14 mixed mode bsd-amd64 compressed oops)
# Problematic frame:
# C  [libobjc.A.dylib+0x14dd]  objc_msgSend+0x1d
#
# Failed to write core dump. Core dumps have been disabled. To enable core dumping, try "ulimit -c unlimited" before starting Java again
#
# If you would like to submit a bug report, please visit:
#   http://bugreport.java.com/bugreport/crash.jsp
# The crash happened outside the Java Virtual Machine in native code.
# See problematic frame for where to report the bug.
#

---------------  T H R E A D  ---------------

Current thread (0x00007ff9fe83d800):  JavaThread "AWT-AppKit" daemon [_thread_in_native, id=2571, stack(0x00007fff5756e000,0x00007fff57d6e000)]

siginfo: si_signo: 11 (SIGSEGV), si_code: 1 (SEGV_MAPERR), si_addr: 0x0000000000000018

Registers:
RAX=0x00007ffa023dbaf0, RBX=0x000000017ddbb3b0, RCX=0x0000000127f699a0, RDX=0x0000000127f69d60
RSP=0x00007fff57d69428, RBP=0x00007fff57d694e0, RSI=0x00007fff8a93ad0e, RDI=0x00007ffa0268a0f0
R8 =0x0000000000000000, R9 =0x00000000000008c0, R10=0x00007fff8a93ad0e, R11=0x0000000000000000
R12=0x0000000000000000, R13=0x0000000182154748, R14=0x000000017ddbb3a0, R15=0x00007ff9fe83d800
RIP=0x00007fff953574dd, EFLAGS=0x0000000000010246, ERR=0x0000000000000004
  TRAPNO=0x000000000000000e

Top of Stack: (sp=0x00007fff57d69428)
0x00007fff57d69428:   000000017ddb95d7 00007fff57d69480
0x00007fff57d69438:   0000000000000003 00007fff57d69460
0x00007fff57d69448:   00000001093f24ea 0000000182154748
0x00007fff57d69458:   0000000182154748 00007ffa023dbaf0
0x00007fff57d69468:   000000017ddbb5c0 000000017ddbb640
0x00007fff57d69478:   000000017ddbb3b0 00007fff7bbde770
0x00007fff57d69488:   000000017ddbb5d0 00007fff7bd81500
0x00007fff57d69498:   00007ffa023dbaf0 00007ffa0268a0f0
0x00007fff57d694a8:   00007ff9fd308290 00007ffa023dbaf0
0x00007fff57d694b8:   00007ffa0268a0f0 00007fff57d69568
0x00007fff57d694c8:   00007ff9fe83d9f8 0000000182154748
0x00007fff57d694d8:   00007fff57d69590 00007fff57d69558
0x00007fff57d694e8:   000000010a1ab9d4 0000000182154748
0x00007fff57d694f8:   00007fff57d69590 00007fff57d69558
0x00007fff57d69508:   000000010a1ab767 000000010a1ab722
0x00007fff57d69518:   00007fff57d69518 0000000182154748
0x00007fff57d69528:   00007fff57d69590 0000000182156f38
0x00007fff57d69538:   0000000000000000 0000000182154748
0x00007fff57d69548:   0000000000000000 00007fff57d69578
0x00007fff57d69558:   00007fff57d695d8 000000010a19c2bd
0x00007fff57d69568:   00000006c299bf40 000000010a1a5538
0x00007fff57d69578:   00007ffa023dbaf0 00007fff57d695d8
0x00007fff57d69588:   00007ffa0268a0f0 000000010a1a6e02
0x00007fff57d69598:   00007fff57d69598 0000000182154912
0x00007fff57d695a8:   00007fff57d69600 0000000182156f38
0x00007fff57d695b8:   0000000000000000 0000000182154920
0x00007fff57d695c8:   00007fff57d69578 00007fff57d695e8
0x00007fff57d695d8:   00007fff57d69648 000000010a19c2bd
0x00007fff57d695e8:   00007ffa023dbaf0 00000006c29a0188
0x00007fff57d695f8:   00007ffa0268a0f0 00000006c29a0188
0x00007fff57d69608:   00007fff57d69608 0000000187805f16
0x00007fff57d69618:   00007fff57d69658 0000000187805fd0 

Instructions: (pc=0x00007fff953574dd)
0x00007fff953574bd:   44 00 00 48 85 ff 2e 74 62 40 f6 c7 01 2e 75 66
0x00007fff953574cd:   49 bb f8 ff ff ff ff 7f 00 00 4c 23 1f 49 89 f2
0x00007fff953574dd:   45 23 53 18 49 c1 e2 04 4d 03 53 10 49 3b 32 75
0x00007fff953574ed:   04 41 ff 62 08 49 83 3a 01 76 0d 49 83 c2 10 49 

Register to memory mapping:

RAX=0x00007ffa023dbaf0 is an unknown value
RBX=0x000000017ddbb3b0: Java_jogamp_nativewindow_macosx_OSXUtil_GetScreenRefreshRate0+0x1850 in /private/var/folders/lj/ts4xrlmj1tsc3mnwzl_88g000000gn/T/jogamp_0000/file_cache/jln2423935544858618720/jln7949776039466725262/libnativewindow_macosx.jnilib at 0x000000017ddb4000
RCX=0x0000000127f699a0 is an unknown value
RDX=0x0000000127f69d60 is an unknown value
RSP=0x00007fff57d69428 is pointing into the stack for thread: 0x00007ff9fe83d800
RBP=0x00007fff57d694e0 is pointing into the stack for thread: 0x00007ff9fe83d800
RSI=0x00007fff8a93ad0e is an unknown value
RDI=0x00007ffa0268a0f0 is an unknown value
R8 =0x0000000000000000 is an unknown value
R9 =0x00000000000008c0 is an unknown value
R10=0x00007fff8a93ad0e is an unknown value
R11=0x0000000000000000 is an unknown value
R12=0x0000000000000000 is an unknown value
R13={method} {0x0000000182154748} 'UnsetJAWTRootSurfaceLayer0' '(JJ)V' in 'jogamp/nativewindow/jawt/macosx/MacOSXJAWTWindow'
R14=0x000000017ddbb3a0: Java_jogamp_nativewindow_macosx_OSXUtil_GetScreenRefreshRate0+0x1840 in /private/var/folders/lj/ts4xrlmj1tsc3mnwzl_88g000000gn/T/jogamp_0000/file_cache/jln2423935544858618720/jln7949776039466725262/libnativewindow_macosx.jnilib at 0x000000017ddb4000
R15=0x00007ff9fe83d800 is a thread


Stack: [0x00007fff5756e000,0x00007fff57d6e000],  sp=0x00007fff57d69428,  free space=8173k
Native frames: (J=compiled Java code, j=interpreted, Vv=VM code, C=native code)
C  [libobjc.A.dylib+0x14dd]  objc_msgSend+0x1d
j  jogamp.nativewindow.jawt.macosx.MacOSXJAWTWindow.UnsetJAWTRootSurfaceLayer0(JJ)V+0
j  jogamp.nativewindow.jawt.macosx.MacOSXJAWTWindow.access$200(JJ)V+2
j  jogamp.nativewindow.jawt.macosx.MacOSXJAWTWindow$1.run()V+38
j  com.jogamp.common.util.RunnableTask.run()V+24
v  ~StubRoutines::call_stub
V  [libjvm.dylib+0x2ec1e6]  JavaCalls::call_helper(JavaValue*, methodHandle*, JavaCallArguments*, Thread*)+0x6ae
V  [libjvm.dylib+0x323355]  jni_invoke_nonstatic(JNIEnv_*, JavaValue*, _jobject*, JNICallType, _jmethodID*, JNI_ArgumentPusher*, Thread*)+0x2ec
V  [libjvm.dylib+0x315b23]  jni_CallVoidMethod+0x16b
C  [libnativewindow_macosx.jnilib+0x57ae]  Java_jogamp_nativewindow_jawt_macosx_MacOSXJAWTWindow_UnsetJAWTRootSurfaceLayer0+0x2be
C  [Foundation+0x8dd4b]  __NSThreadPerformPerform+0x117
C  [CoreFoundation+0x7e5c1]  __CFRUNLOOP_IS_CALLING_OUT_TO_A_SOURCE0_PERFORM_FUNCTION__+0x11
C  [CoreFoundation+0x70397]  __CFRunLoopDoSources0+0x1a7
C  [CoreFoundation+0x6f93f]  __CFRunLoopRun+0x39f
C  [CoreFoundation+0x6f338]  CFRunLoopRunSpecific+0x128
C  [HIToolbox+0x30935]  RunCurrentEventLoopInMode+0xeb
C  [HIToolbox+0x30677]  ReceiveNextEventCommon+0xb8
C  [HIToolbox+0x305af]  _BlockUntilNextEventMatchingListInModeWithFilter+0x47
C  [AppKit+0x8a0ee]  _DPSNextEvent+0x42b
C  [AppKit+0x456943]  -[NSApplication _nextEventMatchingEventMask:untilDate:inMode:dequeue:]+0x1c6
C  [libosxapp.dylib+0x23aa]  -[NSApplicationAWT nextEventMatchingMask:untilDate:inMode:dequeue:]+0x7c
C  [AppKit+0x7ffc8]  -[NSApplication run]+0x2aa
C  [libosxapp.dylib+0x214d]  +[NSApplicationAWT runAWTLoopWithApp:]+0x9c
C  [libawt_lwawt.dylib+0x4455b]  -[AWTStarter starter:]+0x389
C  [Foundation+0x8dd4b]  __NSThreadPerformPerform+0x117
C  [CoreFoundation+0x7e5c1]  __CFRUNLOOP_IS_CALLING_OUT_TO_A_SOURCE0_PERFORM_FUNCTION__+0x11
C  [CoreFoundation+0x7041c]  __CFRunLoopDoSources0+0x22c
C  [CoreFoundation+0x6f93f]  __CFRunLoopRun+0x39f
C  [CoreFoundation+0x6f338]  CFRunLoopRunSpecific+0x128
C  [java+0x6463]  CreateExecutionEnvironment+0x367
C  [java+0x21ac]  JLI_Launch+0x7a0
C  [java+0x84c0]  main+0x65
C  [java+0x1a04]  start+0x34
C  0x0000000000000008

Java frames: (J=compiled Java code, j=interpreted, Vv=VM code)
j  jogamp.nativewindow.jawt.macosx.MacOSXJAWTWindow.UnsetJAWTRootSurfaceLayer0(JJ)V+0
j  jogamp.nativewindow.jawt.macosx.MacOSXJAWTWindow.access$200(JJ)V+2
j  jogamp.nativewindow.jawt.macosx.MacOSXJAWTWindow$1.run()V+38
j  com.jogamp.common.util.RunnableTask.run()V+24
v  ~StubRoutines::call_stub

---------------  P R O C E S S  ---------------

Java Threads: ( => current thread )
  0x00007ff9fce66800 JavaThread "Thread-145" [_thread_blocked, id=70519, stack(0x00007000016df000,0x00007000017df000)]
  0x00007ff9fe9c9000 JavaThread "AWT-EventQueue-1" [_thread_in_native, id=68127, stack(0x0000700001f83000,0x0000700002083000)]
  0x00007ff9ff090000 JavaThread "DestroyJavaVM" [_thread_blocked, id=5891, stack(0x000070000011a000,0x000070000021a000)]
  0x00007ff9fe893800 JavaThread "AWT-EventQueue-0" [_thread_blocked, id=60675, stack(0x0000700001d7d000,0x0000700001e7d000)]
  0x00007ff9fc9ee800 JavaThread "Java2D Disposer" daemon [_thread_blocked, id=57099, stack(0x0000700001af4000,0x0000700001bf4000)]
  0x00007ff9fc974000 JavaThread "Java2D Queue Flusher" daemon [_thread_blocked, id=53767, stack(0x00007000019f1000,0x0000700001af1000)]
  0x00007ff9fc95d800 JavaThread "AWT-Shutdown" [_thread_blocked, id=31507, stack(0x00007000015dc000,0x00007000016dc000)]
=>0x00007ff9fe83d800 JavaThread "AWT-AppKit" daemon [_thread_in_native, id=2571, stack(0x00007fff5756e000,0x00007fff57d6e000)]
  0x00007ff9fc819800 JavaThread "Service Thread" daemon [_thread_blocked, id=21251, stack(0x0000700001353000,0x0000700001453000)]
  0x00007ff9fc033800 JavaThread "C1 CompilerThread3" daemon [_thread_blocked, id=20739, stack(0x0000700001250000,0x0000700001350000)]
  0x00007ff9fc810800 JavaThread "C2 CompilerThread2" daemon [_thread_blocked, id=20227, stack(0x000070000114d000,0x000070000124d000)]
  0x00007ff9fe009000 JavaThread "C2 CompilerThread1" daemon [_thread_blocked, id=19715, stack(0x000070000104a000,0x000070000114a000)]
  0x00007ff9fb80e800 JavaThread "C2 CompilerThread0" daemon [_thread_blocked, id=19203, stack(0x0000700000f47000,0x0000700001047000)]
  0x00007ff9fc810000 JavaThread "Signal Dispatcher" daemon [_thread_blocked, id=14863, stack(0x0000700000e44000,0x0000700000f44000)]
  0x00007ff9ff027000 JavaThread "Finalizer" daemon [_thread_blocked, id=14339, stack(0x0000700000c3b000,0x0000700000d3b000)]
  0x00007ff9fc00f000 JavaThread "Reference Handler" daemon [_thread_blocked, id=13827, stack(0x0000700000b38000,0x0000700000c38000)]

Other Threads:
  0x00007ff9fc006800 VMThread [stack: 0x0000700000a35000,0x0000700000b35000] [id=13315]
  0x00007ff9fd80c000 WatcherThread [stack: 0x0000700001456000,0x0000700001556000] [id=21763]

VM state:not at safepoint (normal execution)

VM Mutex/Monitor currently owned by a thread: None

Heap:
 PSYoungGen      total 80896K, used 41312K [0x000000076ab00000, 0x0000000771700000, 0x00000007c0000000)
  eden space 54272K, 75% used [0x000000076ab00000,0x000000076d3281e0,0x000000076e000000)
  from space 26624K, 0% used [0x000000076fd00000,0x000000076fd30000,0x0000000771700000)
  to   space 28160K, 0% used [0x000000076e000000,0x000000076e000000,0x000000076fb80000)
 ParOldGen       total 175104K, used 49922K [0x00000006c0000000, 0x00000006cab00000, 0x000000076ab00000)
  object space 175104K, 28% used [0x00000006c0000000,0x00000006c30c0948,0x00000006cab00000)
 Metaspace       used 19413K, capacity 19641K, committed 19968K, reserved 1067008K
  class space    used 1896K, capacity 1981K, committed 2048K, reserved 1048576K

Card table byte_map: [0x0000000119554000,0x0000000119d55000] byte_map_base: 0x0000000115f54000

Marking Bits: (ParMarkBitMap*) 0x0000000109ae6eb0
 Begin Bits: [0x000000011a2ab000, 0x000000011e2ab000)
 End Bits:   [0x000000011e2ab000, 0x00000001222ab000)

Polling page: 0x0000000108155000

CodeCache: size=245760Kb used=8546Kb max_used=8582Kb free=237213Kb
 bounds [0x000000010a194000, 0x000000010aa14000, 0x0000000119194000]
 total_blobs=3264 nmethods=2380 adapters=797
 compilation: enabled

Compilation events (10 events):
Event: 140.545 Thread 0x00007ff9fc033800 2668       3       sun.awt.SunToolkit::wakeupEventQueue (11 bytes)
Event: 140.545 Thread 0x00007ff9fc033800 nmethod 2668 0x000000010a36d910 code [0x000000010a36dac0, 0x000000010a36deb8]
Event: 140.545 Thread 0x00007ff9fc033800 2669       3       java.awt.EventQueue$2::wakeup (6 bytes)
Event: 140.546 Thread 0x00007ff9fc033800 nmethod 2669 0x000000010a9fb610 code [0x000000010a9fb780, 0x000000010a9fb968]
Event: 140.546 Thread 0x00007ff9fc033800 2670       3       java.awt.EventQueue::access$100 (6 bytes)
Event: 140.546 Thread 0x00007ff9fc033800 nmethod 2670 0x000000010a5a2f90 code [0x000000010a5a3100, 0x000000010a5a3268]
Event: 140.546 Thread 0x00007ff9fc033800 2671   !   3       java.awt.EventQueue::wakeup (79 bytes)
Event: 140.547 Thread 0x00007ff9fc033800 nmethod 2671 0x000000010aa01690 code [0x000000010aa018c0, 0x000000010aa024b8]
Event: 140.553 Thread 0x00007ff9fc810800 2674       4       java.awt.Toolkit::getEventQueue (7 bytes)
Event: 140.557 Thread 0x00007ff9fc810800 nmethod 2674 0x000000010a5bbfd0 code [0x000000010a5bc1a0, 0x000000010a5bc670]

GC Heap History (10 events):
Event: 81.290 GC heap before
{Heap before GC invocations=10 (full 0):
 PSYoungGen      total 86528K, used 59584K [0x000000076ab00000, 0x0000000771c00000, 0x00000007c0000000)
  eden space 59392K, 100% used [0x000000076ab00000,0x000000076e500000,0x000000076e500000)
  from space 27136K, 0% used [0x000000076e600000,0x000000076e630000,0x0000000770080000)
  to   space 28160K, 0% used [0x0000000770080000,0x0000000770080000,0x0000000771c00000)
 ParOldGen       total 175104K, used 49706K [0x00000006c0000000, 0x00000006cab00000, 0x000000076ab00000)
  object space 175104K, 28% used [0x00000006c0000000,0x00000006c308a948,0x00000006cab00000)
 Metaspace       used 19370K, capacity 19641K, committed 19968K, reserved 1067008K
  class space    used 1887K, capacity 1981K, committed 2048K, reserved 1048576K
Event: 81.292 GC heap after
Heap after GC invocations=10 (full 0):
 PSYoungGen      total 86528K, used 192K [0x000000076ab00000, 0x0000000771d00000, 0x00000007c0000000)
  eden space 58368K, 0% used [0x000000076ab00000,0x000000076ab00000,0x000000076e400000)
  from space 28160K, 0% used [0x0000000770080000,0x00000007700b0000,0x0000000771c00000)
  to   space 29184K, 0% used [0x000000076e400000,0x000000076e400000,0x0000000770080000)
 ParOldGen       total 175104K, used 49762K [0x00000006c0000000, 0x00000006cab00000, 0x000000076ab00000)
  object space 175104K, 28% used [0x00000006c0000000,0x00000006c3098948,0x00000006cab00000)
 Metaspace       used 19370K, capacity 19641K, committed 19968K, reserved 1067008K
  class space    used 1887K, capacity 1981K, committed 2048K, reserved 1048576K
}
Event: 94.126 GC heap before
{Heap before GC invocations=11 (full 0):
 PSYoungGen      total 86528K, used 58560K [0x000000076ab00000, 0x0000000771d00000, 0x00000007c0000000)
  eden space 58368K, 100% used [0x000000076ab00000,0x000000076e400000,0x000000076e400000)
  from space 28160K, 0% used [0x0000000770080000,0x00000007700b0000,0x0000000771c00000)
  to   space 29184K, 0% used [0x000000076e400000,0x000000076e400000,0x0000000770080000)
 ParOldGen       total 175104K, used 49762K [0x00000006c0000000, 0x00000006cab00000, 0x000000076ab00000)
  object space 175104K, 28% used [0x00000006c0000000,0x00000006c3098948,0x00000006cab00000)
 Metaspace       used 19370K, capacity 19641K, committed 19968K, reserved 1067008K
  class space    used 1887K, capacity 1981K, committed 2048K, reserved 1048576K
Event: 94.128 GC heap after
Heap after GC invocations=11 (full 0):
 PSYoungGen      total 57856K, used 224K [0x000000076ab00000, 0x0000000771c00000, 0x00000007c0000000)
  eden space 57344K, 0% used [0x000000076ab00000,0x000000076ab00000,0x000000076e300000)
  from space 512K, 43% used [0x000000076e400000,0x000000076e438000,0x000000076e480000)
  to   space 29184K, 0% used [0x000000076ff80000,0x000000076ff80000,0x0000000771c00000)
 ParOldGen       total 175104K, used 49778K [0x00000006c0000000, 0x00000006cab00000, 0x000000076ab00000)
  object space 175104K, 28% used [0x00000006c0000000,0x00000006c309c948,0x00000006cab00000)
 Metaspace       used 19370K, capacity 19641K, committed 19968K, reserved 1067008K
  class space    used 1887K, capacity 1981K, committed 2048K, reserved 1048576K
}
Event: 106.895 GC heap before
{Heap before GC invocations=12 (full 0):
 PSYoungGen      total 57856K, used 57568K [0x000000076ab00000, 0x0000000771c00000, 0x00000007c0000000)
  eden space 57344K, 100% used [0x000000076ab00000,0x000000076e300000,0x000000076e300000)
  from space 512K, 43% used [0x000000076e400000,0x000000076e438000,0x000000076e480000)
  to   space 29184K, 0% used [0x000000076ff80000,0x000000076ff80000,0x0000000771c00000)
 ParOldGen       total 175104K, used 49778K [0x00000006c0000000, 0x00000006cab00000, 0x000000076ab00000)
  object space 175104K, 28% used [0x00000006c0000000,0x00000006c309c948,0x00000006cab00000)
 Metaspace       used 19371K, capacity 19641K, committed 19968K, reserved 1067008K
  class space    used 1888K, capacity 1981K, committed 2048K, reserved 1048576K
Event: 106.897 GC heap after
Heap after GC invocations=12 (full 0):
 PSYoungGen      total 84480K, used 256K [0x000000076ab00000, 0x0000000771b00000, 0x00000007c0000000)
  eden space 56320K, 0% used [0x000000076ab00000,0x000000076ab00000,0x000000076e200000)
  from space 28160K, 0% used [0x000000076ff80000,0x000000076ffc0000,0x0000000771b00000)
  to   space 29184K, 0% used [0x000000076e200000,0x000000076e200000,0x000000076fe80000)
 ParOldGen       total 175104K, used 49858K [0x00000006c0000000, 0x00000006cab00000, 0x000000076ab00000)
  object space 175104K, 28% used [0x00000006c0000000,0x00000006c30b0948,0x00000006cab00000)
 Metaspace       used 19371K, capacity 19641K, committed 19968K, reserved 1067008K
  class space    used 1888K, capacity 1981K, committed 2048K, reserved 1048576K
}
Event: 119.447 GC heap before
{Heap before GC invocations=13 (full 0):
 PSYoungGen      total 84480K, used 56576K [0x000000076ab00000, 0x0000000771b00000, 0x00000007c0000000)
  eden space 56320K, 100% used [0x000000076ab00000,0x000000076e200000,0x000000076e200000)
  from space 28160K, 0% used [0x000000076ff80000,0x000000076ffc0000,0x0000000771b00000)
  to   space 29184K, 0% used [0x000000076e200000,0x000000076e200000,0x000000076fe80000)
 ParOldGen       total 175104K, used 49858K [0x00000006c0000000, 0x00000006cab00000, 0x000000076ab00000)
  object space 175104K, 28% used [0x00000006c0000000,0x00000006c30b0948,0x00000006cab00000)
 Metaspace       used 19371K, capacity 19641K, committed 19968K, reserved 1067008K
  class space    used 1888K, capacity 1981K, committed 2048K, reserved 1048576K
Event: 119.448 GC heap after
Heap after GC invocations=13 (full 0):
 PSYoungGen      total 55808K, used 128K [0x000000076ab00000, 0x0000000771900000, 0x00000007c0000000)
  eden space 55296K, 0% used [0x000000076ab00000,0x000000076ab00000,0x000000076e100000)
  from space 512K, 25% used [0x000000076e200000,0x000000076e220000,0x000000076e280000)
  to   space 28672K, 0% used [0x000000076fd00000,0x000000076fd00000,0x0000000771900000)
 ParOldGen       total 175104K, used 49922K [0x00000006c0000000, 0x00000006cab00000, 0x000000076ab00000)
  object space 175104K, 28% used [0x00000006c0000000,0x00000006c30c0948,0x00000006cab00000)
 Metaspace       used 19371K, capacity 19641K, committed 19968K, reserved 1067008K
  class space    used 1888K, capacity 1981K, committed 2048K, reserved 1048576K
}
Event: 131.736 GC heap before
{Heap before GC invocations=14 (full 0):
 PSYoungGen      total 55808K, used 55424K [0x000000076ab00000, 0x0000000771900000, 0x00000007c0000000)
  eden space 55296K, 100% used [0x000000076ab00000,0x000000076e100000,0x000000076e100000)
  from space 512K, 25% used [0x000000076e200000,0x000000076e220000,0x000000076e280000)
  to   space 28672K, 0% used [0x000000076fd00000,0x000000076fd00000,0x0000000771900000)
 ParOldGen       total 175104K, used 49922K [0x00000006c0000000, 0x00000006cab00000, 0x000000076ab00000)
  object space 175104K, 28% used [0x00000006c0000000,0x00000006c30c0948,0x00000006cab00000)
 Metaspace       used 19372K, capacity 19641K, committed 19968K, reserved 1067008K
  class space    used 1888K, capacity 1981K, committed 2048K, reserved 1048576K
Event: 131.737 GC heap after
Heap after GC invocations=14 (full 0):
 PSYoungGen      total 80896K, used 192K [0x000000076ab00000, 0x0000000771700000, 0x00000007c0000000)
  eden space 54272K, 0% used [0x000000076ab00000,0x000000076ab00000,0x000000076e000000)
  from space 26624K, 0% used [0x000000076fd00000,0x000000076fd30000,0x0000000771700000)
  to   space 28160K, 0% used [0x000000076e000000,0x000000076e000000,0x000000076fb80000)
 ParOldGen       total 175104K, used 49922K [0x00000006c0000000, 0x00000006cab00000, 0x000000076ab00000)
  object space 175104K, 28% used [0x00000006c0000000,0x00000006c30c0948,0x00000006cab00000)
 Metaspace       used 19372K, capacity 19641K, committed 19968K, reserved 1067008K
  class space    used 1888K, capacity 1981K, committed 2048K, reserved 1048576K
}

Deoptimization events (10 events):
Event: 140.512 Thread 0x00007ff9fe893800 Uncommon trap: reason=unstable_if action=reinterpret pc=0x000000010a9897a4 method=java.util.HashMap.removeNode(ILjava/lang/Object;Ljava/lang/Object;ZZ)Ljava/util/HashMap$Node; @ 46
Event: 140.523 Thread 0x00007ff9fe9c9000 Uncommon trap: reason=class_check action=maybe_recompile pc=0x000000010a3ae998 method=java.awt.event.InvocationEvent.dispatch()V @ 11
Event: 140.540 Thread 0x00007ff9ff0d3000 Uncommon trap: reason=unstable_if action=reinterpret pc=0x000000010a5af44c method=java.util.HashMap.putVal(ILjava/lang/Object;Ljava/lang/Object;ZZ)Ljava/lang/Object; @ 81
Event: 140.541 Thread 0x00007ff9fe893800 Uncommon trap: reason=class_check action=maybe_recompile pc=0x000000010a9b470c method=java.awt.Component.getGraphics()Ljava/awt/Graphics; @ 114
Event: 140.544 Thread 0x00007ff9fe83d800 Uncommon trap: reason=class_check action=maybe_recompile pc=0x000000010a3add80 method=com.jogamp.common.util.RunnableTask.run()V @ 24
Event: 140.545 Thread 0x00007ff9fe83d800 Uncommon trap: reason=unstable_if action=reinterpret pc=0x000000010a9944f4 method=jogamp.nativewindow.macosx.OSXUtil.RunOnMainThread(ZLjava/lang/Runnable;)V @ 3
Event: 140.550 Thread 0x00007ff9fe9c9000 Uncommon trap: reason=unstable_if action=reinterpret pc=0x000000010a9c0594 method=jogamp.opengl.GLContextImpl.release(Z)V @ 257
Event: 140.553 Thread 0x00007ff9fe9c9000 Uncommon trap: reason=unstable_if action=reinterpret pc=0x000000010a706bd4 method=java.util.HashMap.removeNode(ILjava/lang/Object;Ljava/lang/Object;ZZ)Ljava/util/HashMap$Node; @ 46
Event: 140.553 Thread 0x00007ff9fe893800 Uncommon trap: reason=class_check action=maybe_recompile pc=0x000000010a9b470c method=java.awt.Component.getGraphics()Ljava/awt/Graphics; @ 114
Event: 140.575 Thread 0x00007ff9fe83d800 Uncommon trap: reason=class_check action=maybe_recompile pc=0x000000010a3add80 method=com.jogamp.common.util.RunnableTask.run()V @ 24

Internal exceptions (10 events):
Event: 0.145 Thread 0x00007ff9fb805000 Exception <a 'java/lang/NoSuchFieldError': method resolution failed> (0x000000076adb3c08) thrown at [/Users/java_re/workspace/8-2-build-macosx-x86_64/jdk8u91/6644/hotspot/src/share/vm/prims/methodHandles.cpp, line 1146]
Event: 0.299 Thread 0x00007ff9fb805000 Exception <a 'java/io/FileNotFoundException'> (0x000000076ae2fb00) thrown at [/Users/java_re/workspace/8-2-build-macosx-x86_64/jdk8u91/6644/hotspot/src/share/vm/prims/jni.cpp, line 709]
Event: 0.299 Thread 0x00007ff9fb805000 Exception <a 'java/io/FileNotFoundException'> (0x000000076ae30660) thrown at [/Users/java_re/workspace/8-2-build-macosx-x86_64/jdk8u91/6644/hotspot/src/share/vm/prims/jni.cpp, line 709]
Event: 0.417 Thread 0x00007ff9fb805000 Exception <a 'java/io/FileNotFoundException'> (0x000000076aec4210) thrown at [/Users/java_re/workspace/8-2-build-macosx-x86_64/jdk8u91/6644/hotspot/src/share/vm/prims/jni.cpp, line 709]
Event: 1.697 Thread 0x00007ff9fe9c4000 Exception <a 'java/lang/UnsatisfiedLinkError': com.jogamp.common.util.JarUtil.fixNativeLibAttribs(Ljava/lang/String;)Z> (0x000000076c63bda8) thrown at [/Users/java_re/workspace/8-2-build-macosx-x86_64/jdk8u91/6644/hotspot/src/share/vm/prims/nativeLookup.c
Event: 2.472 Thread 0x00007ff9fe9c9000 Exception <a 'java/io/FileNotFoundException'> (0x000000076be329c8) thrown at [/Users/java_re/workspace/8-2-build-macosx-x86_64/jdk8u91/6644/hotspot/src/share/vm/prims/jni.cpp, line 709]
Event: 2.472 Thread 0x00007ff9fe9c9000 Exception <a 'java/io/FileNotFoundException'> (0x000000076be38838) thrown at [/Users/java_re/workspace/8-2-build-macosx-x86_64/jdk8u91/6644/hotspot/src/share/vm/prims/jni.cpp, line 709]
Event: 2.472 Thread 0x00007ff9fe9c9000 Implicit null exception at 0x000000010a3320f5 to 0x000000010a332459
Event: 3.212 Thread 0x00007ff9ff027000 Exception <a 'java/lang/NullPointerException'> (0x000000076ae5a930) thrown at [/Users/java_re/workspace/8-2-build-macosx-x86_64/jdk8u91/6644/hotspot/src/share/vm/interpreter/linkResolver.cpp, line 1178]
Event: 6.545 Thread 0x00007ff9fe9c9000 Implicit null exception at 0x000000010a32c4f7 to 0x000000010a32c67d

Events (10 events):
Event: 140.553 Thread 0x00007ff9fe893800 DEOPT PACKING pc=0x000000010a9b470c sp=0x0000700001e7ac30
Event: 140.553 Thread 0x00007ff9fe893800 DEOPT UNPACKING pc=0x000000010a199229 sp=0x0000700001e7ac30 mode 2
Event: 140.553 loading class java/lang/IllegalThreadStateException done
Event: 140.553 loading class java/awt/Window$1DisposeAction
Event: 140.553 loading class java/awt/Window$1DisposeAction done
Event: 140.557 Thread 0x00007ff9fc810800 flushing nmethod 0x000000010a6b93d0
Event: 140.557 Thread 0x00007ff9fc810800 flushing nmethod 0x000000010a6c1850
Event: 140.575 Thread 0x00007ff9fe83d800 Uncommon trap: trap_request=0xffffffde fr.pc=0x000000010a3add80
Event: 140.575 Thread 0x00007ff9fe83d800 DEOPT PACKING pc=0x000000010a3add80 sp=0x00007fff57d696a0
Event: 140.575 Thread 0x00007ff9fe83d800 DEOPT UNPACKING pc=0x000000010a199229 sp=0x00007fff57d69648 mode 2


Dynamic libraries:
0x0000000009449000 	/System/Library/Frameworks/Cocoa.framework/Versions/A/Cocoa
0x0000000009449000 	/System/Library/Frameworks/Security.framework/Versions/A/Security
0x0000000009449000 	/System/Library/Frameworks/ApplicationServices.framework/Versions/A/ApplicationServices
0x0000000009449000 	/usr/lib/libz.1.dylib
0x0000000009449000 	/usr/lib/libSystem.B.dylib
0x0000000009449000 	/usr/lib/libobjc.A.dylib
0x0000000009449000 	/System/Library/Frameworks/CoreFoundation.framework/Versions/A/CoreFoundation
0x0000000009449000 	/System/Library/Frameworks/Foundation.framework/Versions/C/Foundation
0x0000000009449000 	/System/Library/Frameworks/AppKit.framework/Versions/C/AppKit
0x0000000009449000 	/System/Library/Frameworks/CoreData.framework/Versions/A/CoreData
0x0000000009449000 	/System/Library/PrivateFrameworks/RemoteViewServices.framework/Versions/A/RemoteViewServices
0x0000000009449000 	/System/Library/PrivateFrameworks/UIFoundation.framework/Versions/A/UIFoundation
0x0000000009449000 	/usr/lib/libScreenReader.dylib
0x0000000009449000 	/System/Library/Frameworks/Accelerate.framework/Versions/A/Accelerate
0x0000000009449000 	/System/Library/Frameworks/IOSurface.framework/Versions/A/IOSurface
0x0000000009449000 	/System/Library/Frameworks/AudioToolbox.framework/Versions/A/AudioToolbox
0x0000000009449000 	/System/Library/Frameworks/AudioUnit.framework/Versions/A/AudioUnit
0x0000000009449000 	/System/Library/PrivateFrameworks/DataDetectorsCore.framework/Versions/A/DataDetectorsCore
0x0000000009449000 	/System/Library/PrivateFrameworks/DesktopServicesPriv.framework/Versions/A/DesktopServicesPriv
0x0000000009449000 	/System/Library/Frameworks/Carbon.framework/Versions/A/Frameworks/HIToolbox.framework/Versions/A/HIToolbox
0x0000000009449000 	/System/Library/Frameworks/QuartzCore.framework/Versions/A/QuartzCore
0x0000000009449000 	/System/Library/Frameworks/Carbon.framework/Versions/A/Frameworks/SpeechRecognition.framework/Versions/A/SpeechRecognition
0x0000000009449000 	/usr/lib/libauto.dylib
0x0000000009449000 	/usr/lib/libicucore.A.dylib
0x0000000009449000 	/usr/lib/libxml2.2.dylib
0x0000000009449000 	/System/Library/PrivateFrameworks/CoreUI.framework/Versions/A/CoreUI
0x0000000009449000 	/System/Library/Frameworks/CoreAudio.framework/Versions/A/CoreAudio
0x0000000009449000 	/System/Library/Frameworks/DiskArbitration.framework/Versions/A/DiskArbitration
0x0000000009449000 	/usr/lib/liblangid.dylib
0x0000000009449000 	/System/Library/PrivateFrameworks/MultitouchSupport.framework/Versions/A/MultitouchSupport
0x0000000009449000 	/System/Library/Frameworks/IOKit.framework/Versions/A/IOKit
0x0000000009449000 	/usr/lib/libDiagnosticMessagesClient.dylib
0x0000000009449000 	/System/Library/Frameworks/CoreServices.framework/Versions/A/CoreServices
0x0000000009449000 	/System/Library/PrivateFrameworks/PerformanceAnalysis.framework/Versions/A/PerformanceAnalysis
0x0000000009449000 	/System/Library/PrivateFrameworks/GenerationalStorage.framework/Versions/A/GenerationalStorage
0x0000000009449000 	/System/Library/Frameworks/OpenGL.framework/Versions/A/OpenGL
0x0000000009449000 	/System/Library/PrivateFrameworks/Sharing.framework/Versions/A/Sharing
0x0000000009449000 	/System/Library/Frameworks/CoreGraphics.framework/Versions/A/CoreGraphics
0x0000000009449000 	/System/Library/Frameworks/CoreImage.framework/Versions/A/CoreImage
0x0000000009449000 	/System/Library/Frameworks/CoreText.framework/Versions/A/CoreText
0x0000000009449000 	/System/Library/Frameworks/ImageIO.framework/Versions/A/ImageIO
0x0000000009449000 	/System/Library/PrivateFrameworks/Backup.framework/Versions/A/Backup
0x0000000009449000 	/usr/lib/libextension.dylib
0x0000000009449000 	/usr/lib/libarchive.2.dylib
0x0000000009449000 	/System/Library/Frameworks/CFNetwork.framework/Versions/A/CFNetwork
0x0000000009449000 	/System/Library/Frameworks/SystemConfiguration.framework/Versions/A/SystemConfiguration
0x0000000009449000 	/usr/lib/libCRFSuite.dylib
0x0000000009449000 	/usr/lib/libc++.1.dylib
0x0000000009449000 	/usr/lib/libc++abi.dylib
0x0000000009449000 	/usr/lib/system/libcache.dylib
0x0000000009449000 	/usr/lib/system/libcommonCrypto.dylib
0x0000000009449000 	/usr/lib/system/libcompiler_rt.dylib
0x0000000009449000 	/usr/lib/system/libcopyfile.dylib
0x0000000009449000 	/usr/lib/system/libcorecrypto.dylib
0x0000000009449000 	/usr/lib/system/libdispatch.dylib
0x0000000009449000 	/usr/lib/system/libdyld.dylib
0x0000000009449000 	/usr/lib/system/libkeymgr.dylib
0x0000000009449000 	/usr/lib/system/liblaunch.dylib
0x0000000009449000 	/usr/lib/system/libmacho.dylib
0x0000000009449000 	/usr/lib/system/libquarantine.dylib
0x0000000009449000 	/usr/lib/system/libremovefile.dylib
0x0000000009449000 	/usr/lib/system/libsystem_asl.dylib
0x0000000009449000 	/usr/lib/system/libsystem_blocks.dylib
0x0000000009449000 	/usr/lib/system/libsystem_c.dylib
0x0000000009449000 	/usr/lib/system/libsystem_configuration.dylib
0x0000000009449000 	/usr/lib/system/libsystem_coreservices.dylib
0x0000000009449000 	/usr/lib/system/libsystem_coretls.dylib
0x0000000009449000 	/usr/lib/system/libsystem_dnssd.dylib
0x0000000009449000 	/usr/lib/system/libsystem_info.dylib
0x0000000009449000 	/usr/lib/system/libsystem_kernel.dylib
0x0000000009449000 	/usr/lib/system/libsystem_m.dylib
0x0000000009449000 	/usr/lib/system/libsystem_malloc.dylib
0x0000000009449000 	/usr/lib/system/libsystem_network.dylib
0x0000000009449000 	/usr/lib/system/libsystem_networkextension.dylib
0x0000000009449000 	/usr/lib/system/libsystem_notify.dylib
0x0000000009449000 	/usr/lib/system/libsystem_platform.dylib
0x0000000009449000 	/usr/lib/system/libsystem_pthread.dylib
0x0000000009449000 	/usr/lib/system/libsystem_sandbox.dylib
0x0000000009449000 	/usr/lib/system/libsystem_secinit.dylib
0x0000000009449000 	/usr/lib/system/libsystem_trace.dylib
0x0000000009449000 	/usr/lib/system/libunc.dylib
0x0000000009449000 	/usr/lib/system/libunwind.dylib
0x0000000009449000 	/usr/lib/system/libxpc.dylib
0x0000000009449000 	/usr/lib/libenergytrace.dylib
0x0000000009449000 	/usr/lib/libbsm.0.dylib
0x0000000009449000 	/usr/lib/system/libkxld.dylib
0x0000000009449000 	/usr/lib/libxar.1.dylib
0x0000000009449000 	/usr/lib/libsqlite3.dylib
0x0000000009449000 	/usr/lib/libpam.2.dylib
0x0000000009449000 	/usr/lib/libOpenScriptingUtil.dylib
0x0000000009449000 	/usr/lib/libbz2.1.0.dylib
0x0000000009449000 	/usr/lib/liblzma.5.dylib
0x0000000009449000 	/System/Library/Frameworks/CoreServices.framework/Versions/A/Frameworks/FSEvents.framework/Versions/A/FSEvents
0x0000000009449000 	/System/Library/Frameworks/CoreServices.framework/Versions/A/Frameworks/CarbonCore.framework/Versions/A/CarbonCore
0x0000000009449000 	/System/Library/Frameworks/CoreServices.framework/Versions/A/Frameworks/Metadata.framework/Versions/A/Metadata
0x0000000009449000 	/System/Library/Frameworks/CoreServices.framework/Versions/A/Frameworks/OSServices.framework/Versions/A/OSServices
0x0000000009449000 	/System/Library/Frameworks/CoreServices.framework/Versions/A/Frameworks/SearchKit.framework/Versions/A/SearchKit
0x0000000009449000 	/System/Library/Frameworks/CoreServices.framework/Versions/A/Frameworks/AE.framework/Versions/A/AE
0x0000000009449000 	/System/Library/Frameworks/CoreServices.framework/Versions/A/Frameworks/LaunchServices.framework/Versions/A/LaunchServices
0x0000000009449000 	/System/Library/Frameworks/CoreServices.framework/Versions/A/Frameworks/DictionaryServices.framework/Versions/A/DictionaryServices
0x0000000009449000 	/System/Library/Frameworks/CoreServices.framework/Versions/A/Frameworks/SharedFileList.framework/Versions/A/SharedFileList
0x0000000009449000 	/System/Library/Frameworks/NetFS.framework/Versions/A/NetFS
0x0000000009449000 	/System/Library/PrivateFrameworks/NetAuth.framework/Versions/A/NetAuth
0x0000000009449000 	/System/Library/PrivateFrameworks/login.framework/Versions/A/Frameworks/loginsupport.framework/Versions/A/loginsupport
0x0000000009449000 	/System/Library/PrivateFrameworks/TCC.framework/Versions/A/TCC
0x0000000009449000 	/usr/lib/libmecabra.dylib
0x0000000009449000 	/System/Library/Frameworks/ApplicationServices.framework/Versions/A/Frameworks/ATS.framework/Versions/A/ATS
0x0000000009449000 	/System/Library/Frameworks/ApplicationServices.framework/Versions/A/Frameworks/ColorSync.framework/Versions/A/ColorSync
0x0000000009449000 	/System/Library/Frameworks/ApplicationServices.framework/Versions/A/Frameworks/HIServices.framework/Versions/A/HIServices
0x0000000009449000 	/System/Library/Frameworks/ApplicationServices.framework/Versions/A/Frameworks/LangAnalysis.framework/Versions/A/LangAnalysis
0x0000000009449000 	/System/Library/Frameworks/ApplicationServices.framework/Versions/A/Frameworks/PrintCore.framework/Versions/A/PrintCore
0x0000000009449000 	/System/Library/Frameworks/ApplicationServices.framework/Versions/A/Frameworks/QD.framework/Versions/A/QD
0x0000000009449000 	/System/Library/Frameworks/ApplicationServices.framework/Versions/A/Frameworks/SpeechSynthesis.framework/Versions/A/SpeechSynthesis
0x0000000009449000 	/System/Library/Frameworks/Metal.framework/Versions/A/Metal
0x0000000009449000 	/System/Library/Frameworks/Accelerate.framework/Versions/A/Frameworks/vImage.framework/Versions/A/vImage
0x0000000009449000 	/System/Library/Frameworks/Accelerate.framework/Versions/A/Frameworks/vecLib.framework/Versions/A/vecLib
0x0000000009449000 	/System/Library/Frameworks/Accelerate.framework/Versions/A/Frameworks/vecLib.framework/Versions/A/libvDSP.dylib
0x0000000009449000 	/System/Library/Frameworks/Accelerate.framework/Versions/A/Frameworks/vecLib.framework/Versions/A/libvMisc.dylib
0x0000000009449000 	/System/Library/Frameworks/Accelerate.framework/Versions/A/Frameworks/vecLib.framework/Versions/A/libLAPACK.dylib
0x0000000009449000 	/System/Library/Frameworks/Accelerate.framework/Versions/A/Frameworks/vecLib.framework/Versions/A/libBLAS.dylib
0x0000000009449000 	/System/Library/Frameworks/Accelerate.framework/Versions/A/Frameworks/vecLib.framework/Versions/A/libLinearAlgebra.dylib
0x0000000009449000 	/System/Library/Frameworks/Accelerate.framework/Versions/A/Frameworks/vecLib.framework/Versions/A/libSparseBLAS.dylib
0x0000000009449000 	/System/Library/PrivateFrameworks/GPUCompiler.framework/libmetal_timestamp.dylib
0x0000000009449000 	/System/Library/Frameworks/OpenGL.framework/Versions/A/Libraries/libCoreFSCache.dylib
0x0000000009449000 	/System/Library/PrivateFrameworks/IOAccelerator.framework/Versions/A/IOAccelerator
0x0000000009449000 	/System/Library/Frameworks/ApplicationServices.framework/Versions/A/Frameworks/ATS.framework/Versions/A/Resources/libFontParser.dylib
0x0000000009449000 	/System/Library/Frameworks/ApplicationServices.framework/Versions/A/Frameworks/ATS.framework/Versions/A/Resources/libFontRegistry.dylib
0x0000000009449000 	/System/Library/PrivateFrameworks/AppleVPA.framework/Versions/A/AppleVPA
0x0000000009449000 	/System/Library/PrivateFrameworks/AppleJPEG.framework/Versions/A/AppleJPEG
0x0000000009449000 	/System/Library/Frameworks/ImageIO.framework/Versions/A/Resources/libJPEG.dylib
0x0000000009449000 	/System/Library/Frameworks/ImageIO.framework/Versions/A/Resources/libTIFF.dylib
0x0000000009449000 	/System/Library/Frameworks/ImageIO.framework/Versions/A/Resources/libPng.dylib
0x0000000009449000 	/System/Library/Frameworks/ImageIO.framework/Versions/A/Resources/libGIF.dylib
0x0000000009449000 	/System/Library/Frameworks/ImageIO.framework/Versions/A/Resources/libJP2.dylib
0x0000000009449000 	/System/Library/Frameworks/ImageIO.framework/Versions/A/Resources/libRadiance.dylib
0x0000000009449000 	/System/Library/Frameworks/CoreVideo.framework/Versions/A/CoreVideo
0x0000000009449000 	/System/Library/Frameworks/OpenGL.framework/Versions/A/Libraries/libGLU.dylib
0x0000000009449000 	/System/Library/Frameworks/OpenGL.framework/Versions/A/Libraries/libGFXShared.dylib
0x0000000009449000 	/System/Library/Frameworks/OpenGL.framework/Versions/A/Libraries/libGL.dylib
0x0000000009449000 	/System/Library/Frameworks/OpenGL.framework/Versions/A/Libraries/libGLImage.dylib
0x0000000009449000 	/System/Library/Frameworks/OpenGL.framework/Versions/A/Libraries/libCVMSPluginSupport.dylib
0x0000000009449000 	/System/Library/Frameworks/OpenGL.framework/Versions/A/Libraries/libCoreVMClient.dylib
0x0000000009449000 	/usr/lib/libcups.2.dylib
0x0000000009449000 	/System/Library/Frameworks/Kerberos.framework/Versions/A/Kerberos
0x0000000009449000 	/System/Library/Frameworks/GSS.framework/Versions/A/GSS
0x0000000009449000 	/usr/lib/libresolv.9.dylib
0x0000000009449000 	/usr/lib/libiconv.2.dylib
0x0000000009449000 	/System/Library/PrivateFrameworks/Heimdal.framework/Versions/A/Heimdal
0x0000000009449000 	/usr/lib/libheimdal-asn1.dylib
0x0000000009449000 	/System/Library/Frameworks/OpenDirectory.framework/Versions/A/OpenDirectory
0x0000000009449000 	/System/Library/PrivateFrameworks/CommonAuth.framework/Versions/A/CommonAuth
0x0000000009449000 	/System/Library/Frameworks/OpenDirectory.framework/Versions/A/Frameworks/CFOpenDirectory.framework/Versions/A/CFOpenDirectory
0x0000000009449000 	/System/Library/Frameworks/SecurityFoundation.framework/Versions/A/SecurityFoundation
0x0000000009449000 	/System/Library/PrivateFrameworks/LanguageModeling.framework/Versions/A/LanguageModeling
0x0000000009449000 	/usr/lib/libmarisa.dylib
0x0000000009449000 	/usr/lib/libChineseTokenizer.dylib
0x0000000009449000 	/usr/lib/libcmph.dylib
0x0000000009449000 	/usr/lib/libcompression.dylib
0x0000000009449000 	/System/Library/Frameworks/ServiceManagement.framework/Versions/A/ServiceManagement
0x0000000009449000 	/usr/lib/libxslt.1.dylib
0x0000000009449000 	/System/Library/Frameworks/Carbon.framework/Versions/A/Frameworks/Ink.framework/Versions/A/Ink
0x0000000009449000 	/usr/lib/libFosl_dynamic.dylib
0x0000000009449000 	/System/Library/PrivateFrameworks/FaceCore.framework/Versions/A/FaceCore
0x0000000009449000 	/System/Library/Frameworks/OpenCL.framework/Versions/A/OpenCL
0x0000000009449000 	/System/Library/PrivateFrameworks/CrashReporterSupport.framework/Versions/A/CrashReporterSupport
0x0000000009449000 	/System/Library/PrivateFrameworks/IconServices.framework/Versions/A/IconServices
0x0000000009449000 	/System/Library/PrivateFrameworks/Apple80211.framework/Versions/A/Apple80211
0x0000000009449000 	/System/Library/Frameworks/CoreWLAN.framework/Versions/A/CoreWLAN
0x0000000009449000 	/System/Library/Frameworks/IOBluetooth.framework/Versions/A/IOBluetooth
0x0000000009449000 	/System/Library/PrivateFrameworks/CoreWiFi.framework/Versions/A/CoreWiFi
0x0000000009449000 	/System/Library/Frameworks/CoreBluetooth.framework/Versions/A/CoreBluetooth
0x0000000009449000 	/System/Library/PrivateFrameworks/ChunkingLibrary.framework/Versions/A/ChunkingLibrary
0x0000000009449000 	/System/Library/PrivateFrameworks/DebugSymbols.framework/Versions/A/DebugSymbols
0x0000000009449000 	/System/Library/PrivateFrameworks/CoreSymbolication.framework/Versions/A/CoreSymbolication
0x0000000009449000 	/System/Library/PrivateFrameworks/Symbolication.framework/Versions/A/Symbolication
0x0000000009449000 	/System/Library/PrivateFrameworks/SpeechRecognitionCore.framework/Versions/A/SpeechRecognitionCore
0x0000000109200000 	/Library/Java/JavaVirtualMachines/jdk1.8.0_91.jdk/Contents/Home/jre/lib/server/libjvm.dylib
0x0000000009449000 	/usr/lib/libstdc++.6.dylib
0x0000000108112000 	/Library/Java/JavaVirtualMachines/jdk1.8.0_91.jdk/Contents/Home/jre/lib/libverify.dylib
0x0000000108120000 	/Library/Java/JavaVirtualMachines/jdk1.8.0_91.jdk/Contents/Home/jre/lib/libjava.dylib
0x000000010815f000 	/Library/Java/JavaVirtualMachines/jdk1.8.0_91.jdk/Contents/Home/jre/lib/libzip.dylib
0x00000001081e1000 	/System/Library/Frameworks/JavaVM.framework/Frameworks/JavaRuntimeSupport.framework/JavaRuntimeSupport
0x00000001251d1000 	/System/Library/Frameworks/JavaVM.framework/Versions/A/Frameworks/JavaNativeFoundation.framework/Versions/A/JavaNativeFoundation
0x00000001251e6000 	/System/Library/Frameworks/JavaVM.framework/Versions/A/JavaVM
0x0000000009449000 	/System/Library/Frameworks/Carbon.framework/Versions/A/Carbon
0x00000001251f3000 	/System/Library/PrivateFrameworks/JavaLaunching.framework/Versions/A/JavaLaunching
0x0000000009449000 	/System/Library/Frameworks/Carbon.framework/Versions/A/Frameworks/CommonPanels.framework/Versions/A/CommonPanels
0x0000000009449000 	/System/Library/Frameworks/Carbon.framework/Versions/A/Frameworks/Help.framework/Versions/A/Help
0x0000000009449000 	/System/Library/Frameworks/Carbon.framework/Versions/A/Frameworks/ImageCapture.framework/Versions/A/ImageCapture
0x0000000009449000 	/System/Library/Frameworks/Carbon.framework/Versions/A/Frameworks/OpenScripting.framework/Versions/A/OpenScripting
0x0000000009449000 	/System/Library/Frameworks/Carbon.framework/Versions/A/Frameworks/Print.framework/Versions/A/Print
0x0000000009449000 	/System/Library/Frameworks/Carbon.framework/Versions/A/Frameworks/SecurityHI.framework/Versions/A/SecurityHI
0x0000000126b12000 	/Library/Java/JavaVirtualMachines/jdk1.8.0_91.jdk/Contents/Home/jre/lib/libawt.dylib
0x0000000126bba000 	/Library/Java/JavaVirtualMachines/jdk1.8.0_91.jdk/Contents/Home/jre/lib/./libmlib_image.dylib
0x0000000126c86000 	/Library/Java/JavaVirtualMachines/jdk1.8.0_91.jdk/Contents/Home/jre/lib/libawt_lwawt.dylib
0x0000000126d3b000 	/Library/Java/JavaVirtualMachines/jdk1.8.0_91.jdk/Contents/Home/jre/lib/./libosxapp.dylib
0x0000000009449000 	/System/Library/Frameworks/ExceptionHandling.framework/Versions/A/ExceptionHandling
0x0000000009449000 	/System/Library/PrivateFrameworks/CoreServicesInternal.framework/Versions/A/CoreServicesInternal
0x0000000009449000 	/System/Library/Frameworks/CoreGraphics.framework/Versions/A/Resources/libRIP.A.dylib
0x0000000009449000 	/System/Library/Frameworks/Accelerate.framework/Versions/A/Frameworks/vImage.framework/Versions/A/Libraries/libCGInterfaces.dylib
0x0000000009449000 	/System/Library/Frameworks/CoreGraphics.framework/Versions/A/Resources/libCGXType.A.dylib
0x0000000009449000 	/System/Library/Frameworks/OpenCL.framework/Versions/A/Libraries/libcldcpuengine.dylib
0x0000000009449000 	/System/Library/PrivateFrameworks/DiskImages.framework/Versions/A/DiskImages
0x0000000009449000 	/System/Library/Frameworks/DiscRecording.framework/Versions/A/DiscRecording
0x0000000009449000 	/usr/lib/libcsfde.dylib
0x0000000009449000 	/usr/lib/libcurl.4.dylib
0x0000000009449000 	/System/Library/PrivateFrameworks/MediaKit.framework/Versions/A/MediaKit
0x0000000009449000 	/System/Library/PrivateFrameworks/ProtectedCloudStorage.framework/Versions/A/ProtectedCloudStorage
0x0000000009449000 	/usr/lib/libCoreStorage.dylib
0x0000000009449000 	/System/Library/PrivateFrameworks/EFILogin.framework/Versions/A/EFILogin
0x0000000009449000 	/usr/lib/libutil.dylib
0x0000000009449000 	/System/Library/PrivateFrameworks/FindMyDevice.framework/Versions/A/FindMyDevice
0x0000000009449000 	/System/Library/Frameworks/LDAP.framework/Versions/A/LDAP
0x0000000009449000 	/usr/lib/libsasl2.2.dylib
0x0000000009449000 	/System/Library/PrivateFrameworks/CoreDaemon.framework/Versions/B/CoreDaemon
0x0000000009449000 	/usr/lib/libcrypto.0.9.8.dylib
0x0000000009449000 	/System/Library/PrivateFrameworks/AppleSRP.framework/Versions/A/AppleSRP
0x0000000009449000 	/System/Library/PrivateFrameworks/TrustEvaluationAgent.framework/Versions/A/TrustEvaluationAgent
0x0000000128796000 	cl_kernels
0x0000000009449000 	/System/Library/Frameworks/OpenCL.framework/Versions/A/Libraries/ImageFormats/unorm8_bgra.dylib
0x0000000009449000 	/System/Library/Frameworks/OpenCL.framework/Versions/A/Libraries/ImageFormats/unorm8_rgba.dylib
0x0000000009449000 	/System/Library/PrivateFrameworks/FamilyControls.framework/Versions/A/FamilyControls
0x0000000009449000 	/System/Library/PrivateFrameworks/CommerceKit.framework/Versions/A/Frameworks/CommerceCore.framework/Versions/A/CommerceCore
0x0000000009449000 	/System/Library/PrivateFrameworks/SystemAdministration.framework/Versions/A/SystemAdministration
0x0000000009449000 	/System/Library/PrivateFrameworks/AppContainer.framework/Versions/A/AppContainer
0x0000000009449000 	/System/Library/PrivateFrameworks/SecCodeWrapper.framework/Versions/A/SecCodeWrapper
0x0000000009449000 	/System/Library/Frameworks/DirectoryService.framework/Versions/A/DirectoryService
0x0000000009449000 	/System/Library/PrivateFrameworks/LoginUIKit.framework/Versions/A/Frameworks/LoginUICore.framework/Versions/A/LoginUICore
0x0000000009449000 	/usr/lib/libodfde.dylib
0x0000000009449000 	/System/Library/Frameworks/OpenGL.framework/Versions/A/Resources/GLEngine.bundle/GLEngine
0x0000000009449000 	/System/Library/Frameworks/OpenGL.framework/Versions/A/Libraries/libGLProgrammability.dylib
0x00000001298ad000 	/System/Library/Extensions/AppleIntelHD5000GraphicsGLDriver.bundle/Contents/MacOS/AppleIntelHD5000GraphicsGLDriver
0x0000000009449000 	/System/Library/PrivateFrameworks/GPUSupport.framework/Versions/A/Libraries/libGPUSupportMercury.dylib
0x0000000009449000 	/System/Library/Frameworks/OpenGL.framework/Versions/A/Resources/GLRendererFloat.bundle/GLRendererFloat
0x000000012a8b9000 	/Library/Java/JavaVirtualMachines/jdk1.8.0_91.jdk/Contents/Home/jre/lib/libfontmanager.dylib
0x000000012c00d000 	/Library/Java/JavaVirtualMachines/jdk1.8.0_91.jdk/Contents/Home/jre/lib/libosxui.dylib
0x000000012cd46000 	/Library/Java/JavaVirtualMachines/jdk1.8.0_91.jdk/Contents/Home/jre/lib/libnet.dylib
0x000000012ca7b000 	/Library/Java/JavaVirtualMachines/jdk1.8.0_91.jdk/Contents/Home/jre/lib/libnio.dylib
0x0000000009449000 	/System/Library/Frameworks/ApplicationServices.framework/Versions/A/Frameworks/ATS.framework/Versions/A/Resources/libTrueTypeScaler.dylib
0x000000017dea6000 	/System/Library/Extensions/AppleIntelHD5000GraphicsMTLDriver.bundle/Contents/MacOS/AppleIntelHD5000GraphicsMTLDriver
0x000000017ddad000 	/private/var/folders/lj/ts4xrlmj1tsc3mnwzl_88g000000gn/T/jogamp_0000/file_cache/jln2423935544858618720/jln7949776039466725262/libgluegen-rt.jnilib
0x000000012bd98000 	/private/var/folders/lj/ts4xrlmj1tsc3mnwzl_88g000000gn/T/jogamp_0000/file_cache/jln2423935544858618720/jln7949776039466725262/libnativewindow_awt.jnilib
0x000000017ddb1000 	/Library/Java/JavaVirtualMachines/jdk1.8.0_91.jdk/Contents/Home/jre/lib/libjawt.dylib
0x000000017ddb4000 	/private/var/folders/lj/ts4xrlmj1tsc3mnwzl_88g000000gn/T/jogamp_0000/file_cache/jln2423935544858618720/jln7949776039466725262/libnativewindow_macosx.jnilib
0x0000000182029000 	/private/var/folders/lj/ts4xrlmj1tsc3mnwzl_88g000000gn/T/jogamp_0000/file_cache/jln2423935544858618720/jln7949776039466725262/libjogl_desktop.jnilib
0x0000000186fd3000 	/Library/Java/JavaVirtualMachines/jdk1.8.0_91.jdk/Contents/Home/jre/lib/libjpeg.dylib

VM Arguments:
jvm_args: -Djava.library.path=/Library/Java/JavaVirtualMachines/jdk1.8.0_91.jdk/Contents/Home -Djava.security.policy=java.policy.applet -Dfile.encoding=UTF-8 
java_command: sun.applet.AppletViewer SimpleMapApp1469545794080.html
java_class_path (initial): /Users/rblowers/git/ice-crystal/ice-crystal/build:/Users/rblowers/git/ice-crystal/ice-crystal/lib/core.jar:/Users/rblowers/git/ice-crystal/ice-crystal/lib/gluegen-rt.jar:/Users/rblowers/git/ice-crystal/ice-crystal/lib/jogl-all.jar:/Users/rblowers/git/ice-crystal/ice-crystal/lib/log4j-1.2.15.jar:/Users/rblowers/git/ice-crystal/ice-crystal/lib/sqlite-jdbc-3.7.2.jar:/Users/rblowers/git/ice-crystal/ice-crystal/lib/json4processing.jar:/Users/rblowers/git/ice-crystal/ice-crystal/lib/libTUIO.jar:/Users/rblowers/git/ice-crystal/ice-crystal/lib/unfolding.0.9.6.jar
Launcher Type: SUN_STANDARD

Environment Variables:
PATH=/usr/bin:/bin:/usr/sbin:/sbin
SHELL=/bin/bash
DISPLAY=/private/tmp/com.apple.launchd.moX2UPc9Gj/org.macosforge.xquartz:0

Signal Handlers:
SIGSEGV: [libjvm.dylib+0x5a97a1], sa_mask[0]=11111111011111110111111111111111, sa_flags=SA_ONSTACK|SA_RESTART|SA_SIGINFO
SIGBUS: [libjvm.dylib+0x5a97a1], sa_mask[0]=11111111011111110111111111111111, sa_flags=SA_RESTART|SA_SIGINFO
SIGFPE: [libjvm.dylib+0x482594], sa_mask[0]=11111111011111110111111111111111, sa_flags=SA_RESTART|SA_SIGINFO
SIGPIPE: [libjvm.dylib+0x482594], sa_mask[0]=11111111011111110111111111111111, sa_flags=SA_RESTART|SA_SIGINFO
SIGXFSZ: [libjvm.dylib+0x482594], sa_mask[0]=11111111011111110111111111111111, sa_flags=SA_RESTART|SA_SIGINFO
SIGILL: [libjvm.dylib+0x482594], sa_mask[0]=11111111011111110111111111111111, sa_flags=SA_RESTART|SA_SIGINFO
SIGUSR1: SIG_DFL, sa_mask[0]=00000000000000000000000000000000, sa_flags=none
SIGUSR2: [libjvm.dylib+0x4820b2], sa_mask[0]=00100000000000000000000000000000, sa_flags=SA_RESTART|SA_SIGINFO
SIGHUP: [libjvm.dylib+0x480689], sa_mask[0]=11111111011111110111111111111111, sa_flags=SA_RESTART|SA_SIGINFO
SIGINT: [libjvm.dylib+0x480689], sa_mask[0]=11111111011111110111111111111111, sa_flags=SA_RESTART|SA_SIGINFO
SIGTERM: [libjvm.dylib+0x480689], sa_mask[0]=11111111011111110111111111111111, sa_flags=SA_RESTART|SA_SIGINFO
SIGQUIT: [libjvm.dylib+0x480689], sa_mask[0]=11111111011111110111111111111111, sa_flags=SA_RESTART|SA_SIGINFO


---------------  S Y S T E M  ---------------

OS:Bsduname:Darwin 15.3.0 Darwin Kernel Version 15.3.0: Thu Dec 10 18:40:58 PST 2015; root:xnu-3248.30.4~1/RELEASE_X86_64 x86_64
rlimit: STACK 8192k, CORE 0k, NPROC 709, NOFILE 10240, AS infinity
load average:3.13 2.55 2.40

CPU:total 8 (4 cores per cpu, 2 threads per core) family 6 model 70 stepping 1, cmov, cx8, fxsr, mmx, sse, sse2, sse3, ssse3, sse4.1, sse4.2, popcnt, avx, avx2, aes, clmul, erms, lzcnt, ht, tsc, tscinvbit, bmi1, bmi2

Memory: 4k page, physical 16777216k(425140k free)

/proc/meminfo:


vm_info: Java HotSpot(TM) 64-Bit Server VM (25.91-b14) for bsd-amd64 JRE (1.8.0_91-b14), built on Apr  1 2016 01:03:00 by "java_re" with gcc 4.2.1 (Based on Apple Inc. build 5658) (LLVM build 2336.11.00)

time: Tue Jul 26 11:12:14 2016
elapsed time: 140 seconds (0d 0h 2m 20s)

