#
# A fatal error has been detected by the Java Runtime Environment:
#
#  SIGSEGV (0xb) at pc=0x00007fff930314dd, pid=78079, tid=2571
#
# JRE version: Java(TM) SE Runtime Environment (8.0_91-b14) (build 1.8.0_91-b14)
# Java VM: Java HotSpot(TM) 64-Bit Server VM (25.91-b14 mixed mode bsd-amd64 compressed oops)
# Problematic frame:
# C  [libobjc.A.dylib+0x14dd]  objc_msgSend+0x1d
#
# Failed to write core dump. Core dumps have been disabled. To enable core dumping, try "ulimit -c unlimited" before starting Java again
#
# If you would like to submit a bug report, please visit:
#   http://bugreport.java.com/bugreport/crash.jsp
# The crash happened outside the Java Virtual Machine in native code.
# See problematic frame for where to report the bug.
#

---------------  T H R E A D  ---------------

Current thread (0x00007fa7fe0ae800):  JavaThread "AWT-AppKit" daemon [_thread_in_native, id=2571, stack(0x00007fff5e386000,0x00007fff5eb86000)]

siginfo: si_signo: 11 (SIGSEGV), si_code: 1 (SEGV_MAPERR), si_addr: 0x0000000000000018

Registers:
RAX=0x00007fa801af6320, RBX=0x00000001211543b0, RCX=0x000000012111b580, RDX=0x000000012111bfe0
RSP=0x00007fff5eb81338, RBP=0x00007fff5eb813f0, RSI=0x00007fff88614d0e, RDI=0x00007fa801af5500
R8 =0x0000000000000000, R9 =0x00000000000008c0, R10=0x00007fff88614d0e, R11=0x0000000000000000
R12=0x0000000000000000, R13=0x000000017b884500, R14=0x00000001211543a0, R15=0x00007fa7fe0ae800
RIP=0x00007fff930314dd, EFLAGS=0x0000000000010246, ERR=0x0000000000000004
  TRAPNO=0x000000000000000e

Top of Stack: (sp=0x00007fff5eb81338)
0x00007fff5eb81338:   00000001211525d7 00007fff5eb81390
0x00007fff5eb81348:   0000000000000003 00007fff5eb81370
0x00007fff5eb81358:   00000001025f24ea 000000017b884500
0x00007fff5eb81368:   000000017b884500 00007fa801af6320
0x00007fff5eb81378:   00000001211545c0 0000000121154640
0x00007fff5eb81388:   00000001211543b0 00007fff798b8770
0x00007fff5eb81398:   00000001211545d0 00007fff79a5b500
0x00007fff5eb813a8:   00007fa801af6320 00007fa801af5500
0x00007fff5eb813b8:   00007fa801f0af90 00007fa801af6320
0x00007fff5eb813c8:   00007fa801af5500 00007fff5eb81478
0x00007fff5eb813d8:   00007fa7fe0ae9f8 000000017b884500
0x00007fff5eb813e8:   00007fff5eb814a0 00007fff5eb81468
0x00007fff5eb813f8:   00000001033ab9d4 000000017b884500
0x00007fff5eb81408:   00007fff5eb814a0 00007fff5eb81468
0x00007fff5eb81418:   00000001033ab767 00000001033ab722
0x00007fff5eb81428:   00007fff5eb81428 000000017b884500
0x00007fff5eb81438:   00007fff5eb814a0 000000017b886cf0
0x00007fff5eb81448:   0000000000000000 000000017b884500
0x00007fff5eb81458:   0000000000000000 00007fff5eb81488
0x00007fff5eb81468:   00007fff5eb814e8 000000010339c2bd
0x00007fff5eb81478:   00000006c28afa60 00000001033a5538
0x00007fff5eb81488:   00007fa801af6320 00007fff5eb814e8
0x00007fff5eb81498:   00007fa801af5500 00000001033a6e02
0x00007fff5eb814a8:   00007fff5eb814a8 000000017b8846ca
0x00007fff5eb814b8:   00007fff5eb81510 000000017b886cf0
0x00007fff5eb814c8:   0000000000000000 000000017b8846d8
0x00007fff5eb814d8:   00007fff5eb81488 00007fff5eb814f8
0x00007fff5eb814e8:   00007fff5eb81558 000000010339c2bd
0x00007fff5eb814f8:   00007fa801af6320 00000006c2601818
0x00007fff5eb81508:   00007fa801af5500 00000006c2601818
0x00007fff5eb81518:   00007fff5eb81518 00000001816b6e36
0x00007fff5eb81528:   00007fff5eb81568 00000001816b6ef0 

Instructions: (pc=0x00007fff930314dd)
0x00007fff930314bd:   44 00 00 48 85 ff 2e 74 62 40 f6 c7 01 2e 75 66
0x00007fff930314cd:   49 bb f8 ff ff ff ff 7f 00 00 4c 23 1f 49 89 f2
0x00007fff930314dd:   45 23 53 18 49 c1 e2 04 4d 03 53 10 49 3b 32 75
0x00007fff930314ed:   04 41 ff 62 08 49 83 3a 01 76 0d 49 83 c2 10 49 

Register to memory mapping:

RAX=0x00007fa801af6320 is an unknown value
RBX=0x00000001211543b0: Java_jogamp_nativewindow_macosx_OSXUtil_GetScreenRefreshRate0+0x1850 in /private/var/folders/lj/ts4xrlmj1tsc3mnwzl_88g000000gn/T/jogamp_0000/file_cache/jln1951336600552049967/jln7046336943917196381/libnativewindow_macosx.jnilib at 0x000000012114d000
RCX=0x000000012111b580 is an unknown value
RDX=0x000000012111bfe0 is an unknown value
RSP=0x00007fff5eb81338 is pointing into the stack for thread: 0x00007fa7fe0ae800
RBP=0x00007fff5eb813f0 is pointing into the stack for thread: 0x00007fa7fe0ae800
RSI=0x00007fff88614d0e is an unknown value
RDI=0x00007fa801af5500 is an unknown value
R8 =0x0000000000000000 is an unknown value
R9 =0x00000000000008c0 is an unknown value
R10=0x00007fff88614d0e is an unknown value
R11=0x0000000000000000 is an unknown value
R12=0x0000000000000000 is an unknown value
R13={method} {0x000000017b884500} 'UnsetJAWTRootSurfaceLayer0' '(JJ)V' in 'jogamp/nativewindow/jawt/macosx/MacOSXJAWTWindow'
R14=0x00000001211543a0: Java_jogamp_nativewindow_macosx_OSXUtil_GetScreenRefreshRate0+0x1840 in /private/var/folders/lj/ts4xrlmj1tsc3mnwzl_88g000000gn/T/jogamp_0000/file_cache/jln1951336600552049967/jln7046336943917196381/libnativewindow_macosx.jnilib at 0x000000012114d000
R15=0x00007fa7fe0ae800 is a thread


Stack: [0x00007fff5e386000,0x00007fff5eb86000],  sp=0x00007fff5eb81338,  free space=8172k
Native frames: (J=compiled Java code, j=interpreted, Vv=VM code, C=native code)
C  [libobjc.A.dylib+0x14dd]  objc_msgSend+0x1d
j  jogamp.nativewindow.jawt.macosx.MacOSXJAWTWindow.UnsetJAWTRootSurfaceLayer0(JJ)V+0
j  jogamp.nativewindow.jawt.macosx.MacOSXJAWTWindow.access$200(JJ)V+2
j  jogamp.nativewindow.jawt.macosx.MacOSXJAWTWindow$1.run()V+38
J 1873 C1 com.jogamp.common.util.RunnableTask.run()V (345 bytes) @ 0x0000000103a43b54 [0x0000000103a439c0+0x194]
v  ~StubRoutines::call_stub
V  [libjvm.dylib+0x2ec1e6]  JavaCalls::call_helper(JavaValue*, methodHandle*, JavaCallArguments*, Thread*)+0x6ae
V  [libjvm.dylib+0x323355]  jni_invoke_nonstatic(JNIEnv_*, JavaValue*, _jobject*, JNICallType, _jmethodID*, JNI_ArgumentPusher*, Thread*)+0x2ec
V  [libjvm.dylib+0x315b23]  jni_CallVoidMethod+0x16b
C  [libnativewindow_macosx.jnilib+0x57ae]  Java_jogamp_nativewindow_jawt_macosx_MacOSXJAWTWindow_UnsetJAWTRootSurfaceLayer0+0x2be
C  [Foundation+0x8dd4b]  __NSThreadPerformPerform+0x117
C  [CoreFoundation+0x7e5c1]  __CFRUNLOOP_IS_CALLING_OUT_TO_A_SOURCE0_PERFORM_FUNCTION__+0x11
C  [CoreFoundation+0x70397]  __CFRunLoopDoSources0+0x1a7
C  [CoreFoundation+0x6f93f]  __CFRunLoopRun+0x39f
C  [CoreFoundation+0x6f338]  CFRunLoopRunSpecific+0x128
C  [HIToolbox+0x30935]  RunCurrentEventLoopInMode+0xeb
C  [HIToolbox+0x30677]  ReceiveNextEventCommon+0xb8
C  [HIToolbox+0x305af]  _BlockUntilNextEventMatchingListInModeWithFilter+0x47
C  [AppKit+0x8a0ee]  _DPSNextEvent+0x42b
C  [AppKit+0x456943]  -[NSApplication _nextEventMatchingEventMask:untilDate:inMode:dequeue:]+0x1c6
C  [libosxapp.dylib+0x23aa]  -[NSApplicationAWT nextEventMatchingMask:untilDate:inMode:dequeue:]+0x7c
C  [AppKit+0x7ffc8]  -[NSApplication run]+0x2aa
C  [libosxapp.dylib+0x214d]  +[NSApplicationAWT runAWTLoopWithApp:]+0x9c
C  [libawt_lwawt.dylib+0x4455b]  -[AWTStarter starter:]+0x389
C  [Foundation+0x8dd4b]  __NSThreadPerformPerform+0x117
C  [CoreFoundation+0x7e5c1]  __CFRUNLOOP_IS_CALLING_OUT_TO_A_SOURCE0_PERFORM_FUNCTION__+0x11
C  [CoreFoundation+0x7041c]  __CFRunLoopDoSources0+0x22c
C  [CoreFoundation+0x6f93f]  __CFRunLoopRun+0x39f
C  [CoreFoundation+0x6f338]  CFRunLoopRunSpecific+0x128
C  [java+0x6463]  CreateExecutionEnvironment+0x367
C  [java+0x21ac]  JLI_Launch+0x7a0
C  [java+0x84c0]  main+0x65
C  [java+0x1a04]  start+0x34
C  0x0000000000000008

Java frames: (J=compiled Java code, j=interpreted, Vv=VM code)
j  jogamp.nativewindow.jawt.macosx.MacOSXJAWTWindow.UnsetJAWTRootSurfaceLayer0(JJ)V+0
j  jogamp.nativewindow.jawt.macosx.MacOSXJAWTWindow.access$200(JJ)V+2
j  jogamp.nativewindow.jawt.macosx.MacOSXJAWTWindow$1.run()V+38
J 1873 C1 com.jogamp.common.util.RunnableTask.run()V (345 bytes) @ 0x0000000103a43b54 [0x0000000103a439c0+0x194]
v  ~StubRoutines::call_stub

---------------  P R O C E S S  ---------------

Java Threads: ( => current thread )
  0x00007fa804027800 JavaThread "Thread-252" [_thread_blocked, id=36319, stack(0x0000700001559000,0x0000700001659000)]
  0x00007fa7fe802000 JavaThread "Image Fetcher 3" daemon [_thread_blocked, id=28967, stack(0x0000700002618000,0x0000700002718000)]
  0x00007fa804023000 JavaThread "Image Fetcher 2" daemon [_thread_blocked, id=70483, stack(0x0000700002515000,0x0000700002615000)]
  0x00007fa804813000 JavaThread "Image Fetcher 1" daemon [_thread_blocked, id=35931, stack(0x0000700002412000,0x0000700002512000)]
  0x00007fa7fc0c7800 JavaThread "Image Fetcher 0" daemon [_thread_blocked, id=36599, stack(0x000070000230f000,0x000070000240f000)]
  0x00007fa7fc38c800 JavaThread "Keep-Alive-Timer" daemon [_thread_blocked, id=26791, stack(0x000070000220c000,0x000070000230c000)]
  0x00007fa7fe0d5800 JavaThread "AWT-EventQueue-1" [_thread_in_native, id=66627, stack(0x0000700001f83000,0x0000700002083000)]
  0x00007fa7fba68800 JavaThread "DestroyJavaVM" [_thread_blocked, id=5891, stack(0x000070000011a000,0x000070000021a000)]
  0x00007fa7fb159800 JavaThread "AWT-EventQueue-0" [_thread_blocked, id=58379, stack(0x0000700001d7d000,0x0000700001e7d000)]
  0x00007fa7fb92c800 JavaThread "Java2D Disposer" daemon [_thread_blocked, id=57095, stack(0x0000700001af4000,0x0000700001bf4000)]
  0x00007fa7fb0bb800 JavaThread "Java2D Queue Flusher" daemon [_thread_blocked, id=46875, stack(0x00007000019f1000,0x0000700001af1000)]
  0x00007fa7fc16a800 JavaThread "AWT-Shutdown" [_thread_blocked, id=32019, stack(0x000070000165f000,0x000070000175f000)]
=>0x00007fa7fe0ae800 JavaThread "AWT-AppKit" daemon [_thread_in_native, id=2571, stack(0x00007fff5e386000,0x00007fff5eb86000)]
  0x00007fa7fb055800 JavaThread "Service Thread" daemon [_thread_blocked, id=21251, stack(0x0000700001353000,0x0000700001453000)]
  0x00007fa7fc04d800 JavaThread "C1 CompilerThread3" daemon [_thread_blocked, id=20739, stack(0x0000700001250000,0x0000700001350000)]
  0x00007fa7fc04c800 JavaThread "C2 CompilerThread2" daemon [_thread_blocked, id=20227, stack(0x000070000114d000,0x000070000124d000)]
  0x00007fa7fc04c000 JavaThread "C2 CompilerThread1" daemon [_thread_blocked, id=19715, stack(0x000070000104a000,0x000070000114a000)]
  0x00007fa7fb04d000 JavaThread "C2 CompilerThread0" daemon [_thread_blocked, id=19203, stack(0x0000700000f47000,0x0000700001047000)]
  0x00007fa7fb03b000 JavaThread "Signal Dispatcher" daemon [_thread_blocked, id=14863, stack(0x0000700000e44000,0x0000700000f44000)]
  0x00007fa7fc039800 JavaThread "Finalizer" daemon [_thread_blocked, id=14339, stack(0x0000700000c3b000,0x0000700000d3b000)]
  0x00007fa7fc036800 JavaThread "Reference Handler" daemon [_thread_blocked, id=13827, stack(0x0000700000b38000,0x0000700000c38000)]

Other Threads:
  0x00007fa7fc036000 VMThread [stack: 0x0000700000a35000,0x0000700000b35000] [id=13315]
  0x00007fa7fb836000 WatcherThread [stack: 0x0000700001456000,0x0000700001556000] [id=21763]

VM state:not at safepoint (normal execution)

VM Mutex/Monitor currently owned by a thread: None

Heap:
 PSYoungGen      total 82944K, used 17787K [0x000000076ab00000, 0x0000000771800000, 0x00000007c0000000)
  eden space 55296K, 20% used [0x000000076ab00000,0x000000076b5eec08,0x000000076e100000)
  from space 27648K, 23% used [0x000000076fd00000,0x00000007703701a0,0x0000000771800000)
  to   space 28160K, 0% used [0x000000076e100000,0x000000076e100000,0x000000076fc80000)
 ParOldGen       total 175104K, used 69517K [0x00000006c0000000, 0x00000006cab00000, 0x000000076ab00000)
  object space 175104K, 39% used [0x00000006c0000000,0x00000006c43e3440,0x00000006cab00000)
 Metaspace       used 19767K, capacity 20011K, committed 20224K, reserved 1067008K
  class space    used 1912K, capacity 2018K, committed 2048K, reserved 1048576K

Card table byte_map: [0x0000000112754000,0x0000000112f55000] byte_map_base: 0x000000010f154000

Marking Bits: (ParMarkBitMap*) 0x0000000102ce6eb0
 Begin Bits: [0x00000001134ab000, 0x00000001174ab000)
 End Bits:   [0x00000001174ab000, 0x000000011b4ab000)

Polling page: 0x000000010133d000

CodeCache: size=245760Kb used=8623Kb max_used=8997Kb free=237136Kb
 bounds [0x0000000103394000, 0x0000000103c94000, 0x0000000112394000]
 total_blobs=3299 nmethods=2419 adapters=793
 compilation: enabled

Compilation events (10 events):
Event: 83.813 Thread 0x00007fa7fc04c000 2845 %     4       processing.opengl.PGL::initTexture @ 63 (114 bytes)
Event: 83.816 Thread 0x00007fa7fc04c000 nmethod 2845% 0x000000010381dc50 code [0x000000010381ddc0, 0x000000010381e088]
Event: 85.194 Thread 0x00007fa7fc04d800 2846       3       processing.opengl.PGraphicsOpenGL$GLResource::<init> (15 bytes)
Event: 85.194 Thread 0x00007fa7fc04d800 nmethod 2846 0x00000001037fe910 code [0x00000001037fea80, 0x00000001037fec30]
Event: 85.195 Thread 0x00007fa7fc04c800 2847       4       java.util.concurrent.locks.ReentrantLock::lock (8 bytes)
Event: 85.195 Thread 0x00007fa7fc04d800 2848       3       java.awt.geom.AffineTransform::getScaleX (5 bytes)
Event: 85.195 Thread 0x00007fa7fc04d800 nmethod 2848 0x0000000103a27810 code [0x0000000103a27960, 0x0000000103a27ab0]
Event: 85.196 Thread 0x00007fa7fc04c800 nmethod 2847 0x0000000103b7fb50 code [0x0000000103b7fca0, 0x0000000103b7fd88]
Event: 85.205 Thread 0x00007fa7fc04d800 2849       1       sun.java2d.SurfaceData::isValid (5 bytes)
Event: 85.205 Thread 0x00007fa7fc04d800 nmethod 2849 0x000000010387dc10 code [0x000000010387dd60, 0x000000010387de70]

GC Heap History (10 events):
Event: 45.670 GC heap before
{Heap before GC invocations=8 (full 0):
 PSYoungGen      total 79872K, used 79665K [0x000000076ab00000, 0x0000000771600000, 0x00000007c0000000)
  eden space 61440K, 100% used [0x000000076ab00000,0x000000076e700000,0x000000076e700000)
  from space 18432K, 98% used [0x000000076e800000,0x000000076f9cc490,0x000000076fa00000)
  to   space 24064K, 0% used [0x000000076fe80000,0x000000076fe80000,0x0000000771600000)
 ParOldGen       total 175104K, used 43227K [0x00000006c0000000, 0x00000006cab00000, 0x000000076ab00000)
  object space 175104K, 24% used [0x00000006c0000000,0x00000006c2a36e00,0x00000006cab00000)
 Metaspace       used 19692K, capacity 19915K, committed 20224K, reserved 1067008K
  class space    used 1903K, capacity 1986K, committed 2048K, reserved 1048576K
Event: 45.675 GC heap after
Heap after GC invocations=8 (full 0):
 PSYoungGen      total 83456K, used 20305K [0x000000076ab00000, 0x0000000771500000, 0x00000007c0000000)
  eden space 60416K, 0% used [0x000000076ab00000,0x000000076ab00000,0x000000076e600000)
  from space 23040K, 88% used [0x000000076fe80000,0x0000000771254500,0x0000000771500000)
  to   space 24064K, 0% used [0x000000076e600000,0x000000076e600000,0x000000076fd80000)
 ParOldGen       total 175104K, used 45155K [0x00000006c0000000, 0x00000006cab00000, 0x000000076ab00000)
  object space 175104K, 25% used [0x00000006c0000000,0x00000006c2c18e70,0x00000006cab00000)
 Metaspace       used 19692K, capacity 19915K, committed 20224K, reserved 1067008K
  class space    used 1903K, capacity 1986K, committed 2048K, reserved 1048576K
}
Event: 53.807 GC heap before
{Heap before GC invocations=9 (full 0):
 PSYoungGen      total 83456K, used 80721K [0x000000076ab00000, 0x0000000771500000, 0x00000007c0000000)
  eden space 60416K, 100% used [0x000000076ab00000,0x000000076e600000,0x000000076e600000)
  from space 23040K, 88% used [0x000000076fe80000,0x0000000771254500,0x0000000771500000)
  to   space 24064K, 0% used [0x000000076e600000,0x000000076e600000,0x000000076fd80000)
 ParOldGen       total 175104K, used 45155K [0x00000006c0000000, 0x00000006cab00000, 0x000000076ab00000)
  object space 175104K, 25% used [0x00000006c0000000,0x00000006c2c18e70,0x00000006cab00000)
 Metaspace       used 19696K, capacity 19915K, committed 20224K, reserved 1067008K
  class space    used 1903K, capacity 1986K, committed 2048K, reserved 1048576K
Event: 53.814 GC heap after
Heap after GC invocations=9 (full 0):
 PSYoungGen      total 74240K, used 14656K [0x000000076ab00000, 0x0000000771400000, 0x00000007c0000000)
  eden space 59392K, 0% used [0x000000076ab00000,0x000000076ab00000,0x000000076e500000)
  from space 14848K, 98% used [0x000000076e600000,0x000000076f450390,0x000000076f480000)
  to   space 24064K, 0% used [0x000000076fc80000,0x000000076fc80000,0x0000000771400000)
 ParOldGen       total 175104K, used 55036K [0x00000006c0000000, 0x00000006cab00000, 0x000000076ab00000)
  object space 175104K, 31% used [0x00000006c0000000,0x00000006c35bf0d0,0x00000006cab00000)
 Metaspace       used 19696K, capacity 19915K, committed 20224K, reserved 1067008K
  class space    used 1903K, capacity 1986K, committed 2048K, reserved 1048576K
}
Event: 65.266 GC heap before
{Heap before GC invocations=10 (full 0):
 PSYoungGen      total 74240K, used 74048K [0x000000076ab00000, 0x0000000771400000, 0x00000007c0000000)
  eden space 59392K, 100% used [0x000000076ab00000,0x000000076e500000,0x000000076e500000)
  from space 14848K, 98% used [0x000000076e600000,0x000000076f450390,0x000000076f480000)
  to   space 24064K, 0% used [0x000000076fc80000,0x000000076fc80000,0x0000000771400000)
 ParOldGen       total 175104K, used 55036K [0x00000006c0000000, 0x00000006cab00000, 0x000000076ab00000)
  object space 175104K, 31% used [0x00000006c0000000,0x00000006c35bf0d0,0x00000006cab00000)
 Metaspace       used 19696K, capacity 19915K, committed 20224K, reserved 1067008K
  class space    used 1903K, capacity 1986K, committed 2048K, reserved 1048576K
Event: 65.274 GC heap after
Heap after GC invocations=10 (full 0):
 PSYoungGen      total 81408K, used 4448K [0x000000076ab00000, 0x0000000771700000, 0x00000007c0000000)
  eden space 57344K, 0% used [0x000000076ab00000,0x000000076ab00000,0x000000076e300000)
  from space 24064K, 18% used [0x000000076fc80000,0x00000007700d8100,0x0000000771400000)
  to   space 26112K, 0% used [0x000000076e300000,0x000000076e300000,0x000000076fc80000)
 ParOldGen       total 175104K, used 65196K [0x00000006c0000000, 0x00000006cab00000, 0x000000076ab00000)
  object space 175104K, 37% used [0x00000006c0000000,0x00000006c3fab340,0x00000006cab00000)
 Metaspace       used 19696K, capacity 19915K, committed 20224K, reserved 1067008K
  class space    used 1903K, capacity 1986K, committed 2048K, reserved 1048576K
}
Event: 77.316 GC heap before
{Heap before GC invocations=11 (full 0):
 PSYoungGen      total 81408K, used 61792K [0x000000076ab00000, 0x0000000771700000, 0x00000007c0000000)
  eden space 57344K, 100% used [0x000000076ab00000,0x000000076e300000,0x000000076e300000)
  from space 24064K, 18% used [0x000000076fc80000,0x00000007700d8100,0x0000000771400000)
  to   space 26112K, 0% used [0x000000076e300000,0x000000076e300000,0x000000076fc80000)
 ParOldGen       total 175104K, used 65196K [0x00000006c0000000, 0x00000006cab00000, 0x000000076ab00000)
  object space 175104K, 37% used [0x00000006c0000000,0x00000006c3fab340,0x00000006cab00000)
 Metaspace       used 19696K, capacity 19915K, committed 20224K, reserved 1067008K
  class space    used 1903K, capacity 1986K, committed 2048K, reserved 1048576K
Event: 77.319 GC heap after
Heap after GC invocations=11 (full 0):
 PSYoungGen      total 82432K, used 224K [0x000000076ab00000, 0x0000000771800000, 0x00000007c0000000)
  eden space 56320K, 0% used [0x000000076ab00000,0x000000076ab00000,0x000000076e200000)
  from space 26112K, 0% used [0x000000076e300000,0x000000076e338000,0x000000076fc80000)
  to   space 27648K, 0% used [0x000000076fd00000,0x000000076fd00000,0x0000000771800000)
 ParOldGen       total 175104K, used 69445K [0x00000006c0000000, 0x00000006cab00000, 0x000000076ab00000)
  object space 175104K, 39% used [0x00000006c0000000,0x00000006c43d1440,0x00000006cab00000)
 Metaspace       used 19696K, capacity 19915K, committed 20224K, reserved 1067008K
  class space    used 1903K, capacity 1986K, committed 2048K, reserved 1048576K
}
Event: 83.701 GC heap before
{Heap before GC invocations=12 (full 0):
 PSYoungGen      total 82432K, used 56544K [0x000000076ab00000, 0x0000000771800000, 0x00000007c0000000)
  eden space 56320K, 100% used [0x000000076ab00000,0x000000076e200000,0x000000076e200000)
  from space 26112K, 0% used [0x000000076e300000,0x000000076e338000,0x000000076fc80000)
  to   space 27648K, 0% used [0x000000076fd00000,0x000000076fd00000,0x0000000771800000)
 ParOldGen       total 175104K, used 69445K [0x00000006c0000000, 0x00000006cab00000, 0x000000076ab00000)
  object space 175104K, 39% used [0x00000006c0000000,0x00000006c43d1440,0x00000006cab00000)
 Metaspace       used 19731K, capacity 19979K, committed 20224K, reserved 1067008K
  class space    used 1904K, capacity 1986K, committed 2048K, reserved 1048576K
Event: 83.703 GC heap after
Heap after GC invocations=12 (full 0):
 PSYoungGen      total 82944K, used 6592K [0x000000076ab00000, 0x0000000771800000, 0x00000007c0000000)
  eden space 55296K, 0% used [0x000000076ab00000,0x000000076ab00000,0x000000076e100000)
  from space 27648K, 23% used [0x000000076fd00000,0x00000007703701a0,0x0000000771800000)
  to   space 28160K, 0% used [0x000000076e100000,0x000000076e100000,0x000000076fc80000)
 ParOldGen       total 175104K, used 69517K [0x00000006c0000000, 0x00000006cab00000, 0x000000076ab00000)
  object space 175104K, 39% used [0x00000006c0000000,0x00000006c43e3440,0x00000006cab00000)
 Metaspace       used 19731K, capacity 19979K, committed 20224K, reserved 1067008K
  class space    used 1904K, capacity 1986K, committed 2048K, reserved 1048576K
}

Deoptimization events (10 events):
Event: 85.164 Thread 0x00007fa7fb159800 Uncommon trap: reason=speculate_class_check action=maybe_recompile pc=0x0000000103c7308c method=java.awt.Component.dispatchEvent(Ljava/awt/AWTEvent;)V @ 2
Event: 85.164 Thread 0x00007fa7fb159800 Uncommon trap: reason=unstable_if action=reinterpret pc=0x0000000103bfbc94 method=sun.java2d.pipe.Region.intersectsQuickCheck(Lsun/java2d/pipe/Region;)Z @ 41
Event: 85.177 Thread 0x00007fa7fe0d5800 Uncommon trap: reason=speculate_class_check action=maybe_recompile pc=0x0000000103c7308c method=java.awt.Component.dispatchEvent(Ljava/awt/AWTEvent;)V @ 2
Event: 85.194 Thread 0x00007fa7fd010000 Uncommon trap: reason=unstable_if action=reinterpret pc=0x00000001039350f4 method=java.util.HashMap.putVal(ILjava/lang/Object;Ljava/lang/Object;ZZ)Ljava/lang/Object; @ 81
Event: 85.195 Thread 0x00007fa7fb159800 Uncommon trap: reason=class_check action=maybe_recompile pc=0x0000000103c83410 method=java.awt.event.InvocationEvent.dispatch()V @ 47
Event: 85.195 Thread 0x00007fa7fb159800 Uncommon trap: reason=speculate_class_check action=maybe_recompile pc=0x0000000103c83e2c method=java.awt.Component.dispatchEvent(Ljava/awt/AWTEvent;)V @ 2
Event: 85.202 Thread 0x00007fa7fe0d5800 Uncommon trap: reason=unstable_if action=reinterpret pc=0x0000000103bec218 method=java.util.LinkedList$ListItr.<init>(Ljava/util/LinkedList;I)V @ 26
Event: 85.203 Thread 0x00007fa7fe0d5800 Uncommon trap: reason=unstable_if action=reinterpret pc=0x00000001036b9a28 method=java.security.AccessControlContext.optimize()Ljava/security/AccessControlContext; @ 233
Event: 85.204 Thread 0x00007fa7fe0d5800 Uncommon trap: reason=unstable_if action=reinterpret pc=0x0000000103bddd44 method=java.util.LinkedList$ListItr.<init>(Ljava/util/LinkedList;I)V @ 26
Event: 85.204 Thread 0x00007fa7fb159800 Uncommon trap: reason=class_check action=maybe_recompile pc=0x0000000103c83410 method=java.awt.event.InvocationEvent.dispatch()V @ 47

Internal exceptions (10 events):
Event: 0.124 Thread 0x00007fa7fc001800 Exception <a 'java/lang/NoSuchFieldError': method resolution failed> (0x000000076ada6438) thrown at [/Users/java_re/workspace/8-2-build-macosx-x86_64/jdk8u91/6644/hotspot/src/share/vm/prims/methodHandles.cpp, line 1146]
Event: 0.125 Thread 0x00007fa7fc001800 Exception <a 'java/lang/NoSuchFieldError': method resolution failed> (0x000000076adb3c08) thrown at [/Users/java_re/workspace/8-2-build-macosx-x86_64/jdk8u91/6644/hotspot/src/share/vm/prims/methodHandles.cpp, line 1146]
Event: 0.311 Thread 0x00007fa7fc001800 Exception <a 'java/io/FileNotFoundException'> (0x000000076ae2fb00) thrown at [/Users/java_re/workspace/8-2-build-macosx-x86_64/jdk8u91/6644/hotspot/src/share/vm/prims/jni.cpp, line 709]
Event: 0.312 Thread 0x00007fa7fc001800 Exception <a 'java/io/FileNotFoundException'> (0x000000076ae30660) thrown at [/Users/java_re/workspace/8-2-build-macosx-x86_64/jdk8u91/6644/hotspot/src/share/vm/prims/jni.cpp, line 709]
Event: 0.427 Thread 0x00007fa7fc001800 Exception <a 'java/io/FileNotFoundException'> (0x000000076aec43d8) thrown at [/Users/java_re/workspace/8-2-build-macosx-x86_64/jdk8u91/6644/hotspot/src/share/vm/prims/jni.cpp, line 709]
Event: 1.487 Thread 0x00007fa7fc2da800 Exception <a 'java/lang/UnsatisfiedLinkError': com.jogamp.common.util.JarUtil.fixNativeLibAttribs(Ljava/lang/String;)Z> (0x000000076c63c8b8) thrown at [/Users/java_re/workspace/8-2-build-macosx-x86_64/jdk8u91/6644/hotspot/src/share/vm/prims/nativeLookup.c
Event: 2.172 Thread 0x00007fa7fe0d5800 Exception <a 'java/io/FileNotFoundException'> (0x000000076be32650) thrown at [/Users/java_re/workspace/8-2-build-macosx-x86_64/jdk8u91/6644/hotspot/src/share/vm/prims/jni.cpp, line 709]
Event: 2.173 Thread 0x00007fa7fe0d5800 Exception <a 'java/io/FileNotFoundException'> (0x000000076be384c0) thrown at [/Users/java_re/workspace/8-2-build-macosx-x86_64/jdk8u91/6644/hotspot/src/share/vm/prims/jni.cpp, line 709]
Event: 2.173 Thread 0x00007fa7fe0d5800 Implicit null exception at 0x0000000103533633 to 0x00000001035339ed
Event: 2.693 Thread 0x00007fa7fc039800 Exception <a 'java/lang/NullPointerException'> (0x000000076ad15dc8) thrown at [/Users/java_re/workspace/8-2-build-macosx-x86_64/jdk8u91/6644/hotspot/src/share/vm/interpreter/linkResolver.cpp, line 1178]

Events (10 events):
Event: 85.204 Thread 0x00007fa7fd010000 Thread exited: 0x00007fa7fd010000
Event: 85.204 loading class java/lang/IllegalThreadStateException
Event: 85.204 loading class java/lang/IllegalThreadStateException done
Event: 85.204 loading class java/awt/Window$1DisposeAction
Event: 85.204 Thread 0x00007fa7fb159800 Uncommon trap: trap_request=0xffffffde fr.pc=0x0000000103c83410
Event: 85.204 Thread 0x00007fa7fb159800 DEOPT PACKING pc=0x0000000103c83410 sp=0x0000700001e7ae30
Event: 85.204 loading class java/awt/Window$1DisposeAction done
Event: 85.204 Thread 0x00007fa7fb159800 DEOPT UNPACKING pc=0x0000000103399229 sp=0x0000700001e7adf8 mode 2
Event: 85.205 Thread 0x00007fa7fc04d800 flushing nmethod 0x0000000103a88e10
Event: 85.205 Thread 0x00007fa7fc04d800 flushing nmethod 0x0000000103aa4450


Dynamic libraries:
0x0000000007123000 	/System/Library/Frameworks/Cocoa.framework/Versions/A/Cocoa
0x0000000007123000 	/System/Library/Frameworks/Security.framework/Versions/A/Security
0x0000000007123000 	/System/Library/Frameworks/ApplicationServices.framework/Versions/A/ApplicationServices
0x0000000007123000 	/usr/lib/libz.1.dylib
0x0000000007123000 	/usr/lib/libSystem.B.dylib
0x0000000007123000 	/usr/lib/libobjc.A.dylib
0x0000000007123000 	/System/Library/Frameworks/CoreFoundation.framework/Versions/A/CoreFoundation
0x0000000007123000 	/System/Library/Frameworks/Foundation.framework/Versions/C/Foundation
0x0000000007123000 	/System/Library/Frameworks/AppKit.framework/Versions/C/AppKit
0x0000000007123000 	/System/Library/Frameworks/CoreData.framework/Versions/A/CoreData
0x0000000007123000 	/System/Library/PrivateFrameworks/RemoteViewServices.framework/Versions/A/RemoteViewServices
0x0000000007123000 	/System/Library/PrivateFrameworks/UIFoundation.framework/Versions/A/UIFoundation
0x0000000007123000 	/usr/lib/libScreenReader.dylib
0x0000000007123000 	/System/Library/Frameworks/Accelerate.framework/Versions/A/Accelerate
0x0000000007123000 	/System/Library/Frameworks/IOSurface.framework/Versions/A/IOSurface
0x0000000007123000 	/System/Library/Frameworks/AudioToolbox.framework/Versions/A/AudioToolbox
0x0000000007123000 	/System/Library/Frameworks/AudioUnit.framework/Versions/A/AudioUnit
0x0000000007123000 	/System/Library/PrivateFrameworks/DataDetectorsCore.framework/Versions/A/DataDetectorsCore
0x0000000007123000 	/System/Library/PrivateFrameworks/DesktopServicesPriv.framework/Versions/A/DesktopServicesPriv
0x0000000007123000 	/System/Library/Frameworks/Carbon.framework/Versions/A/Frameworks/HIToolbox.framework/Versions/A/HIToolbox
0x0000000007123000 	/System/Library/Frameworks/QuartzCore.framework/Versions/A/QuartzCore
0x0000000007123000 	/System/Library/Frameworks/Carbon.framework/Versions/A/Frameworks/SpeechRecognition.framework/Versions/A/SpeechRecognition
0x0000000007123000 	/usr/lib/libauto.dylib
0x0000000007123000 	/usr/lib/libicucore.A.dylib
0x0000000007123000 	/usr/lib/libxml2.2.dylib
0x0000000007123000 	/System/Library/PrivateFrameworks/CoreUI.framework/Versions/A/CoreUI
0x0000000007123000 	/System/Library/Frameworks/CoreAudio.framework/Versions/A/CoreAudio
0x0000000007123000 	/System/Library/Frameworks/DiskArbitration.framework/Versions/A/DiskArbitration
0x0000000007123000 	/usr/lib/liblangid.dylib
0x0000000007123000 	/System/Library/PrivateFrameworks/MultitouchSupport.framework/Versions/A/MultitouchSupport
0x0000000007123000 	/System/Library/Frameworks/IOKit.framework/Versions/A/IOKit
0x0000000007123000 	/usr/lib/libDiagnosticMessagesClient.dylib
0x0000000007123000 	/System/Library/Frameworks/CoreServices.framework/Versions/A/CoreServices
0x0000000007123000 	/System/Library/PrivateFrameworks/PerformanceAnalysis.framework/Versions/A/PerformanceAnalysis
0x0000000007123000 	/System/Library/PrivateFrameworks/GenerationalStorage.framework/Versions/A/GenerationalStorage
0x0000000007123000 	/System/Library/Frameworks/OpenGL.framework/Versions/A/OpenGL
0x0000000007123000 	/System/Library/PrivateFrameworks/Sharing.framework/Versions/A/Sharing
0x0000000007123000 	/System/Library/Frameworks/CoreGraphics.framework/Versions/A/CoreGraphics
0x0000000007123000 	/System/Library/Frameworks/CoreImage.framework/Versions/A/CoreImage
0x0000000007123000 	/System/Library/Frameworks/CoreText.framework/Versions/A/CoreText
0x0000000007123000 	/System/Library/Frameworks/ImageIO.framework/Versions/A/ImageIO
0x0000000007123000 	/System/Library/PrivateFrameworks/Backup.framework/Versions/A/Backup
0x0000000007123000 	/usr/lib/libextension.dylib
0x0000000007123000 	/usr/lib/libarchive.2.dylib
0x0000000007123000 	/System/Library/Frameworks/CFNetwork.framework/Versions/A/CFNetwork
0x0000000007123000 	/System/Library/Frameworks/SystemConfiguration.framework/Versions/A/SystemConfiguration
0x0000000007123000 	/usr/lib/libCRFSuite.dylib
0x0000000007123000 	/usr/lib/libc++.1.dylib
0x0000000007123000 	/usr/lib/libc++abi.dylib
0x0000000007123000 	/usr/lib/system/libcache.dylib
0x0000000007123000 	/usr/lib/system/libcommonCrypto.dylib
0x0000000007123000 	/usr/lib/system/libcompiler_rt.dylib
0x0000000007123000 	/usr/lib/system/libcopyfile.dylib
0x0000000007123000 	/usr/lib/system/libcorecrypto.dylib
0x0000000007123000 	/usr/lib/system/libdispatch.dylib
0x0000000007123000 	/usr/lib/system/libdyld.dylib
0x0000000007123000 	/usr/lib/system/libkeymgr.dylib
0x0000000007123000 	/usr/lib/system/liblaunch.dylib
0x0000000007123000 	/usr/lib/system/libmacho.dylib
0x0000000007123000 	/usr/lib/system/libquarantine.dylib
0x0000000007123000 	/usr/lib/system/libremovefile.dylib
0x0000000007123000 	/usr/lib/system/libsystem_asl.dylib
0x0000000007123000 	/usr/lib/system/libsystem_blocks.dylib
0x0000000007123000 	/usr/lib/system/libsystem_c.dylib
0x0000000007123000 	/usr/lib/system/libsystem_configuration.dylib
0x0000000007123000 	/usr/lib/system/libsystem_coreservices.dylib
0x0000000007123000 	/usr/lib/system/libsystem_coretls.dylib
0x0000000007123000 	/usr/lib/system/libsystem_dnssd.dylib
0x0000000007123000 	/usr/lib/system/libsystem_info.dylib
0x0000000007123000 	/usr/lib/system/libsystem_kernel.dylib
0x0000000007123000 	/usr/lib/system/libsystem_m.dylib
0x0000000007123000 	/usr/lib/system/libsystem_malloc.dylib
0x0000000007123000 	/usr/lib/system/libsystem_network.dylib
0x0000000007123000 	/usr/lib/system/libsystem_networkextension.dylib
0x0000000007123000 	/usr/lib/system/libsystem_notify.dylib
0x0000000007123000 	/usr/lib/system/libsystem_platform.dylib
0x0000000007123000 	/usr/lib/system/libsystem_pthread.dylib
0x0000000007123000 	/usr/lib/system/libsystem_sandbox.dylib
0x0000000007123000 	/usr/lib/system/libsystem_secinit.dylib
0x0000000007123000 	/usr/lib/system/libsystem_trace.dylib
0x0000000007123000 	/usr/lib/system/libunc.dylib
0x0000000007123000 	/usr/lib/system/libunwind.dylib
0x0000000007123000 	/usr/lib/system/libxpc.dylib
0x0000000007123000 	/usr/lib/libenergytrace.dylib
0x0000000007123000 	/usr/lib/libbsm.0.dylib
0x0000000007123000 	/usr/lib/system/libkxld.dylib
0x0000000007123000 	/usr/lib/libxar.1.dylib
0x0000000007123000 	/usr/lib/libsqlite3.dylib
0x0000000007123000 	/usr/lib/libpam.2.dylib
0x0000000007123000 	/usr/lib/libOpenScriptingUtil.dylib
0x0000000007123000 	/usr/lib/libbz2.1.0.dylib
0x0000000007123000 	/usr/lib/liblzma.5.dylib
0x0000000007123000 	/System/Library/Frameworks/CoreServices.framework/Versions/A/Frameworks/FSEvents.framework/Versions/A/FSEvents
0x0000000007123000 	/System/Library/Frameworks/CoreServices.framework/Versions/A/Frameworks/CarbonCore.framework/Versions/A/CarbonCore
0x0000000007123000 	/System/Library/Frameworks/CoreServices.framework/Versions/A/Frameworks/Metadata.framework/Versions/A/Metadata
0x0000000007123000 	/System/Library/Frameworks/CoreServices.framework/Versions/A/Frameworks/OSServices.framework/Versions/A/OSServices
0x0000000007123000 	/System/Library/Frameworks/CoreServices.framework/Versions/A/Frameworks/SearchKit.framework/Versions/A/SearchKit
0x0000000007123000 	/System/Library/Frameworks/CoreServices.framework/Versions/A/Frameworks/AE.framework/Versions/A/AE
0x0000000007123000 	/System/Library/Frameworks/CoreServices.framework/Versions/A/Frameworks/LaunchServices.framework/Versions/A/LaunchServices
0x0000000007123000 	/System/Library/Frameworks/CoreServices.framework/Versions/A/Frameworks/DictionaryServices.framework/Versions/A/DictionaryServices
0x0000000007123000 	/System/Library/Frameworks/CoreServices.framework/Versions/A/Frameworks/SharedFileList.framework/Versions/A/SharedFileList
0x0000000007123000 	/System/Library/Frameworks/NetFS.framework/Versions/A/NetFS
0x0000000007123000 	/System/Library/PrivateFrameworks/NetAuth.framework/Versions/A/NetAuth
0x0000000007123000 	/System/Library/PrivateFrameworks/login.framework/Versions/A/Frameworks/loginsupport.framework/Versions/A/loginsupport
0x0000000007123000 	/System/Library/PrivateFrameworks/TCC.framework/Versions/A/TCC
0x0000000007123000 	/usr/lib/libmecabra.dylib
0x0000000007123000 	/System/Library/Frameworks/ApplicationServices.framework/Versions/A/Frameworks/ATS.framework/Versions/A/ATS
0x0000000007123000 	/System/Library/Frameworks/ApplicationServices.framework/Versions/A/Frameworks/ColorSync.framework/Versions/A/ColorSync
0x0000000007123000 	/System/Library/Frameworks/ApplicationServices.framework/Versions/A/Frameworks/HIServices.framework/Versions/A/HIServices
0x0000000007123000 	/System/Library/Frameworks/ApplicationServices.framework/Versions/A/Frameworks/LangAnalysis.framework/Versions/A/LangAnalysis
0x0000000007123000 	/System/Library/Frameworks/ApplicationServices.framework/Versions/A/Frameworks/PrintCore.framework/Versions/A/PrintCore
0x0000000007123000 	/System/Library/Frameworks/ApplicationServices.framework/Versions/A/Frameworks/QD.framework/Versions/A/QD
0x0000000007123000 	/System/Library/Frameworks/ApplicationServices.framework/Versions/A/Frameworks/SpeechSynthesis.framework/Versions/A/SpeechSynthesis
0x0000000007123000 	/System/Library/Frameworks/Metal.framework/Versions/A/Metal
0x0000000007123000 	/System/Library/Frameworks/Accelerate.framework/Versions/A/Frameworks/vImage.framework/Versions/A/vImage
0x0000000007123000 	/System/Library/Frameworks/Accelerate.framework/Versions/A/Frameworks/vecLib.framework/Versions/A/vecLib
0x0000000007123000 	/System/Library/Frameworks/Accelerate.framework/Versions/A/Frameworks/vecLib.framework/Versions/A/libvDSP.dylib
0x0000000007123000 	/System/Library/Frameworks/Accelerate.framework/Versions/A/Frameworks/vecLib.framework/Versions/A/libvMisc.dylib
0x0000000007123000 	/System/Library/Frameworks/Accelerate.framework/Versions/A/Frameworks/vecLib.framework/Versions/A/libLAPACK.dylib
0x0000000007123000 	/System/Library/Frameworks/Accelerate.framework/Versions/A/Frameworks/vecLib.framework/Versions/A/libBLAS.dylib
0x0000000007123000 	/System/Library/Frameworks/Accelerate.framework/Versions/A/Frameworks/vecLib.framework/Versions/A/libLinearAlgebra.dylib
0x0000000007123000 	/System/Library/Frameworks/Accelerate.framework/Versions/A/Frameworks/vecLib.framework/Versions/A/libSparseBLAS.dylib
0x0000000007123000 	/System/Library/PrivateFrameworks/GPUCompiler.framework/libmetal_timestamp.dylib
0x0000000007123000 	/System/Library/Frameworks/OpenGL.framework/Versions/A/Libraries/libCoreFSCache.dylib
0x0000000007123000 	/System/Library/PrivateFrameworks/IOAccelerator.framework/Versions/A/IOAccelerator
0x0000000007123000 	/System/Library/Frameworks/ApplicationServices.framework/Versions/A/Frameworks/ATS.framework/Versions/A/Resources/libFontParser.dylib
0x0000000007123000 	/System/Library/Frameworks/ApplicationServices.framework/Versions/A/Frameworks/ATS.framework/Versions/A/Resources/libFontRegistry.dylib
0x0000000007123000 	/System/Library/PrivateFrameworks/AppleVPA.framework/Versions/A/AppleVPA
0x0000000007123000 	/System/Library/PrivateFrameworks/AppleJPEG.framework/Versions/A/AppleJPEG
0x0000000007123000 	/System/Library/Frameworks/ImageIO.framework/Versions/A/Resources/libJPEG.dylib
0x0000000007123000 	/System/Library/Frameworks/ImageIO.framework/Versions/A/Resources/libTIFF.dylib
0x0000000007123000 	/System/Library/Frameworks/ImageIO.framework/Versions/A/Resources/libPng.dylib
0x0000000007123000 	/System/Library/Frameworks/ImageIO.framework/Versions/A/Resources/libGIF.dylib
0x0000000007123000 	/System/Library/Frameworks/ImageIO.framework/Versions/A/Resources/libJP2.dylib
0x0000000007123000 	/System/Library/Frameworks/ImageIO.framework/Versions/A/Resources/libRadiance.dylib
0x0000000007123000 	/System/Library/Frameworks/CoreVideo.framework/Versions/A/CoreVideo
0x0000000007123000 	/System/Library/Frameworks/OpenGL.framework/Versions/A/Libraries/libGLU.dylib
0x0000000007123000 	/System/Library/Frameworks/OpenGL.framework/Versions/A/Libraries/libGFXShared.dylib
0x0000000007123000 	/System/Library/Frameworks/OpenGL.framework/Versions/A/Libraries/libGL.dylib
0x0000000007123000 	/System/Library/Frameworks/OpenGL.framework/Versions/A/Libraries/libGLImage.dylib
0x0000000007123000 	/System/Library/Frameworks/OpenGL.framework/Versions/A/Libraries/libCVMSPluginSupport.dylib
0x0000000007123000 	/System/Library/Frameworks/OpenGL.framework/Versions/A/Libraries/libCoreVMClient.dylib
0x0000000007123000 	/usr/lib/libcups.2.dylib
0x0000000007123000 	/System/Library/Frameworks/Kerberos.framework/Versions/A/Kerberos
0x0000000007123000 	/System/Library/Frameworks/GSS.framework/Versions/A/GSS
0x0000000007123000 	/usr/lib/libresolv.9.dylib
0x0000000007123000 	/usr/lib/libiconv.2.dylib
0x0000000007123000 	/System/Library/PrivateFrameworks/Heimdal.framework/Versions/A/Heimdal
0x0000000007123000 	/usr/lib/libheimdal-asn1.dylib
0x0000000007123000 	/System/Library/Frameworks/OpenDirectory.framework/Versions/A/OpenDirectory
0x0000000007123000 	/System/Library/PrivateFrameworks/CommonAuth.framework/Versions/A/CommonAuth
0x0000000007123000 	/System/Library/Frameworks/OpenDirectory.framework/Versions/A/Frameworks/CFOpenDirectory.framework/Versions/A/CFOpenDirectory
0x0000000007123000 	/System/Library/Frameworks/SecurityFoundation.framework/Versions/A/SecurityFoundation
0x0000000007123000 	/System/Library/PrivateFrameworks/LanguageModeling.framework/Versions/A/LanguageModeling
0x0000000007123000 	/usr/lib/libmarisa.dylib
0x0000000007123000 	/usr/lib/libChineseTokenizer.dylib
0x0000000007123000 	/usr/lib/libcmph.dylib
0x0000000007123000 	/usr/lib/libcompression.dylib
0x0000000007123000 	/System/Library/Frameworks/ServiceManagement.framework/Versions/A/ServiceManagement
0x0000000007123000 	/usr/lib/libxslt.1.dylib
0x0000000007123000 	/System/Library/Frameworks/Carbon.framework/Versions/A/Frameworks/Ink.framework/Versions/A/Ink
0x0000000007123000 	/usr/lib/libFosl_dynamic.dylib
0x0000000007123000 	/System/Library/PrivateFrameworks/FaceCore.framework/Versions/A/FaceCore
0x0000000007123000 	/System/Library/Frameworks/OpenCL.framework/Versions/A/OpenCL
0x0000000007123000 	/System/Library/PrivateFrameworks/CrashReporterSupport.framework/Versions/A/CrashReporterSupport
0x0000000007123000 	/System/Library/PrivateFrameworks/IconServices.framework/Versions/A/IconServices
0x0000000007123000 	/System/Library/PrivateFrameworks/Apple80211.framework/Versions/A/Apple80211
0x0000000007123000 	/System/Library/Frameworks/CoreWLAN.framework/Versions/A/CoreWLAN
0x0000000007123000 	/System/Library/Frameworks/IOBluetooth.framework/Versions/A/IOBluetooth
0x0000000007123000 	/System/Library/PrivateFrameworks/CoreWiFi.framework/Versions/A/CoreWiFi
0x0000000007123000 	/System/Library/Frameworks/CoreBluetooth.framework/Versions/A/CoreBluetooth
0x0000000007123000 	/System/Library/PrivateFrameworks/ChunkingLibrary.framework/Versions/A/ChunkingLibrary
0x0000000007123000 	/System/Library/PrivateFrameworks/DebugSymbols.framework/Versions/A/DebugSymbols
0x0000000007123000 	/System/Library/PrivateFrameworks/CoreSymbolication.framework/Versions/A/CoreSymbolication
0x0000000007123000 	/System/Library/PrivateFrameworks/Symbolication.framework/Versions/A/Symbolication
0x0000000007123000 	/System/Library/PrivateFrameworks/SpeechRecognitionCore.framework/Versions/A/SpeechRecognitionCore
0x0000000102400000 	/Library/Java/JavaVirtualMachines/jdk1.8.0_91.jdk/Contents/Home/jre/lib/server/libjvm.dylib
0x0000000007123000 	/usr/lib/libstdc++.6.dylib
0x00000001012fa000 	/Library/Java/JavaVirtualMachines/jdk1.8.0_91.jdk/Contents/Home/jre/lib/libverify.dylib
0x0000000101308000 	/Library/Java/JavaVirtualMachines/jdk1.8.0_91.jdk/Contents/Home/jre/lib/libjava.dylib
0x0000000101347000 	/Library/Java/JavaVirtualMachines/jdk1.8.0_91.jdk/Contents/Home/jre/lib/libzip.dylib
0x000000011e3b1000 	/System/Library/Frameworks/JavaVM.framework/Frameworks/JavaRuntimeSupport.framework/JavaRuntimeSupport
0x00000001013e9000 	/System/Library/Frameworks/JavaVM.framework/Versions/A/Frameworks/JavaNativeFoundation.framework/Versions/A/JavaNativeFoundation
0x000000011e3cc000 	/System/Library/Frameworks/JavaVM.framework/Versions/A/JavaVM
0x0000000007123000 	/System/Library/Frameworks/Carbon.framework/Versions/A/Carbon
0x000000011e3d9000 	/System/Library/PrivateFrameworks/JavaLaunching.framework/Versions/A/JavaLaunching
0x0000000007123000 	/System/Library/Frameworks/Carbon.framework/Versions/A/Frameworks/CommonPanels.framework/Versions/A/CommonPanels
0x0000000007123000 	/System/Library/Frameworks/Carbon.framework/Versions/A/Frameworks/Help.framework/Versions/A/Help
0x0000000007123000 	/System/Library/Frameworks/Carbon.framework/Versions/A/Frameworks/ImageCapture.framework/Versions/A/ImageCapture
0x0000000007123000 	/System/Library/Frameworks/Carbon.framework/Versions/A/Frameworks/OpenScripting.framework/Versions/A/OpenScripting
0x0000000007123000 	/System/Library/Frameworks/Carbon.framework/Versions/A/Frameworks/Print.framework/Versions/A/Print
0x0000000007123000 	/System/Library/Frameworks/Carbon.framework/Versions/A/Frameworks/SecurityHI.framework/Versions/A/SecurityHI
0x000000011fcfa000 	/Library/Java/JavaVirtualMachines/jdk1.8.0_91.jdk/Contents/Home/jre/lib/libawt.dylib
0x000000011fda2000 	/Library/Java/JavaVirtualMachines/jdk1.8.0_91.jdk/Contents/Home/jre/lib/./libmlib_image.dylib
0x000000011fe6e000 	/Library/Java/JavaVirtualMachines/jdk1.8.0_91.jdk/Contents/Home/jre/lib/libawt_lwawt.dylib
0x000000011ff23000 	/Library/Java/JavaVirtualMachines/jdk1.8.0_91.jdk/Contents/Home/jre/lib/./libosxapp.dylib
0x0000000007123000 	/System/Library/Frameworks/ExceptionHandling.framework/Versions/A/ExceptionHandling
0x0000000007123000 	/System/Library/PrivateFrameworks/CoreServicesInternal.framework/Versions/A/CoreServicesInternal
0x0000000007123000 	/System/Library/Frameworks/CoreGraphics.framework/Versions/A/Resources/libRIP.A.dylib
0x0000000007123000 	/System/Library/Frameworks/Accelerate.framework/Versions/A/Frameworks/vImage.framework/Versions/A/Libraries/libCGInterfaces.dylib
0x0000000007123000 	/System/Library/Frameworks/CoreGraphics.framework/Versions/A/Resources/libCGXType.A.dylib
0x0000000007123000 	/System/Library/Frameworks/OpenCL.framework/Versions/A/Libraries/libcldcpuengine.dylib
0x0000000007123000 	/System/Library/PrivateFrameworks/DiskImages.framework/Versions/A/DiskImages
0x0000000007123000 	/System/Library/Frameworks/DiscRecording.framework/Versions/A/DiscRecording
0x0000000007123000 	/usr/lib/libcsfde.dylib
0x0000000007123000 	/usr/lib/libcurl.4.dylib
0x0000000007123000 	/System/Library/PrivateFrameworks/MediaKit.framework/Versions/A/MediaKit
0x0000000007123000 	/System/Library/PrivateFrameworks/ProtectedCloudStorage.framework/Versions/A/ProtectedCloudStorage
0x0000000007123000 	/usr/lib/libCoreStorage.dylib
0x0000000007123000 	/System/Library/PrivateFrameworks/EFILogin.framework/Versions/A/EFILogin
0x0000000007123000 	/usr/lib/libutil.dylib
0x0000000007123000 	/System/Library/PrivateFrameworks/FindMyDevice.framework/Versions/A/FindMyDevice
0x0000000007123000 	/System/Library/Frameworks/LDAP.framework/Versions/A/LDAP
0x0000000007123000 	/usr/lib/libsasl2.2.dylib
0x0000000007123000 	/System/Library/PrivateFrameworks/CoreDaemon.framework/Versions/B/CoreDaemon
0x0000000007123000 	/usr/lib/libcrypto.0.9.8.dylib
0x0000000007123000 	/System/Library/PrivateFrameworks/AppleSRP.framework/Versions/A/AppleSRP
0x0000000007123000 	/System/Library/PrivateFrameworks/TrustEvaluationAgent.framework/Versions/A/TrustEvaluationAgent
0x0000000121b8a000 	cl_kernels
0x0000000007123000 	/System/Library/Frameworks/OpenCL.framework/Versions/A/Libraries/ImageFormats/unorm8_bgra.dylib
0x0000000007123000 	/System/Library/Frameworks/OpenCL.framework/Versions/A/Libraries/ImageFormats/unorm8_rgba.dylib
0x0000000007123000 	/System/Library/PrivateFrameworks/FamilyControls.framework/Versions/A/FamilyControls
0x0000000007123000 	/System/Library/PrivateFrameworks/CommerceKit.framework/Versions/A/Frameworks/CommerceCore.framework/Versions/A/CommerceCore
0x0000000007123000 	/System/Library/PrivateFrameworks/SystemAdministration.framework/Versions/A/SystemAdministration
0x0000000007123000 	/System/Library/PrivateFrameworks/AppContainer.framework/Versions/A/AppContainer
0x0000000007123000 	/System/Library/PrivateFrameworks/SecCodeWrapper.framework/Versions/A/SecCodeWrapper
0x0000000007123000 	/System/Library/Frameworks/DirectoryService.framework/Versions/A/DirectoryService
0x0000000007123000 	/System/Library/PrivateFrameworks/LoginUIKit.framework/Versions/A/Frameworks/LoginUICore.framework/Versions/A/LoginUICore
0x0000000007123000 	/usr/lib/libodfde.dylib
0x0000000007123000 	/System/Library/Frameworks/OpenGL.framework/Versions/A/Resources/GLEngine.bundle/GLEngine
0x0000000007123000 	/System/Library/Frameworks/OpenGL.framework/Versions/A/Libraries/libGLProgrammability.dylib
0x0000000122d61000 	/System/Library/Extensions/AppleIntelHD5000GraphicsGLDriver.bundle/Contents/MacOS/AppleIntelHD5000GraphicsGLDriver
0x0000000007123000 	/System/Library/PrivateFrameworks/GPUSupport.framework/Versions/A/Libraries/libGPUSupportMercury.dylib
0x0000000007123000 	/System/Library/Frameworks/OpenGL.framework/Versions/A/Resources/GLRendererFloat.bundle/GLRendererFloat
0x0000000124201000 	/Library/Java/JavaVirtualMachines/jdk1.8.0_91.jdk/Contents/Home/jre/lib/libfontmanager.dylib
0x000000012574e000 	/Library/Java/JavaVirtualMachines/jdk1.8.0_91.jdk/Contents/Home/jre/lib/libosxui.dylib
0x0000000126496000 	/Library/Java/JavaVirtualMachines/jdk1.8.0_91.jdk/Contents/Home/jre/lib/libnet.dylib
0x00000001261cf000 	/Library/Java/JavaVirtualMachines/jdk1.8.0_91.jdk/Contents/Home/jre/lib/libnio.dylib
0x0000000007123000 	/System/Library/Frameworks/ApplicationServices.framework/Versions/A/Frameworks/ATS.framework/Versions/A/Resources/libTrueTypeScaler.dylib
0x00000001775ec000 	/System/Library/Extensions/AppleIntelHD5000GraphicsMTLDriver.bundle/Contents/MacOS/AppleIntelHD5000GraphicsMTLDriver
0x0000000121142000 	/private/var/folders/lj/ts4xrlmj1tsc3mnwzl_88g000000gn/T/jogamp_0000/file_cache/jln1951336600552049967/jln7046336943917196381/libgluegen-rt.jnilib
0x0000000121147000 	/private/var/folders/lj/ts4xrlmj1tsc3mnwzl_88g000000gn/T/jogamp_0000/file_cache/jln1951336600552049967/jln7046336943917196381/libnativewindow_awt.jnilib
0x000000012114a000 	/Library/Java/JavaVirtualMachines/jdk1.8.0_91.jdk/Contents/Home/jre/lib/libjawt.dylib
0x000000012114d000 	/private/var/folders/lj/ts4xrlmj1tsc3mnwzl_88g000000gn/T/jogamp_0000/file_cache/jln1951336600552049967/jln7046336943917196381/libnativewindow_macosx.jnilib
0x0000000177c23000 	/private/var/folders/lj/ts4xrlmj1tsc3mnwzl_88g000000gn/T/jogamp_0000/file_cache/jln1951336600552049967/jln7046336943917196381/libjogl_desktop.jnilib

VM Arguments:
jvm_args: -Djava.library.path=/Library/Java/JavaVirtualMachines/jdk1.8.0_91.jdk/Contents/Home -Djava.security.policy=java.policy.applet -Dfile.encoding=UTF-8 
java_command: sun.applet.AppletViewer SimpleMapApp1469049174548.html
java_class_path (initial): /Users/rblowers/git/ice-crystal/ice-crystal/build:/Users/rblowers/git/ice-crystal/ice-crystal/lib/core.jar:/Users/rblowers/git/ice-crystal/ice-crystal/lib/gluegen-rt.jar:/Users/rblowers/git/ice-crystal/ice-crystal/lib/jogl-all.jar:/Users/rblowers/git/ice-crystal/ice-crystal/lib/log4j-1.2.15.jar:/Users/rblowers/git/ice-crystal/ice-crystal/lib/sqlite-jdbc-3.7.2.jar:/Users/rblowers/git/ice-crystal/ice-crystal/lib/json4processing.jar:/Users/rblowers/git/ice-crystal/ice-crystal/lib/libTUIO.jar:/Users/rblowers/git/ice-crystal/ice-crystal/lib/unfolding.0.9.6.jar
Launcher Type: SUN_STANDARD

Environment Variables:
PATH=/usr/bin:/bin:/usr/sbin:/sbin
SHELL=/bin/bash
DISPLAY=/private/tmp/com.apple.launchd.9qI8Gzruq0/org.macosforge.xquartz:0

Signal Handlers:
SIGSEGV: [libjvm.dylib+0x5a97a1], sa_mask[0]=11111111011111110111111111111111, sa_flags=SA_ONSTACK|SA_RESTART|SA_SIGINFO
SIGBUS: [libjvm.dylib+0x5a97a1], sa_mask[0]=11111111011111110111111111111111, sa_flags=SA_RESTART|SA_SIGINFO
SIGFPE: [libjvm.dylib+0x482594], sa_mask[0]=11111111011111110111111111111111, sa_flags=SA_RESTART|SA_SIGINFO
SIGPIPE: [libjvm.dylib+0x482594], sa_mask[0]=11111111011111110111111111111111, sa_flags=SA_RESTART|SA_SIGINFO
SIGXFSZ: [libjvm.dylib+0x482594], sa_mask[0]=11111111011111110111111111111111, sa_flags=SA_RESTART|SA_SIGINFO
SIGILL: [libjvm.dylib+0x482594], sa_mask[0]=11111111011111110111111111111111, sa_flags=SA_RESTART|SA_SIGINFO
SIGUSR1: SIG_DFL, sa_mask[0]=00000000000000000000000000000000, sa_flags=none
SIGUSR2: [libjvm.dylib+0x4820b2], sa_mask[0]=00100000000000000000000000000000, sa_flags=SA_RESTART|SA_SIGINFO
SIGHUP: [libjvm.dylib+0x480689], sa_mask[0]=11111111011111110111111111111111, sa_flags=SA_RESTART|SA_SIGINFO
SIGINT: [libjvm.dylib+0x480689], sa_mask[0]=11111111011111110111111111111111, sa_flags=SA_RESTART|SA_SIGINFO
SIGTERM: [libjvm.dylib+0x480689], sa_mask[0]=11111111011111110111111111111111, sa_flags=SA_RESTART|SA_SIGINFO
SIGQUIT: [libjvm.dylib+0x480689], sa_mask[0]=11111111011111110111111111111111, sa_flags=SA_RESTART|SA_SIGINFO


---------------  S Y S T E M  ---------------

OS:Bsduname:Darwin 15.3.0 Darwin Kernel Version 15.3.0: Thu Dec 10 18:40:58 PST 2015; root:xnu-3248.30.4~1/RELEASE_X86_64 x86_64
rlimit: STACK 8192k, CORE 0k, NPROC 709, NOFILE 10240, AS infinity
load average:2.25 2.22 2.15

CPU:total 8 (4 cores per cpu, 2 threads per core) family 6 model 70 stepping 1, cmov, cx8, fxsr, mmx, sse, sse2, sse3, ssse3, sse4.1, sse4.2, popcnt, avx, avx2, aes, clmul, erms, lzcnt, ht, tsc, tscinvbit, bmi1, bmi2

Memory: 4k page, physical 16777216k(269600k free)

/proc/meminfo:


vm_info: Java HotSpot(TM) 64-Bit Server VM (25.91-b14) for bsd-amd64 JRE (1.8.0_91-b14), built on Apr  1 2016 01:03:00 by "java_re" with gcc 4.2.1 (Based on Apple Inc. build 5658) (LLVM build 2336.11.00)

time: Wed Jul 20 17:14:19 2016
elapsed time: 85 seconds (0d 0h 1m 25s)

