#
# A fatal error has been detected by the Java Runtime Environment:
#
#  SIGSEGV (0xb) at pc=0x00007fffb664b05d, pid=96965, tid=775
#
# JRE version: Java(TM) SE Runtime Environment (8.0_91-b14) (build 1.8.0_91-b14)
# Java VM: Java HotSpot(TM) 64-Bit Server VM (25.91-b14 mixed mode bsd-amd64 compressed oops)
# Problematic frame:
# C  [libobjc.A.dylib+0x705d]  objc_msgSend+0x1d
#
# Failed to write core dump. Core dumps have been disabled. To enable core dumping, try "ulimit -c unlimited" before starting Java again
#
# If you would like to submit a bug report, please visit:
#   http://bugreport.java.com/bugreport/crash.jsp
# The crash happened outside the Java Virtual Machine in native code.
# See problematic frame for where to report the bug.
#

---------------  T H R E A D  ---------------

Current thread (0x00007fd26e886800):  JavaThread "AWT-AppKit" daemon [_thread_in_native, id=775, stack(0x00007fff58209000,0x00007fff58a09000)]

siginfo: si_signo: 11 (SIGSEGV), si_code: 1 (SEGV_MAPERR), si_addr: 0x000007fd27429358

Registers:
RAX=0x00007fd274283330, RBX=0x00000001580c13b0, RCX=0x00007fd2711000b0, RDX=0x0000000000000000
RSP=0x00007fff58a04348, RBP=0x00007fff58a04400, RSI=0x00007fff9fefe134, RDI=0x00007fd274281cf0
R8 =0x0000000000000018, R9 =0x00007fd2711000e0, R10=0x000007fd27429340, R11=0x00007fff9fefe134
R12=0x0000000000000000, R13=0x000000015e63f688, R14=0x00000001580c13a0, R15=0x00007fd26e886800
RIP=0x00007fffb664b05d, EFLAGS=0x0000000000010202, ERR=0x0000000000000004
  TRAPNO=0x000000000000000e

Top of Stack: (sp=0x00007fff58a04348)
0x00007fff58a04348:   00000001580bf5d7 00007fff58a043a0
0x00007fff58a04358:   0000000000000003 00007fff58a04380
0x00007fff58a04368:   00000001093f24ea 000000015e63f688
0x00007fff58a04378:   000000015e63f688 00007fd274283330
0x00007fff58a04388:   00000001580c15c0 00000001580c1640
0x00007fff58a04398:   00000001580c13b0 00007fffbc6af6d0
0x00007fff58a043a8:   00000001580c15d0 00007fffbd2df1e0
0x00007fff58a043b8:   00007fd274283330 00007fd274281cf0
0x00007fff58a043c8:   00007fd26d02eba0 00007fd274283330
0x00007fff58a043d8:   00007fd274281cf0 00007fff58a04480
0x00007fff58a043e8:   00007fd26e8869f8 000000015e63f688
0x00007fff58a043f8:   00007fff58a044a8 00007fff58a04470
0x00007fff58a04408:   000000010a1ab9d4 00007fff58a04470
0x00007fff58a04418:   000000010a1ab759 000000010a1b7983
0x00007fff58a04428:   000000010a1ab722 00007fff58a04430
0x00007fff58a04438:   000000015e63f688 00007fff58a044a8
0x00007fff58a04448:   000000015e641e78 0000000000000000
0x00007fff58a04458:   000000015e63f688 0000000000000000
0x00007fff58a04468:   00007fff58a04490 00007fff58a044f0
0x00007fff58a04478:   000000010a19c2bd 000000076ee1a960
0x00007fff58a04488:   000000010a1a5538 00007fd274283330
0x00007fff58a04498:   000000010a1a6e39 00007fd274281cf0
0x00007fff58a044a8:   000000010a1a6e02 00007fff58a044b0
0x00007fff58a044b8:   000000015e63f852 00007fff58a04518
0x00007fff58a044c8:   000000015e641e78 0000000000000000
0x00007fff58a044d8:   000000015e63f860 00007fff58a04490
0x00007fff58a044e8:   00007fff58a04500 00007fff58a04560
0x00007fff58a044f8:   000000010a19c2bd 00007fd274283330
0x00007fff58a04508:   000000076ef93710 00007fd274281cf0
0x00007fff58a04518:   000000076ef93710 00007fff58a04520
0x00007fff58a04528:   00000001630abd4e 00007fff58a04570
0x00007fff58a04538:   00000001630abe08 0000000000000000 

Instructions: (pc=0x00007fffb664b05d)
0x00007fffb664b03d:   0f 1f 00 48 85 ff 2e 74 62 40 f6 c7 01 2e 75 66
0x00007fffb664b04d:   49 ba f8 ff ff ff ff 7f 00 00 4c 23 17 49 89 f3
0x00007fffb664b05d:   45 23 5a 18 49 c1 e3 04 4d 03 5a 10 49 3b 33 75
0x00007fffb664b06d:   04 41 ff 63 08 49 83 3b 01 76 0d 49 83 c3 10 49 

Register to memory mapping:

RAX=0x00007fd274283330 is an unknown value
RBX=0x00000001580c13b0: Java_jogamp_nativewindow_macosx_OSXUtil_GetScreenRefreshRate0+0x1850 in /private/var/folders/lj/ts4xrlmj1tsc3mnwzl_88g000000gn/T/jogamp_0000/file_cache/jln2829012962129234739/jln71190689786944318/libnativewindow_macosx.jnilib at 0x00000001580ba000
RCX=0x00007fd2711000b0 is an unknown value
RDX=0x0000000000000000 is an unknown value
RSP=0x00007fff58a04348 is pointing into the stack for thread: 0x00007fd26e886800
RBP=0x00007fff58a04400 is pointing into the stack for thread: 0x00007fd26e886800
RSI=0x00007fff9fefe134: __NSStyleNameIndexTable+0x7fcec in /System/Library/Frameworks/AppKit.framework/Versions/C/AppKit at 0x00007fff9f291000
RDI=0x00007fd274281cf0 is an unknown value
R8 =0x0000000000000018 is an unknown value
R9 =0x00007fd2711000e0 is an unknown value
R10=0x000007fd27429340 is an unknown value
R11=0x00007fff9fefe134: __NSStyleNameIndexTable+0x7fcec in /System/Library/Frameworks/AppKit.framework/Versions/C/AppKit at 0x00007fff9f291000
R12=0x0000000000000000 is an unknown value
R13={method} {0x000000015e63f688} 'UnsetJAWTRootSurfaceLayer0' '(JJ)V' in 'jogamp/nativewindow/jawt/macosx/MacOSXJAWTWindow'
R14=0x00000001580c13a0: Java_jogamp_nativewindow_macosx_OSXUtil_GetScreenRefreshRate0+0x1840 in /private/var/folders/lj/ts4xrlmj1tsc3mnwzl_88g000000gn/T/jogamp_0000/file_cache/jln2829012962129234739/jln71190689786944318/libnativewindow_macosx.jnilib at 0x00000001580ba000
R15=0x00007fd26e886800 is a thread


Stack: [0x00007fff58209000,0x00007fff58a09000],  sp=0x00007fff58a04348,  free space=8172k
Native frames: (J=compiled Java code, j=interpreted, Vv=VM code, C=native code)
C  [libobjc.A.dylib+0x705d]  objc_msgSend+0x1d
j  jogamp.nativewindow.jawt.macosx.MacOSXJAWTWindow.UnsetJAWTRootSurfaceLayer0(JJ)V+0
j  jogamp.nativewindow.jawt.macosx.MacOSXJAWTWindow.access$200(JJ)V+2
j  jogamp.nativewindow.jawt.macosx.MacOSXJAWTWindow$1.run()V+38
j  com.jogamp.common.util.RunnableTask.run()V+24
v  ~StubRoutines::call_stub
V  [libjvm.dylib+0x2ec1e6]
V  [libjvm.dylib+0x323355]
V  [libjvm.dylib+0x315b23]
C  [libnativewindow_macosx.jnilib+0x57ae]  Java_jogamp_nativewindow_jawt_macosx_MacOSXJAWTWindow_UnsetJAWTRootSurfaceLayer0+0x2be
C  [Foundation+0x7184a]  __NSThreadPerformPerform+0x146
C  [CoreFoundation+0xa73c1]  __CFRUNLOOP_IS_CALLING_OUT_TO_A_SOURCE0_PERFORM_FUNCTION__+0x11
C  [CoreFoundation+0x882cd]  __CFRunLoopDoSources0+0x22d
C  [CoreFoundation+0x877c6]  __CFRunLoopRun+0x3a6
C  [CoreFoundation+0x871c4]  CFRunLoopRunSpecific+0x1a4
C  [HIToolbox+0x30ebc]  RunCurrentEventLoopInMode+0xf0
C  [HIToolbox+0x30bf9]  ReceiveNextEventCommon+0xb8
C  [HIToolbox+0x30b26]  _BlockUntilNextEventMatchingListInModeWithFilter+0x47
C  [AppKit+0x46e24]  _DPSNextEvent+0x460
C  [AppKit+0x7c285e]  -[NSApplication(NSEvent) _nextEventMatchingEventMask:untilDate:inMode:dequeue:]+0xaec
C  [libosxapp.dylib+0x23aa]  -[NSApplicationAWT nextEventMatchingMask:untilDate:inMode:dequeue:]+0x7c
C  [AppKit+0x3b7ab]  -[NSApplication run]+0x39e
C  [libosxapp.dylib+0x214d]  +[NSApplicationAWT runAWTLoopWithApp:]+0x9c
C  [libawt_lwawt.dylib+0x4455b]  -[AWTStarter starter:]+0x389
C  [Foundation+0x7184a]  __NSThreadPerformPerform+0x146
C  [CoreFoundation+0xa73c1]  __CFRUNLOOP_IS_CALLING_OUT_TO_A_SOURCE0_PERFORM_FUNCTION__+0x11
C  [CoreFoundation+0x882cd]  __CFRunLoopDoSources0+0x22d
C  [CoreFoundation+0x877c6]  __CFRunLoopRun+0x3a6
C  [CoreFoundation+0x871c4]  CFRunLoopRunSpecific+0x1a4
C  [java+0x6463]  CreateExecutionEnvironment+0x367
C  [java+0x21ac]  JLI_Launch+0x7a0
C  [java+0x84c0]  main+0x65
C  [java+0x1a04]  start+0x34
C  0x0000000000000008

Java frames: (J=compiled Java code, j=interpreted, Vv=VM code)
j  jogamp.nativewindow.jawt.macosx.MacOSXJAWTWindow.UnsetJAWTRootSurfaceLayer0(JJ)V+0
j  jogamp.nativewindow.jawt.macosx.MacOSXJAWTWindow.access$200(JJ)V+2
j  jogamp.nativewindow.jawt.macosx.MacOSXJAWTWindow$1.run()V+38
j  com.jogamp.common.util.RunnableTask.run()V+24
v  ~StubRoutines::call_stub

---------------  P R O C E S S  ---------------

Java Threads: ( => current thread )
  0x00007fd26ccc3000 JavaThread "Thread-20" [_thread_blocked, id=77839, stack(0x000070000ce5a000,0x000070000cf5a000)]
  0x00007fd26f87e800 JavaThread "Image Fetcher 1" daemon [_thread_blocked, id=76295, stack(0x000070000d46c000,0x000070000d56c000)]
  0x00007fd26eb71800 JavaThread "Image Fetcher 0" daemon [_thread_blocked, id=75783, stack(0x000070000d369000,0x000070000d469000)]
  0x00007fd26eb37800 JavaThread "Keep-Alive-Timer" daemon [_thread_blocked, id=75411, stack(0x000070000d266000,0x000070000d366000)]
  0x00007fd26ca13000 JavaThread "AWT-EventQueue-1" [_thread_in_native, id=70167, stack(0x000070000ccd4000,0x000070000cdd4000)]
  0x00007fd26c9f2000 JavaThread "DestroyJavaVM" [_thread_blocked, id=7171, stack(0x000070000b077000,0x000070000b177000)]
  0x00007fd26b9f8800 JavaThread "AWT-EventQueue-0" [_thread_blocked, id=61203, stack(0x000070000cace000,0x000070000cbce000)]
  0x00007fd26b991000 JavaThread "Java2D Disposer" daemon [_thread_blocked, id=58383, stack(0x000070000c845000,0x000070000c945000)]
  0x00007fd26c06d000 JavaThread "Java2D Queue Flusher" daemon [_thread_blocked, id=58123, stack(0x000070000c742000,0x000070000c842000)]
  0x00007fd26b820000 JavaThread "AWT-Shutdown" [_thread_blocked, id=32287, stack(0x000070000c433000,0x000070000c533000)]
=>0x00007fd26e886800 JavaThread "AWT-AppKit" daemon [_thread_in_native, id=775, stack(0x00007fff58209000,0x00007fff58a09000)]
  0x00007fd26c825800 JavaThread "Service Thread" daemon [_thread_blocked, id=21251, stack(0x000070000c1aa000,0x000070000c2aa000)]
  0x00007fd26c823000 JavaThread "C1 CompilerThread3" daemon [_thread_blocked, id=20739, stack(0x000070000c0a7000,0x000070000c1a7000)]
  0x00007fd26b80a000 JavaThread "C2 CompilerThread2" daemon [_thread_blocked, id=20227, stack(0x000070000bfa4000,0x000070000c0a4000)]
  0x00007fd26c822000 JavaThread "C2 CompilerThread1" daemon [_thread_blocked, id=19715, stack(0x000070000bea1000,0x000070000bfa1000)]
  0x00007fd26c82d000 JavaThread "C2 CompilerThread0" daemon [_thread_blocked, id=19203, stack(0x000070000bd9e000,0x000070000be9e000)]
  0x00007fd26c811000 JavaThread "Signal Dispatcher" daemon [_thread_blocked, id=18691, stack(0x000070000bc9b000,0x000070000bd9b000)]
  0x00007fd26c01b800 JavaThread "Finalizer" daemon [_thread_blocked, id=14595, stack(0x000070000bb98000,0x000070000bc98000)]
  0x00007fd26e840800 JavaThread "Reference Handler" daemon [_thread_blocked, id=14083, stack(0x000070000ba95000,0x000070000bb95000)]

Other Threads:
  0x00007fd26e83e000 VMThread [stack: 0x000070000b992000,0x000070000ba92000] [id=13571]
  0x00007fd26c027000 WatcherThread [stack: 0x000070000c2ad000,0x000070000c3ad000] [id=21763]

VM state:not at safepoint (normal execution)

VM Mutex/Monitor currently owned by a thread: None

Heap:
 PSYoungGen      total 76288K, used 37830K [0x000000076ab00000, 0x0000000770000000, 0x00000007c0000000)
  eden space 65536K, 41% used [0x000000076ab00000,0x000000076c576260,0x000000076eb00000)
  from space 10752K, 99% used [0x000000076eb00000,0x000000076f57b950,0x000000076f580000)
  to   space 10752K, 0% used [0x000000076f580000,0x000000076f580000,0x0000000770000000)
 ParOldGen       total 175104K, used 5112K [0x00000006c0000000, 0x00000006cab00000, 0x000000076ab00000)
  object space 175104K, 2% used [0x00000006c0000000,0x00000006c04fe1d8,0x00000006cab00000)
 Metaspace       used 18714K, capacity 18893K, committed 19200K, reserved 1067008K
  class space    used 1896K, capacity 1981K, committed 2048K, reserved 1048576K

Card table byte_map: [0x0000000107743000,0x0000000107f44000] byte_map_base: 0x0000000104143000

Marking Bits: (ParMarkBitMap*) 0x0000000109ae6eb0
 Begin Bits: [0x00000001196ea000, 0x000000011d6ea000)
 End Bits:   [0x000000011d6ea000, 0x00000001216ea000)

Polling page: 0x0000000107370000

CodeCache: size=245760Kb used=5106Kb max_used=5114Kb free=240653Kb
 bounds [0x000000010a194000, 0x000000010a6a4000, 0x0000000119194000]
 total_blobs=2229 nmethods=1344 adapters=799
 compilation: enabled

Compilation events (10 events):
Event: 3.875 Thread 0x00007fd26c823000 nmethod 1341 0x000000010a6921d0 code [0x000000010a6923a0, 0x000000010a692c18]
Event: 3.876 Thread 0x00007fd26c823000 1342       1       com.jogamp.opengl.FBObject::getWriteFramebuffer (5 bytes)
Event: 3.876 Thread 0x00007fd26c823000 nmethod 1342 0x000000010a685150 code [0x000000010a6852a0, 0x000000010a6853b0]
Event: 3.877 Thread 0x00007fd26b80a000 nmethod 1340 0x000000010a695e90 code [0x000000010a696000, 0x000000010a696318]
Event: 3.880 Thread 0x00007fd26c823000 1343       3       sun.lwawt.LWComponentPeer::localToWindow (14 bytes)
Event: 3.880 Thread 0x00007fd26c823000 nmethod 1343 0x000000010a6957d0 code [0x000000010a695960, 0x000000010a695ce8]
Event: 3.880 Thread 0x00007fd26c823000 1344       3       java.util.IdentityHashMap::hash (18 bytes)
Event: 3.880 Thread 0x00007fd26c823000 nmethod 1344 0x000000010a695450 code [0x000000010a6955c0, 0x000000010a695748]
Event: 3.880 Thread 0x00007fd26c823000 1345       3       java.security.AccessControlContext::<init> (63 bytes)
Event: 3.881 Thread 0x00007fd26c823000 nmethod 1345 0x000000010a694cd0 code [0x000000010a694e60, 0x000000010a6952a8]

GC Heap History (2 events):
Event: 3.520 GC heap before
{Heap before GC invocations=1 (full 0):
 PSYoungGen      total 76288K, used 65536K [0x000000076ab00000, 0x0000000770000000, 0x00000007c0000000)
  eden space 65536K, 100% used [0x000000076ab00000,0x000000076eb00000,0x000000076eb00000)
  from space 10752K, 0% used [0x000000076f580000,0x000000076f580000,0x0000000770000000)
  to   space 10752K, 0% used [0x000000076eb00000,0x000000076eb00000,0x000000076f580000)
 ParOldGen       total 175104K, used 0K [0x00000006c0000000, 0x00000006cab00000, 0x000000076ab00000)
  object space 175104K, 0% used [0x00000006c0000000,0x00000006c0000000,0x00000006cab00000)
 Metaspace       used 18561K, capacity 18733K, committed 18944K, reserved 1067008K
  class space    used 1888K, capacity 1949K, committed 2048K, reserved 1048576K
Event: 3.532 GC heap after
Heap after GC invocations=1 (full 0):
 PSYoungGen      total 76288K, used 10734K [0x000000076ab00000, 0x0000000770000000, 0x00000007c0000000)
  eden space 65536K, 0% used [0x000000076ab00000,0x000000076ab00000,0x000000076eb00000)
  from space 10752K, 99% used [0x000000076eb00000,0x000000076f57b950,0x000000076f580000)
  to   space 10752K, 0% used [0x000000076f580000,0x000000076f580000,0x0000000770000000)
 ParOldGen       total 175104K, used 5112K [0x00000006c0000000, 0x00000006cab00000, 0x000000076ab00000)
  object space 175104K, 2% used [0x00000006c0000000,0x00000006c04fe1d8,0x00000006cab00000)
 Metaspace       used 18561K, capacity 18733K, committed 18944K, reserved 1067008K
  class space    used 1888K, capacity 1949K, committed 2048K, reserved 1048576K
}

Deoptimization events (10 events):
Event: 3.355 Thread 0x00007fd26ca13000 Uncommon trap: reason=class_check action=maybe_recompile pc=0x000000010a5752e4 method=com.jogamp.common.nio.Buffers.getDirectBufferByteOffset(Ljava/lang/Object;)I @ 7
Event: 3.355 Thread 0x00007fd26ca13000 Uncommon trap: reason=class_check action=maybe_recompile pc=0x000000010a573de0 method=com.jogamp.common.nio.Buffers.isDirect(Ljava/lang/Object;)Z @ 13
Event: 3.355 Thread 0x00007fd26ca13000 Uncommon trap: reason=class_check action=maybe_recompile pc=0x000000010a5752e4 method=com.jogamp.common.nio.Buffers.getDirectBufferByteOffset(Ljava/lang/Object;)I @ 7
Event: 3.355 Thread 0x00007fd26ca13000 Uncommon trap: reason=class_check action=maybe_recompile pc=0x000000010a573de0 method=com.jogamp.common.nio.Buffers.isDirect(Ljava/lang/Object;)Z @ 13
Event: 3.355 Thread 0x00007fd26ca13000 Uncommon trap: reason=class_check action=maybe_recompile pc=0x000000010a5752e4 method=com.jogamp.common.nio.Buffers.getDirectBufferByteOffset(Ljava/lang/Object;)I @ 7
Event: 3.370 Thread 0x00007fd26ca13000 Uncommon trap: reason=class_check action=maybe_recompile pc=0x000000010a573de0 method=com.jogamp.common.nio.Buffers.isDirect(Ljava/lang/Object;)Z @ 13
Event: 3.370 Thread 0x00007fd26ca13000 Uncommon trap: reason=class_check action=maybe_recompile pc=0x000000010a5752e4 method=com.jogamp.common.nio.Buffers.getDirectBufferByteOffset(Ljava/lang/Object;)I @ 7
Event: 3.371 Thread 0x00007fd26ca13000 Uncommon trap: reason=unstable_if action=reinterpret pc=0x000000010a576550 method=jogamp.opengl.gl4.GL4bcImpl.checkBufferObject(ZZZILjava/lang/String;Z)Z @ 59
Event: 3.412 Thread 0x00007fd26ca13000 Uncommon trap: reason=unstable_if action=reinterpret pc=0x000000010a548fe0 method=com.jogamp.common.util.IntIntHashMap.get(I)I @ 19
Event: 3.622 Thread 0x00007fd26f87e800 Uncommon trap: reason=unstable_if action=reinterpret pc=0x000000010a611854 method=sun.awt.image.PNGImageDecoder.produceImage()V @ 867

Internal exceptions (10 events):
Event: 0.164 Thread 0x00007fd26e800000 Exception <a 'java/lang/NoSuchFieldError': method resolution failed> (0x000000076adb58a8) thrown at [/Users/java_re/workspace/8-2-build-macosx-x86_64/jdk8u91/6644/hotspot/src/share/vm/prims/methodHandles.cpp, line 1146]
Event: 0.362 Thread 0x00007fd26e800000 Exception <a 'java/io/FileNotFoundException'> (0x000000076ae317a0) thrown at [/Users/java_re/workspace/8-2-build-macosx-x86_64/jdk8u91/6644/hotspot/src/share/vm/prims/jni.cpp, line 709]
Event: 0.362 Thread 0x00007fd26e800000 Exception <a 'java/io/FileNotFoundException'> (0x000000076ae32300) thrown at [/Users/java_re/workspace/8-2-build-macosx-x86_64/jdk8u91/6644/hotspot/src/share/vm/prims/jni.cpp, line 709]
Event: 0.489 Thread 0x00007fd26e800000 Exception <a 'java/io/FileNotFoundException'> (0x000000076aecbfd8) thrown at [/Users/java_re/workspace/8-2-build-macosx-x86_64/jdk8u91/6644/hotspot/src/share/vm/prims/jni.cpp, line 709]
Event: 2.349 Thread 0x00007fd26c0f8000 Exception <a 'java/lang/UnsatisfiedLinkError': com.jogamp.common.util.JarUtil.fixNativeLibAttribs(Ljava/lang/String;)Z> (0x000000076c7823d0) thrown at [/Users/java_re/workspace/8-2-build-macosx-x86_64/jdk8u91/6644/hotspot/src/share/vm/prims/nativeLookup.c
Event: 3.195 Thread 0x00007fd26ca13000 Exception <a 'java/io/FileNotFoundException'> (0x000000076d7df7b8) thrown at [/Users/java_re/workspace/8-2-build-macosx-x86_64/jdk8u91/6644/hotspot/src/share/vm/prims/jni.cpp, line 709]
Event: 3.195 Thread 0x00007fd26ca13000 Exception <a 'java/io/FileNotFoundException'> (0x000000076d7e5b68) thrown at [/Users/java_re/workspace/8-2-build-macosx-x86_64/jdk8u91/6644/hotspot/src/share/vm/prims/jni.cpp, line 709]
Event: 3.195 Thread 0x00007fd26ca13000 Implicit null exception at 0x000000010a33b575 to 0x000000010a33b901
Event: 3.412 Thread 0x00007fd26ca13000 Implicit null exception at 0x000000010a548e65 to 0x000000010a548fb9
Event: 3.535 Thread 0x00007fd26c01b800 Exception <a 'java/lang/NullPointerException'> (0x000000076ae54ad0) thrown at [/Users/java_re/workspace/8-2-build-macosx-x86_64/jdk8u91/6644/hotspot/src/share/vm/interpreter/linkResolver.cpp, line 1178]

Events (10 events):
Event: 3.879 loading class java/awt/LightweightDispatcher$2 done
Event: 3.879 loading class java/awt/event/AWTEventListenerProxy
Event: 3.879 loading class java/awt/event/AWTEventListenerProxy done
Event: 3.879 loading class java/awt/Toolkit$ToolkitEventMulticaster
Event: 3.879 loading class java/awt/Toolkit$ToolkitEventMulticaster done
Event: 3.880 Thread 0x00007fd26c08b000 Thread exited: 0x00007fd26c08b000
Event: 3.880 loading class java/lang/IllegalThreadStateException
Event: 3.880 loading class java/lang/IllegalThreadStateException done
Event: 3.880 loading class java/awt/Window$1DisposeAction
Event: 3.880 loading class java/awt/Window$1DisposeAction done


Dynamic libraries:
0x000000002c3e0000 	/System/Library/Frameworks/Cocoa.framework/Versions/A/Cocoa
0x000000002c3e0000 	/System/Library/Frameworks/Security.framework/Versions/A/Security
0x000000002c3e0000 	/System/Library/Frameworks/ApplicationServices.framework/Versions/A/ApplicationServices
0x000000002c3e0000 	/usr/lib/libz.1.dylib
0x000000002c3e0000 	/usr/lib/libSystem.B.dylib
0x000000002c3e0000 	/usr/lib/libobjc.A.dylib
0x000000002c3e0000 	/System/Library/Frameworks/CoreFoundation.framework/Versions/A/CoreFoundation
0x000000002c3e0000 	/System/Library/Frameworks/Foundation.framework/Versions/C/Foundation
0x000000002c3e0000 	/System/Library/Frameworks/AppKit.framework/Versions/C/AppKit
0x000000002c3e0000 	/System/Library/Frameworks/CoreData.framework/Versions/A/CoreData
0x000000002c3e0000 	/System/Library/PrivateFrameworks/RemoteViewServices.framework/Versions/A/RemoteViewServices
0x000000002c3e0000 	/System/Library/PrivateFrameworks/UIFoundation.framework/Versions/A/UIFoundation
0x000000002c3e0000 	/System/Library/PrivateFrameworks/DFRFoundation.framework/Versions/A/DFRFoundation
0x000000002c3e0000 	/usr/lib/libenergytrace.dylib
0x000000002c3e0000 	/System/Library/PrivateFrameworks/SkyLight.framework/Versions/A/SkyLight
0x000000002c3e0000 	/System/Library/Frameworks/CoreGraphics.framework/Versions/A/CoreGraphics
0x000000002c3e0000 	/usr/lib/libScreenReader.dylib
0x000000002c3e0000 	/System/Library/Frameworks/Accelerate.framework/Versions/A/Accelerate
0x000000002c3e0000 	/System/Library/Frameworks/IOSurface.framework/Versions/A/IOSurface
0x000000002c3e0000 	/System/Library/Frameworks/AudioToolbox.framework/Versions/A/AudioToolbox
0x000000002c3e0000 	/System/Library/Frameworks/AudioUnit.framework/Versions/A/AudioUnit
0x000000002c3e0000 	/System/Library/PrivateFrameworks/DataDetectorsCore.framework/Versions/A/DataDetectorsCore
0x000000002c3e0000 	/System/Library/PrivateFrameworks/DesktopServicesPriv.framework/Versions/A/DesktopServicesPriv
0x000000002c3e0000 	/System/Library/Frameworks/Carbon.framework/Versions/A/Frameworks/HIToolbox.framework/Versions/A/HIToolbox
0x000000002c3e0000 	/usr/lib/libicucore.A.dylib
0x000000002c3e0000 	/System/Library/Frameworks/QuartzCore.framework/Versions/A/QuartzCore
0x000000002c3e0000 	/System/Library/Frameworks/Carbon.framework/Versions/A/Frameworks/SpeechRecognition.framework/Versions/A/SpeechRecognition
0x000000002c3e0000 	/usr/lib/libauto.dylib
0x000000002c3e0000 	/usr/lib/libxml2.2.dylib
0x000000002c3e0000 	/System/Library/PrivateFrameworks/CoreUI.framework/Versions/A/CoreUI
0x000000002c3e0000 	/System/Library/Frameworks/CoreAudio.framework/Versions/A/CoreAudio
0x000000002c3e0000 	/System/Library/Frameworks/DiskArbitration.framework/Versions/A/DiskArbitration
0x000000002c3e0000 	/usr/lib/liblangid.dylib
0x000000002c3e0000 	/System/Library/PrivateFrameworks/MultitouchSupport.framework/Versions/A/MultitouchSupport
0x000000002c3e0000 	/System/Library/Frameworks/IOKit.framework/Versions/A/IOKit
0x000000002c3e0000 	/usr/lib/libDiagnosticMessagesClient.dylib
0x000000002c3e0000 	/System/Library/Frameworks/CoreServices.framework/Versions/A/CoreServices
0x000000002c3e0000 	/System/Library/PrivateFrameworks/PerformanceAnalysis.framework/Versions/A/PerformanceAnalysis
0x000000002c3e0000 	/System/Library/PrivateFrameworks/GenerationalStorage.framework/Versions/A/GenerationalStorage
0x000000002c3e0000 	/System/Library/Frameworks/OpenGL.framework/Versions/A/OpenGL
0x000000002c3e0000 	/System/Library/Frameworks/CoreImage.framework/Versions/A/CoreImage
0x000000002c3e0000 	/System/Library/Frameworks/CoreText.framework/Versions/A/CoreText
0x000000002c3e0000 	/System/Library/Frameworks/ImageIO.framework/Versions/A/ImageIO
0x000000002c3e0000 	/System/Library/PrivateFrameworks/Backup.framework/Versions/A/Backup
0x000000002c3e0000 	/usr/lib/libarchive.2.dylib
0x000000002c3e0000 	/System/Library/Frameworks/CFNetwork.framework/Versions/A/CFNetwork
0x000000002c3e0000 	/System/Library/Frameworks/SystemConfiguration.framework/Versions/A/SystemConfiguration
0x000000002c3e0000 	/usr/lib/libCRFSuite.dylib
0x000000002c3e0000 	/usr/lib/libc++.1.dylib
0x000000002c3e0000 	/usr/lib/libc++abi.dylib
0x000000002c3e0000 	/usr/lib/system/libcache.dylib
0x000000002c3e0000 	/usr/lib/system/libcommonCrypto.dylib
0x000000002c3e0000 	/usr/lib/system/libcompiler_rt.dylib
0x000000002c3e0000 	/usr/lib/system/libcopyfile.dylib
0x000000002c3e0000 	/usr/lib/system/libcorecrypto.dylib
0x000000002c3e0000 	/usr/lib/system/libdispatch.dylib
0x000000002c3e0000 	/usr/lib/system/libdyld.dylib
0x000000002c3e0000 	/usr/lib/system/libkeymgr.dylib
0x000000002c3e0000 	/usr/lib/system/liblaunch.dylib
0x000000002c3e0000 	/usr/lib/system/libmacho.dylib
0x000000002c3e0000 	/usr/lib/system/libquarantine.dylib
0x000000002c3e0000 	/usr/lib/system/libremovefile.dylib
0x000000002c3e0000 	/usr/lib/system/libsystem_asl.dylib
0x000000002c3e0000 	/usr/lib/system/libsystem_blocks.dylib
0x000000002c3e0000 	/usr/lib/system/libsystem_c.dylib
0x000000002c3e0000 	/usr/lib/system/libsystem_configuration.dylib
0x000000002c3e0000 	/usr/lib/system/libsystem_coreservices.dylib
0x000000002c3e0000 	/usr/lib/system/libsystem_coretls.dylib
0x000000002c3e0000 	/usr/lib/system/libsystem_dnssd.dylib
0x000000002c3e0000 	/usr/lib/system/libsystem_info.dylib
0x000000002c3e0000 	/usr/lib/system/libsystem_kernel.dylib
0x000000002c3e0000 	/usr/lib/system/libsystem_m.dylib
0x000000002c3e0000 	/usr/lib/system/libsystem_malloc.dylib
0x000000002c3e0000 	/usr/lib/system/libsystem_network.dylib
0x000000002c3e0000 	/usr/lib/system/libsystem_networkextension.dylib
0x000000002c3e0000 	/usr/lib/system/libsystem_notify.dylib
0x000000002c3e0000 	/usr/lib/system/libsystem_platform.dylib
0x000000002c3e0000 	/usr/lib/system/libsystem_pthread.dylib
0x000000002c3e0000 	/usr/lib/system/libsystem_sandbox.dylib
0x000000002c3e0000 	/usr/lib/system/libsystem_secinit.dylib
0x000000002c3e0000 	/usr/lib/system/libsystem_symptoms.dylib
0x000000002c3e0000 	/usr/lib/system/libsystem_trace.dylib
0x000000002c3e0000 	/usr/lib/system/libunwind.dylib
0x000000002c3e0000 	/usr/lib/system/libxpc.dylib
0x000000002c3e0000 	/usr/lib/libbsm.0.dylib
0x000000002c3e0000 	/usr/lib/system/libkxld.dylib
0x000000002c3e0000 	/usr/lib/libcoretls.dylib
0x000000002c3e0000 	/usr/lib/libcoretls_cfhelpers.dylib
0x000000002c3e0000 	/usr/lib/libOpenScriptingUtil.dylib
0x000000002c3e0000 	/usr/lib/libpam.2.dylib
0x000000002c3e0000 	/usr/lib/libsqlite3.dylib
0x000000002c3e0000 	/usr/lib/libxar.1.dylib
0x000000002c3e0000 	/usr/lib/libbz2.1.0.dylib
0x000000002c3e0000 	/usr/lib/liblzma.5.dylib
0x000000002c3e0000 	/usr/lib/libnetwork.dylib
0x000000002c3e0000 	/usr/lib/libpcap.A.dylib
0x000000002c3e0000 	/System/Library/Frameworks/CoreServices.framework/Versions/A/Frameworks/FSEvents.framework/Versions/A/FSEvents
0x000000002c3e0000 	/System/Library/Frameworks/CoreServices.framework/Versions/A/Frameworks/CarbonCore.framework/Versions/A/CarbonCore
0x000000002c3e0000 	/System/Library/Frameworks/CoreServices.framework/Versions/A/Frameworks/Metadata.framework/Versions/A/Metadata
0x000000002c3e0000 	/System/Library/Frameworks/CoreServices.framework/Versions/A/Frameworks/OSServices.framework/Versions/A/OSServices
0x000000002c3e0000 	/System/Library/Frameworks/CoreServices.framework/Versions/A/Frameworks/SearchKit.framework/Versions/A/SearchKit
0x000000002c3e0000 	/System/Library/Frameworks/CoreServices.framework/Versions/A/Frameworks/AE.framework/Versions/A/AE
0x000000002c3e0000 	/System/Library/Frameworks/CoreServices.framework/Versions/A/Frameworks/LaunchServices.framework/Versions/A/LaunchServices
0x000000002c3e0000 	/System/Library/Frameworks/CoreServices.framework/Versions/A/Frameworks/DictionaryServices.framework/Versions/A/DictionaryServices
0x000000002c3e0000 	/System/Library/Frameworks/CoreServices.framework/Versions/A/Frameworks/SharedFileList.framework/Versions/A/SharedFileList
0x000000002c3e0000 	/System/Library/Frameworks/NetFS.framework/Versions/A/NetFS
0x000000002c3e0000 	/System/Library/PrivateFrameworks/NetAuth.framework/Versions/A/NetAuth
0x000000002c3e0000 	/System/Library/PrivateFrameworks/login.framework/Versions/A/Frameworks/loginsupport.framework/Versions/A/loginsupport
0x000000002c3e0000 	/System/Library/PrivateFrameworks/TCC.framework/Versions/A/TCC
0x000000002c3e0000 	/usr/lib/libmecabra.dylib
0x000000002c3e0000 	/System/Library/Frameworks/ApplicationServices.framework/Versions/A/Frameworks/ATS.framework/Versions/A/ATS
0x000000002c3e0000 	/System/Library/Frameworks/ApplicationServices.framework/Versions/A/Frameworks/ColorSync.framework/Versions/A/ColorSync
0x000000002c3e0000 	/System/Library/Frameworks/ApplicationServices.framework/Versions/A/Frameworks/HIServices.framework/Versions/A/HIServices
0x000000002c3e0000 	/System/Library/Frameworks/ApplicationServices.framework/Versions/A/Frameworks/LangAnalysis.framework/Versions/A/LangAnalysis
0x000000002c3e0000 	/System/Library/Frameworks/ApplicationServices.framework/Versions/A/Frameworks/PrintCore.framework/Versions/A/PrintCore
0x000000002c3e0000 	/System/Library/Frameworks/ApplicationServices.framework/Versions/A/Frameworks/QD.framework/Versions/A/QD
0x000000002c3e0000 	/System/Library/Frameworks/ApplicationServices.framework/Versions/A/Frameworks/SpeechSynthesis.framework/Versions/A/SpeechSynthesis
0x000000002c3e0000 	/System/Library/Frameworks/Accelerate.framework/Versions/A/Frameworks/vImage.framework/Versions/A/vImage
0x000000002c3e0000 	/System/Library/Frameworks/Accelerate.framework/Versions/A/Frameworks/vecLib.framework/Versions/A/vecLib
0x000000002c3e0000 	/System/Library/Frameworks/Accelerate.framework/Versions/A/Frameworks/vecLib.framework/Versions/A/libvDSP.dylib
0x000000002c3e0000 	/System/Library/Frameworks/Accelerate.framework/Versions/A/Frameworks/vecLib.framework/Versions/A/libBNNS.dylib
0x000000002c3e0000 	/System/Library/Frameworks/Accelerate.framework/Versions/A/Frameworks/vecLib.framework/Versions/A/libQuadrature.dylib
0x000000002c3e0000 	/System/Library/Frameworks/Accelerate.framework/Versions/A/Frameworks/vecLib.framework/Versions/A/libvMisc.dylib
0x000000002c3e0000 	/System/Library/Frameworks/Accelerate.framework/Versions/A/Frameworks/vecLib.framework/Versions/A/libLAPACK.dylib
0x000000002c3e0000 	/System/Library/Frameworks/Accelerate.framework/Versions/A/Frameworks/vecLib.framework/Versions/A/libBLAS.dylib
0x000000002c3e0000 	/System/Library/Frameworks/Accelerate.framework/Versions/A/Frameworks/vecLib.framework/Versions/A/libLinearAlgebra.dylib
0x000000002c3e0000 	/System/Library/Frameworks/Accelerate.framework/Versions/A/Frameworks/vecLib.framework/Versions/A/libSparseBLAS.dylib
0x000000002c3e0000 	/System/Library/Frameworks/ApplicationServices.framework/Versions/A/Frameworks/ATS.framework/Versions/A/Resources/libFontParser.dylib
0x000000002c3e0000 	/System/Library/Frameworks/ApplicationServices.framework/Versions/A/Frameworks/ATS.framework/Versions/A/Resources/libFontRegistry.dylib
0x000000002c3e0000 	/System/Library/Frameworks/ImageIO.framework/Versions/A/Resources/libJPEG.dylib
0x000000002c3e0000 	/System/Library/Frameworks/ImageIO.framework/Versions/A/Resources/libTIFF.dylib
0x000000002c3e0000 	/System/Library/Frameworks/ImageIO.framework/Versions/A/Resources/libPng.dylib
0x000000002c3e0000 	/System/Library/Frameworks/ImageIO.framework/Versions/A/Resources/libGIF.dylib
0x000000002c3e0000 	/System/Library/Frameworks/ImageIO.framework/Versions/A/Resources/libJP2.dylib
0x000000002c3e0000 	/System/Library/Frameworks/ImageIO.framework/Versions/A/Resources/libRadiance.dylib
0x000000002c3e0000 	/usr/lib/libcompression.dylib
0x000000002c3e0000 	/System/Library/PrivateFrameworks/AppleJPEG.framework/Versions/A/AppleJPEG
0x000000002c3e0000 	/usr/lib/libcups.2.dylib
0x000000002c3e0000 	/System/Library/Frameworks/Kerberos.framework/Versions/A/Kerberos
0x000000002c3e0000 	/System/Library/Frameworks/GSS.framework/Versions/A/GSS
0x000000002c3e0000 	/usr/lib/libresolv.9.dylib
0x000000002c3e0000 	/usr/lib/libiconv.2.dylib
0x000000002c3e0000 	/System/Library/PrivateFrameworks/Heimdal.framework/Versions/A/Heimdal
0x000000002c3e0000 	/usr/lib/libheimdal-asn1.dylib
0x000000002c3e0000 	/System/Library/Frameworks/OpenDirectory.framework/Versions/A/OpenDirectory
0x000000002c3e0000 	/System/Library/PrivateFrameworks/CommonAuth.framework/Versions/A/CommonAuth
0x000000002c3e0000 	/System/Library/Frameworks/OpenDirectory.framework/Versions/A/Frameworks/CFOpenDirectory.framework/Versions/A/CFOpenDirectory
0x000000002c3e0000 	/System/Library/Frameworks/SecurityFoundation.framework/Versions/A/SecurityFoundation
0x000000002c3e0000 	/System/Library/PrivateFrameworks/LanguageModeling.framework/Versions/A/LanguageModeling
0x000000002c3e0000 	/usr/lib/libmarisa.dylib
0x000000002c3e0000 	/usr/lib/libChineseTokenizer.dylib
0x000000002c3e0000 	/usr/lib/libcmph.dylib
0x000000002c3e0000 	/System/Library/PrivateFrameworks/CoreEmoji.framework/Versions/A/CoreEmoji
0x000000002c3e0000 	/System/Library/Frameworks/ServiceManagement.framework/Versions/A/ServiceManagement
0x000000002c3e0000 	/usr/lib/libxslt.1.dylib
0x000000002c3e0000 	/System/Library/Frameworks/Carbon.framework/Versions/A/Frameworks/Ink.framework/Versions/A/Ink
0x000000002c3e0000 	/System/Library/PrivateFrameworks/TextureIO.framework/Versions/A/TextureIO
0x000000002c3e0000 	/System/Library/Frameworks/Metal.framework/Versions/A/Metal
0x000000002c3e0000 	/usr/lib/libate.dylib
0x000000002c3e0000 	/System/Library/PrivateFrameworks/GPUCompiler.framework/libmetal_timestamp.dylib
0x000000002c3e0000 	/System/Library/Frameworks/OpenGL.framework/Versions/A/Libraries/libCoreFSCache.dylib
0x000000002c3e0000 	/System/Library/PrivateFrameworks/IOAccelerator.framework/Versions/A/IOAccelerator
0x000000002c3e0000 	/System/Library/Frameworks/CoreVideo.framework/Versions/A/CoreVideo
0x000000002c3e0000 	/usr/lib/libFosl_dynamic.dylib
0x000000002c3e0000 	/System/Library/PrivateFrameworks/MetalPerformanceShaders.framework/Versions/A/MetalPerformanceShaders
0x000000002c3e0000 	/System/Library/PrivateFrameworks/FaceCore.framework/Versions/A/FaceCore
0x000000002c3e0000 	/System/Library/Frameworks/OpenCL.framework/Versions/A/OpenCL
0x000000002c3e0000 	/System/Library/Frameworks/OpenGL.framework/Versions/A/Libraries/libGLU.dylib
0x000000002c3e0000 	/System/Library/Frameworks/OpenGL.framework/Versions/A/Libraries/libGFXShared.dylib
0x000000002c3e0000 	/System/Library/Frameworks/OpenGL.framework/Versions/A/Libraries/libGL.dylib
0x000000002c3e0000 	/System/Library/Frameworks/OpenGL.framework/Versions/A/Libraries/libGLImage.dylib
0x000000002c3e0000 	/System/Library/Frameworks/OpenGL.framework/Versions/A/Libraries/libCVMSPluginSupport.dylib
0x000000002c3e0000 	/System/Library/Frameworks/OpenGL.framework/Versions/A/Libraries/libCoreVMClient.dylib
0x000000002c3e0000 	/System/Library/PrivateFrameworks/CrashReporterSupport.framework/Versions/A/CrashReporterSupport
0x000000002c3e0000 	/System/Library/PrivateFrameworks/Sharing.framework/Versions/A/Sharing
0x000000002c3e0000 	/System/Library/PrivateFrameworks/IconServices.framework/Versions/A/IconServices
0x000000002c3e0000 	/System/Library/PrivateFrameworks/ProtocolBuffer.framework/Versions/A/ProtocolBuffer
0x000000002c3e0000 	/System/Library/PrivateFrameworks/Apple80211.framework/Versions/A/Apple80211
0x000000002c3e0000 	/System/Library/Frameworks/CoreWLAN.framework/Versions/A/CoreWLAN
0x000000002c3e0000 	/System/Library/PrivateFrameworks/CoreUtils.framework/Versions/A/CoreUtils
0x000000002c3e0000 	/System/Library/Frameworks/IOBluetooth.framework/Versions/A/IOBluetooth
0x000000002c3e0000 	/System/Library/PrivateFrameworks/CoreWiFi.framework/Versions/A/CoreWiFi
0x000000002c3e0000 	/System/Library/Frameworks/CoreBluetooth.framework/Versions/A/CoreBluetooth
0x000000002c3e0000 	/System/Library/Frameworks/CoreDisplay.framework/Versions/A/CoreDisplay
0x000000002c3e0000 	/System/Library/PrivateFrameworks/IOPresentment.framework/Versions/A/IOPresentment
0x000000002c3e0000 	/System/Library/PrivateFrameworks/DSExternalDisplay.framework/Versions/A/DSExternalDisplay
0x000000002c3e0000 	/System/Library/PrivateFrameworks/DebugSymbols.framework/Versions/A/DebugSymbols
0x000000002c3e0000 	/System/Library/PrivateFrameworks/CoreSymbolication.framework/Versions/A/CoreSymbolication
0x000000002c3e0000 	/System/Library/PrivateFrameworks/Symbolication.framework/Versions/A/Symbolication
0x000000002c3e0000 	/System/Library/PrivateFrameworks/AppleFSCompression.framework/Versions/A/AppleFSCompression
0x000000002c3e0000 	/System/Library/PrivateFrameworks/SpeechRecognitionCore.framework/Versions/A/SpeechRecognitionCore
0x000000002c3e0000 	/System/Library/PrivateFrameworks/ChunkingLibrary.framework/Versions/A/ChunkingLibrary
0x0000000109200000 	/Library/Java/JavaVirtualMachines/jdk1.8.0_91.jdk/Contents/Home/jre/lib/server/libjvm.dylib
0x0000000107274000 	/usr/lib/libstdc++.6.dylib
0x000000010732d000 	/Library/Java/JavaVirtualMachines/jdk1.8.0_91.jdk/Contents/Home/jre/lib/libverify.dylib
0x000000010733b000 	/Library/Java/JavaVirtualMachines/jdk1.8.0_91.jdk/Contents/Home/jre/lib/libjava.dylib
0x000000010737a000 	/Library/Java/JavaVirtualMachines/jdk1.8.0_91.jdk/Contents/Home/jre/lib/libzip.dylib
0x00000001081e3000 	/System/Library/Frameworks/JavaVM.framework/Frameworks/JavaRuntimeSupport.framework/JavaRuntimeSupport
0x0000000108038000 	/System/Library/Frameworks/JavaVM.framework/Versions/A/Frameworks/JavaNativeFoundation.framework/Versions/A/JavaNativeFoundation
0x000000012448e000 	/System/Library/Frameworks/JavaVM.framework/Versions/A/JavaVM
0x000000002c3e0000 	/System/Library/Frameworks/Carbon.framework/Versions/A/Carbon
0x000000012449b000 	/System/Library/PrivateFrameworks/JavaLaunching.framework/Versions/A/JavaLaunching
0x000000002c3e0000 	/System/Library/Frameworks/Carbon.framework/Versions/A/Frameworks/CommonPanels.framework/Versions/A/CommonPanels
0x000000002c3e0000 	/System/Library/Frameworks/Carbon.framework/Versions/A/Frameworks/Help.framework/Versions/A/Help
0x000000002c3e0000 	/System/Library/Frameworks/Carbon.framework/Versions/A/Frameworks/ImageCapture.framework/Versions/A/ImageCapture
0x000000002c3e0000 	/System/Library/Frameworks/Carbon.framework/Versions/A/Frameworks/OpenScripting.framework/Versions/A/OpenScripting
0x000000002c3e0000 	/System/Library/Frameworks/Carbon.framework/Versions/A/Frameworks/Print.framework/Versions/A/Print
0x000000002c3e0000 	/System/Library/Frameworks/Carbon.framework/Versions/A/Frameworks/SecurityHI.framework/Versions/A/SecurityHI
0x0000000125da4000 	/Library/Java/JavaVirtualMachines/jdk1.8.0_91.jdk/Contents/Home/jre/lib/libawt.dylib
0x0000000125e4c000 	/Library/Java/JavaVirtualMachines/jdk1.8.0_91.jdk/Contents/Home/jre/lib/./libmlib_image.dylib
0x0000000125f18000 	/Library/Java/JavaVirtualMachines/jdk1.8.0_91.jdk/Contents/Home/jre/lib/libawt_lwawt.dylib
0x0000000125fcd000 	/Library/Java/JavaVirtualMachines/jdk1.8.0_91.jdk/Contents/Home/jre/lib/./libosxapp.dylib
0x000000002c3e0000 	/System/Library/Frameworks/ExceptionHandling.framework/Versions/A/ExceptionHandling
0x000000002c3e0000 	/System/Library/PrivateFrameworks/CoreServicesInternal.framework/Versions/A/CoreServicesInternal
0x000000002c3e0000 	/System/Library/CoreServices/RawCamera.bundle/Contents/MacOS/RawCamera
0x0000000126444000 	/System/Library/Frameworks/Accelerate.framework/Frameworks/vImage.framework/Versions/A/Libraries/libCGInterfaces.dylib
0x000000002c3e0000 	/System/Library/Frameworks/ApplicationServices.framework/Versions/A/Frameworks/ATS.framework/Versions/A/Resources/libTrueTypeScaler.dylib
0x0000000127fe8000 	/System/Library/Frameworks/OpenGL.framework/Resources/GLEngine.bundle/GLEngine
0x000000002c3e0000 	/System/Library/Frameworks/OpenGL.framework/Versions/A/Libraries/libGLProgrammability.dylib
0x00000001281cd000 	/System/Library/Extensions/AppleIntelHD5000GraphicsGLDriver.bundle/Contents/MacOS/AppleIntelHD5000GraphicsGLDriver
0x000000002c3e0000 	/System/Library/PrivateFrameworks/GPUSupport.framework/Versions/A/Libraries/libGPUSupportMercury.dylib
0x000000012893b000 	/System/Library/Frameworks/OpenGL.framework/Resources//GLRendererFloat.bundle/GLRendererFloat
0x000000002c3e0000 	/System/Library/Frameworks/OpenCL.framework/Versions/A/Libraries/libcldcpuengine.dylib
0x000000002c3e0000 	/usr/lib/libcrypto.0.9.8.dylib
0x000000002c3e0000 	/System/Library/PrivateFrameworks/TrustEvaluationAgent.framework/Versions/A/TrustEvaluationAgent
0x000000012896f000 	/System/Library/Extensions/AppleIntelHD5000GraphicsMTLDriver.bundle/Contents/MacOS/AppleIntelHD5000GraphicsMTLDriver
0x000000002c3e0000 	/System/Library/PrivateFrameworks/FamilyControls.framework/Versions/A/FamilyControls
0x000000002c3e0000 	/System/Library/PrivateFrameworks/CommerceKit.framework/Versions/A/Frameworks/CommerceCore.framework/Versions/A/CommerceCore
0x000000002c3e0000 	/System/Library/PrivateFrameworks/SystemAdministration.framework/Versions/A/SystemAdministration
0x000000002c3e0000 	/System/Library/PrivateFrameworks/AppContainer.framework/Versions/A/AppContainer
0x000000002c3e0000 	/System/Library/PrivateFrameworks/SecCodeWrapper.framework/Versions/A/SecCodeWrapper
0x000000002c3e0000 	/System/Library/Frameworks/DirectoryService.framework/Versions/A/DirectoryService
0x000000002c3e0000 	/System/Library/PrivateFrameworks/DiskImages.framework/Versions/A/DiskImages
0x000000002c3e0000 	/System/Library/PrivateFrameworks/LoginUIKit.framework/Versions/A/Frameworks/LoginUICore.framework/Versions/A/LoginUICore
0x000000002c3e0000 	/usr/lib/libCoreStorage.dylib
0x000000002c3e0000 	/usr/lib/libcsfde.dylib
0x000000002c3e0000 	/usr/lib/libodfde.dylib
0x000000002c3e0000 	/System/Library/Frameworks/DiscRecording.framework/Versions/A/DiscRecording
0x000000002c3e0000 	/usr/lib/libcurl.4.dylib
0x000000002c3e0000 	/System/Library/PrivateFrameworks/MediaKit.framework/Versions/A/MediaKit
0x000000002c3e0000 	/System/Library/PrivateFrameworks/ProtectedCloudStorage.framework/Versions/A/ProtectedCloudStorage
0x000000002c3e0000 	/System/Library/PrivateFrameworks/EFILogin.framework/Versions/A/EFILogin
0x000000002c3e0000 	/usr/lib/libutil.dylib
0x000000002c3e0000 	/System/Library/Frameworks/LDAP.framework/Versions/A/LDAP
0x000000002c3e0000 	/usr/lib/libsasl2.2.dylib
0x000000002c3e0000 	/System/Library/PrivateFrameworks/CoreDaemon.framework/Versions/B/CoreDaemon
0x000000002c3e0000 	/System/Library/PrivateFrameworks/AppleSRP.framework/Versions/A/AppleSRP
0x000000002c3e0000 	/System/Library/PrivateFrameworks/APFS.framework/Versions/A/APFS
0x000000012a64d000 	/Library/Java/JavaVirtualMachines/jdk1.8.0_91.jdk/Contents/Home/jre/lib/libfontmanager.dylib
0x000000012baba000 	/Library/Java/JavaVirtualMachines/jdk1.8.0_91.jdk/Contents/Home/jre/lib/libosxui.dylib
0x000000002c3e0000 	/System/Library/PrivateFrameworks/ViewBridge.framework/Versions/A/ViewBridge
0x000000002c3e0000 	/System/Library/PrivateFrameworks/XPCService.framework/Versions/A/XPCService
0x000000002c3e0000 	/System/Library/PrivateFrameworks/AppSandbox.framework/Versions/A/AppSandbox
0x000000002c3e0000 	/usr/lib/libsandbox.1.dylib
0x000000002c3e0000 	/usr/lib/libMatch.1.dylib
0x000000012c85c000 	/Library/Java/JavaVirtualMachines/jdk1.8.0_91.jdk/Contents/Home/jre/lib/libnet.dylib
0x000000012c873000 	/Library/Java/JavaVirtualMachines/jdk1.8.0_91.jdk/Contents/Home/jre/lib/libnio.dylib
0x000000012b841000 	/private/var/folders/lj/ts4xrlmj1tsc3mnwzl_88g000000gn/T/jogamp_0000/file_cache/jln2829012962129234739/jln71190689786944318/libgluegen-rt.jnilib
0x00000001580b4000 	/private/var/folders/lj/ts4xrlmj1tsc3mnwzl_88g000000gn/T/jogamp_0000/file_cache/jln2829012962129234739/jln71190689786944318/libnativewindow_awt.jnilib
0x00000001580b7000 	/Library/Java/JavaVirtualMachines/jdk1.8.0_91.jdk/Contents/Home/jre/lib/libjawt.dylib
0x00000001580ba000 	/private/var/folders/lj/ts4xrlmj1tsc3mnwzl_88g000000gn/T/jogamp_0000/file_cache/jln2829012962129234739/jln71190689786944318/libnativewindow_macosx.jnilib
0x00000001580f7000 	/private/var/folders/lj/ts4xrlmj1tsc3mnwzl_88g000000gn/T/jogamp_0000/file_cache/jln2829012962129234739/jln71190689786944318/libjogl_desktop.jnilib

VM Arguments:
jvm_args: -Djava.library.path=/Library/Java/JavaVirtualMachines/jdk1.8.0_91.jdk/Contents/Home -Djava.security.policy=java.policy.applet -Dfile.encoding=UTF-8 
java_command: sun.applet.AppletViewer SimpleMapApp1494372276729.html
java_class_path (initial): /Users/rblowers/git/ice-crystalv6/ice-crystal/build:/Users/rblowers/git/ice-crystalv6/ice-crystal/lib/core.jar:/Users/rblowers/git/ice-crystalv6/ice-crystal/lib/gluegen-rt.jar:/Users/rblowers/git/ice-crystalv6/ice-crystal/lib/jogl-all.jar:/Users/rblowers/git/ice-crystalv6/ice-crystal/lib/log4j-1.2.15.jar:/Users/rblowers/git/ice-crystalv6/ice-crystal/lib/sqlite-jdbc-3.7.2.jar:/Users/rblowers/git/ice-crystalv6/ice-crystal/lib/json4processing.jar:/Users/rblowers/git/ice-crystalv6/ice-crystal/lib/libTUIO.jar:/Users/rblowers/git/ice-crystalv6/ice-crystal/lib/unfolding.0.9.6.jar:/Users/rblowers/git/ice-crystalv6/ice-crystal/lib/geonames-1.1.13.jar:/Users/rblowers/git/ice-crystalv6/ice-crystal/lib/jdom-1.0.jar:/Users/rblowers/git/ice-crystalv6/ice-crystal/lib/xchart-3.2.0.jar
Launcher Type: SUN_STANDARD

Environment Variables:
PATH=/usr/bin:/bin:/usr/sbin:/sbin
SHELL=/bin/bash
DISPLAY=/private/tmp/com.apple.launchd.vp3aAQbUWE/org.macosforge.xquartz:0

Signal Handlers:
SIGSEGV: [libjvm.dylib+0x5a97a1], sa_mask[0]=11111111011111110111111111111111, sa_flags=SA_ONSTACK|SA_RESTART|SA_SIGINFO
SIGBUS: [libjvm.dylib+0x5a97a1], sa_mask[0]=11111111011111110111111111111111, sa_flags=SA_RESTART|SA_SIGINFO
SIGFPE: [libjvm.dylib+0x482594], sa_mask[0]=11111111011111110111111111111111, sa_flags=SA_RESTART|SA_SIGINFO
SIGPIPE: [libjvm.dylib+0x482594], sa_mask[0]=11111111011111110111111111111111, sa_flags=SA_RESTART|SA_SIGINFO
SIGXFSZ: [libjvm.dylib+0x482594], sa_mask[0]=11111111011111110111111111111111, sa_flags=SA_RESTART|SA_SIGINFO
SIGILL: [libjvm.dylib+0x482594], sa_mask[0]=11111111011111110111111111111111, sa_flags=SA_RESTART|SA_SIGINFO
SIGUSR1: SIG_DFL, sa_mask[0]=00000000000000000000000000000000, sa_flags=none
SIGUSR2: [libjvm.dylib+0x4820b2], sa_mask[0]=00100000000000000000000000000000, sa_flags=SA_RESTART|SA_SIGINFO
SIGHUP: [libjvm.dylib+0x480689], sa_mask[0]=11111111011111110111111111111111, sa_flags=SA_RESTART|SA_SIGINFO
SIGINT: [libjvm.dylib+0x480689], sa_mask[0]=11111111011111110111111111111111, sa_flags=SA_RESTART|SA_SIGINFO
SIGTERM: [libjvm.dylib+0x480689], sa_mask[0]=11111111011111110111111111111111, sa_flags=SA_RESTART|SA_SIGINFO
SIGQUIT: [libjvm.dylib+0x480689], sa_mask[0]=11111111011111110111111111111111, sa_flags=SA_RESTART|SA_SIGINFO


---------------  S Y S T E M  ---------------

OS:Bsduname:Darwin 16.5.0 Darwin Kernel Version 16.5.0: Fri Mar  3 16:52:33 PST 2017; root:xnu-3789.51.2~3/RELEASE_X86_64 x86_64
rlimit: STACK 8192k, CORE 0k, NPROC 709, NOFILE 10240, AS infinity
load average:2.52 1.98 1.88

CPU:total 8 (4 cores per cpu, 2 threads per core) family 6 model 70 stepping 1, cmov, cx8, fxsr, mmx, sse, sse2, sse3, ssse3, sse4.1, sse4.2, popcnt, avx, avx2, aes, clmul, erms, lzcnt, ht, tsc, tscinvbit, bmi1, bmi2

Memory: 4k page, physical 16777216k(42264k free)

/proc/meminfo:


vm_info: Java HotSpot(TM) 64-Bit Server VM (25.91-b14) for bsd-amd64 JRE (1.8.0_91-b14), built on Apr  1 2016 01:03:00 by "java_re" with gcc 4.2.1 (Based on Apple Inc. build 5658) (LLVM build 2336.11.00)

time: Wed May 10 00:24:40 2017
elapsed time: 3 seconds (0d 0h 0m 3s)

