#
# A fatal error has been detected by the Java Runtime Environment:
#
#  SIGSEGV (0xb) at pc=0x00007fff969270f3, pid=43234, tid=2571
#
# JRE version: Java(TM) SE Runtime Environment (8.0_91-b14) (build 1.8.0_91-b14)
# Java VM: Java HotSpot(TM) 64-Bit Server VM (25.91-b14 mixed mode bsd-amd64 compressed oops)
# Problematic frame:
# C  [libobjc.A.dylib+0x80f3]  objc_release+0x13
#
# Failed to write core dump. Core dumps have been disabled. To enable core dumping, try "ulimit -c unlimited" before starting Java again
#
# If you would like to submit a bug report, please visit:
#   http://bugreport.java.com/bugreport/crash.jsp
# The crash happened outside the Java Virtual Machine in native code.
# See problematic frame for where to report the bug.
#

---------------  T H R E A D  ---------------

Current thread (0x00007fb9e38f0800):  JavaThread "AWT-AppKit" daemon [_thread_in_native, id=2571, stack(0x00007fff4fb4c000,0x00007fff5034c000)]

siginfo: si_signo: 11 (SIGSEGV), si_code: 0 (unknown), si_addr: 0x0000000000000000

Registers:
RAX=0x0000000000000008, RBX=0x0000000000000000, RCX=0x0000000000000003, RDX=0x00007fb9ea61e798
RSP=0x00007fff50347330, RBP=0x00007fff50347330, RSI=0x000000012e723f10, RDI=0xa00007fb9ea61a6c
R8 =0x0000000000000001, R9 =0x00007fb9ea61a6c0, R10=0x00007fb9e3dcd0f0, R11=0x0000000185789730
R12=0x0000000000000000, R13=0x0000000189b6c4b0, R14=0x00007fb9ea617190, R15=0x00007fb9e38f0800
RIP=0x00007fff969270f3, EFLAGS=0x0000000000010246, ERR=0x0000000000000000
  TRAPNO=0x000000000000000d

Top of Stack: (sp=0x00007fff50347330)
0x00007fff50347330:   00007fff50347360 000000012e6ad43f
0x00007fff50347340:   00007fff50347360 00000001857893b0
0x00007fff50347350:   00000001857893a0 00007fb9e38f0800
0x00007fff50347360:   00007fff50347420 0000000185787695
0x00007fff50347370:   0000000185789630 0000000185789610
0x00007fff50347380:   0000000185789410 0000000000000000
0x00007fff50347390:   0000000189b6c4b0 0000000189b6c4b0
0x00007fff503473a0:   00007fb9ea61e790 00000001857895c0
0x00007fff503473b0:   0000000185789640 00000001857893b0
0x00007fff503473c0:   00007fff7d1a7770 00000001857895d0
0x00007fff503473d0:   00007fff7d34a500 00007fb9ea61e790
0x00007fff503473e0:   00007fb9ea617190 00007fb9e5050400
0x00007fff503473f0:   00007fb9ea61e790 00007fb9ea617190
0x00007fff50347400:   00007fff503474a0 00007fb9e38f09f8
0x00007fff50347410:   0000000189b6c4b0 00007fff503474c8
0x00007fff50347420:   00007fff50347490 0000000111bab9d4
0x00007fff50347430:   00007fff50347490 0000000111bab759
0x00007fff50347440:   0000000111bb7983 0000000111bab722
0x00007fff50347450:   00007fff50347450 0000000189b6c4b0
0x00007fff50347460:   00007fff503474c8 0000000189b6eca0
0x00007fff50347470:   0000000000000000 0000000189b6c4b0
0x00007fff50347480:   0000000000000000 00007fff503474b0
0x00007fff50347490:   00007fff50347510 0000000111b9c2bd
0x00007fff503474a0:   000000076d60cdc0 0000000111ba5538
0x00007fff503474b0:   00007fb9ea61e790 0000000111ba6e39
0x00007fff503474c0:   00007fb9ea617190 0000000111ba6e02
0x00007fff503474d0:   00007fff503474d0 0000000189b6c67a
0x00007fff503474e0:   00007fff50347538 0000000189b6eca0
0x00007fff503474f0:   0000000000000000 0000000189b6c688
0x00007fff50347500:   00007fff503474b0 00007fff50347520
0x00007fff50347510:   00007fff50347580 0000000111b9c2bd
0x00007fff50347520:   00007fb9ea61e790 000000076d614498 

Instructions: (pc=0x00007fff969270f3)
0x00007fff969270d3:   41 5c 41 5d 41 5e 41 5f 5d c3 90 90 90 55 48 89
0x00007fff969270e3:   e5 48 85 ff 0f 84 82 00 00 00 40 f6 c7 01 75 7c
0x00007fff969270f3:   48 8b 07 48 b9 f8 ff ff ff ff 7f 00 00 48 21 c1
0x00007fff96927103:   f6 41 20 02 75 10 48 8d 05 80 0c 5e e6 48 8b 30 

Register to memory mapping:

RAX=0x0000000000000008 is an unknown value
RBX=0x0000000000000000 is an unknown value
RCX=0x0000000000000003 is an unknown value
RDX=0x00007fb9ea61e798 is an unknown value
RSP=0x00007fff50347330 is pointing into the stack for thread: 0x00007fb9e38f0800
RBP=0x00007fff50347330 is pointing into the stack for thread: 0x00007fb9e38f0800
RSI=0x000000012e723f10: OBJC_IVAR_$_PrinterView.fCurPeekGraphics+0x1aa0 in /Library/Java/JavaVirtualMachines/jdk1.8.0_91.jdk/Contents/Home/jre/lib/libawt_lwawt.dylib at 0x000000012e6a9000
RDI=0xa00007fb9ea61a6c is an unknown value
R8 =0x0000000000000001 is an unknown value
R9 =0x00007fb9ea61a6c0 is an unknown value
R10=0x00007fb9e3dcd0f0 is an unknown value
R11=0x0000000185789730: OBJC_CLASS_$_MyCALayer+0 in /private/var/folders/lj/ts4xrlmj1tsc3mnwzl_88g000000gn/T/jogamp_0000/file_cache/jln1257833197132683435/jln2740904611522651360/libnativewindow_macosx.jnilib at 0x0000000185782000
R12=0x0000000000000000 is an unknown value
R13={method} {0x0000000189b6c4b0} 'UnsetJAWTRootSurfaceLayer0' '(JJ)V' in 'jogamp/nativewindow/jawt/macosx/MacOSXJAWTWindow'
R14=0x00007fb9ea617190 is an unknown value
R15=0x00007fb9e38f0800 is a thread


Stack: [0x00007fff4fb4c000,0x00007fff5034c000],  sp=0x00007fff50347330,  free space=8172k
Native frames: (J=compiled Java code, j=interpreted, Vv=VM code, C=native code)
C  [libobjc.A.dylib+0x80f3]  objc_release+0x13
C  [libawt_lwawt.dylib+0x443f]  -[AWTSurfaceLayers setLayer:]+0x54
C  [libnativewindow_macosx.jnilib+0x5695]  Java_jogamp_nativewindow_jawt_macosx_MacOSXJAWTWindow_UnsetJAWTRootSurfaceLayer0+0x1a5
j  jogamp.nativewindow.jawt.macosx.MacOSXJAWTWindow.UnsetJAWTRootSurfaceLayer0(JJ)V+0
j  jogamp.nativewindow.jawt.macosx.MacOSXJAWTWindow.access$200(JJ)V+2
j  jogamp.nativewindow.jawt.macosx.MacOSXJAWTWindow$1.run()V+38
j  com.jogamp.common.util.RunnableTask.run()V+24
v  ~StubRoutines::call_stub
V  [libjvm.dylib+0x2ec1e6]  JavaCalls::call_helper(JavaValue*, methodHandle*, JavaCallArguments*, Thread*)+0x6ae
V  [libjvm.dylib+0x323355]  jni_invoke_nonstatic(JNIEnv_*, JavaValue*, _jobject*, JNICallType, _jmethodID*, JNI_ArgumentPusher*, Thread*)+0x2ec
V  [libjvm.dylib+0x315b23]  jni_CallVoidMethod+0x16b
C  [libnativewindow_macosx.jnilib+0x57ae]  Java_jogamp_nativewindow_jawt_macosx_MacOSXJAWTWindow_UnsetJAWTRootSurfaceLayer0+0x2be
C  [Foundation+0x8dd4b]  __NSThreadPerformPerform+0x117
C  [CoreFoundation+0x7e5c1]  __CFRUNLOOP_IS_CALLING_OUT_TO_A_SOURCE0_PERFORM_FUNCTION__+0x11
C  [CoreFoundation+0x70397]  __CFRunLoopDoSources0+0x1a7
C  [CoreFoundation+0x6f93f]  __CFRunLoopRun+0x39f
C  [CoreFoundation+0x6f338]  CFRunLoopRunSpecific+0x128
C  [HIToolbox+0x30935]  RunCurrentEventLoopInMode+0xeb
C  [HIToolbox+0x30677]  ReceiveNextEventCommon+0xb8
C  [HIToolbox+0x305af]  _BlockUntilNextEventMatchingListInModeWithFilter+0x47
C  [AppKit+0x8a0ee]  _DPSNextEvent+0x42b
C  [AppKit+0x456943]  -[NSApplication _nextEventMatchingEventMask:untilDate:inMode:dequeue:]+0x1c6
C  [libosxapp.dylib+0x23aa]  -[NSApplicationAWT nextEventMatchingMask:untilDate:inMode:dequeue:]+0x7c
C  [AppKit+0x7ffc8]  -[NSApplication run]+0x2aa
C  [libosxapp.dylib+0x214d]  +[NSApplicationAWT runAWTLoopWithApp:]+0x9c
C  [libawt_lwawt.dylib+0x4455b]  -[AWTStarter starter:]+0x389
C  [Foundation+0x8dd4b]  __NSThreadPerformPerform+0x117
C  [CoreFoundation+0x7e5c1]  __CFRUNLOOP_IS_CALLING_OUT_TO_A_SOURCE0_PERFORM_FUNCTION__+0x11
C  [CoreFoundation+0x7041c]  __CFRunLoopDoSources0+0x22c
C  [CoreFoundation+0x6f93f]  __CFRunLoopRun+0x39f
C  [CoreFoundation+0x6f338]  CFRunLoopRunSpecific+0x128
C  [java+0x6463]  CreateExecutionEnvironment+0x367
C  [java+0x21ac]  JLI_Launch+0x7a0
C  [java+0x84c0]  main+0x65
C  [java+0x1a04]  start+0x34
C  0x0000000000000008

Java frames: (J=compiled Java code, j=interpreted, Vv=VM code)
j  jogamp.nativewindow.jawt.macosx.MacOSXJAWTWindow.UnsetJAWTRootSurfaceLayer0(JJ)V+0
j  jogamp.nativewindow.jawt.macosx.MacOSXJAWTWindow.access$200(JJ)V+2
j  jogamp.nativewindow.jawt.macosx.MacOSXJAWTWindow$1.run()V+38
j  com.jogamp.common.util.RunnableTask.run()V+24
v  ~StubRoutines::call_stub

---------------  P R O C E S S  ---------------

Java Threads: ( => current thread )
  0x00007fb9e3de7800 JavaThread "Thread-8" [_thread_blocked, id=76619, stack(0x000070000271b000,0x000070000281b000)]
  0x00007fb9e427a000 JavaThread "Thread-6" [_thread_in_native, id=75523, stack(0x0000700002515000,0x0000700002615000)]
  0x00007fb9e4279000 JavaThread "Thread-5" [_thread_in_native, id=75011, stack(0x0000700002412000,0x0000700002512000)]
  0x00007fb9e4278800 JavaThread "Thread-4" [_thread_in_native, id=74027, stack(0x000070000230f000,0x000070000240f000)]
  0x00007fb9e4c9a800 JavaThread "Keep-Alive-Timer" daemon [_thread_blocked, id=72315, stack(0x0000700002189000,0x0000700002289000)]
  0x00007fb9e6811800 JavaThread "Image Fetcher 0" daemon [_thread_blocked, id=69939, stack(0x0000700002086000,0x0000700002186000)]
  0x00007fb9e5a5e800 JavaThread "AWT-EventQueue-1" [_thread_in_native, id=67863, stack(0x0000700001f83000,0x0000700002083000)]
  0x00007fb9e5a48800 JavaThread "DestroyJavaVM" [_thread_blocked, id=5891, stack(0x000070000011a000,0x000070000021a000)]
  0x00007fb9e39a1800 JavaThread "AWT-EventQueue-0" [_thread_blocked, id=60675, stack(0x0000700001d7d000,0x0000700001e7d000)]
  0x00007fb9e5938800 JavaThread "Java2D Disposer" daemon [_thread_blocked, id=57347, stack(0x0000700001af4000,0x0000700001bf4000)]
  0x00007fb9e391c800 JavaThread "Java2D Queue Flusher" daemon [_thread_blocked, id=54023, stack(0x00007000019f1000,0x0000700001af1000)]
  0x00007fb9e58ed800 JavaThread "AWT-Shutdown" [_thread_blocked, id=32019, stack(0x000070000165f000,0x000070000175f000)]
=>0x00007fb9e38f0800 JavaThread "AWT-AppKit" daemon [_thread_in_native, id=2571, stack(0x00007fff4fb4c000,0x00007fff5034c000)]
  0x00007fb9e4002800 JavaThread "Service Thread" daemon [_thread_blocked, id=21251, stack(0x0000700001353000,0x0000700001453000)]
  0x00007fb9e4834800 JavaThread "C1 CompilerThread3" daemon [_thread_blocked, id=20739, stack(0x0000700001250000,0x0000700001350000)]
  0x00007fb9e4833800 JavaThread "C2 CompilerThread2" daemon [_thread_blocked, id=20227, stack(0x000070000114d000,0x000070000124d000)]
  0x00007fb9e4833000 JavaThread "C2 CompilerThread1" daemon [_thread_blocked, id=19715, stack(0x000070000104a000,0x000070000114a000)]
  0x00007fb9e6800000 JavaThread "C2 CompilerThread0" daemon [_thread_in_native, id=19203, stack(0x0000700000f47000,0x0000700001047000)]
  0x00007fb9e3816800 JavaThread "Signal Dispatcher" daemon [_thread_blocked, id=15119, stack(0x0000700000e44000,0x0000700000f44000)]
  0x00007fb9e5818800 JavaThread "Finalizer" daemon [_thread_blocked, id=14339, stack(0x0000700000c3b000,0x0000700000d3b000)]
  0x00007fb9e5818000 JavaThread "Reference Handler" daemon [_thread_blocked, id=13827, stack(0x0000700000b38000,0x0000700000c38000)]

Other Threads:
  0x00007fb9e5813800 VMThread [stack: 0x0000700000a35000,0x0000700000b35000] [id=13315]
  0x00007fb9e581c000 WatcherThread [stack: 0x0000700001456000,0x0000700001556000] [id=21763]

VM state:not at safepoint (normal execution)

VM Mutex/Monitor currently owned by a thread: None

Heap:
 PSYoungGen      total 76288K, used 65536K [0x000000076ab00000, 0x0000000770000000, 0x00000007c0000000)
  eden space 65536K, 100% used [0x000000076ab00000,0x000000076eb00000,0x000000076eb00000)
  from space 10752K, 0% used [0x000000076f580000,0x000000076f580000,0x0000000770000000)
  to   space 10752K, 0% used [0x000000076eb00000,0x000000076eb00000,0x000000076f580000)
 ParOldGen       total 175104K, used 0K [0x00000006c0000000, 0x00000006cab00000, 0x000000076ab00000)
  object space 175104K, 0% used [0x00000006c0000000,0x00000006c0000000,0x00000006cab00000)
 Metaspace       used 19967K, capacity 20197K, committed 20352K, reserved 1067008K
  class space    used 2043K, capacity 2141K, committed 2176K, reserved 1048576K

Card table byte_map: [0x0000000120f54000,0x0000000121755000] byte_map_base: 0x000000011d954000

Marking Bits: (ParMarkBitMap*) 0x00000001114e6eb0
 Begin Bits: [0x0000000121cab000, 0x0000000125cab000)
 End Bits:   [0x0000000125cab000, 0x0000000129cab000)

Polling page: 0x000000010fb77000

CodeCache: size=245760Kb used=4779Kb max_used=4779Kb free=240980Kb
 bounds [0x0000000111b94000, 0x0000000112044000, 0x0000000120b94000]
 total_blobs=2093 nmethods=1204 adapters=803
 compilation: enabled

Compilation events (10 events):
Event: 3.101 Thread 0x00007fb9e4834800 1195       3       sun.awt.image.ImageWatched$WeakLink::newInfo (73 bytes)
Event: 3.102 Thread 0x00007fb9e4834800 nmethod 1195 0x000000011203df50 code [0x000000011203e100, 0x000000011203e7b8]
Event: 3.102 Thread 0x00007fb9e4834800 1196       3       java.awt.ImageMediaEntry::imageUpdate (51 bytes)
Event: 3.102 Thread 0x00007fb9e4834800 nmethod 1196 0x000000011203e9d0 code [0x000000011203eb80, 0x000000011203f488]
Event: 3.114 Thread 0x00007fb9e4834800 1203       3       processing.opengl.PGraphicsOpenGL$GLResource::hashCode (25 bytes)
Event: 3.114 Thread 0x00007fb9e4834800 nmethod 1203 0x000000011203f710 code [0x000000011203f860, 0x000000011203f9d0]
Event: 3.114 Thread 0x00007fb9e4834800 1204       3       java.util.HashMap::removeNode (291 bytes)
Event: 3.115 Thread 0x00007fb9e4834800 nmethod 1204 0x000000011203fa50 code [0x000000011203fca0, 0x0000000112040ef8]
Event: 3.121 Thread 0x00007fb9e4834800 1205       3       java.util.IdentityHashMap::hash (18 bytes)
Event: 3.121 Thread 0x00007fb9e4834800 nmethod 1205 0x0000000112041590 code [0x0000000112041700, 0x0000000112041888]

GC Heap History (0 events):
No events

Deoptimization events (9 events):
Event: 1.177 Thread 0x00007fb9e5a46000 Uncommon trap: reason=unstable_if action=reinterpret pc=0x0000000111d5f500 method=java.lang.String.toLowerCase(Ljava/util/Locale;)Ljava/lang/String; @ 85
Event: 1.349 Thread 0x00007fb9e5a5a000 Uncommon trap: reason=unstable_if action=reinterpret pc=0x0000000111dfcb64 method=java.lang.String.indexOf([CII[CIII)I @ 3
Event: 1.349 Thread 0x00007fb9e5a5a000 Uncommon trap: reason=unstable_if action=reinterpret pc=0x0000000111d50598 method=java.lang.String.indexOf([CII[CIII)I @ 3
Event: 2.064 Thread 0x00007fb9e5a5e800 Uncommon trap: reason=unstable_if action=reinterpret pc=0x0000000111d3e02c method=java.lang.AbstractStringBuilder.append(Ljava/lang/String;)Ljava/lang/AbstractStringBuilder; @ 1
Event: 2.094 Thread 0x00007fb9e5a5e800 Uncommon trap: reason=unstable_if action=reinterpret pc=0x0000000111f0df70 method=sun.misc.MetaIndex.mayContain(Ljava/lang/String;)Z @ 38
Event: 2.094 Thread 0x00007fb9e5a5e800 Uncommon trap: reason=unstable_if action=reinterpret pc=0x0000000111ea3aa4 method=sun.misc.MetaIndex.mayContain(Ljava/lang/String;)Z @ 38
Event: 3.023 Thread 0x00007fb9e5a5e800 Uncommon trap: reason=unstable_if action=reinterpret pc=0x0000000111fceb3c method=com.jogamp.common.util.IntIntHashMap.get(I)I @ 28
Event: 3.114 Thread 0x00007fb9e3945000 Uncommon trap: reason=unstable_if action=reinterpret pc=0x000000011201c528 method=java.util.HashMap.putVal(ILjava/lang/Object;Ljava/lang/Object;ZZ)Ljava/lang/Object; @ 81
Event: 3.114 Thread 0x00007fb9e3945000 Uncommon trap: reason=unstable_if action=reinterpret pc=0x000000011201d13c method=java.util.HashMap.putVal(ILjava/lang/Object;Ljava/lang/Object;ZZ)Ljava/lang/Object; @ 81

Internal exceptions (10 events):
Event: 0.082 Thread 0x00007fb9e3804000 Exception <a 'java/security/PrivilegedActionException'> (0x000000076ab7fe70) thrown at [/Users/java_re/workspace/8-2-build-macosx-x86_64/jdk8u91/6644/hotspot/src/share/vm/prims/jvm.cpp, line 1386]
Event: 0.123 Thread 0x00007fb9e3804000 Exception <a 'java/lang/NoSuchFieldError': method resolution failed> (0x000000076ada75a8) thrown at [/Users/java_re/workspace/8-2-build-macosx-x86_64/jdk8u91/6644/hotspot/src/share/vm/prims/methodHandles.cpp, line 1146]
Event: 0.124 Thread 0x00007fb9e3804000 Exception <a 'java/lang/NoSuchFieldError': method resolution failed> (0x000000076adb4d78) thrown at [/Users/java_re/workspace/8-2-build-macosx-x86_64/jdk8u91/6644/hotspot/src/share/vm/prims/methodHandles.cpp, line 1146]
Event: 0.256 Thread 0x00007fb9e3804000 Exception <a 'java/io/FileNotFoundException'> (0x000000076ae30eb0) thrown at [/Users/java_re/workspace/8-2-build-macosx-x86_64/jdk8u91/6644/hotspot/src/share/vm/prims/jni.cpp, line 709]
Event: 0.257 Thread 0x00007fb9e3804000 Exception <a 'java/io/FileNotFoundException'> (0x000000076ae31a10) thrown at [/Users/java_re/workspace/8-2-build-macosx-x86_64/jdk8u91/6644/hotspot/src/share/vm/prims/jni.cpp, line 709]
Event: 0.346 Thread 0x00007fb9e3804000 Exception <a 'java/io/FileNotFoundException'> (0x000000076aec99c0) thrown at [/Users/java_re/workspace/8-2-build-macosx-x86_64/jdk8u91/6644/hotspot/src/share/vm/prims/jni.cpp, line 709]
Event: 1.367 Thread 0x00007fb9e5a5a000 Exception <a 'java/lang/UnsatisfiedLinkError': com.jogamp.common.util.JarUtil.fixNativeLibAttribs(Ljava/lang/String;)Z> (0x000000076c7756d8) thrown at [/Users/java_re/workspace/8-2-build-macosx-x86_64/jdk8u91/6644/hotspot/src/share/vm/prims/nativeLookup.c
Event: 2.064 Thread 0x00007fb9e5a5e800 Exception <a 'java/io/FileNotFoundException'> (0x000000076d6c6180) thrown at [/Users/java_re/workspace/8-2-build-macosx-x86_64/jdk8u91/6644/hotspot/src/share/vm/prims/jni.cpp, line 709]
Event: 2.064 Thread 0x00007fb9e5a5e800 Exception <a 'java/io/FileNotFoundException'> (0x000000076d6cc2f0) thrown at [/Users/java_re/workspace/8-2-build-macosx-x86_64/jdk8u91/6644/hotspot/src/share/vm/prims/jni.cpp, line 709]
Event: 2.064 Thread 0x00007fb9e5a5e800 Implicit null exception at 0x0000000111d3dcb5 to 0x0000000111d3e019

Events (10 events):
Event: 3.122 loading class java/awt/LightweightDispatcher$2 done
Event: 3.122 loading class java/awt/event/AWTEventListenerProxy
Event: 3.123 loading class java/awt/event/AWTEventListenerProxy done
Event: 3.123 loading class java/awt/Toolkit$ToolkitEventMulticaster
Event: 3.123 loading class java/awt/Toolkit$ToolkitEventMulticaster done
Event: 3.123 Thread 0x00007fb9e3945000 Thread exited: 0x00007fb9e3945000
Event: 3.123 loading class java/lang/IllegalThreadStateException
Event: 3.123 loading class java/lang/IllegalThreadStateException done
Event: 3.123 loading class java/awt/Window$1DisposeAction
Event: 3.123 loading class java/awt/Window$1DisposeAction done


Dynamic libraries:
0x000000000aa12000 	/System/Library/Frameworks/Cocoa.framework/Versions/A/Cocoa
0x000000000aa12000 	/System/Library/Frameworks/Security.framework/Versions/A/Security
0x000000000aa12000 	/System/Library/Frameworks/ApplicationServices.framework/Versions/A/ApplicationServices
0x000000000aa12000 	/usr/lib/libz.1.dylib
0x000000000aa12000 	/usr/lib/libSystem.B.dylib
0x000000000aa12000 	/usr/lib/libobjc.A.dylib
0x000000000aa12000 	/System/Library/Frameworks/CoreFoundation.framework/Versions/A/CoreFoundation
0x000000000aa12000 	/System/Library/Frameworks/Foundation.framework/Versions/C/Foundation
0x000000000aa12000 	/System/Library/Frameworks/AppKit.framework/Versions/C/AppKit
0x000000000aa12000 	/System/Library/Frameworks/CoreData.framework/Versions/A/CoreData
0x000000000aa12000 	/System/Library/PrivateFrameworks/RemoteViewServices.framework/Versions/A/RemoteViewServices
0x000000000aa12000 	/System/Library/PrivateFrameworks/UIFoundation.framework/Versions/A/UIFoundation
0x000000000aa12000 	/usr/lib/libScreenReader.dylib
0x000000000aa12000 	/System/Library/Frameworks/Accelerate.framework/Versions/A/Accelerate
0x000000000aa12000 	/System/Library/Frameworks/IOSurface.framework/Versions/A/IOSurface
0x000000000aa12000 	/System/Library/Frameworks/AudioToolbox.framework/Versions/A/AudioToolbox
0x000000000aa12000 	/System/Library/Frameworks/AudioUnit.framework/Versions/A/AudioUnit
0x000000000aa12000 	/System/Library/PrivateFrameworks/DataDetectorsCore.framework/Versions/A/DataDetectorsCore
0x000000000aa12000 	/System/Library/PrivateFrameworks/DesktopServicesPriv.framework/Versions/A/DesktopServicesPriv
0x000000000aa12000 	/System/Library/Frameworks/Carbon.framework/Versions/A/Frameworks/HIToolbox.framework/Versions/A/HIToolbox
0x000000000aa12000 	/System/Library/Frameworks/QuartzCore.framework/Versions/A/QuartzCore
0x000000000aa12000 	/System/Library/Frameworks/Carbon.framework/Versions/A/Frameworks/SpeechRecognition.framework/Versions/A/SpeechRecognition
0x000000000aa12000 	/usr/lib/libauto.dylib
0x000000000aa12000 	/usr/lib/libicucore.A.dylib
0x000000000aa12000 	/usr/lib/libxml2.2.dylib
0x000000000aa12000 	/System/Library/PrivateFrameworks/CoreUI.framework/Versions/A/CoreUI
0x000000000aa12000 	/System/Library/Frameworks/CoreAudio.framework/Versions/A/CoreAudio
0x000000000aa12000 	/System/Library/Frameworks/DiskArbitration.framework/Versions/A/DiskArbitration
0x000000000aa12000 	/usr/lib/liblangid.dylib
0x000000000aa12000 	/System/Library/PrivateFrameworks/MultitouchSupport.framework/Versions/A/MultitouchSupport
0x000000000aa12000 	/System/Library/Frameworks/IOKit.framework/Versions/A/IOKit
0x000000000aa12000 	/usr/lib/libDiagnosticMessagesClient.dylib
0x000000000aa12000 	/System/Library/Frameworks/CoreServices.framework/Versions/A/CoreServices
0x000000000aa12000 	/System/Library/PrivateFrameworks/PerformanceAnalysis.framework/Versions/A/PerformanceAnalysis
0x000000000aa12000 	/System/Library/PrivateFrameworks/GenerationalStorage.framework/Versions/A/GenerationalStorage
0x000000000aa12000 	/System/Library/Frameworks/OpenGL.framework/Versions/A/OpenGL
0x000000000aa12000 	/System/Library/PrivateFrameworks/Sharing.framework/Versions/A/Sharing
0x000000000aa12000 	/System/Library/Frameworks/CoreGraphics.framework/Versions/A/CoreGraphics
0x000000000aa12000 	/System/Library/Frameworks/CoreImage.framework/Versions/A/CoreImage
0x000000000aa12000 	/System/Library/Frameworks/CoreText.framework/Versions/A/CoreText
0x000000000aa12000 	/System/Library/Frameworks/ImageIO.framework/Versions/A/ImageIO
0x000000000aa12000 	/System/Library/PrivateFrameworks/Backup.framework/Versions/A/Backup
0x000000000aa12000 	/usr/lib/libextension.dylib
0x000000000aa12000 	/usr/lib/libarchive.2.dylib
0x000000000aa12000 	/System/Library/Frameworks/CFNetwork.framework/Versions/A/CFNetwork
0x000000000aa12000 	/System/Library/Frameworks/SystemConfiguration.framework/Versions/A/SystemConfiguration
0x000000000aa12000 	/usr/lib/libCRFSuite.dylib
0x000000000aa12000 	/usr/lib/libc++.1.dylib
0x000000000aa12000 	/usr/lib/libc++abi.dylib
0x000000000aa12000 	/usr/lib/system/libcache.dylib
0x000000000aa12000 	/usr/lib/system/libcommonCrypto.dylib
0x000000000aa12000 	/usr/lib/system/libcompiler_rt.dylib
0x000000000aa12000 	/usr/lib/system/libcopyfile.dylib
0x000000000aa12000 	/usr/lib/system/libcorecrypto.dylib
0x000000000aa12000 	/usr/lib/system/libdispatch.dylib
0x000000000aa12000 	/usr/lib/system/libdyld.dylib
0x000000000aa12000 	/usr/lib/system/libkeymgr.dylib
0x000000000aa12000 	/usr/lib/system/liblaunch.dylib
0x000000000aa12000 	/usr/lib/system/libmacho.dylib
0x000000000aa12000 	/usr/lib/system/libquarantine.dylib
0x000000000aa12000 	/usr/lib/system/libremovefile.dylib
0x000000000aa12000 	/usr/lib/system/libsystem_asl.dylib
0x000000000aa12000 	/usr/lib/system/libsystem_blocks.dylib
0x000000000aa12000 	/usr/lib/system/libsystem_c.dylib
0x000000000aa12000 	/usr/lib/system/libsystem_configuration.dylib
0x000000000aa12000 	/usr/lib/system/libsystem_coreservices.dylib
0x000000000aa12000 	/usr/lib/system/libsystem_coretls.dylib
0x000000000aa12000 	/usr/lib/system/libsystem_dnssd.dylib
0x000000000aa12000 	/usr/lib/system/libsystem_info.dylib
0x000000000aa12000 	/usr/lib/system/libsystem_kernel.dylib
0x000000000aa12000 	/usr/lib/system/libsystem_m.dylib
0x000000000aa12000 	/usr/lib/system/libsystem_malloc.dylib
0x000000000aa12000 	/usr/lib/system/libsystem_network.dylib
0x000000000aa12000 	/usr/lib/system/libsystem_networkextension.dylib
0x000000000aa12000 	/usr/lib/system/libsystem_notify.dylib
0x000000000aa12000 	/usr/lib/system/libsystem_platform.dylib
0x000000000aa12000 	/usr/lib/system/libsystem_pthread.dylib
0x000000000aa12000 	/usr/lib/system/libsystem_sandbox.dylib
0x000000000aa12000 	/usr/lib/system/libsystem_secinit.dylib
0x000000000aa12000 	/usr/lib/system/libsystem_trace.dylib
0x000000000aa12000 	/usr/lib/system/libunc.dylib
0x000000000aa12000 	/usr/lib/system/libunwind.dylib
0x000000000aa12000 	/usr/lib/system/libxpc.dylib
0x000000000aa12000 	/usr/lib/libenergytrace.dylib
0x000000000aa12000 	/usr/lib/libbsm.0.dylib
0x000000000aa12000 	/usr/lib/system/libkxld.dylib
0x000000000aa12000 	/usr/lib/libxar.1.dylib
0x000000000aa12000 	/usr/lib/libsqlite3.dylib
0x000000000aa12000 	/usr/lib/libpam.2.dylib
0x000000000aa12000 	/usr/lib/libOpenScriptingUtil.dylib
0x000000000aa12000 	/usr/lib/libbz2.1.0.dylib
0x000000000aa12000 	/usr/lib/liblzma.5.dylib
0x000000000aa12000 	/System/Library/Frameworks/CoreServices.framework/Versions/A/Frameworks/FSEvents.framework/Versions/A/FSEvents
0x000000000aa12000 	/System/Library/Frameworks/CoreServices.framework/Versions/A/Frameworks/CarbonCore.framework/Versions/A/CarbonCore
0x000000000aa12000 	/System/Library/Frameworks/CoreServices.framework/Versions/A/Frameworks/Metadata.framework/Versions/A/Metadata
0x000000000aa12000 	/System/Library/Frameworks/CoreServices.framework/Versions/A/Frameworks/OSServices.framework/Versions/A/OSServices
0x000000000aa12000 	/System/Library/Frameworks/CoreServices.framework/Versions/A/Frameworks/SearchKit.framework/Versions/A/SearchKit
0x000000000aa12000 	/System/Library/Frameworks/CoreServices.framework/Versions/A/Frameworks/AE.framework/Versions/A/AE
0x000000000aa12000 	/System/Library/Frameworks/CoreServices.framework/Versions/A/Frameworks/LaunchServices.framework/Versions/A/LaunchServices
0x000000000aa12000 	/System/Library/Frameworks/CoreServices.framework/Versions/A/Frameworks/DictionaryServices.framework/Versions/A/DictionaryServices
0x000000000aa12000 	/System/Library/Frameworks/CoreServices.framework/Versions/A/Frameworks/SharedFileList.framework/Versions/A/SharedFileList
0x000000000aa12000 	/System/Library/Frameworks/NetFS.framework/Versions/A/NetFS
0x000000000aa12000 	/System/Library/PrivateFrameworks/NetAuth.framework/Versions/A/NetAuth
0x000000000aa12000 	/System/Library/PrivateFrameworks/login.framework/Versions/A/Frameworks/loginsupport.framework/Versions/A/loginsupport
0x000000000aa12000 	/System/Library/PrivateFrameworks/TCC.framework/Versions/A/TCC
0x000000000aa12000 	/usr/lib/libmecabra.dylib
0x000000000aa12000 	/System/Library/Frameworks/ApplicationServices.framework/Versions/A/Frameworks/ATS.framework/Versions/A/ATS
0x000000000aa12000 	/System/Library/Frameworks/ApplicationServices.framework/Versions/A/Frameworks/ColorSync.framework/Versions/A/ColorSync
0x000000000aa12000 	/System/Library/Frameworks/ApplicationServices.framework/Versions/A/Frameworks/HIServices.framework/Versions/A/HIServices
0x000000000aa12000 	/System/Library/Frameworks/ApplicationServices.framework/Versions/A/Frameworks/LangAnalysis.framework/Versions/A/LangAnalysis
0x000000000aa12000 	/System/Library/Frameworks/ApplicationServices.framework/Versions/A/Frameworks/PrintCore.framework/Versions/A/PrintCore
0x000000000aa12000 	/System/Library/Frameworks/ApplicationServices.framework/Versions/A/Frameworks/QD.framework/Versions/A/QD
0x000000000aa12000 	/System/Library/Frameworks/ApplicationServices.framework/Versions/A/Frameworks/SpeechSynthesis.framework/Versions/A/SpeechSynthesis
0x000000000aa12000 	/System/Library/Frameworks/Metal.framework/Versions/A/Metal
0x000000000aa12000 	/System/Library/Frameworks/Accelerate.framework/Versions/A/Frameworks/vImage.framework/Versions/A/vImage
0x000000000aa12000 	/System/Library/Frameworks/Accelerate.framework/Versions/A/Frameworks/vecLib.framework/Versions/A/vecLib
0x000000000aa12000 	/System/Library/Frameworks/Accelerate.framework/Versions/A/Frameworks/vecLib.framework/Versions/A/libvDSP.dylib
0x000000000aa12000 	/System/Library/Frameworks/Accelerate.framework/Versions/A/Frameworks/vecLib.framework/Versions/A/libvMisc.dylib
0x000000000aa12000 	/System/Library/Frameworks/Accelerate.framework/Versions/A/Frameworks/vecLib.framework/Versions/A/libLAPACK.dylib
0x000000000aa12000 	/System/Library/Frameworks/Accelerate.framework/Versions/A/Frameworks/vecLib.framework/Versions/A/libBLAS.dylib
0x000000000aa12000 	/System/Library/Frameworks/Accelerate.framework/Versions/A/Frameworks/vecLib.framework/Versions/A/libLinearAlgebra.dylib
0x000000000aa12000 	/System/Library/Frameworks/Accelerate.framework/Versions/A/Frameworks/vecLib.framework/Versions/A/libSparseBLAS.dylib
0x000000000aa12000 	/System/Library/PrivateFrameworks/GPUCompiler.framework/libmetal_timestamp.dylib
0x000000000aa12000 	/System/Library/Frameworks/OpenGL.framework/Versions/A/Libraries/libCoreFSCache.dylib
0x000000000aa12000 	/System/Library/PrivateFrameworks/IOAccelerator.framework/Versions/A/IOAccelerator
0x000000000aa12000 	/System/Library/Frameworks/ApplicationServices.framework/Versions/A/Frameworks/ATS.framework/Versions/A/Resources/libFontParser.dylib
0x000000000aa12000 	/System/Library/Frameworks/ApplicationServices.framework/Versions/A/Frameworks/ATS.framework/Versions/A/Resources/libFontRegistry.dylib
0x000000000aa12000 	/System/Library/PrivateFrameworks/AppleVPA.framework/Versions/A/AppleVPA
0x000000000aa12000 	/System/Library/PrivateFrameworks/AppleJPEG.framework/Versions/A/AppleJPEG
0x000000000aa12000 	/System/Library/Frameworks/ImageIO.framework/Versions/A/Resources/libJPEG.dylib
0x000000000aa12000 	/System/Library/Frameworks/ImageIO.framework/Versions/A/Resources/libTIFF.dylib
0x000000000aa12000 	/System/Library/Frameworks/ImageIO.framework/Versions/A/Resources/libPng.dylib
0x000000000aa12000 	/System/Library/Frameworks/ImageIO.framework/Versions/A/Resources/libGIF.dylib
0x000000000aa12000 	/System/Library/Frameworks/ImageIO.framework/Versions/A/Resources/libJP2.dylib
0x000000000aa12000 	/System/Library/Frameworks/ImageIO.framework/Versions/A/Resources/libRadiance.dylib
0x000000000aa12000 	/System/Library/Frameworks/CoreVideo.framework/Versions/A/CoreVideo
0x000000000aa12000 	/System/Library/Frameworks/OpenGL.framework/Versions/A/Libraries/libGLU.dylib
0x000000000aa12000 	/System/Library/Frameworks/OpenGL.framework/Versions/A/Libraries/libGFXShared.dylib
0x000000000aa12000 	/System/Library/Frameworks/OpenGL.framework/Versions/A/Libraries/libGL.dylib
0x000000000aa12000 	/System/Library/Frameworks/OpenGL.framework/Versions/A/Libraries/libGLImage.dylib
0x000000000aa12000 	/System/Library/Frameworks/OpenGL.framework/Versions/A/Libraries/libCVMSPluginSupport.dylib
0x000000000aa12000 	/System/Library/Frameworks/OpenGL.framework/Versions/A/Libraries/libCoreVMClient.dylib
0x000000000aa12000 	/usr/lib/libcups.2.dylib
0x000000000aa12000 	/System/Library/Frameworks/Kerberos.framework/Versions/A/Kerberos
0x000000000aa12000 	/System/Library/Frameworks/GSS.framework/Versions/A/GSS
0x000000000aa12000 	/usr/lib/libresolv.9.dylib
0x000000000aa12000 	/usr/lib/libiconv.2.dylib
0x000000000aa12000 	/System/Library/PrivateFrameworks/Heimdal.framework/Versions/A/Heimdal
0x000000000aa12000 	/usr/lib/libheimdal-asn1.dylib
0x000000000aa12000 	/System/Library/Frameworks/OpenDirectory.framework/Versions/A/OpenDirectory
0x000000000aa12000 	/System/Library/PrivateFrameworks/CommonAuth.framework/Versions/A/CommonAuth
0x000000000aa12000 	/System/Library/Frameworks/OpenDirectory.framework/Versions/A/Frameworks/CFOpenDirectory.framework/Versions/A/CFOpenDirectory
0x000000000aa12000 	/System/Library/Frameworks/SecurityFoundation.framework/Versions/A/SecurityFoundation
0x000000000aa12000 	/System/Library/PrivateFrameworks/LanguageModeling.framework/Versions/A/LanguageModeling
0x000000000aa12000 	/usr/lib/libmarisa.dylib
0x000000000aa12000 	/usr/lib/libChineseTokenizer.dylib
0x000000000aa12000 	/usr/lib/libcmph.dylib
0x000000000aa12000 	/usr/lib/libcompression.dylib
0x000000000aa12000 	/System/Library/Frameworks/ServiceManagement.framework/Versions/A/ServiceManagement
0x000000000aa12000 	/usr/lib/libxslt.1.dylib
0x000000000aa12000 	/System/Library/Frameworks/Carbon.framework/Versions/A/Frameworks/Ink.framework/Versions/A/Ink
0x000000000aa12000 	/usr/lib/libFosl_dynamic.dylib
0x000000000aa12000 	/System/Library/PrivateFrameworks/FaceCore.framework/Versions/A/FaceCore
0x000000000aa12000 	/System/Library/Frameworks/OpenCL.framework/Versions/A/OpenCL
0x000000000aa12000 	/System/Library/PrivateFrameworks/CrashReporterSupport.framework/Versions/A/CrashReporterSupport
0x000000000aa12000 	/System/Library/PrivateFrameworks/IconServices.framework/Versions/A/IconServices
0x000000000aa12000 	/System/Library/PrivateFrameworks/Apple80211.framework/Versions/A/Apple80211
0x000000000aa12000 	/System/Library/Frameworks/CoreWLAN.framework/Versions/A/CoreWLAN
0x000000000aa12000 	/System/Library/Frameworks/IOBluetooth.framework/Versions/A/IOBluetooth
0x000000000aa12000 	/System/Library/PrivateFrameworks/CoreWiFi.framework/Versions/A/CoreWiFi
0x000000000aa12000 	/System/Library/Frameworks/CoreBluetooth.framework/Versions/A/CoreBluetooth
0x000000000aa12000 	/System/Library/PrivateFrameworks/ChunkingLibrary.framework/Versions/A/ChunkingLibrary
0x000000000aa12000 	/System/Library/PrivateFrameworks/DebugSymbols.framework/Versions/A/DebugSymbols
0x000000000aa12000 	/System/Library/PrivateFrameworks/CoreSymbolication.framework/Versions/A/CoreSymbolication
0x000000000aa12000 	/System/Library/PrivateFrameworks/Symbolication.framework/Versions/A/Symbolication
0x000000000aa12000 	/System/Library/PrivateFrameworks/SpeechRecognitionCore.framework/Versions/A/SpeechRecognitionCore
0x0000000110c00000 	/Library/Java/JavaVirtualMachines/jdk1.8.0_91.jdk/Contents/Home/jre/lib/server/libjvm.dylib
0x000000000aa12000 	/usr/lib/libstdc++.6.dylib
0x000000010fb34000 	/Library/Java/JavaVirtualMachines/jdk1.8.0_91.jdk/Contents/Home/jre/lib/libverify.dylib
0x000000010fb42000 	/Library/Java/JavaVirtualMachines/jdk1.8.0_91.jdk/Contents/Home/jre/lib/libjava.dylib
0x000000010fb81000 	/Library/Java/JavaVirtualMachines/jdk1.8.0_91.jdk/Contents/Home/jre/lib/libzip.dylib
0x000000012cbd9000 	/System/Library/Frameworks/JavaVM.framework/Frameworks/JavaRuntimeSupport.framework/JavaRuntimeSupport
0x000000012cbf4000 	/System/Library/Frameworks/JavaVM.framework/Versions/A/Frameworks/JavaNativeFoundation.framework/Versions/A/JavaNativeFoundation
0x000000012cc09000 	/System/Library/Frameworks/JavaVM.framework/Versions/A/JavaVM
0x000000000aa12000 	/System/Library/Frameworks/Carbon.framework/Versions/A/Carbon
0x000000012cc16000 	/System/Library/PrivateFrameworks/JavaLaunching.framework/Versions/A/JavaLaunching
0x000000000aa12000 	/System/Library/Frameworks/Carbon.framework/Versions/A/Frameworks/CommonPanels.framework/Versions/A/CommonPanels
0x000000000aa12000 	/System/Library/Frameworks/Carbon.framework/Versions/A/Frameworks/Help.framework/Versions/A/Help
0x000000000aa12000 	/System/Library/Frameworks/Carbon.framework/Versions/A/Frameworks/ImageCapture.framework/Versions/A/ImageCapture
0x000000000aa12000 	/System/Library/Frameworks/Carbon.framework/Versions/A/Frameworks/OpenScripting.framework/Versions/A/OpenScripting
0x000000000aa12000 	/System/Library/Frameworks/Carbon.framework/Versions/A/Frameworks/Print.framework/Versions/A/Print
0x000000000aa12000 	/System/Library/Frameworks/Carbon.framework/Versions/A/Frameworks/SecurityHI.framework/Versions/A/SecurityHI
0x000000012e535000 	/Library/Java/JavaVirtualMachines/jdk1.8.0_91.jdk/Contents/Home/jre/lib/libawt.dylib
0x000000012e5dd000 	/Library/Java/JavaVirtualMachines/jdk1.8.0_91.jdk/Contents/Home/jre/lib/./libmlib_image.dylib
0x000000012e6a9000 	/Library/Java/JavaVirtualMachines/jdk1.8.0_91.jdk/Contents/Home/jre/lib/libawt_lwawt.dylib
0x000000012e75e000 	/Library/Java/JavaVirtualMachines/jdk1.8.0_91.jdk/Contents/Home/jre/lib/./libosxapp.dylib
0x000000000aa12000 	/System/Library/Frameworks/ExceptionHandling.framework/Versions/A/ExceptionHandling
0x000000000aa12000 	/System/Library/PrivateFrameworks/CoreServicesInternal.framework/Versions/A/CoreServicesInternal
0x000000000aa12000 	/System/Library/Frameworks/CoreGraphics.framework/Versions/A/Resources/libRIP.A.dylib
0x000000000aa12000 	/System/Library/Frameworks/Accelerate.framework/Versions/A/Frameworks/vImage.framework/Versions/A/Libraries/libCGInterfaces.dylib
0x000000000aa12000 	/System/Library/Frameworks/CoreGraphics.framework/Versions/A/Resources/libCGXType.A.dylib
0x000000000aa12000 	/System/Library/Frameworks/OpenCL.framework/Versions/A/Libraries/libcldcpuengine.dylib
0x000000000aa12000 	/System/Library/PrivateFrameworks/DiskImages.framework/Versions/A/DiskImages
0x000000000aa12000 	/System/Library/Frameworks/DiscRecording.framework/Versions/A/DiscRecording
0x000000000aa12000 	/usr/lib/libcsfde.dylib
0x000000000aa12000 	/usr/lib/libcurl.4.dylib
0x000000000aa12000 	/System/Library/PrivateFrameworks/MediaKit.framework/Versions/A/MediaKit
0x000000000aa12000 	/System/Library/PrivateFrameworks/ProtectedCloudStorage.framework/Versions/A/ProtectedCloudStorage
0x000000000aa12000 	/usr/lib/libCoreStorage.dylib
0x000000000aa12000 	/System/Library/PrivateFrameworks/EFILogin.framework/Versions/A/EFILogin
0x000000000aa12000 	/usr/lib/libutil.dylib
0x000000000aa12000 	/System/Library/PrivateFrameworks/FindMyDevice.framework/Versions/A/FindMyDevice
0x000000000aa12000 	/System/Library/Frameworks/LDAP.framework/Versions/A/LDAP
0x000000000aa12000 	/usr/lib/libsasl2.2.dylib
0x000000000aa12000 	/System/Library/PrivateFrameworks/CoreDaemon.framework/Versions/B/CoreDaemon
0x000000000aa12000 	/usr/lib/libcrypto.0.9.8.dylib
0x000000000aa12000 	/System/Library/PrivateFrameworks/AppleSRP.framework/Versions/A/AppleSRP
0x000000000aa12000 	/System/Library/PrivateFrameworks/TrustEvaluationAgent.framework/Versions/A/TrustEvaluationAgent
0x000000012f2fe000 	cl_kernels
0x000000000aa12000 	/System/Library/Frameworks/OpenCL.framework/Versions/A/Libraries/ImageFormats/unorm8_bgra.dylib
0x000000000aa12000 	/System/Library/Frameworks/OpenCL.framework/Versions/A/Libraries/ImageFormats/unorm8_rgba.dylib
0x000000000aa12000 	/System/Library/PrivateFrameworks/FamilyControls.framework/Versions/A/FamilyControls
0x000000000aa12000 	/System/Library/PrivateFrameworks/CommerceKit.framework/Versions/A/Frameworks/CommerceCore.framework/Versions/A/CommerceCore
0x000000000aa12000 	/System/Library/PrivateFrameworks/SystemAdministration.framework/Versions/A/SystemAdministration
0x000000000aa12000 	/System/Library/PrivateFrameworks/AppContainer.framework/Versions/A/AppContainer
0x000000000aa12000 	/System/Library/PrivateFrameworks/SecCodeWrapper.framework/Versions/A/SecCodeWrapper
0x000000000aa12000 	/System/Library/Frameworks/DirectoryService.framework/Versions/A/DirectoryService
0x000000000aa12000 	/System/Library/PrivateFrameworks/LoginUIKit.framework/Versions/A/Frameworks/LoginUICore.framework/Versions/A/LoginUICore
0x000000000aa12000 	/usr/lib/libodfde.dylib
0x000000000aa12000 	/System/Library/Frameworks/OpenGL.framework/Versions/A/Resources/GLEngine.bundle/GLEngine
0x000000000aa12000 	/System/Library/Frameworks/OpenGL.framework/Versions/A/Libraries/libGLProgrammability.dylib
0x00000001314d5000 	/System/Library/Extensions/AppleIntelHD5000GraphicsGLDriver.bundle/Contents/MacOS/AppleIntelHD5000GraphicsGLDriver
0x000000000aa12000 	/System/Library/PrivateFrameworks/GPUSupport.framework/Versions/A/Libraries/libGPUSupportMercury.dylib
0x000000000aa12000 	/System/Library/Frameworks/OpenGL.framework/Versions/A/Resources/GLRendererFloat.bundle/GLRendererFloat
0x00000001324eb000 	/Library/Java/JavaVirtualMachines/jdk1.8.0_91.jdk/Contents/Home/jre/lib/libfontmanager.dylib
0x0000000133a33000 	/Library/Java/JavaVirtualMachines/jdk1.8.0_91.jdk/Contents/Home/jre/lib/libosxui.dylib
0x000000013474a000 	/Library/Java/JavaVirtualMachines/jdk1.8.0_91.jdk/Contents/Home/jre/lib/libnet.dylib
0x0000000134761000 	/Library/Java/JavaVirtualMachines/jdk1.8.0_91.jdk/Contents/Home/jre/lib/libnio.dylib
0x000000000aa12000 	/System/Library/Frameworks/ApplicationServices.framework/Versions/A/Frameworks/ATS.framework/Versions/A/Resources/libTrueTypeScaler.dylib
0x00000001858bb000 	/System/Library/Extensions/AppleIntelHD5000GraphicsMTLDriver.bundle/Contents/MacOS/AppleIntelHD5000GraphicsMTLDriver
0x000000012f9b8000 	/private/var/folders/lj/ts4xrlmj1tsc3mnwzl_88g000000gn/T/jogamp_0000/file_cache/jln1257833197132683435/jln2740904611522651360/libgluegen-rt.jnilib
0x000000012f9bd000 	/private/var/folders/lj/ts4xrlmj1tsc3mnwzl_88g000000gn/T/jogamp_0000/file_cache/jln1257833197132683435/jln2740904611522651360/libnativewindow_awt.jnilib
0x000000012f9c0000 	/Library/Java/JavaVirtualMachines/jdk1.8.0_91.jdk/Contents/Home/jre/lib/libjawt.dylib
0x0000000185782000 	/private/var/folders/lj/ts4xrlmj1tsc3mnwzl_88g000000gn/T/jogamp_0000/file_cache/jln1257833197132683435/jln2740904611522651360/libnativewindow_macosx.jnilib
0x0000000185ef6000 	/private/var/folders/lj/ts4xrlmj1tsc3mnwzl_88g000000gn/T/jogamp_0000/file_cache/jln1257833197132683435/jln2740904611522651360/libjogl_desktop.jnilib

VM Arguments:
jvm_args: -Djava.library.path=/Library/Java/JavaVirtualMachines/jdk1.8.0_91.jdk/Contents/Home -Djava.security.policy=java.policy.applet -Dfile.encoding=UTF-8 
java_command: sun.applet.AppletViewer SimpleMapApp1469741934503.html
java_class_path (initial): /Users/rblowers/git/ice-crystal/ice-crystal/build:/Users/rblowers/git/ice-crystal/ice-crystal/lib/core.jar:/Users/rblowers/git/ice-crystal/ice-crystal/lib/gluegen-rt.jar:/Users/rblowers/git/ice-crystal/ice-crystal/lib/jogl-all.jar:/Users/rblowers/git/ice-crystal/ice-crystal/lib/log4j-1.2.15.jar:/Users/rblowers/git/ice-crystal/ice-crystal/lib/sqlite-jdbc-3.7.2.jar:/Users/rblowers/git/ice-crystal/ice-crystal/lib/json4processing.jar:/Users/rblowers/git/ice-crystal/ice-crystal/lib/libTUIO.jar:/Users/rblowers/git/ice-crystal/ice-crystal/lib/unfolding.0.9.6.jar:/Users/rblowers/git/ice-crystal/ice-crystal/lib/geonames-1.1.13.jar:/Users/rblowers/git/ice-crystal/ice-crystal/lib/jdom-1.0.jar
Launcher Type: SUN_STANDARD

Environment Variables:
PATH=/usr/bin:/bin:/usr/sbin:/sbin
SHELL=/bin/bash
DISPLAY=/private/tmp/com.apple.launchd.VRADdgyDcm/org.macosforge.xquartz:0

Signal Handlers:
SIGSEGV: [libjvm.dylib+0x5a97a1], sa_mask[0]=11111111011111110111111111111111, sa_flags=SA_ONSTACK|SA_RESTART|SA_SIGINFO
SIGBUS: [libjvm.dylib+0x5a97a1], sa_mask[0]=11111111011111110111111111111111, sa_flags=SA_RESTART|SA_SIGINFO
SIGFPE: [libjvm.dylib+0x482594], sa_mask[0]=11111111011111110111111111111111, sa_flags=SA_RESTART|SA_SIGINFO
SIGPIPE: [libjvm.dylib+0x482594], sa_mask[0]=11111111011111110111111111111111, sa_flags=SA_RESTART|SA_SIGINFO
SIGXFSZ: [libjvm.dylib+0x482594], sa_mask[0]=11111111011111110111111111111111, sa_flags=SA_RESTART|SA_SIGINFO
SIGILL: [libjvm.dylib+0x482594], sa_mask[0]=11111111011111110111111111111111, sa_flags=SA_RESTART|SA_SIGINFO
SIGUSR1: SIG_DFL, sa_mask[0]=00000000000000000000000000000000, sa_flags=none
SIGUSR2: [libjvm.dylib+0x4820b2], sa_mask[0]=00100000000000000000000000000000, sa_flags=SA_RESTART|SA_SIGINFO
SIGHUP: [libjvm.dylib+0x480689], sa_mask[0]=11111111011111110111111111111111, sa_flags=SA_RESTART|SA_SIGINFO
SIGINT: [libjvm.dylib+0x480689], sa_mask[0]=11111111011111110111111111111111, sa_flags=SA_RESTART|SA_SIGINFO
SIGTERM: [libjvm.dylib+0x480689], sa_mask[0]=11111111011111110111111111111111, sa_flags=SA_RESTART|SA_SIGINFO
SIGQUIT: [libjvm.dylib+0x480689], sa_mask[0]=11111111011111110111111111111111, sa_flags=SA_RESTART|SA_SIGINFO


---------------  S Y S T E M  ---------------

OS:Bsduname:Darwin 15.3.0 Darwin Kernel Version 15.3.0: Thu Dec 10 18:40:58 PST 2015; root:xnu-3248.30.4~1/RELEASE_X86_64 x86_64
rlimit: STACK 8192k, CORE 0k, NPROC 709, NOFILE 10240, AS infinity
load average:2.66 2.15 2.00

CPU:total 8 (4 cores per cpu, 2 threads per core) family 6 model 70 stepping 1, cmov, cx8, fxsr, mmx, sse, sse2, sse3, ssse3, sse4.1, sse4.2, popcnt, avx, avx2, aes, clmul, erms, lzcnt, ht, tsc, tscinvbit, bmi1, bmi2

Memory: 4k page, physical 16777216k(535492k free)

/proc/meminfo:


vm_info: Java HotSpot(TM) 64-Bit Server VM (25.91-b14) for bsd-amd64 JRE (1.8.0_91-b14), built on Apr  1 2016 01:03:00 by "java_re" with gcc 4.2.1 (Based on Apple Inc. build 5658) (LLVM build 2336.11.00)

time: Thu Jul 28 17:38:57 2016
elapsed time: 3 seconds (0d 0h 0m 3s)

