#
# A fatal error has been detected by the Java Runtime Environment:
#
#  SIGSEGV (0xb) at pc=0x00007fff953574dd, pid=14731, tid=2571
#
# JRE version: Java(TM) SE Runtime Environment (8.0_91-b14) (build 1.8.0_91-b14)
# Java VM: Java HotSpot(TM) 64-Bit Server VM (25.91-b14 mixed mode bsd-amd64 compressed oops)
# Problematic frame:
# C  [libobjc.A.dylib+0x14dd]  objc_msgSend+0x1d
#
# Failed to write core dump. Core dumps have been disabled. To enable core dumping, try "ulimit -c unlimited" before starting Java again
#
# If you would like to submit a bug report, please visit:
#   http://bugreport.java.com/bugreport/crash.jsp
# The crash happened outside the Java Virtual Machine in native code.
# See problematic frame for where to report the bug.
#

---------------  T H R E A D  ---------------

Current thread (0x00007f9e2a197000):  JavaThread "AWT-AppKit" daemon [_thread_in_native, id=2571, stack(0x00007fff56e87000,0x00007fff57687000)]

siginfo: si_signo: 11 (SIGSEGV), si_code: 1 (SEGV_MAPERR), si_addr: 0x000007f9e32054b0

Registers:
RAX=0x00007f9e3203c130, RBX=0x00000001286543b0, RCX=0x000000012861a1a0, RDX=0x000000012861a080
RSP=0x00007fff576822e8, RBP=0x00007fff576823a0, RSI=0x00007fff8a93ad0e, RDI=0x00007f9e3136e4e0
R8 =0x0000000000000000, R9 =0x00000000000008c0, R10=0x00007fff8a93ad0e, R11=0x000007f9e3205498
R12=0x0000000000000000, R13=0x0000000182dac210, R14=0x00000001286543a0, R15=0x00007f9e2a197000
RIP=0x00007fff953574dd, EFLAGS=0x0000000000010202, ERR=0x0000000000000004
  TRAPNO=0x000000000000000e

Top of Stack: (sp=0x00007fff576822e8)
0x00007fff576822e8:   00000001286525d7 00007fff57682340
0x00007fff576822f8:   0000000000000003 00007fff57682320
0x00007fff57682308:   00000001099f24ea 0000000182dac210
0x00007fff57682318:   0000000182dac210 00007f9e3203c130
0x00007fff57682328:   00000001286545c0 0000000128654640
0x00007fff57682338:   00000001286543b0 00007fff7bbde770
0x00007fff57682348:   00000001286545d0 00007fff7bd81500
0x00007fff57682358:   00007f9e3203c130 00007f9e3136e4e0
0x00007fff57682368:   00007f9e31649580 00007f9e3203c130
0x00007fff57682378:   00007f9e3136e4e0 00007fff57682428
0x00007fff57682388:   00007f9e2a1971f8 0000000182dac210
0x00007fff57682398:   00007fff57682450 00007fff57682418
0x00007fff576823a8:   000000010a7ff9d4 0000000182dac210
0x00007fff576823b8:   00007fff57682450 00007fff57682418
0x00007fff576823c8:   000000010a7ff767 000000010a7ff722
0x00007fff576823d8:   00007fff576823d8 0000000182dac210
0x00007fff576823e8:   00007fff57682450 0000000182daea00
0x00007fff576823f8:   0000000000000000 0000000182dac210
0x00007fff57682408:   0000000000000000 00007fff57682438
0x00007fff57682418:   00007fff57682498 000000010a7f02bd
0x00007fff57682428:   000000076f8cf658 000000010a7f9538
0x00007fff57682438:   00007f9e3203c130 00007fff57682498
0x00007fff57682448:   00007f9e3136e4e0 000000010a7fae02
0x00007fff57682458:   00007fff57682458 0000000182dac3da
0x00007fff57682468:   00007fff576824c0 0000000182daea00
0x00007fff57682478:   0000000000000000 0000000182dac3e8
0x00007fff57682488:   00007fff57682438 00007fff576824a8
0x00007fff57682498:   00007fff57682508 000000010a7f02bd
0x00007fff576824a8:   00007f9e3203c130 000000076f978a08
0x00007fff576824b8:   00007f9e3136e4e0 000000076f978a08
0x00007fff576824c8:   00007fff576824c8 00000001880f1f5e
0x00007fff576824d8:   00007fff57682518 00000001880f2018 

Instructions: (pc=0x00007fff953574dd)
0x00007fff953574bd:   44 00 00 48 85 ff 2e 74 62 40 f6 c7 01 2e 75 66
0x00007fff953574cd:   49 bb f8 ff ff ff ff 7f 00 00 4c 23 1f 49 89 f2
0x00007fff953574dd:   45 23 53 18 49 c1 e2 04 4d 03 53 10 49 3b 32 75
0x00007fff953574ed:   04 41 ff 62 08 49 83 3a 01 76 0d 49 83 c2 10 49 

Register to memory mapping:

RAX=0x00007f9e3203c130 is an unknown value
RBX=0x00000001286543b0: Java_jogamp_nativewindow_macosx_OSXUtil_GetScreenRefreshRate0+0x1850 in /private/var/folders/lj/ts4xrlmj1tsc3mnwzl_88g000000gn/T/jogamp_0000/file_cache/jln861684463488021079/jln1854741805389071125/libnativewindow_macosx.jnilib at 0x000000012864d000
RCX=0x000000012861a1a0 is an unknown value
RDX=0x000000012861a080 is an unknown value
RSP=0x00007fff576822e8 is pointing into the stack for thread: 0x00007f9e2a197000
RBP=0x00007fff576823a0 is pointing into the stack for thread: 0x00007f9e2a197000
RSI=0x00007fff8a93ad0e is an unknown value
RDI=0x00007f9e3136e4e0 is an unknown value
R8 =0x0000000000000000 is an unknown value
R9 =0x00000000000008c0 is an unknown value
R10=0x00007fff8a93ad0e is an unknown value
R11=0x000007f9e3205498 is an unknown value
R12=0x0000000000000000 is an unknown value
R13={method} {0x0000000182dac210} 'UnsetJAWTRootSurfaceLayer0' '(JJ)V' in 'jogamp/nativewindow/jawt/macosx/MacOSXJAWTWindow'
R14=0x00000001286543a0: Java_jogamp_nativewindow_macosx_OSXUtil_GetScreenRefreshRate0+0x1840 in /private/var/folders/lj/ts4xrlmj1tsc3mnwzl_88g000000gn/T/jogamp_0000/file_cache/jln861684463488021079/jln1854741805389071125/libnativewindow_macosx.jnilib at 0x000000012864d000
R15=0x00007f9e2a197000 is a thread


Stack: [0x00007fff56e87000,0x00007fff57687000],  sp=0x00007fff576822e8,  free space=8172k
Native frames: (J=compiled Java code, j=interpreted, Vv=VM code, C=native code)
C  [libobjc.A.dylib+0x14dd]  objc_msgSend+0x1d
j  jogamp.nativewindow.jawt.macosx.MacOSXJAWTWindow.UnsetJAWTRootSurfaceLayer0(JJ)V+0
j  jogamp.nativewindow.jawt.macosx.MacOSXJAWTWindow.access$200(JJ)V+2
j  jogamp.nativewindow.jawt.macosx.MacOSXJAWTWindow$1.run()V+38
J 2205 C1 com.jogamp.common.util.RunnableTask.run()V (345 bytes) @ 0x000000010aee4194 [0x000000010aee4000+0x194]
v  ~StubRoutines::call_stub
V  [libjvm.dylib+0x2ec1e6]  JavaCalls::call_helper(JavaValue*, methodHandle*, JavaCallArguments*, Thread*)+0x6ae
V  [libjvm.dylib+0x323355]  jni_invoke_nonstatic(JNIEnv_*, JavaValue*, _jobject*, JNICallType, _jmethodID*, JNI_ArgumentPusher*, Thread*)+0x2ec
V  [libjvm.dylib+0x315b23]  jni_CallVoidMethod+0x16b
C  [libnativewindow_macosx.jnilib+0x57ae]  Java_jogamp_nativewindow_jawt_macosx_MacOSXJAWTWindow_UnsetJAWTRootSurfaceLayer0+0x2be
C  [Foundation+0x8dd4b]  __NSThreadPerformPerform+0x117
C  [CoreFoundation+0x7e5c1]  __CFRUNLOOP_IS_CALLING_OUT_TO_A_SOURCE0_PERFORM_FUNCTION__+0x11
C  [CoreFoundation+0x70397]  __CFRunLoopDoSources0+0x1a7
C  [CoreFoundation+0x6f93f]  __CFRunLoopRun+0x39f
C  [CoreFoundation+0x6f338]  CFRunLoopRunSpecific+0x128
C  [HIToolbox+0x30935]  RunCurrentEventLoopInMode+0xeb
C  [HIToolbox+0x30677]  ReceiveNextEventCommon+0xb8
C  [HIToolbox+0x305af]  _BlockUntilNextEventMatchingListInModeWithFilter+0x47
C  [AppKit+0x8a0ee]  _DPSNextEvent+0x42b
C  [AppKit+0x456943]  -[NSApplication _nextEventMatchingEventMask:untilDate:inMode:dequeue:]+0x1c6
C  [libosxapp.dylib+0x23aa]  -[NSApplicationAWT nextEventMatchingMask:untilDate:inMode:dequeue:]+0x7c
C  [AppKit+0x7ffc8]  -[NSApplication run]+0x2aa
C  [libosxapp.dylib+0x214d]  +[NSApplicationAWT runAWTLoopWithApp:]+0x9c
C  [libawt_lwawt.dylib+0x4455b]  -[AWTStarter starter:]+0x389
C  [Foundation+0x8dd4b]  __NSThreadPerformPerform+0x117
C  [CoreFoundation+0x7e5c1]  __CFRUNLOOP_IS_CALLING_OUT_TO_A_SOURCE0_PERFORM_FUNCTION__+0x11
C  [CoreFoundation+0x7041c]  __CFRunLoopDoSources0+0x22c
C  [CoreFoundation+0x6f93f]  __CFRunLoopRun+0x39f
C  [CoreFoundation+0x6f338]  CFRunLoopRunSpecific+0x128
C  [java+0x6463]  CreateExecutionEnvironment+0x367
C  [java+0x21ac]  JLI_Launch+0x7a0
C  [java+0x84c0]  main+0x65
C  [java+0x1a04]  start+0x34
C  0x0000000000000008

Java frames: (J=compiled Java code, j=interpreted, Vv=VM code)
j  jogamp.nativewindow.jawt.macosx.MacOSXJAWTWindow.UnsetJAWTRootSurfaceLayer0(JJ)V+0
j  jogamp.nativewindow.jawt.macosx.MacOSXJAWTWindow.access$200(JJ)V+2
j  jogamp.nativewindow.jawt.macosx.MacOSXJAWTWindow$1.run()V+38
J 2205 C1 com.jogamp.common.util.RunnableTask.run()V (345 bytes) @ 0x000000010aee4194 [0x000000010aee4000+0x194]
v  ~StubRoutines::call_stub

---------------  P R O C E S S  ---------------

Java Threads: ( => current thread )
  0x00007f9e2ab56800 JavaThread "Thread-77" [_thread_blocked, id=36615, stack(0x0000700001559000,0x0000700001659000)]
  0x00007f9e2d11c000 JavaThread "Image Fetcher 3" daemon [_thread_blocked, id=79619, stack(0x0000700002921000,0x0000700002a21000)]
  0x00007f9e2e047000 JavaThread "Image Fetcher 2" daemon [_thread_blocked, id=79107, stack(0x000070000281e000,0x000070000291e000)]
  0x00007f9e2d842800 JavaThread "Image Fetcher 1" daemon [_thread_blocked, id=78379, stack(0x000070000271b000,0x000070000281b000)]
  0x00007f9e2b2fe000 JavaThread "Keep-Alive-Timer" daemon [_thread_blocked, id=78663, stack(0x0000700002618000,0x0000700002718000)]
  0x00007f9e2bbce800 JavaThread "Image Fetcher 0" daemon [_thread_blocked, id=73271, stack(0x0000700002086000,0x0000700002186000)]
  0x00007f9e2aa3a800 JavaThread "AWT-EventQueue-1" [_thread_in_native, id=70431, stack(0x0000700001f83000,0x0000700002083000)]
  0x00007f9e2a27d800 JavaThread "DestroyJavaVM" [_thread_blocked, id=5891, stack(0x000070000011a000,0x000070000021a000)]
  0x00007f9e2b0b1000 JavaThread "AWT-EventQueue-0" [_thread_blocked, id=58887, stack(0x0000700001d7d000,0x0000700001e7d000)]
  0x00007f9e2a94b000 JavaThread "Java2D Disposer" daemon [_thread_blocked, id=57619, stack(0x0000700001af4000,0x0000700001bf4000)]
  0x00007f9e2a905000 JavaThread "Java2D Queue Flusher" daemon [_thread_blocked, id=54279, stack(0x00007000019f1000,0x0000700001af1000)]
  0x00007f9e2a867000 JavaThread "AWT-Shutdown" [_thread_blocked, id=32019, stack(0x000070000165f000,0x000070000175f000)]
=>0x00007f9e2a197000 JavaThread "AWT-AppKit" daemon [_thread_in_native, id=2571, stack(0x00007fff56e87000,0x00007fff57687000)]
  0x00007f9e2b001000 JavaThread "Service Thread" daemon [_thread_blocked, id=21251, stack(0x0000700001353000,0x0000700001453000)]
  0x00007f9e2b000000 JavaThread "C1 CompilerThread3" daemon [_thread_blocked, id=20739, stack(0x0000700001250000,0x0000700001350000)]
  0x00007f9e2a82c800 JavaThread "C2 CompilerThread2" daemon [_thread_blocked, id=20227, stack(0x000070000114d000,0x000070000124d000)]
  0x00007f9e2a037000 JavaThread "C2 CompilerThread1" daemon [_thread_blocked, id=19715, stack(0x000070000104a000,0x000070000114a000)]
  0x00007f9e2a82b800 JavaThread "C2 CompilerThread0" daemon [_thread_blocked, id=19203, stack(0x0000700000f47000,0x0000700001047000)]
  0x00007f9e2a02c800 JavaThread "Signal Dispatcher" daemon [_thread_blocked, id=14863, stack(0x0000700000e44000,0x0000700000f44000)]
  0x00007f9e2b800800 JavaThread "Finalizer" daemon [_thread_blocked, id=14339, stack(0x0000700000c3b000,0x0000700000d3b000)]
  0x00007f9e2b006000 JavaThread "Reference Handler" daemon [_thread_blocked, id=13827, stack(0x0000700000b38000,0x0000700000c38000)]

Other Threads:
  0x00007f9e2a02b000 VMThread [stack: 0x0000700000a35000,0x0000700000b35000] [id=13315]
  0x00007f9e2a02d800 WatcherThread [stack: 0x0000700001456000,0x0000700001556000] [id=21763]

VM state:not at safepoint (normal execution)

VM Mutex/Monitor currently owned by a thread: None

Heap:
 PSYoungGen      total 76288K, used 64616K [0x000000076ab00000, 0x0000000770000000, 0x00000007c0000000)
  eden space 65536K, 82% used [0x000000076ab00000,0x000000076df9a8b0,0x000000076eb00000)
  from space 10752K, 99% used [0x000000076f580000,0x000000076ffffa78,0x0000000770000000)
  to   space 10752K, 0% used [0x000000076eb00000,0x000000076eb00000,0x000000076f580000)
 ParOldGen       total 175104K, used 14405K [0x00000006c0000000, 0x00000006cab00000, 0x000000076ab00000)
  object space 175104K, 8% used [0x00000006c0000000,0x00000006c0e11458,0x00000006cab00000)
 Metaspace       used 19432K, capacity 19655K, committed 19968K, reserved 1067008K
  class space    used 1909K, capacity 1986K, committed 2048K, reserved 1048576K

Card table byte_map: [0x0000000119ba8000,0x000000011a3a9000] byte_map_base: 0x00000001165a8000

Marking Bits: (ParMarkBitMap*) 0x000000010a0e6eb0
 Begin Bits: [0x000000011a8ff000, 0x000000011e8ff000)
 End Bits:   [0x000000011e8ff000, 0x00000001228ff000)

Polling page: 0x00000001087f9000

CodeCache: size=245760Kb used=7352Kb max_used=7352Kb free=238407Kb
 bounds [0x000000010a7e8000, 0x000000010af28000, 0x00000001197e8000]
 total_blobs=2936 nmethods=2056 adapters=793
 compilation: enabled

Compilation events (10 events):
Event: 8.716 Thread 0x00007f9e2b000000 2269       1       sun.java2d.SurfaceData::isValid (5 bytes)
Event: 8.716 Thread 0x00007f9e2b000000 nmethod 2269 0x000000010af1b650 code [0x000000010af1b7a0, 0x000000010af1b8b0]
Event: 8.716 Thread 0x00007f9e2b000000 2270       3       sun.java2d.pipe.RenderBuffer::putFloat (26 bytes)
Event: 8.716 Thread 0x00007f9e2b000000 nmethod 2270 0x000000010af1b910 code [0x000000010af1ba80, 0x000000010af1bc10]
Event: 8.717 Thread 0x00007f9e2b000000 2272       3       jogamp.opengl.macosx.cgl.MacOSXCGLContext::drawableUpdatedNotify (117 bytes)
Event: 8.718 Thread 0x00007f9e2b000000 nmethod 2272 0x000000010af1bcd0 code [0x000000010af1bf00, 0x000000010af1cb88]
Event: 8.718 Thread 0x00007f9e2b000000 2273       3       com.jogamp.opengl.FBObject::bind (92 bytes)
Event: 8.719 Thread 0x00007f9e2b000000 nmethod 2273 0x000000010af1d050 code [0x000000010af1d240, 0x000000010af1dd98]
Event: 8.729 Thread 0x00007f9e2b000000 2274       3       sun.font.FontDesignMetrics::getLatinCharWidth (29 bytes)
Event: 8.729 Thread 0x00007f9e2b000000 nmethod 2274 0x000000010af1e0d0 code [0x000000010af1e280, 0x000000010af1e5c8]

GC Heap History (4 events):
Event: 2.418 GC heap before
{Heap before GC invocations=1 (full 0):
 PSYoungGen      total 76288K, used 65536K [0x000000076ab00000, 0x0000000770000000, 0x00000007c0000000)
  eden space 65536K, 100% used [0x000000076ab00000,0x000000076eb00000,0x000000076eb00000)
  from space 10752K, 0% used [0x000000076f580000,0x000000076f580000,0x0000000770000000)
  to   space 10752K, 0% used [0x000000076eb00000,0x000000076eb00000,0x000000076f580000)
 ParOldGen       total 175104K, used 0K [0x00000006c0000000, 0x00000006cab00000, 0x000000076ab00000)
  object space 175104K, 0% used [0x00000006c0000000,0x00000006c0000000,0x00000006cab00000)
 Metaspace       used 18350K, capacity 18521K, committed 18688K, reserved 1067008K
  class space    used 1866K, capacity 1949K, committed 2048K, reserved 1048576K
Event: 2.428 GC heap after
Heap after GC invocations=1 (full 0):
 PSYoungGen      total 76288K, used 10742K [0x000000076ab00000, 0x0000000770000000, 0x00000007c0000000)
  eden space 65536K, 0% used [0x000000076ab00000,0x000000076ab00000,0x000000076eb00000)
  from space 10752K, 99% used [0x000000076eb00000,0x000000076f57d9a0,0x000000076f580000)
  to   space 10752K, 0% used [0x000000076f580000,0x000000076f580000,0x0000000770000000)
 ParOldGen       total 175104K, used 3393K [0x00000006c0000000, 0x00000006cab00000, 0x000000076ab00000)
  object space 175104K, 1% used [0x00000006c0000000,0x00000006c03505e8,0x00000006cab00000)
 Metaspace       used 18350K, capacity 18521K, committed 18688K, reserved 1067008K
  class space    used 1866K, capacity 1949K, committed 2048K, reserved 1048576K
}
Event: 4.407 GC heap before
{Heap before GC invocations=2 (full 0):
 PSYoungGen      total 76288K, used 76188K [0x000000076ab00000, 0x0000000770000000, 0x00000007c0000000)
  eden space 65536K, 99% used [0x000000076ab00000,0x000000076eae96a8,0x000000076eb00000)
  from space 10752K, 99% used [0x000000076eb00000,0x000000076f57d9a0,0x000000076f580000)
  to   space 10752K, 0% used [0x000000076f580000,0x000000076f580000,0x0000000770000000)
 ParOldGen       total 175104K, used 3649K [0x00000006c0000000, 0x00000006cab00000, 0x000000076ab00000)
  object space 175104K, 2% used [0x00000006c0000000,0x00000006c03905f8,0x00000006cab00000)
 Metaspace       used 19006K, capacity 19207K, committed 19456K, reserved 1067008K
  class space    used 1901K, capacity 1986K, committed 2048K, reserved 1048576K
Event: 4.420 GC heap after
Heap after GC invocations=2 (full 0):
 PSYoungGen      total 76288K, used 10750K [0x000000076ab00000, 0x0000000770000000, 0x00000007c0000000)
  eden space 65536K, 0% used [0x000000076ab00000,0x000000076ab00000,0x000000076eb00000)
  from space 10752K, 99% used [0x000000076f580000,0x000000076ffffa78,0x0000000770000000)
  to   space 10752K, 0% used [0x000000076eb00000,0x000000076eb00000,0x000000076f580000)
 ParOldGen       total 175104K, used 14405K [0x00000006c0000000, 0x00000006cab00000, 0x000000076ab00000)
  object space 175104K, 8% used [0x00000006c0000000,0x00000006c0e11458,0x00000006cab00000)
 Metaspace       used 19006K, capacity 19207K, committed 19456K, reserved 1067008K
  class space    used 1901K, capacity 1986K, committed 2048K, reserved 1048576K
}

Deoptimization events (10 events):
Event: 2.116 Thread 0x00007f9e2aa3a800 Uncommon trap: reason=unstable_if action=reinterpret pc=0x000000010a98bf54 method=java.lang.AbstractStringBuilder.append(Ljava/lang/String;)Ljava/lang/AbstractStringBuilder; @ 1
Event: 2.229 Thread 0x00007f9e2aa3a800 Uncommon trap: reason=unstable_if action=reinterpret pc=0x000000010ab9533c method=com.jogamp.common.util.IntIntHashMap.get(I)I @ 28
Event: 3.784 Thread 0x00007f9e2aa3a800 Uncommon trap: reason=unstable_if action=reinterpret pc=0x000000010ac6912c method=sun.misc.FloatingDecimal$BinaryToASCIIBuffer.developLongDigits(IJI)V @ 104
Event: 3.785 Thread 0x00007f9e2aa3a800 Uncommon trap: reason=unstable_if action=reinterpret pc=0x000000010ac57f6c method=sun.misc.FloatingDecimal$BinaryToASCIIBuffer.getChars([C)I @ 94
Event: 3.785 Thread 0x00007f9e2aa3a800 Uncommon trap: reason=unstable_if action=reinterpret pc=0x000000010ac2e1b8 method=java.text.DigitList.getDataChars(I)[C @ 13
Event: 3.785 Thread 0x00007f9e2aa3a800 Uncommon trap: reason=unstable_if action=reinterpret pc=0x000000010ac745dc method=java.text.DecimalFormat.subformat(Ljava/lang/StringBuffer;Ljava/text/Format$FieldDelegate;ZZIIII)Ljava/lang/StringBuffer; @ 753
Event: 3.818 Thread 0x00007f9e2aa3a800 Uncommon trap: reason=unstable_if action=reinterpret pc=0x000000010ade89f4 method=java.lang.Long.numberOfTrailingZeros(J)I @ 44
Event: 3.871 Thread 0x00007f9e2aa3a800 Uncommon trap: reason=unstable_if action=reinterpret pc=0x000000010ac5c6a4 method=java.lang.Math.round(F)I @ 36
Event: 8.715 Thread 0x00007f9e2a1e6800 Uncommon trap: reason=unstable_if action=reinterpret pc=0x000000010aeecb04 method=java.util.HashMap.putVal(ILjava/lang/Object;Ljava/lang/Object;ZZ)Ljava/lang/Object; @ 81
Event: 8.728 Thread 0x00007f9e2aa3a800 Uncommon trap: reason=unstable_if action=reinterpret pc=0x000000010ac0c98c method=java.security.AccessControlContext.optimize()Ljava/security/AccessControlContext; @ 233

Internal exceptions (10 events):
Event: 0.117 Thread 0x00007f9e2a806800 Exception <a 'java/lang/NoSuchFieldError': method resolution failed> (0x000000076ada6438) thrown at [/Users/java_re/workspace/8-2-build-macosx-x86_64/jdk8u91/6644/hotspot/src/share/vm/prims/methodHandles.cpp, line 1146]
Event: 0.118 Thread 0x00007f9e2a806800 Exception <a 'java/lang/NoSuchFieldError': method resolution failed> (0x000000076adb3c08) thrown at [/Users/java_re/workspace/8-2-build-macosx-x86_64/jdk8u91/6644/hotspot/src/share/vm/prims/methodHandles.cpp, line 1146]
Event: 0.276 Thread 0x00007f9e2a806800 Exception <a 'java/io/FileNotFoundException'> (0x000000076ae2fd40) thrown at [/Users/java_re/workspace/8-2-build-macosx-x86_64/jdk8u91/6644/hotspot/src/share/vm/prims/jni.cpp, line 709]
Event: 0.276 Thread 0x00007f9e2a806800 Exception <a 'java/io/FileNotFoundException'> (0x000000076ae308a0) thrown at [/Users/java_re/workspace/8-2-build-macosx-x86_64/jdk8u91/6644/hotspot/src/share/vm/prims/jni.cpp, line 709]
Event: 0.370 Thread 0x00007f9e2a806800 Exception <a 'java/io/FileNotFoundException'> (0x000000076aec4588) thrown at [/Users/java_re/workspace/8-2-build-macosx-x86_64/jdk8u91/6644/hotspot/src/share/vm/prims/jni.cpp, line 709]
Event: 1.427 Thread 0x00007f9e2a28c000 Exception <a 'java/lang/UnsatisfiedLinkError': com.jogamp.common.util.JarUtil.fixNativeLibAttribs(Ljava/lang/String;)Z> (0x000000076c64e700) thrown at [/Users/java_re/workspace/8-2-build-macosx-x86_64/jdk8u91/6644/hotspot/src/share/vm/prims/nativeLookup.c
Event: 2.116 Thread 0x00007f9e2aa3a800 Exception <a 'java/io/FileNotFoundException'> (0x000000076d5a8110) thrown at [/Users/java_re/workspace/8-2-build-macosx-x86_64/jdk8u91/6644/hotspot/src/share/vm/prims/jni.cpp, line 709]
Event: 2.116 Thread 0x00007f9e2aa3a800 Exception <a 'java/io/FileNotFoundException'> (0x000000076d5adf80) thrown at [/Users/java_re/workspace/8-2-build-macosx-x86_64/jdk8u91/6644/hotspot/src/share/vm/prims/jni.cpp, line 709]
Event: 2.116 Thread 0x00007f9e2aa3a800 Implicit null exception at 0x000000010a98bbb5 to 0x000000010a98bf41
Event: 2.430 Thread 0x00007f9e2b800800 Exception <a 'java/lang/NullPointerException'> (0x000000076ad48a40) thrown at [/Users/java_re/workspace/8-2-build-macosx-x86_64/jdk8u91/6644/hotspot/src/share/vm/interpreter/linkResolver.cpp, line 1178]

Events (10 events):
Event: 8.728 loading class java/awt/LightweightDispatcher$2 done
Event: 8.728 loading class java/awt/event/AWTEventListenerProxy
Event: 8.728 loading class java/awt/event/AWTEventListenerProxy done
Event: 8.728 loading class java/awt/Toolkit$ToolkitEventMulticaster
Event: 8.728 loading class java/awt/Toolkit$ToolkitEventMulticaster done
Event: 8.728 Thread 0x00007f9e2a1e6800 Thread exited: 0x00007f9e2a1e6800
Event: 8.728 loading class java/lang/IllegalThreadStateException
Event: 8.728 loading class java/lang/IllegalThreadStateException done
Event: 8.729 loading class java/awt/Window$1DisposeAction
Event: 8.729 loading class java/awt/Window$1DisposeAction done


Dynamic libraries:
0x0000000009449000 	/System/Library/Frameworks/Cocoa.framework/Versions/A/Cocoa
0x0000000009449000 	/System/Library/Frameworks/Security.framework/Versions/A/Security
0x0000000009449000 	/System/Library/Frameworks/ApplicationServices.framework/Versions/A/ApplicationServices
0x0000000009449000 	/usr/lib/libz.1.dylib
0x0000000009449000 	/usr/lib/libSystem.B.dylib
0x0000000009449000 	/usr/lib/libobjc.A.dylib
0x0000000009449000 	/System/Library/Frameworks/CoreFoundation.framework/Versions/A/CoreFoundation
0x0000000009449000 	/System/Library/Frameworks/Foundation.framework/Versions/C/Foundation
0x0000000009449000 	/System/Library/Frameworks/AppKit.framework/Versions/C/AppKit
0x0000000009449000 	/System/Library/Frameworks/CoreData.framework/Versions/A/CoreData
0x0000000009449000 	/System/Library/PrivateFrameworks/RemoteViewServices.framework/Versions/A/RemoteViewServices
0x0000000009449000 	/System/Library/PrivateFrameworks/UIFoundation.framework/Versions/A/UIFoundation
0x0000000009449000 	/usr/lib/libScreenReader.dylib
0x0000000009449000 	/System/Library/Frameworks/Accelerate.framework/Versions/A/Accelerate
0x0000000009449000 	/System/Library/Frameworks/IOSurface.framework/Versions/A/IOSurface
0x0000000009449000 	/System/Library/Frameworks/AudioToolbox.framework/Versions/A/AudioToolbox
0x0000000009449000 	/System/Library/Frameworks/AudioUnit.framework/Versions/A/AudioUnit
0x0000000009449000 	/System/Library/PrivateFrameworks/DataDetectorsCore.framework/Versions/A/DataDetectorsCore
0x0000000009449000 	/System/Library/PrivateFrameworks/DesktopServicesPriv.framework/Versions/A/DesktopServicesPriv
0x0000000009449000 	/System/Library/Frameworks/Carbon.framework/Versions/A/Frameworks/HIToolbox.framework/Versions/A/HIToolbox
0x0000000009449000 	/System/Library/Frameworks/QuartzCore.framework/Versions/A/QuartzCore
0x0000000009449000 	/System/Library/Frameworks/Carbon.framework/Versions/A/Frameworks/SpeechRecognition.framework/Versions/A/SpeechRecognition
0x0000000009449000 	/usr/lib/libauto.dylib
0x0000000009449000 	/usr/lib/libicucore.A.dylib
0x0000000009449000 	/usr/lib/libxml2.2.dylib
0x0000000009449000 	/System/Library/PrivateFrameworks/CoreUI.framework/Versions/A/CoreUI
0x0000000009449000 	/System/Library/Frameworks/CoreAudio.framework/Versions/A/CoreAudio
0x0000000009449000 	/System/Library/Frameworks/DiskArbitration.framework/Versions/A/DiskArbitration
0x0000000009449000 	/usr/lib/liblangid.dylib
0x0000000009449000 	/System/Library/PrivateFrameworks/MultitouchSupport.framework/Versions/A/MultitouchSupport
0x0000000009449000 	/System/Library/Frameworks/IOKit.framework/Versions/A/IOKit
0x0000000009449000 	/usr/lib/libDiagnosticMessagesClient.dylib
0x0000000009449000 	/System/Library/Frameworks/CoreServices.framework/Versions/A/CoreServices
0x0000000009449000 	/System/Library/PrivateFrameworks/PerformanceAnalysis.framework/Versions/A/PerformanceAnalysis
0x0000000009449000 	/System/Library/PrivateFrameworks/GenerationalStorage.framework/Versions/A/GenerationalStorage
0x0000000009449000 	/System/Library/Frameworks/OpenGL.framework/Versions/A/OpenGL
0x0000000009449000 	/System/Library/PrivateFrameworks/Sharing.framework/Versions/A/Sharing
0x0000000009449000 	/System/Library/Frameworks/CoreGraphics.framework/Versions/A/CoreGraphics
0x0000000009449000 	/System/Library/Frameworks/CoreImage.framework/Versions/A/CoreImage
0x0000000009449000 	/System/Library/Frameworks/CoreText.framework/Versions/A/CoreText
0x0000000009449000 	/System/Library/Frameworks/ImageIO.framework/Versions/A/ImageIO
0x0000000009449000 	/System/Library/PrivateFrameworks/Backup.framework/Versions/A/Backup
0x0000000009449000 	/usr/lib/libextension.dylib
0x0000000009449000 	/usr/lib/libarchive.2.dylib
0x0000000009449000 	/System/Library/Frameworks/CFNetwork.framework/Versions/A/CFNetwork
0x0000000009449000 	/System/Library/Frameworks/SystemConfiguration.framework/Versions/A/SystemConfiguration
0x0000000009449000 	/usr/lib/libCRFSuite.dylib
0x0000000009449000 	/usr/lib/libc++.1.dylib
0x0000000009449000 	/usr/lib/libc++abi.dylib
0x0000000009449000 	/usr/lib/system/libcache.dylib
0x0000000009449000 	/usr/lib/system/libcommonCrypto.dylib
0x0000000009449000 	/usr/lib/system/libcompiler_rt.dylib
0x0000000009449000 	/usr/lib/system/libcopyfile.dylib
0x0000000009449000 	/usr/lib/system/libcorecrypto.dylib
0x0000000009449000 	/usr/lib/system/libdispatch.dylib
0x0000000009449000 	/usr/lib/system/libdyld.dylib
0x0000000009449000 	/usr/lib/system/libkeymgr.dylib
0x0000000009449000 	/usr/lib/system/liblaunch.dylib
0x0000000009449000 	/usr/lib/system/libmacho.dylib
0x0000000009449000 	/usr/lib/system/libquarantine.dylib
0x0000000009449000 	/usr/lib/system/libremovefile.dylib
0x0000000009449000 	/usr/lib/system/libsystem_asl.dylib
0x0000000009449000 	/usr/lib/system/libsystem_blocks.dylib
0x0000000009449000 	/usr/lib/system/libsystem_c.dylib
0x0000000009449000 	/usr/lib/system/libsystem_configuration.dylib
0x0000000009449000 	/usr/lib/system/libsystem_coreservices.dylib
0x0000000009449000 	/usr/lib/system/libsystem_coretls.dylib
0x0000000009449000 	/usr/lib/system/libsystem_dnssd.dylib
0x0000000009449000 	/usr/lib/system/libsystem_info.dylib
0x0000000009449000 	/usr/lib/system/libsystem_kernel.dylib
0x0000000009449000 	/usr/lib/system/libsystem_m.dylib
0x0000000009449000 	/usr/lib/system/libsystem_malloc.dylib
0x0000000009449000 	/usr/lib/system/libsystem_network.dylib
0x0000000009449000 	/usr/lib/system/libsystem_networkextension.dylib
0x0000000009449000 	/usr/lib/system/libsystem_notify.dylib
0x0000000009449000 	/usr/lib/system/libsystem_platform.dylib
0x0000000009449000 	/usr/lib/system/libsystem_pthread.dylib
0x0000000009449000 	/usr/lib/system/libsystem_sandbox.dylib
0x0000000009449000 	/usr/lib/system/libsystem_secinit.dylib
0x0000000009449000 	/usr/lib/system/libsystem_trace.dylib
0x0000000009449000 	/usr/lib/system/libunc.dylib
0x0000000009449000 	/usr/lib/system/libunwind.dylib
0x0000000009449000 	/usr/lib/system/libxpc.dylib
0x0000000009449000 	/usr/lib/libenergytrace.dylib
0x0000000009449000 	/usr/lib/libbsm.0.dylib
0x0000000009449000 	/usr/lib/system/libkxld.dylib
0x0000000009449000 	/usr/lib/libxar.1.dylib
0x0000000009449000 	/usr/lib/libsqlite3.dylib
0x0000000009449000 	/usr/lib/libpam.2.dylib
0x0000000009449000 	/usr/lib/libOpenScriptingUtil.dylib
0x0000000009449000 	/usr/lib/libbz2.1.0.dylib
0x0000000009449000 	/usr/lib/liblzma.5.dylib
0x0000000009449000 	/System/Library/Frameworks/CoreServices.framework/Versions/A/Frameworks/FSEvents.framework/Versions/A/FSEvents
0x0000000009449000 	/System/Library/Frameworks/CoreServices.framework/Versions/A/Frameworks/CarbonCore.framework/Versions/A/CarbonCore
0x0000000009449000 	/System/Library/Frameworks/CoreServices.framework/Versions/A/Frameworks/Metadata.framework/Versions/A/Metadata
0x0000000009449000 	/System/Library/Frameworks/CoreServices.framework/Versions/A/Frameworks/OSServices.framework/Versions/A/OSServices
0x0000000009449000 	/System/Library/Frameworks/CoreServices.framework/Versions/A/Frameworks/SearchKit.framework/Versions/A/SearchKit
0x0000000009449000 	/System/Library/Frameworks/CoreServices.framework/Versions/A/Frameworks/AE.framework/Versions/A/AE
0x0000000009449000 	/System/Library/Frameworks/CoreServices.framework/Versions/A/Frameworks/LaunchServices.framework/Versions/A/LaunchServices
0x0000000009449000 	/System/Library/Frameworks/CoreServices.framework/Versions/A/Frameworks/DictionaryServices.framework/Versions/A/DictionaryServices
0x0000000009449000 	/System/Library/Frameworks/CoreServices.framework/Versions/A/Frameworks/SharedFileList.framework/Versions/A/SharedFileList
0x0000000009449000 	/System/Library/Frameworks/NetFS.framework/Versions/A/NetFS
0x0000000009449000 	/System/Library/PrivateFrameworks/NetAuth.framework/Versions/A/NetAuth
0x0000000009449000 	/System/Library/PrivateFrameworks/login.framework/Versions/A/Frameworks/loginsupport.framework/Versions/A/loginsupport
0x0000000009449000 	/System/Library/PrivateFrameworks/TCC.framework/Versions/A/TCC
0x0000000009449000 	/usr/lib/libmecabra.dylib
0x0000000009449000 	/System/Library/Frameworks/ApplicationServices.framework/Versions/A/Frameworks/ATS.framework/Versions/A/ATS
0x0000000009449000 	/System/Library/Frameworks/ApplicationServices.framework/Versions/A/Frameworks/ColorSync.framework/Versions/A/ColorSync
0x0000000009449000 	/System/Library/Frameworks/ApplicationServices.framework/Versions/A/Frameworks/HIServices.framework/Versions/A/HIServices
0x0000000009449000 	/System/Library/Frameworks/ApplicationServices.framework/Versions/A/Frameworks/LangAnalysis.framework/Versions/A/LangAnalysis
0x0000000009449000 	/System/Library/Frameworks/ApplicationServices.framework/Versions/A/Frameworks/PrintCore.framework/Versions/A/PrintCore
0x0000000009449000 	/System/Library/Frameworks/ApplicationServices.framework/Versions/A/Frameworks/QD.framework/Versions/A/QD
0x0000000009449000 	/System/Library/Frameworks/ApplicationServices.framework/Versions/A/Frameworks/SpeechSynthesis.framework/Versions/A/SpeechSynthesis
0x0000000009449000 	/System/Library/Frameworks/Metal.framework/Versions/A/Metal
0x0000000009449000 	/System/Library/Frameworks/Accelerate.framework/Versions/A/Frameworks/vImage.framework/Versions/A/vImage
0x0000000009449000 	/System/Library/Frameworks/Accelerate.framework/Versions/A/Frameworks/vecLib.framework/Versions/A/vecLib
0x0000000009449000 	/System/Library/Frameworks/Accelerate.framework/Versions/A/Frameworks/vecLib.framework/Versions/A/libvDSP.dylib
0x0000000009449000 	/System/Library/Frameworks/Accelerate.framework/Versions/A/Frameworks/vecLib.framework/Versions/A/libvMisc.dylib
0x0000000009449000 	/System/Library/Frameworks/Accelerate.framework/Versions/A/Frameworks/vecLib.framework/Versions/A/libLAPACK.dylib
0x0000000009449000 	/System/Library/Frameworks/Accelerate.framework/Versions/A/Frameworks/vecLib.framework/Versions/A/libBLAS.dylib
0x0000000009449000 	/System/Library/Frameworks/Accelerate.framework/Versions/A/Frameworks/vecLib.framework/Versions/A/libLinearAlgebra.dylib
0x0000000009449000 	/System/Library/Frameworks/Accelerate.framework/Versions/A/Frameworks/vecLib.framework/Versions/A/libSparseBLAS.dylib
0x0000000009449000 	/System/Library/PrivateFrameworks/GPUCompiler.framework/libmetal_timestamp.dylib
0x0000000009449000 	/System/Library/Frameworks/OpenGL.framework/Versions/A/Libraries/libCoreFSCache.dylib
0x0000000009449000 	/System/Library/PrivateFrameworks/IOAccelerator.framework/Versions/A/IOAccelerator
0x0000000009449000 	/System/Library/Frameworks/ApplicationServices.framework/Versions/A/Frameworks/ATS.framework/Versions/A/Resources/libFontParser.dylib
0x0000000009449000 	/System/Library/Frameworks/ApplicationServices.framework/Versions/A/Frameworks/ATS.framework/Versions/A/Resources/libFontRegistry.dylib
0x0000000009449000 	/System/Library/PrivateFrameworks/AppleVPA.framework/Versions/A/AppleVPA
0x0000000009449000 	/System/Library/PrivateFrameworks/AppleJPEG.framework/Versions/A/AppleJPEG
0x0000000009449000 	/System/Library/Frameworks/ImageIO.framework/Versions/A/Resources/libJPEG.dylib
0x0000000009449000 	/System/Library/Frameworks/ImageIO.framework/Versions/A/Resources/libTIFF.dylib
0x0000000009449000 	/System/Library/Frameworks/ImageIO.framework/Versions/A/Resources/libPng.dylib
0x0000000009449000 	/System/Library/Frameworks/ImageIO.framework/Versions/A/Resources/libGIF.dylib
0x0000000009449000 	/System/Library/Frameworks/ImageIO.framework/Versions/A/Resources/libJP2.dylib
0x0000000009449000 	/System/Library/Frameworks/ImageIO.framework/Versions/A/Resources/libRadiance.dylib
0x0000000009449000 	/System/Library/Frameworks/CoreVideo.framework/Versions/A/CoreVideo
0x0000000009449000 	/System/Library/Frameworks/OpenGL.framework/Versions/A/Libraries/libGLU.dylib
0x0000000009449000 	/System/Library/Frameworks/OpenGL.framework/Versions/A/Libraries/libGFXShared.dylib
0x0000000009449000 	/System/Library/Frameworks/OpenGL.framework/Versions/A/Libraries/libGL.dylib
0x0000000009449000 	/System/Library/Frameworks/OpenGL.framework/Versions/A/Libraries/libGLImage.dylib
0x0000000009449000 	/System/Library/Frameworks/OpenGL.framework/Versions/A/Libraries/libCVMSPluginSupport.dylib
0x0000000009449000 	/System/Library/Frameworks/OpenGL.framework/Versions/A/Libraries/libCoreVMClient.dylib
0x0000000009449000 	/usr/lib/libcups.2.dylib
0x0000000009449000 	/System/Library/Frameworks/Kerberos.framework/Versions/A/Kerberos
0x0000000009449000 	/System/Library/Frameworks/GSS.framework/Versions/A/GSS
0x0000000009449000 	/usr/lib/libresolv.9.dylib
0x0000000009449000 	/usr/lib/libiconv.2.dylib
0x0000000009449000 	/System/Library/PrivateFrameworks/Heimdal.framework/Versions/A/Heimdal
0x0000000009449000 	/usr/lib/libheimdal-asn1.dylib
0x0000000009449000 	/System/Library/Frameworks/OpenDirectory.framework/Versions/A/OpenDirectory
0x0000000009449000 	/System/Library/PrivateFrameworks/CommonAuth.framework/Versions/A/CommonAuth
0x0000000009449000 	/System/Library/Frameworks/OpenDirectory.framework/Versions/A/Frameworks/CFOpenDirectory.framework/Versions/A/CFOpenDirectory
0x0000000009449000 	/System/Library/Frameworks/SecurityFoundation.framework/Versions/A/SecurityFoundation
0x0000000009449000 	/System/Library/PrivateFrameworks/LanguageModeling.framework/Versions/A/LanguageModeling
0x0000000009449000 	/usr/lib/libmarisa.dylib
0x0000000009449000 	/usr/lib/libChineseTokenizer.dylib
0x0000000009449000 	/usr/lib/libcmph.dylib
0x0000000009449000 	/usr/lib/libcompression.dylib
0x0000000009449000 	/System/Library/Frameworks/ServiceManagement.framework/Versions/A/ServiceManagement
0x0000000009449000 	/usr/lib/libxslt.1.dylib
0x0000000009449000 	/System/Library/Frameworks/Carbon.framework/Versions/A/Frameworks/Ink.framework/Versions/A/Ink
0x0000000009449000 	/usr/lib/libFosl_dynamic.dylib
0x0000000009449000 	/System/Library/PrivateFrameworks/FaceCore.framework/Versions/A/FaceCore
0x0000000009449000 	/System/Library/Frameworks/OpenCL.framework/Versions/A/OpenCL
0x0000000009449000 	/System/Library/PrivateFrameworks/CrashReporterSupport.framework/Versions/A/CrashReporterSupport
0x0000000009449000 	/System/Library/PrivateFrameworks/IconServices.framework/Versions/A/IconServices
0x0000000009449000 	/System/Library/PrivateFrameworks/Apple80211.framework/Versions/A/Apple80211
0x0000000009449000 	/System/Library/Frameworks/CoreWLAN.framework/Versions/A/CoreWLAN
0x0000000009449000 	/System/Library/Frameworks/IOBluetooth.framework/Versions/A/IOBluetooth
0x0000000009449000 	/System/Library/PrivateFrameworks/CoreWiFi.framework/Versions/A/CoreWiFi
0x0000000009449000 	/System/Library/Frameworks/CoreBluetooth.framework/Versions/A/CoreBluetooth
0x0000000009449000 	/System/Library/PrivateFrameworks/ChunkingLibrary.framework/Versions/A/ChunkingLibrary
0x0000000009449000 	/System/Library/PrivateFrameworks/DebugSymbols.framework/Versions/A/DebugSymbols
0x0000000009449000 	/System/Library/PrivateFrameworks/CoreSymbolication.framework/Versions/A/CoreSymbolication
0x0000000009449000 	/System/Library/PrivateFrameworks/Symbolication.framework/Versions/A/Symbolication
0x0000000009449000 	/System/Library/PrivateFrameworks/SpeechRecognitionCore.framework/Versions/A/SpeechRecognitionCore
0x0000000109800000 	/Library/Java/JavaVirtualMachines/jdk1.8.0_91.jdk/Contents/Home/jre/lib/server/libjvm.dylib
0x0000000009449000 	/usr/lib/libstdc++.6.dylib
0x000000010a794000 	/Library/Java/JavaVirtualMachines/jdk1.8.0_91.jdk/Contents/Home/jre/lib/libverify.dylib
0x000000010a7a2000 	/Library/Java/JavaVirtualMachines/jdk1.8.0_91.jdk/Contents/Home/jre/lib/libjava.dylib
0x000000010a7df000 	/Library/Java/JavaVirtualMachines/jdk1.8.0_91.jdk/Contents/Home/jre/lib/libzip.dylib
0x000000012589d000 	/System/Library/Frameworks/JavaVM.framework/Frameworks/JavaRuntimeSupport.framework/JavaRuntimeSupport
0x00000001258b8000 	/System/Library/Frameworks/JavaVM.framework/Versions/A/Frameworks/JavaNativeFoundation.framework/Versions/A/JavaNativeFoundation
0x00000001258cd000 	/System/Library/Frameworks/JavaVM.framework/Versions/A/JavaVM
0x0000000009449000 	/System/Library/Frameworks/Carbon.framework/Versions/A/Carbon
0x00000001258da000 	/System/Library/PrivateFrameworks/JavaLaunching.framework/Versions/A/JavaLaunching
0x0000000009449000 	/System/Library/Frameworks/Carbon.framework/Versions/A/Frameworks/CommonPanels.framework/Versions/A/CommonPanels
0x0000000009449000 	/System/Library/Frameworks/Carbon.framework/Versions/A/Frameworks/Help.framework/Versions/A/Help
0x0000000009449000 	/System/Library/Frameworks/Carbon.framework/Versions/A/Frameworks/ImageCapture.framework/Versions/A/ImageCapture
0x0000000009449000 	/System/Library/Frameworks/Carbon.framework/Versions/A/Frameworks/OpenScripting.framework/Versions/A/OpenScripting
0x0000000009449000 	/System/Library/Frameworks/Carbon.framework/Versions/A/Frameworks/Print.framework/Versions/A/Print
0x0000000009449000 	/System/Library/Frameworks/Carbon.framework/Versions/A/Frameworks/SecurityHI.framework/Versions/A/SecurityHI
0x00000001271f9000 	/Library/Java/JavaVirtualMachines/jdk1.8.0_91.jdk/Contents/Home/jre/lib/libawt.dylib
0x00000001272a1000 	/Library/Java/JavaVirtualMachines/jdk1.8.0_91.jdk/Contents/Home/jre/lib/./libmlib_image.dylib
0x000000012736d000 	/Library/Java/JavaVirtualMachines/jdk1.8.0_91.jdk/Contents/Home/jre/lib/libawt_lwawt.dylib
0x0000000127422000 	/Library/Java/JavaVirtualMachines/jdk1.8.0_91.jdk/Contents/Home/jre/lib/./libosxapp.dylib
0x0000000009449000 	/System/Library/Frameworks/ExceptionHandling.framework/Versions/A/ExceptionHandling
0x0000000009449000 	/System/Library/PrivateFrameworks/CoreServicesInternal.framework/Versions/A/CoreServicesInternal
0x0000000009449000 	/System/Library/Frameworks/CoreGraphics.framework/Versions/A/Resources/libRIP.A.dylib
0x0000000009449000 	/System/Library/Frameworks/Accelerate.framework/Versions/A/Frameworks/vImage.framework/Versions/A/Libraries/libCGInterfaces.dylib
0x0000000009449000 	/System/Library/Frameworks/CoreGraphics.framework/Versions/A/Resources/libCGXType.A.dylib
0x0000000009449000 	/System/Library/Frameworks/OpenCL.framework/Versions/A/Libraries/libcldcpuengine.dylib
0x0000000009449000 	/System/Library/PrivateFrameworks/DiskImages.framework/Versions/A/DiskImages
0x0000000009449000 	/System/Library/Frameworks/DiscRecording.framework/Versions/A/DiscRecording
0x0000000009449000 	/usr/lib/libcsfde.dylib
0x0000000009449000 	/usr/lib/libcurl.4.dylib
0x0000000009449000 	/System/Library/PrivateFrameworks/MediaKit.framework/Versions/A/MediaKit
0x0000000009449000 	/System/Library/PrivateFrameworks/ProtectedCloudStorage.framework/Versions/A/ProtectedCloudStorage
0x0000000009449000 	/usr/lib/libCoreStorage.dylib
0x0000000009449000 	/System/Library/PrivateFrameworks/EFILogin.framework/Versions/A/EFILogin
0x0000000009449000 	/usr/lib/libutil.dylib
0x0000000009449000 	/System/Library/PrivateFrameworks/FindMyDevice.framework/Versions/A/FindMyDevice
0x0000000009449000 	/System/Library/Frameworks/LDAP.framework/Versions/A/LDAP
0x0000000009449000 	/usr/lib/libsasl2.2.dylib
0x0000000009449000 	/System/Library/PrivateFrameworks/CoreDaemon.framework/Versions/B/CoreDaemon
0x0000000009449000 	/usr/lib/libcrypto.0.9.8.dylib
0x0000000009449000 	/System/Library/PrivateFrameworks/AppleSRP.framework/Versions/A/AppleSRP
0x0000000009449000 	/System/Library/PrivateFrameworks/TrustEvaluationAgent.framework/Versions/A/TrustEvaluationAgent
0x0000000129089000 	cl_kernels
0x0000000009449000 	/System/Library/Frameworks/OpenCL.framework/Versions/A/Libraries/ImageFormats/unorm8_bgra.dylib
0x0000000009449000 	/System/Library/Frameworks/OpenCL.framework/Versions/A/Libraries/ImageFormats/unorm8_rgba.dylib
0x0000000009449000 	/System/Library/PrivateFrameworks/FamilyControls.framework/Versions/A/FamilyControls
0x0000000009449000 	/System/Library/PrivateFrameworks/CommerceKit.framework/Versions/A/Frameworks/CommerceCore.framework/Versions/A/CommerceCore
0x0000000009449000 	/System/Library/PrivateFrameworks/SystemAdministration.framework/Versions/A/SystemAdministration
0x0000000009449000 	/System/Library/PrivateFrameworks/AppContainer.framework/Versions/A/AppContainer
0x0000000009449000 	/System/Library/PrivateFrameworks/SecCodeWrapper.framework/Versions/A/SecCodeWrapper
0x0000000009449000 	/System/Library/Frameworks/DirectoryService.framework/Versions/A/DirectoryService
0x0000000009449000 	/System/Library/PrivateFrameworks/LoginUIKit.framework/Versions/A/Frameworks/LoginUICore.framework/Versions/A/LoginUICore
0x0000000009449000 	/usr/lib/libodfde.dylib
0x0000000009449000 	/System/Library/Frameworks/OpenGL.framework/Versions/A/Resources/GLEngine.bundle/GLEngine
0x0000000009449000 	/System/Library/Frameworks/OpenGL.framework/Versions/A/Libraries/libGLProgrammability.dylib
0x000000012a260000 	/System/Library/Extensions/AppleIntelHD5000GraphicsGLDriver.bundle/Contents/MacOS/AppleIntelHD5000GraphicsGLDriver
0x0000000009449000 	/System/Library/PrivateFrameworks/GPUSupport.framework/Versions/A/Libraries/libGPUSupportMercury.dylib
0x0000000009449000 	/System/Library/Frameworks/OpenGL.framework/Versions/A/Resources/GLRendererFloat.bundle/GLRendererFloat
0x000000012b700000 	/Library/Java/JavaVirtualMachines/jdk1.8.0_91.jdk/Contents/Home/jre/lib/libfontmanager.dylib
0x000000012cc48000 	/Library/Java/JavaVirtualMachines/jdk1.8.0_91.jdk/Contents/Home/jre/lib/libosxui.dylib
0x000000012d77c000 	/Library/Java/JavaVirtualMachines/jdk1.8.0_91.jdk/Contents/Home/jre/lib/libnet.dylib
0x000000012d6b6000 	/Library/Java/JavaVirtualMachines/jdk1.8.0_91.jdk/Contents/Home/jre/lib/libnio.dylib
0x0000000009449000 	/System/Library/Frameworks/ApplicationServices.framework/Versions/A/Frameworks/ATS.framework/Versions/A/Resources/libTrueTypeScaler.dylib
0x000000017eac9000 	/System/Library/Extensions/AppleIntelHD5000GraphicsMTLDriver.bundle/Contents/MacOS/AppleIntelHD5000GraphicsMTLDriver
0x0000000128642000 	/private/var/folders/lj/ts4xrlmj1tsc3mnwzl_88g000000gn/T/jogamp_0000/file_cache/jln861684463488021079/jln1854741805389071125/libgluegen-rt.jnilib
0x0000000128647000 	/private/var/folders/lj/ts4xrlmj1tsc3mnwzl_88g000000gn/T/jogamp_0000/file_cache/jln861684463488021079/jln1854741805389071125/libnativewindow_awt.jnilib
0x000000012864a000 	/Library/Java/JavaVirtualMachines/jdk1.8.0_91.jdk/Contents/Home/jre/lib/libjawt.dylib
0x000000012864d000 	/private/var/folders/lj/ts4xrlmj1tsc3mnwzl_88g000000gn/T/jogamp_0000/file_cache/jln861684463488021079/jln1854741805389071125/libnativewindow_macosx.jnilib
0x000000017f1a1000 	/private/var/folders/lj/ts4xrlmj1tsc3mnwzl_88g000000gn/T/jogamp_0000/file_cache/jln861684463488021079/jln1854741805389071125/libjogl_desktop.jnilib

VM Arguments:
jvm_args: -Djava.library.path=/Library/Java/JavaVirtualMachines/jdk1.8.0_91.jdk/Contents/Home -Djava.security.policy=java.policy.applet -Dfile.encoding=UTF-8 
java_command: sun.applet.AppletViewer SimpleMapApp1469215234367.html
java_class_path (initial): /Users/rblowers/git/ice-crystal/ice-crystal/build:/Users/rblowers/git/ice-crystal/ice-crystal/lib/core.jar:/Users/rblowers/git/ice-crystal/ice-crystal/lib/gluegen-rt.jar:/Users/rblowers/git/ice-crystal/ice-crystal/lib/jogl-all.jar:/Users/rblowers/git/ice-crystal/ice-crystal/lib/log4j-1.2.15.jar:/Users/rblowers/git/ice-crystal/ice-crystal/lib/sqlite-jdbc-3.7.2.jar:/Users/rblowers/git/ice-crystal/ice-crystal/lib/json4processing.jar:/Users/rblowers/git/ice-crystal/ice-crystal/lib/libTUIO.jar:/Users/rblowers/git/ice-crystal/ice-crystal/lib/unfolding.0.9.6.jar
Launcher Type: SUN_STANDARD

Environment Variables:
PATH=/usr/bin:/bin:/usr/sbin:/sbin
SHELL=/bin/bash
DISPLAY=/private/tmp/com.apple.launchd.moX2UPc9Gj/org.macosforge.xquartz:0

Signal Handlers:
SIGSEGV: [libjvm.dylib+0x5a97a1], sa_mask[0]=11111111011111110111111111111111, sa_flags=SA_ONSTACK|SA_RESTART|SA_SIGINFO
SIGBUS: [libjvm.dylib+0x5a97a1], sa_mask[0]=11111111011111110111111111111111, sa_flags=SA_RESTART|SA_SIGINFO
SIGFPE: [libjvm.dylib+0x482594], sa_mask[0]=11111111011111110111111111111111, sa_flags=SA_RESTART|SA_SIGINFO
SIGPIPE: [libjvm.dylib+0x482594], sa_mask[0]=11111111011111110111111111111111, sa_flags=SA_RESTART|SA_SIGINFO
SIGXFSZ: [libjvm.dylib+0x482594], sa_mask[0]=11111111011111110111111111111111, sa_flags=SA_RESTART|SA_SIGINFO
SIGILL: [libjvm.dylib+0x482594], sa_mask[0]=11111111011111110111111111111111, sa_flags=SA_RESTART|SA_SIGINFO
SIGUSR1: SIG_DFL, sa_mask[0]=00000000000000000000000000000000, sa_flags=none
SIGUSR2: [libjvm.dylib+0x4820b2], sa_mask[0]=00100000000000000000000000000000, sa_flags=SA_RESTART|SA_SIGINFO
SIGHUP: [libjvm.dylib+0x480689], sa_mask[0]=11111111011111110111111111111111, sa_flags=SA_RESTART|SA_SIGINFO
SIGINT: [libjvm.dylib+0x480689], sa_mask[0]=11111111011111110111111111111111, sa_flags=SA_RESTART|SA_SIGINFO
SIGTERM: [libjvm.dylib+0x480689], sa_mask[0]=11111111011111110111111111111111, sa_flags=SA_RESTART|SA_SIGINFO
SIGQUIT: [libjvm.dylib+0x480689], sa_mask[0]=11111111011111110111111111111111, sa_flags=SA_RESTART|SA_SIGINFO


---------------  S Y S T E M  ---------------

OS:Bsduname:Darwin 15.3.0 Darwin Kernel Version 15.3.0: Thu Dec 10 18:40:58 PST 2015; root:xnu-3248.30.4~1/RELEASE_X86_64 x86_64
rlimit: STACK 8192k, CORE 0k, NPROC 709, NOFILE 10240, AS infinity
load average:2.35 2.58 2.42

CPU:total 8 (4 cores per cpu, 2 threads per core) family 6 model 70 stepping 1, cmov, cx8, fxsr, mmx, sse, sse2, sse3, ssse3, sse4.1, sse4.2, popcnt, avx, avx2, aes, clmul, erms, lzcnt, ht, tsc, tscinvbit, bmi1, bmi2

Memory: 4k page, physical 16777216k(244792k free)

/proc/meminfo:


vm_info: Java HotSpot(TM) 64-Bit Server VM (25.91-b14) for bsd-amd64 JRE (1.8.0_91-b14), built on Apr  1 2016 01:03:00 by "java_re" with gcc 4.2.1 (Based on Apple Inc. build 5658) (LLVM build 2336.11.00)

time: Fri Jul 22 15:20:43 2016
elapsed time: 8 seconds (0d 0h 0m 8s)

