#
# A fatal error has been detected by the Java Runtime Environment:
#
#  SIGSEGV (0xb) at pc=0x00007fff8fd7b26e, pid=17465, tid=23827
#
# JRE version: Java(TM) SE Runtime Environment (8.0_91-b14) (build 1.8.0_91-b14)
# Java VM: Java HotSpot(TM) 64-Bit Server VM (25.91-b14 mixed mode bsd-amd64 compressed oops)
# Problematic frame:
# C  [GLEngine+0x5526e]  glDeleteFramebuffersEXT_Exec+0x17
#
# Failed to write core dump. Core dumps have been disabled. To enable core dumping, try "ulimit -c unlimited" before starting Java again
#
# If you would like to submit a bug report, please visit:
#   http://bugreport.java.com/bugreport/crash.jsp
#

---------------  T H R E A D  ---------------

Current thread is native thread

siginfo: si_signo: 11 (SIGSEGV), si_code: 0 (unknown), si_addr: 0x0000000000000000

Registers:
RAX=0x0000000000002714, RBX=0x000000011f273ea0, RCX=0x0000000000000000, RDX=0x000000011f273ea8
RSP=0x00007000010c9e10, RBP=0x00007000010c9e40, RSI=0x0000000000000001, RDI=0x7000000000000000
R8 =0x00000000000010ff, R9 =0x0000000000000001, R10=0x0000000000374000, R11=0x000000002c50521e
R12=0x000000011f273ea8, R13=0x00007fff749aa140, R14=0x7000000000000000, R15=0x0000000000000001
RIP=0x00007fff8fd7b26e, EFLAGS=0x0000000000010202, ERR=0x0000000000000000
  TRAPNO=0x000000000000000d

Top of Stack: (sp=0x00007000010c9e10)
0x00007000010c9e10:   0000000000002714 000000011f273ea0
0x00007000010c9e20:   00007fff749aa100 00007fff749aa140
0x00007000010c9e30:   00007fe79cc81200 0000000000000000
0x00007000010c9e40:   00007000010c9e60 00007fff84357778
0x00007000010c9e50:   0000000100403e40 00007fff749aa138
0x00007000010c9e60:   00007000010c9e80 00007fff8aa123c3
0x00007000010c9e70:   0000000100403e00 0000000100403e40
0x00007000010c9e80:   00007000010c9ef0 00007fff8aa16253
0x00007000010c9e90:   0000000000000000 0000000000000000
0x00007000010c9ea0:   0000000000000000 0000000000000000
0x00007000010c9eb0:   00007fe79d1de038 0000000000000000
0x00007000010c9ec0:   00000000000008ff 0000000000000000
0x00007000010c9ed0:   00007000010ca000 00000000000008ff
0x00007000010c9ee0:   0000000000005d13 0000000000000015
0x00007000010c9ef0:   00007000010c9f00 00007fff8aa15ab8
0x00007000010c9f00:   00007000010c9f50 00007fff884894f2
0x00007000010c9f10:   0000000000000000 0000000000000000
0x00007000010c9f20:   0000000000000000 0000000000000000
0x00007000010c9f30:   00007000010ca000 00000000000008ff
0x00007000010c9f40:   0000000000005d13 0000000000000015
0x00007000010c9f50:   00007000010c9f78 00007fff88487375
0x00007000010c9f60:   0000000000000000 0000000000000000
0x00007000010c9f70:   0000000000000000 0000000000000000
0x00007000010c9f80:   0000000000000000 0000000000000000
0x00007000010c9f90:   0000000000000000 0000000000000000
0x00007000010c9fa0:   0000000000000000 0000000000000000
0x00007000010c9fb0:   0000000000000000 0000000000000000
0x00007000010c9fc0:   0000000000000000 0000000000000000
0x00007000010c9fd0:   0000000000000000 0000000000000000
0x00007000010c9fe0:   0000000000000000 0000000000000000
0x00007000010c9ff0:   0000000000000000 0000000000000000
0x00007000010ca000:   0000000054485244 0000000000000000 

Instructions: (pc=0x00007fff8fd7b26e)
0x00007fff8fd7b24e:   5b 41 5c 41 5e 41 5f 5d c3 55 48 89 e5 41 57 41
0x00007fff8fd7b25e:   56 41 55 41 54 53 50 49 89 d4 41 89 f7 49 89 fe
0x00007fff8fd7b26e:   66 41 83 be 94 98 00 00 00 78 1e 66 41 83 be 28
0x00007fff8fd7b27e:   9f 00 00 00 0f 85 16 01 00 00 66 41 c7 86 28 9f 

Register to memory mapping:

RAX=0x0000000000002714 is an unknown value
RBX=0x000000011f273ea0 is an unknown value
RCX=0x0000000000000000 is an unknown value
RDX=0x000000011f273ea8 is an unknown value
RSP=0x00007000010c9e10 is an unknown value
RBP=0x00007000010c9e40 is an unknown value
RSI=0x0000000000000001 is an unknown value
RDI=0x7000000000000000 is an unknown value
R8 =0x00000000000010ff is an unknown value
R9 =0x0000000000000001 is an unknown value
R10=0x0000000000374000 is an unknown value
R11=0x000000002c50521e is an unknown value
R12=0x000000011f273ea8 is an unknown value
R13=0x00007fff749aa140: _dispatch_root_queues+0x340 in /usr/lib/system/libdispatch.dylib at 0x00007fff8aa10000
R14=0x7000000000000000 is an unknown value
R15=0x0000000000000001 is an unknown value


Stack: [0x000070000104a000,0x00007000010ca000],  sp=0x00007000010c9e10,  free space=511k
Native frames: (J=compiled Java code, j=interpreted, Vv=VM code, C=native code)
C  [GLEngine+0x5526e]  glDeleteFramebuffersEXT_Exec+0x17
C  [QuartzCore+0x8f778]  _ZN2CA12_GLOBAL__N_113AsyncDeletion8callbackEPv+0x2e
C  [libdispatch.dylib+0x23c3]  _dispatch_client_callout+0x8
C  [libdispatch.dylib+0x6253]  _dispatch_root_queue_drain+0x762
C  [libdispatch.dylib+0x5ab8]  _dispatch_worker_thread3+0x5b
C  [libsystem_pthread.dylib+0x34f2]  _pthread_wqthread+0x469
C  [libsystem_pthread.dylib+0x1375]  start_wqthread+0xd


---------------  P R O C E S S  ---------------

VM state:not at safepoint (normal execution)

VM Mutex/Monitor currently owned by a thread: None

Heap:
 PSYoungGen      total 38400K, used 9391K [0x0000000795580000, 0x0000000798000000, 0x00000007c0000000)
  eden space 33280K, 12% used [0x0000000795580000,0x00000007959b1c60,0x0000000797600000)
  from space 5120K, 99% used [0x0000000797b00000,0x0000000797ffa080,0x0000000798000000)
  to   space 5120K, 0% used [0x0000000797600000,0x0000000797600000,0x0000000797b00000)
 ParOldGen       total 87552K, used 11381K [0x0000000740000000, 0x0000000745580000, 0x0000000795580000)
  object space 87552K, 12% used [0x0000000740000000,0x0000000740b1d668,0x0000000745580000)
 Metaspace       used 19247K, capacity 19445K, committed 19712K, reserved 1067008K
  class space    used 1928K, capacity 2017K, committed 2048K, reserved 1048576K

Card table byte_map: [0x0000000110fa8000,0x00000001113a9000] byte_map_base: 0x000000010d5a8000

Marking Bits: (ParMarkBitMap*) 0x00000001014e6eb0
 Begin Bits: [0x0000000111654000, 0x0000000113654000)
 End Bits:   [0x0000000113654000, 0x0000000115654000)

Polling page: 0x00000001003fb000

CodeCache: size=245760Kb used=6402Kb max_used=6409Kb free=239357Kb
 bounds [0x0000000101be8000, 0x0000000102238000, 0x0000000110be8000]
 total_blobs=2607 nmethods=1708 adapters=811
 compilation: enabled

Compilation events (10 events):
Event: 18.377 Thread 0x00007fe79b812000 nmethod 1705 0x0000000102226d10 code [0x0000000102226fc0, 0x00000001022281a8]
Event: 18.377 Thread 0x00007fe79b812000 1704   !   3       sun.awt.AWTAutoShutdown::notifyThreadFree (74 bytes)
Event: 18.377 Thread 0x00007fe79b812000 nmethod 1704 0x0000000102228990 code [0x0000000102228b40, 0x0000000102229248]
Event: 18.394 Thread 0x00007fe79b812000 1706       3       sun.lwawt.LWComponentPeer::handleEvent (104 bytes)
Event: 18.395 Thread 0x00007fe79b812000 nmethod 1706 0x0000000102229590 code [0x00000001022297a0, 0x000000010222a848]
Event: 19.448 Thread 0x00007fe79b804000 1709       4       sun.net.www.ParseUtil::encodePath (336 bytes)
Event: 19.450 Thread 0x00007fe79d064000 1707  s!   4       sun.misc.URLClassPath::getLoader (197 bytes)
Event: 19.458 Thread 0x00007fe79d064000 nmethod 1707 0x000000010222e010 code [0x000000010222e180, 0x000000010222e958]
Event: 19.463 Thread 0x00007fe79b812000 1708  s    2       sun.misc.URLClassPath::getNextLoader (88 bytes)
Event: 19.464 Thread 0x00007fe79b812000 nmethod 1708 0x000000010222d490 code [0x000000010222d640, 0x000000010222dc08]

GC Heap History (4 events):
Event: 2.392 GC heap before
{Heap before GC invocations=1 (full 0):
 PSYoungGen      total 38400K, used 32013K [0x0000000795580000, 0x0000000798000000, 0x00000007c0000000)
  eden space 33280K, 96% used [0x0000000795580000,0x00000007974c3560,0x0000000797600000)
  from space 5120K, 0% used [0x0000000797b00000,0x0000000797b00000,0x0000000798000000)
  to   space 5120K, 0% used [0x0000000797600000,0x0000000797600000,0x0000000797b00000)
 ParOldGen       total 87552K, used 0K [0x0000000740000000, 0x0000000745580000, 0x0000000795580000)
  object space 87552K, 0% used [0x0000000740000000,0x0000000740000000,0x0000000745580000)
 Metaspace       used 17507K, capacity 17707K, committed 18048K, reserved 1064960K
  class space    used 1812K, capacity 1888K, committed 1920K, reserved 1048576K
Event: 2.406 GC heap after
Heap after GC invocations=1 (full 0):
 PSYoungGen      total 38400K, used 5096K [0x0000000795580000, 0x0000000798000000, 0x00000007c0000000)
  eden space 33280K, 0% used [0x0000000795580000,0x0000000795580000,0x0000000797600000)
  from space 5120K, 99% used [0x0000000797600000,0x0000000797afa0d0,0x0000000797b00000)
  to   space 5120K, 0% used [0x0000000797b00000,0x0000000797b00000,0x0000000798000000)
 ParOldGen       total 87552K, used 5010K [0x0000000740000000, 0x0000000745580000, 0x0000000795580000)
  object space 87552K, 5% used [0x0000000740000000,0x00000007404e4ab8,0x0000000745580000)
 Metaspace       used 17507K, capacity 17707K, committed 18048K, reserved 1064960K
  class space    used 1812K, capacity 1888K, committed 1920K, reserved 1048576K
}
Event: 4.646 GC heap before
{Heap before GC invocations=2 (full 0):
 PSYoungGen      total 38400K, used 38376K [0x0000000795580000, 0x0000000798000000, 0x00000007c0000000)
  eden space 33280K, 100% used [0x0000000795580000,0x0000000797600000,0x0000000797600000)
  from space 5120K, 99% used [0x0000000797600000,0x0000000797afa0d0,0x0000000797b00000)
  to   space 5120K, 0% used [0x0000000797b00000,0x0000000797b00000,0x0000000798000000)
 ParOldGen       total 87552K, used 5010K [0x0000000740000000, 0x0000000745580000, 0x0000000795580000)
  object space 87552K, 5% used [0x0000000740000000,0x00000007404e4ab8,0x0000000745580000)
 Metaspace       used 19014K, capacity 19243K, committed 19456K, reserved 1067008K
  class space    used 1920K, capacity 2016K, committed 2048K, reserved 1048576K
Event: 4.656 GC heap after
Heap after GC invocations=2 (full 0):
 PSYoungGen      total 38400K, used 5096K [0x0000000795580000, 0x0000000798000000, 0x00000007c0000000)
  eden space 33280K, 0% used [0x0000000795580000,0x0000000795580000,0x0000000797600000)
  from space 5120K, 99% used [0x0000000797b00000,0x0000000797ffa080,0x0000000798000000)
  to   space 5120K, 0% used [0x0000000797600000,0x0000000797600000,0x0000000797b00000)
 ParOldGen       total 87552K, used 11381K [0x0000000740000000, 0x0000000745580000, 0x0000000795580000)
  object space 87552K, 12% used [0x0000000740000000,0x0000000740b1d668,0x0000000745580000)
 Metaspace       used 19014K, capacity 19243K, committed 19456K, reserved 1067008K
  class space    used 1920K, capacity 2016K, committed 2048K, reserved 1048576K
}

Deoptimization events (7 events):
Event: 0.687 Thread 0x00007fe79b97d000 Uncommon trap: reason=unstable_if action=reinterpret pc=0x0000000101daff88 method=java.lang.String.indexOf([CII[CIII)I @ 3
Event: 1.670 Thread 0x00007fe79d234800 Uncommon trap: reason=class_check action=maybe_recompile pc=0x0000000101d5179c method=java.lang.String.equals(Ljava/lang/Object;)Z @ 8
Event: 2.244 Thread 0x00007fe79d234800 Uncommon trap: reason=class_check action=maybe_recompile pc=0x0000000101d5179c method=java.lang.String.equals(Ljava/lang/Object;)Z @ 8
Event: 2.348 Thread 0x00007fe79d234800 Uncommon trap: reason=unstable_if action=reinterpret pc=0x0000000101ef309c method=sun.misc.MetaIndex.mayContain(Ljava/lang/String;)Z @ 38
Event: 2.349 Thread 0x00007fe79d234800 Uncommon trap: reason=unstable_if action=reinterpret pc=0x0000000101e8f168 method=sun.misc.MetaIndex.mayContain(Ljava/lang/String;)Z @ 38
Event: 2.487 Thread 0x00007fe79d234800 Uncommon trap: reason=unstable_if action=reinterpret pc=0x0000000101f3167c method=com.jogamp.common.util.IntIntHashMap.get(I)I @ 28
Event: 2.510 Thread 0x00007fe79ccd3000 Uncommon trap: reason=predicate action=maybe_recompile pc=0x0000000101ef67f4 method=sun.net.www.ParseUtil.encodePath(Ljava/lang/String;Z)Ljava/lang/String; @ 36

Internal exceptions (10 events):
Event: 0.129 Thread 0x00007fe79c006800 Exception <a 'java/security/PrivilegedActionException'> (0x0000000795739de8) thrown at [/Users/java_re/workspace/8-2-build-macosx-x86_64/jdk8u91/6644/hotspot/src/share/vm/prims/jvm.cpp, line 1386]
Event: 0.129 Thread 0x00007fe79c006800 Exception <a 'java/security/PrivilegedActionException'> (0x0000000795739ff8) thrown at [/Users/java_re/workspace/8-2-build-macosx-x86_64/jdk8u91/6644/hotspot/src/share/vm/prims/jvm.cpp, line 1386]
Event: 0.175 Thread 0x00007fe79c006800 Exception <a 'java/lang/NoSuchFieldError': method resolution failed> (0x0000000795807168) thrown at [/Users/java_re/workspace/8-2-build-macosx-x86_64/jdk8u91/6644/hotspot/src/share/vm/prims/methodHandles.cpp, line 1146]
Event: 0.177 Thread 0x00007fe79c006800 Exception <a 'java/lang/NoSuchFieldError': method resolution failed> (0x0000000795814938) thrown at [/Users/java_re/workspace/8-2-build-macosx-x86_64/jdk8u91/6644/hotspot/src/share/vm/prims/methodHandles.cpp, line 1146]
Event: 0.305 Thread 0x00007fe79c006800 Exception <a 'java/io/FileNotFoundException'> (0x000000079588faf0) thrown at [/Users/java_re/workspace/8-2-build-macosx-x86_64/jdk8u91/6644/hotspot/src/share/vm/prims/jni.cpp, line 709]
Event: 0.305 Thread 0x00007fe79c006800 Exception <a 'java/io/FileNotFoundException'> (0x0000000795890640) thrown at [/Users/java_re/workspace/8-2-build-macosx-x86_64/jdk8u91/6644/hotspot/src/share/vm/prims/jni.cpp, line 709]
Event: 0.457 Thread 0x00007fe79c006800 Exception <a 'java/lang/NullPointerException'> (0x0000000795c8b238) thrown at [/Users/java_re/workspace/8-2-build-macosx-x86_64/jdk8u91/6644/hotspot/src/share/vm/interpreter/linkResolver.cpp, line 1280]
Event: 0.711 Thread 0x00007fe79b97d000 Exception <a 'java/lang/UnsatisfiedLinkError': com.jogamp.common.util.JarUtil.fixNativeLibAttribs(Ljava/lang/String;)Z> (0x0000000796242ad8) thrown at [/Users/java_re/workspace/8-2-build-macosx-x86_64/jdk8u91/6644/hotspot/src/share/vm/prims/nativeLookup.c
Event: 2.409 Thread 0x00007fe79d052800 Exception <a 'java/lang/NullPointerException'> (0x00000007957fb348) thrown at [/Users/java_re/workspace/8-2-build-macosx-x86_64/jdk8u91/6644/hotspot/src/share/vm/interpreter/linkResolver.cpp, line 1178]
Event: 5.317 Thread 0x00007fe79d234800 Exception <a 'java/lang/NullPointerException'> (0x00000007958db158) thrown at [/Users/java_re/workspace/8-2-build-macosx-x86_64/jdk8u91/6644/hotspot/src/share/vm/interpreter/linkResolver.cpp, line 1178]

Events (10 events):
Event: 7.627 loading class java/util/Collections$SynchronizedList
Event: 7.627 loading class java/util/Collections$SynchronizedList done
Event: 7.627 loading class java/util/Collections$SynchronizedRandomAccessList done
Event: 8.173 Thread 0x00007fe79bc8f800 Thread exited: 0x00007fe79bc8f800
Event: 8.173 Thread 0x00007fe79c31f000 Thread exited: 0x00007fe79c31f000
Event: 12.629 Thread 0x00007fe79c31c000 Thread exited: 0x00007fe79c31c000
Event: 19.447 loading class jogamp/opengl/macosx/cgl/MacOSXCGLContext$NSOpenGLImpl$DetachGLLayerCmd
Event: 19.447 loading class jogamp/opengl/macosx/cgl/MacOSXCGLContext$NSOpenGLImpl$DetachGLLayerCmd done
Event: 19.448 loading class jogamp/nativewindow/jawt/macosx/MacOSXJAWTWindow$3
Event: 19.448 loading class jogamp/nativewindow/jawt/macosx/MacOSXJAWTWindow$3 done


Dynamic libraries:
0x000000000220a000 	/System/Library/Frameworks/Cocoa.framework/Versions/A/Cocoa
0x000000000220a000 	/System/Library/Frameworks/Security.framework/Versions/A/Security
0x000000000220a000 	/System/Library/Frameworks/ApplicationServices.framework/Versions/A/ApplicationServices
0x000000000220a000 	/usr/lib/libz.1.dylib
0x000000000220a000 	/usr/lib/libSystem.B.dylib
0x000000000220a000 	/usr/lib/libobjc.A.dylib
0x000000000220a000 	/System/Library/Frameworks/CoreFoundation.framework/Versions/A/CoreFoundation
0x000000000220a000 	/System/Library/Frameworks/Foundation.framework/Versions/C/Foundation
0x000000000220a000 	/System/Library/Frameworks/AppKit.framework/Versions/C/AppKit
0x000000000220a000 	/System/Library/Frameworks/CoreData.framework/Versions/A/CoreData
0x000000000220a000 	/System/Library/PrivateFrameworks/RemoteViewServices.framework/Versions/A/RemoteViewServices
0x000000000220a000 	/System/Library/PrivateFrameworks/UIFoundation.framework/Versions/A/UIFoundation
0x000000000220a000 	/usr/lib/libScreenReader.dylib
0x000000000220a000 	/System/Library/Frameworks/Accelerate.framework/Versions/A/Accelerate
0x000000000220a000 	/System/Library/Frameworks/IOSurface.framework/Versions/A/IOSurface
0x000000000220a000 	/System/Library/Frameworks/AudioToolbox.framework/Versions/A/AudioToolbox
0x000000000220a000 	/System/Library/Frameworks/AudioUnit.framework/Versions/A/AudioUnit
0x000000000220a000 	/System/Library/PrivateFrameworks/DataDetectorsCore.framework/Versions/A/DataDetectorsCore
0x000000000220a000 	/System/Library/PrivateFrameworks/DesktopServicesPriv.framework/Versions/A/DesktopServicesPriv
0x000000000220a000 	/System/Library/Frameworks/Carbon.framework/Versions/A/Frameworks/HIToolbox.framework/Versions/A/HIToolbox
0x000000000220a000 	/System/Library/Frameworks/QuartzCore.framework/Versions/A/QuartzCore
0x000000000220a000 	/System/Library/Frameworks/Carbon.framework/Versions/A/Frameworks/SpeechRecognition.framework/Versions/A/SpeechRecognition
0x000000000220a000 	/usr/lib/libauto.dylib
0x000000000220a000 	/usr/lib/libicucore.A.dylib
0x000000000220a000 	/usr/lib/libxml2.2.dylib
0x000000000220a000 	/System/Library/PrivateFrameworks/CoreUI.framework/Versions/A/CoreUI
0x000000000220a000 	/System/Library/Frameworks/CoreAudio.framework/Versions/A/CoreAudio
0x000000000220a000 	/System/Library/Frameworks/DiskArbitration.framework/Versions/A/DiskArbitration
0x000000000220a000 	/usr/lib/liblangid.dylib
0x000000000220a000 	/System/Library/PrivateFrameworks/MultitouchSupport.framework/Versions/A/MultitouchSupport
0x000000000220a000 	/System/Library/Frameworks/IOKit.framework/Versions/A/IOKit
0x000000000220a000 	/usr/lib/libDiagnosticMessagesClient.dylib
0x000000000220a000 	/System/Library/Frameworks/CoreServices.framework/Versions/A/CoreServices
0x000000000220a000 	/System/Library/PrivateFrameworks/PerformanceAnalysis.framework/Versions/A/PerformanceAnalysis
0x000000000220a000 	/System/Library/PrivateFrameworks/GenerationalStorage.framework/Versions/A/GenerationalStorage
0x000000000220a000 	/System/Library/Frameworks/OpenGL.framework/Versions/A/OpenGL
0x000000000220a000 	/System/Library/PrivateFrameworks/Sharing.framework/Versions/A/Sharing
0x000000000220a000 	/System/Library/Frameworks/CoreGraphics.framework/Versions/A/CoreGraphics
0x000000000220a000 	/System/Library/Frameworks/CoreImage.framework/Versions/A/CoreImage
0x000000000220a000 	/System/Library/Frameworks/CoreText.framework/Versions/A/CoreText
0x000000000220a000 	/System/Library/Frameworks/ImageIO.framework/Versions/A/ImageIO
0x000000000220a000 	/System/Library/PrivateFrameworks/Backup.framework/Versions/A/Backup
0x000000000220a000 	/usr/lib/libextension.dylib
0x000000000220a000 	/usr/lib/libarchive.2.dylib
0x000000000220a000 	/System/Library/Frameworks/CFNetwork.framework/Versions/A/CFNetwork
0x000000000220a000 	/System/Library/Frameworks/SystemConfiguration.framework/Versions/A/SystemConfiguration
0x000000000220a000 	/usr/lib/libCRFSuite.dylib
0x000000000220a000 	/usr/lib/libc++.1.dylib
0x000000000220a000 	/usr/lib/libc++abi.dylib
0x000000000220a000 	/usr/lib/system/libcache.dylib
0x000000000220a000 	/usr/lib/system/libcommonCrypto.dylib
0x000000000220a000 	/usr/lib/system/libcompiler_rt.dylib
0x000000000220a000 	/usr/lib/system/libcopyfile.dylib
0x000000000220a000 	/usr/lib/system/libcorecrypto.dylib
0x000000000220a000 	/usr/lib/system/libdispatch.dylib
0x000000000220a000 	/usr/lib/system/libdyld.dylib
0x000000000220a000 	/usr/lib/system/libkeymgr.dylib
0x000000000220a000 	/usr/lib/system/liblaunch.dylib
0x000000000220a000 	/usr/lib/system/libmacho.dylib
0x000000000220a000 	/usr/lib/system/libquarantine.dylib
0x000000000220a000 	/usr/lib/system/libremovefile.dylib
0x000000000220a000 	/usr/lib/system/libsystem_asl.dylib
0x000000000220a000 	/usr/lib/system/libsystem_blocks.dylib
0x000000000220a000 	/usr/lib/system/libsystem_c.dylib
0x000000000220a000 	/usr/lib/system/libsystem_configuration.dylib
0x000000000220a000 	/usr/lib/system/libsystem_coreservices.dylib
0x000000000220a000 	/usr/lib/system/libsystem_coretls.dylib
0x000000000220a000 	/usr/lib/system/libsystem_dnssd.dylib
0x000000000220a000 	/usr/lib/system/libsystem_info.dylib
0x000000000220a000 	/usr/lib/system/libsystem_kernel.dylib
0x000000000220a000 	/usr/lib/system/libsystem_m.dylib
0x000000000220a000 	/usr/lib/system/libsystem_malloc.dylib
0x000000000220a000 	/usr/lib/system/libsystem_network.dylib
0x000000000220a000 	/usr/lib/system/libsystem_networkextension.dylib
0x000000000220a000 	/usr/lib/system/libsystem_notify.dylib
0x000000000220a000 	/usr/lib/system/libsystem_platform.dylib
0x000000000220a000 	/usr/lib/system/libsystem_pthread.dylib
0x000000000220a000 	/usr/lib/system/libsystem_sandbox.dylib
0x000000000220a000 	/usr/lib/system/libsystem_secinit.dylib
0x000000000220a000 	/usr/lib/system/libsystem_trace.dylib
0x000000000220a000 	/usr/lib/system/libunc.dylib
0x000000000220a000 	/usr/lib/system/libunwind.dylib
0x000000000220a000 	/usr/lib/system/libxpc.dylib
0x000000000220a000 	/usr/lib/libenergytrace.dylib
0x000000000220a000 	/usr/lib/libbsm.0.dylib
0x000000000220a000 	/usr/lib/system/libkxld.dylib
0x000000000220a000 	/usr/lib/libxar.1.dylib
0x000000000220a000 	/usr/lib/libsqlite3.dylib
0x000000000220a000 	/usr/lib/libpam.2.dylib
0x000000000220a000 	/usr/lib/libOpenScriptingUtil.dylib
0x000000000220a000 	/usr/lib/libbz2.1.0.dylib
0x000000000220a000 	/usr/lib/liblzma.5.dylib
0x000000000220a000 	/System/Library/Frameworks/CoreServices.framework/Versions/A/Frameworks/FSEvents.framework/Versions/A/FSEvents
0x000000000220a000 	/System/Library/Frameworks/CoreServices.framework/Versions/A/Frameworks/CarbonCore.framework/Versions/A/CarbonCore
0x000000000220a000 	/System/Library/Frameworks/CoreServices.framework/Versions/A/Frameworks/Metadata.framework/Versions/A/Metadata
0x000000000220a000 	/System/Library/Frameworks/CoreServices.framework/Versions/A/Frameworks/OSServices.framework/Versions/A/OSServices
0x000000000220a000 	/System/Library/Frameworks/CoreServices.framework/Versions/A/Frameworks/SearchKit.framework/Versions/A/SearchKit
0x000000000220a000 	/System/Library/Frameworks/CoreServices.framework/Versions/A/Frameworks/AE.framework/Versions/A/AE
0x000000000220a000 	/System/Library/Frameworks/CoreServices.framework/Versions/A/Frameworks/LaunchServices.framework/Versions/A/LaunchServices
0x000000000220a000 	/System/Library/Frameworks/CoreServices.framework/Versions/A/Frameworks/DictionaryServices.framework/Versions/A/DictionaryServices
0x000000000220a000 	/System/Library/Frameworks/CoreServices.framework/Versions/A/Frameworks/SharedFileList.framework/Versions/A/SharedFileList
0x000000000220a000 	/System/Library/Frameworks/NetFS.framework/Versions/A/NetFS
0x000000000220a000 	/System/Library/PrivateFrameworks/NetAuth.framework/Versions/A/NetAuth
0x000000000220a000 	/System/Library/PrivateFrameworks/login.framework/Versions/A/Frameworks/loginsupport.framework/Versions/A/loginsupport
0x000000000220a000 	/System/Library/PrivateFrameworks/TCC.framework/Versions/A/TCC
0x000000000220a000 	/usr/lib/libmecabra.dylib
0x000000000220a000 	/System/Library/Frameworks/ApplicationServices.framework/Versions/A/Frameworks/ATS.framework/Versions/A/ATS
0x000000000220a000 	/System/Library/Frameworks/ApplicationServices.framework/Versions/A/Frameworks/ColorSync.framework/Versions/A/ColorSync
0x000000000220a000 	/System/Library/Frameworks/ApplicationServices.framework/Versions/A/Frameworks/HIServices.framework/Versions/A/HIServices
0x000000000220a000 	/System/Library/Frameworks/ApplicationServices.framework/Versions/A/Frameworks/LangAnalysis.framework/Versions/A/LangAnalysis
0x000000000220a000 	/System/Library/Frameworks/ApplicationServices.framework/Versions/A/Frameworks/PrintCore.framework/Versions/A/PrintCore
0x000000000220a000 	/System/Library/Frameworks/ApplicationServices.framework/Versions/A/Frameworks/QD.framework/Versions/A/QD
0x000000000220a000 	/System/Library/Frameworks/ApplicationServices.framework/Versions/A/Frameworks/SpeechSynthesis.framework/Versions/A/SpeechSynthesis
0x000000000220a000 	/System/Library/Frameworks/Metal.framework/Versions/A/Metal
0x000000000220a000 	/System/Library/Frameworks/Accelerate.framework/Versions/A/Frameworks/vImage.framework/Versions/A/vImage
0x000000000220a000 	/System/Library/Frameworks/Accelerate.framework/Versions/A/Frameworks/vecLib.framework/Versions/A/vecLib
0x000000000220a000 	/System/Library/Frameworks/Accelerate.framework/Versions/A/Frameworks/vecLib.framework/Versions/A/libvDSP.dylib
0x000000000220a000 	/System/Library/Frameworks/Accelerate.framework/Versions/A/Frameworks/vecLib.framework/Versions/A/libvMisc.dylib
0x000000000220a000 	/System/Library/Frameworks/Accelerate.framework/Versions/A/Frameworks/vecLib.framework/Versions/A/libLAPACK.dylib
0x000000000220a000 	/System/Library/Frameworks/Accelerate.framework/Versions/A/Frameworks/vecLib.framework/Versions/A/libBLAS.dylib
0x000000000220a000 	/System/Library/Frameworks/Accelerate.framework/Versions/A/Frameworks/vecLib.framework/Versions/A/libLinearAlgebra.dylib
0x000000000220a000 	/System/Library/Frameworks/Accelerate.framework/Versions/A/Frameworks/vecLib.framework/Versions/A/libSparseBLAS.dylib
0x000000000220a000 	/System/Library/PrivateFrameworks/GPUCompiler.framework/libmetal_timestamp.dylib
0x000000000220a000 	/System/Library/Frameworks/OpenGL.framework/Versions/A/Libraries/libCoreFSCache.dylib
0x000000000220a000 	/System/Library/PrivateFrameworks/IOAccelerator.framework/Versions/A/IOAccelerator
0x000000000220a000 	/System/Library/Frameworks/ApplicationServices.framework/Versions/A/Frameworks/ATS.framework/Versions/A/Resources/libFontParser.dylib
0x000000000220a000 	/System/Library/Frameworks/ApplicationServices.framework/Versions/A/Frameworks/ATS.framework/Versions/A/Resources/libFontRegistry.dylib
0x000000000220a000 	/System/Library/PrivateFrameworks/AppleVPA.framework/Versions/A/AppleVPA
0x000000000220a000 	/System/Library/PrivateFrameworks/AppleJPEG.framework/Versions/A/AppleJPEG
0x000000000220a000 	/System/Library/Frameworks/ImageIO.framework/Versions/A/Resources/libJPEG.dylib
0x000000000220a000 	/System/Library/Frameworks/ImageIO.framework/Versions/A/Resources/libTIFF.dylib
0x000000000220a000 	/System/Library/Frameworks/ImageIO.framework/Versions/A/Resources/libPng.dylib
0x000000000220a000 	/System/Library/Frameworks/ImageIO.framework/Versions/A/Resources/libGIF.dylib
0x000000000220a000 	/System/Library/Frameworks/ImageIO.framework/Versions/A/Resources/libJP2.dylib
0x000000000220a000 	/System/Library/Frameworks/ImageIO.framework/Versions/A/Resources/libRadiance.dylib
0x000000000220a000 	/System/Library/Frameworks/CoreVideo.framework/Versions/A/CoreVideo
0x000000000220a000 	/System/Library/Frameworks/OpenGL.framework/Versions/A/Libraries/libGLU.dylib
0x000000000220a000 	/System/Library/Frameworks/OpenGL.framework/Versions/A/Libraries/libGFXShared.dylib
0x000000000220a000 	/System/Library/Frameworks/OpenGL.framework/Versions/A/Libraries/libGL.dylib
0x000000000220a000 	/System/Library/Frameworks/OpenGL.framework/Versions/A/Libraries/libGLImage.dylib
0x000000000220a000 	/System/Library/Frameworks/OpenGL.framework/Versions/A/Libraries/libCVMSPluginSupport.dylib
0x000000000220a000 	/System/Library/Frameworks/OpenGL.framework/Versions/A/Libraries/libCoreVMClient.dylib
0x000000000220a000 	/usr/lib/libcups.2.dylib
0x000000000220a000 	/System/Library/Frameworks/Kerberos.framework/Versions/A/Kerberos
0x000000000220a000 	/System/Library/Frameworks/GSS.framework/Versions/A/GSS
0x000000000220a000 	/usr/lib/libresolv.9.dylib
0x000000000220a000 	/usr/lib/libiconv.2.dylib
0x000000000220a000 	/System/Library/PrivateFrameworks/Heimdal.framework/Versions/A/Heimdal
0x000000000220a000 	/usr/lib/libheimdal-asn1.dylib
0x000000000220a000 	/System/Library/Frameworks/OpenDirectory.framework/Versions/A/OpenDirectory
0x000000000220a000 	/System/Library/PrivateFrameworks/CommonAuth.framework/Versions/A/CommonAuth
0x000000000220a000 	/System/Library/Frameworks/OpenDirectory.framework/Versions/A/Frameworks/CFOpenDirectory.framework/Versions/A/CFOpenDirectory
0x000000000220a000 	/System/Library/Frameworks/SecurityFoundation.framework/Versions/A/SecurityFoundation
0x000000000220a000 	/System/Library/PrivateFrameworks/LanguageModeling.framework/Versions/A/LanguageModeling
0x000000000220a000 	/usr/lib/libmarisa.dylib
0x000000000220a000 	/usr/lib/libChineseTokenizer.dylib
0x000000000220a000 	/usr/lib/libcmph.dylib
0x000000000220a000 	/usr/lib/libcompression.dylib
0x000000000220a000 	/System/Library/Frameworks/ServiceManagement.framework/Versions/A/ServiceManagement
0x000000000220a000 	/usr/lib/libxslt.1.dylib
0x000000000220a000 	/System/Library/Frameworks/Carbon.framework/Versions/A/Frameworks/Ink.framework/Versions/A/Ink
0x000000000220a000 	/usr/lib/libFosl_dynamic.dylib
0x000000000220a000 	/System/Library/PrivateFrameworks/FaceCore.framework/Versions/A/FaceCore
0x000000000220a000 	/System/Library/Frameworks/OpenCL.framework/Versions/A/OpenCL
0x000000000220a000 	/System/Library/PrivateFrameworks/CrashReporterSupport.framework/Versions/A/CrashReporterSupport
0x000000000220a000 	/System/Library/PrivateFrameworks/IconServices.framework/Versions/A/IconServices
0x000000000220a000 	/System/Library/PrivateFrameworks/Apple80211.framework/Versions/A/Apple80211
0x000000000220a000 	/System/Library/Frameworks/CoreWLAN.framework/Versions/A/CoreWLAN
0x000000000220a000 	/System/Library/Frameworks/IOBluetooth.framework/Versions/A/IOBluetooth
0x000000000220a000 	/System/Library/PrivateFrameworks/CoreWiFi.framework/Versions/A/CoreWiFi
0x000000000220a000 	/System/Library/Frameworks/CoreBluetooth.framework/Versions/A/CoreBluetooth
0x000000000220a000 	/System/Library/PrivateFrameworks/ChunkingLibrary.framework/Versions/A/ChunkingLibrary
0x000000000220a000 	/System/Library/PrivateFrameworks/DebugSymbols.framework/Versions/A/DebugSymbols
0x000000000220a000 	/System/Library/PrivateFrameworks/CoreSymbolication.framework/Versions/A/CoreSymbolication
0x000000000220a000 	/System/Library/PrivateFrameworks/Symbolication.framework/Versions/A/Symbolication
0x000000000220a000 	/System/Library/PrivateFrameworks/SpeechRecognitionCore.framework/Versions/A/SpeechRecognitionCore
0x0000000100c00000 	/Library/Java/JavaVirtualMachines/jdk1.8.0_91.jdk/Contents/Home/jre/lib/server/libjvm.dylib
0x000000000220a000 	/usr/lib/libstdc++.6.dylib
0x0000000101b94000 	/Library/Java/JavaVirtualMachines/jdk1.8.0_91.jdk/Contents/Home/jre/lib/libverify.dylib
0x0000000101ba2000 	/Library/Java/JavaVirtualMachines/jdk1.8.0_91.jdk/Contents/Home/jre/lib/libjava.dylib
0x0000000101bdf000 	/Library/Java/JavaVirtualMachines/jdk1.8.0_91.jdk/Contents/Home/jre/lib/libzip.dylib
0x000000011754a000 	/System/Library/Frameworks/JavaVM.framework/Frameworks/JavaRuntimeSupport.framework/JavaRuntimeSupport
0x0000000117565000 	/System/Library/Frameworks/JavaVM.framework/Versions/A/Frameworks/JavaNativeFoundation.framework/Versions/A/JavaNativeFoundation
0x000000011757a000 	/System/Library/Frameworks/JavaVM.framework/Versions/A/JavaVM
0x000000000220a000 	/System/Library/Frameworks/Carbon.framework/Versions/A/Carbon
0x0000000117587000 	/System/Library/PrivateFrameworks/JavaLaunching.framework/Versions/A/JavaLaunching
0x000000000220a000 	/System/Library/Frameworks/Carbon.framework/Versions/A/Frameworks/CommonPanels.framework/Versions/A/CommonPanels
0x000000000220a000 	/System/Library/Frameworks/Carbon.framework/Versions/A/Frameworks/Help.framework/Versions/A/Help
0x000000000220a000 	/System/Library/Frameworks/Carbon.framework/Versions/A/Frameworks/ImageCapture.framework/Versions/A/ImageCapture
0x000000000220a000 	/System/Library/Frameworks/Carbon.framework/Versions/A/Frameworks/OpenScripting.framework/Versions/A/OpenScripting
0x000000000220a000 	/System/Library/Frameworks/Carbon.framework/Versions/A/Frameworks/Print.framework/Versions/A/Print
0x000000000220a000 	/System/Library/Frameworks/Carbon.framework/Versions/A/Frameworks/SecurityHI.framework/Versions/A/SecurityHI
0x0000000118ed1000 	/Library/Java/JavaVirtualMachines/jdk1.8.0_91.jdk/Contents/Home/jre/lib/libawt.dylib
0x0000000118f79000 	/Library/Java/JavaVirtualMachines/jdk1.8.0_91.jdk/Contents/Home/jre/lib/./libmlib_image.dylib
0x0000000119045000 	/Library/Java/JavaVirtualMachines/jdk1.8.0_91.jdk/Contents/Home/jre/lib/libawt_lwawt.dylib
0x00000001190fa000 	/Library/Java/JavaVirtualMachines/jdk1.8.0_91.jdk/Contents/Home/jre/lib/./libosxapp.dylib
0x000000000220a000 	/System/Library/Frameworks/ExceptionHandling.framework/Versions/A/ExceptionHandling
0x000000000220a000 	/System/Library/PrivateFrameworks/CoreServicesInternal.framework/Versions/A/CoreServicesInternal
0x000000000220a000 	/System/Library/Frameworks/CoreGraphics.framework/Versions/A/Resources/libRIP.A.dylib
0x000000000220a000 	/System/Library/Frameworks/Accelerate.framework/Versions/A/Frameworks/vImage.framework/Versions/A/Libraries/libCGInterfaces.dylib
0x000000000220a000 	/System/Library/Frameworks/CoreGraphics.framework/Versions/A/Resources/libCGXType.A.dylib
0x000000000220a000 	/System/Library/Frameworks/OpenCL.framework/Versions/A/Libraries/libcldcpuengine.dylib
0x000000000220a000 	/System/Library/PrivateFrameworks/DiskImages.framework/Versions/A/DiskImages
0x000000000220a000 	/System/Library/Frameworks/DiscRecording.framework/Versions/A/DiscRecording
0x000000000220a000 	/usr/lib/libcsfde.dylib
0x000000000220a000 	/usr/lib/libcurl.4.dylib
0x000000000220a000 	/System/Library/PrivateFrameworks/MediaKit.framework/Versions/A/MediaKit
0x000000000220a000 	/System/Library/PrivateFrameworks/ProtectedCloudStorage.framework/Versions/A/ProtectedCloudStorage
0x000000000220a000 	/usr/lib/libCoreStorage.dylib
0x000000000220a000 	/System/Library/PrivateFrameworks/EFILogin.framework/Versions/A/EFILogin
0x000000000220a000 	/usr/lib/libutil.dylib
0x000000000220a000 	/System/Library/PrivateFrameworks/FindMyDevice.framework/Versions/A/FindMyDevice
0x000000000220a000 	/System/Library/Frameworks/LDAP.framework/Versions/A/LDAP
0x000000000220a000 	/usr/lib/libsasl2.2.dylib
0x000000000220a000 	/System/Library/PrivateFrameworks/CoreDaemon.framework/Versions/B/CoreDaemon
0x000000000220a000 	/usr/lib/libcrypto.0.9.8.dylib
0x000000000220a000 	/System/Library/PrivateFrameworks/AppleSRP.framework/Versions/A/AppleSRP
0x000000000220a000 	/System/Library/PrivateFrameworks/TrustEvaluationAgent.framework/Versions/A/TrustEvaluationAgent
0x000000011a81a000 	cl_kernels
0x000000000220a000 	/System/Library/Frameworks/OpenCL.framework/Versions/A/Libraries/ImageFormats/unorm8_bgra.dylib
0x000000000220a000 	/System/Library/Frameworks/OpenCL.framework/Versions/A/Libraries/ImageFormats/unorm8_rgba.dylib
0x000000000220a000 	/System/Library/PrivateFrameworks/FamilyControls.framework/Versions/A/FamilyControls
0x000000000220a000 	/System/Library/PrivateFrameworks/CommerceKit.framework/Versions/A/Frameworks/CommerceCore.framework/Versions/A/CommerceCore
0x000000000220a000 	/System/Library/PrivateFrameworks/SystemAdministration.framework/Versions/A/SystemAdministration
0x000000000220a000 	/System/Library/PrivateFrameworks/AppContainer.framework/Versions/A/AppContainer
0x000000000220a000 	/System/Library/PrivateFrameworks/SecCodeWrapper.framework/Versions/A/SecCodeWrapper
0x000000000220a000 	/System/Library/Frameworks/DirectoryService.framework/Versions/A/DirectoryService
0x000000000220a000 	/System/Library/PrivateFrameworks/LoginUIKit.framework/Versions/A/Frameworks/LoginUICore.framework/Versions/A/LoginUICore
0x000000000220a000 	/usr/lib/libodfde.dylib
0x000000000220a000 	/System/Library/Frameworks/OpenGL.framework/Versions/A/Resources/GLEngine.bundle/GLEngine
0x000000000220a000 	/System/Library/Frameworks/OpenGL.framework/Versions/A/Libraries/libGLProgrammability.dylib
0x000000011b837000 	/System/Library/Extensions/AppleIntelHD5000GraphicsGLDriver.bundle/Contents/MacOS/AppleIntelHD5000GraphicsGLDriver
0x000000000220a000 	/System/Library/PrivateFrameworks/GPUSupport.framework/Versions/A/Libraries/libGPUSupportMercury.dylib
0x000000000220a000 	/System/Library/Frameworks/OpenGL.framework/Versions/A/Resources/GLRendererFloat.bundle/GLRendererFloat
0x000000011c816000 	/Library/Java/JavaVirtualMachines/jdk1.8.0_91.jdk/Contents/Home/jre/lib/libfontmanager.dylib
0x000000011c87d000 	/Library/Java/JavaVirtualMachines/jdk1.8.0_91.jdk/Contents/Home/jre/lib/libosxui.dylib
0x000000011f4c9000 	/System/Library/Extensions/AppleIntelHD5000GraphicsMTLDriver.bundle/Contents/MacOS/AppleIntelHD5000GraphicsMTLDriver
0x000000011f04f000 	/Library/Java/JavaVirtualMachines/jdk1.8.0_91.jdk/Contents/Home/jre/lib/libnet.dylib
0x000000011de1c000 	/Library/Java/JavaVirtualMachines/jdk1.8.0_91.jdk/Contents/Home/jre/lib/libnio.dylib
0x000000011e0b2000 	/private/var/folders/dg/lb7chnkx37l0x14w48949l7m0000gn/T/jogamp_0000/file_cache/jln6389748875722861010/jln8517130011140687155/libgluegen-rt.jnilib
0x000000011ed10000 	/private/var/folders/dg/lb7chnkx37l0x14w48949l7m0000gn/T/jogamp_0000/file_cache/jln6389748875722861010/jln8517130011140687155/libnativewindow_awt.jnilib
0x000000011ed13000 	/Library/Java/JavaVirtualMachines/jdk1.8.0_91.jdk/Contents/Home/jre/lib/libjawt.dylib
0x000000000220a000 	/System/Library/Frameworks/ApplicationServices.framework/Versions/A/Frameworks/ATS.framework/Versions/A/Resources/libTrueTypeScaler.dylib
0x0000000170e44000 	/private/var/folders/dg/lb7chnkx37l0x14w48949l7m0000gn/T/jogamp_0000/file_cache/jln6389748875722861010/jln8517130011140687155/libnativewindow_macosx.jnilib
0x000000011f59f000 	/private/var/folders/dg/lb7chnkx37l0x14w48949l7m0000gn/T/jogamp_0000/file_cache/jln6389748875722861010/jln8517130011140687155/libjogl_desktop.jnilib

VM Arguments:
jvm_args: -Djava.library.path=/Library/Java/JavaVirtualMachines/jdk1.8.0_91.jdk/Contents/Home -Dfile.encoding=UTF-8 
java_command: GUIdriver
java_class_path (initial): /Users/aarkerr/git/ice-crystal/ice-crystal/build:/Users/aarkerr/git/ice-crystal/ice-crystal/lib/core.jar:/Users/aarkerr/git/ice-crystal/ice-crystal/lib/gluegen-rt.jar:/Users/aarkerr/git/ice-crystal/ice-crystal/lib/jogl-all.jar:/Users/aarkerr/git/ice-crystal/ice-crystal/lib/log4j-1.2.15.jar:/Users/aarkerr/git/ice-crystal/ice-crystal/lib/sqlite-jdbc-3.7.2.jar:/Users/aarkerr/git/ice-crystal/ice-crystal/lib/json4processing.jar:/Users/aarkerr/git/ice-crystal/ice-crystal/lib/libTUIO.jar:/Users/aarkerr/git/ice-crystal/ice-crystal/lib/unfolding.0.9.6.jar:/Users/aarkerr/git/ice-crystal/ice-crystal/lib/geonames-1.1.13.jar:/Users/aarkerr/git/ice-crystal/ice-crystal/lib/jdom-1.0.jar
Launcher Type: SUN_STANDARD

Environment Variables:
PATH=/usr/bin:/bin:/usr/sbin:/sbin
SHELL=/bin/bash
DISPLAY=/private/tmp/com.apple.launchd.vY77ZV5Cdp/org.macosforge.xquartz:0

Signal Handlers:
SIGSEGV: [libjvm.dylib+0x5a97a1], sa_mask[0]=11111111011111110111111111111111, sa_flags=SA_ONSTACK|SA_RESTART|SA_SIGINFO
SIGBUS: [libjvm.dylib+0x5a97a1], sa_mask[0]=11111111011111110111111111111111, sa_flags=SA_RESTART|SA_SIGINFO
SIGFPE: [libjvm.dylib+0x482594], sa_mask[0]=11111111011111110111111111111111, sa_flags=SA_RESTART|SA_SIGINFO
SIGPIPE: [libjvm.dylib+0x482594], sa_mask[0]=11111111011111110111111111111111, sa_flags=SA_RESTART|SA_SIGINFO
SIGXFSZ: [libjvm.dylib+0x482594], sa_mask[0]=11111111011111110111111111111111, sa_flags=SA_RESTART|SA_SIGINFO
SIGILL: [libjvm.dylib+0x482594], sa_mask[0]=11111111011111110111111111111111, sa_flags=SA_RESTART|SA_SIGINFO
SIGUSR1: SIG_DFL, sa_mask[0]=00000000000000000000000000000000, sa_flags=none
SIGUSR2: [libjvm.dylib+0x4820b2], sa_mask[0]=00100000000000000000000000000000, sa_flags=SA_RESTART|SA_SIGINFO
SIGHUP: [libjvm.dylib+0x480689], sa_mask[0]=11111111011111110111111111111111, sa_flags=SA_RESTART|SA_SIGINFO
SIGINT: [libjvm.dylib+0x480689], sa_mask[0]=11111111011111110111111111111111, sa_flags=SA_RESTART|SA_SIGINFO
SIGTERM: [libjvm.dylib+0x480689], sa_mask[0]=11111111011111110111111111111111, sa_flags=SA_RESTART|SA_SIGINFO
SIGQUIT: [libjvm.dylib+0x480689], sa_mask[0]=11111111011111110111111111111111, sa_flags=SA_RESTART|SA_SIGINFO


---------------  S Y S T E M  ---------------

OS:Bsduname:Darwin 15.0.0 Darwin Kernel Version 15.0.0: Sat Sep 19 15:53:46 PDT 2015; root:xnu-3247.10.11~1/RELEASE_X86_64 x86_64
rlimit: STACK 8192k, CORE 0k, NPROC 709, NOFILE 10240, AS infinity
load average:2.22 2.33 2.35

CPU:total 4 (2 cores per cpu, 2 threads per core) family 6 model 69 stepping 1, cmov, cx8, fxsr, mmx, sse, sse2, sse3, ssse3, sse4.1, sse4.2, popcnt, avx, avx2, aes, clmul, erms, rtm, lzcnt, ht, tsc, tscinvbit, bmi1, bmi2

Memory: 4k page, physical 8388608k(713608k free)

/proc/meminfo:


vm_info: Java HotSpot(TM) 64-Bit Server VM (25.91-b14) for bsd-amd64 JRE (1.8.0_91-b14), built on Apr  1 2016 01:03:00 by "java_re" with gcc 4.2.1 (Based on Apple Inc. build 5658) (LLVM build 2336.11.00)

time: Sun Jul 31 22:01:16 2016
elapsed time: 19 seconds (0d 0h 0m 19s)

