#
# A fatal error has been detected by the Java Runtime Environment:
#
#  SIGSEGV (0xb) at pc=0x00007fff982bba07, pid=92824, tid=5891
#
# JRE version: Java(TM) SE Runtime Environment (8.0_91-b14) (build 1.8.0_91-b14)
# Java VM: Java HotSpot(TM) 64-Bit Server VM (25.91-b14 mixed mode bsd-amd64 compressed oops)
# Problematic frame:
# C  [libGL.dylib+0x1a07]  glGetError+0xd
#
# Failed to write core dump. Core dumps have been disabled. To enable core dumping, try "ulimit -c unlimited" before starting Java again
#
# If you would like to submit a bug report, please visit:
#   http://bugreport.java.com/bugreport/crash.jsp
# The crash happened outside the Java Virtual Machine in native code.
# See problematic frame for where to report the bug.
#

---------------  T H R E A D  ---------------

Current thread (0x00007fe352006000):  JavaThread "main" [_thread_in_native, id=5891, stack(0x000070000011a000,0x000070000021a000)]

siginfo: si_signo: 11 (SIGSEGV), si_code: 1 (SEGV_MAPERR), si_addr: 0x0000000000000000

Registers:
RAX=0x0000000000000000, RBX=0x0000000174905410, RCX=0x00000007c0130028, RDX=0x00007fff982bb9fa
RSP=0x0000700000219460, RBP=0x0000700000219460, RSI=0x00007000002194b0, RDI=0x00007fe3520061f8
R8 =0x0000000000000000, R9 =0x0000000797b87da0, R10=0x0000000102d76338, R11=0x00000000f2f78802
R12=0x0000000000000000, R13=0x00007000002197b0, R14=0x0000000000000000, R15=0x00007fe352006000
RIP=0x00007fff982bba07, EFLAGS=0x0000000000010202, ERR=0x0000000000000004
  TRAPNO=0x000000000000000e

Top of Stack: (sp=0x0000700000219460)
0x0000700000219460:   00007000002194a0 00000001728b7b6f
0x0000700000219470:   0000000116945950 0000000797b87f20
0x0000700000219480:   00007fff982bb9fa 00007fff982bb9fa
0x0000700000219490:   00007000002194b0 00007fe3520061f8
0x00007000002194a0:   00007000002194f0 0000000102d763a8
0x00007000002194b0:   0000000797e07880 00007000002194d0
0x00007000002194c0:   0000700000219518 000000010299c040
0x00007000002194d0:   0000000797b87f20 00007000002194d8
0x00007000002194e0:   000000011694a18f 0000700000219540
0x00007000002194f0:   00007000002197f8 0000000103001198
0x0000700000219500:   000000011694a1a8 0000000000000000
0x0000700000219510:   0000700000219540 0000700000219588
0x0000700000219520:   00007000002197f8 0000000102e64b0c
0x0000700000219530:   0000000000000000 0000000000000001
0x0000700000219540:   0000000797b87ea0 0000700000219548
0x0000700000219550:   000000011694a503 0000700000219598
0x0000700000219560:   00007000002197f8 0000000102e633b4
0x0000700000219570:   000000011694a518 0000000000000000
0x0000700000219580:   0000700000219598 00007000002195f0
0x0000700000219590:   000000010299c2bd 0000000797b87e88
0x00007000002195a0:   0000000000000011 0000000000000000
0x00007000002195b0:   00007000002195b0 000000011693ae28
0x00007000002195c0:   0000700000219600 000000011693af60
0x00007000002195d0:   0000000797decf50 0000000740baa058
0x00007000002195e0:   0000000000000000 0000700000219600
0x00007000002195f0:   0000700000219658 000000010299c2bd
0x0000700000219600:   0000000797b87d80 0000000000000011
0x0000700000219610:   00007000002197f8 0000000102f6e564
0x0000700000219620:   000000011694689b 0000700000219668
0x0000700000219630:   0000000116946900 0000000000000000
0x0000700000219640:   00000001169468a8 0000000000000000
0x0000700000219650:   0000700000219668 00007000002196c0 

Instructions: (pc=0x00007fff982bba07)
0x00007fff982bb9e7:   00 48 8b 82 30 03 00 00 48 8b 3a 89 ce 4c 89 c2
0x00007fff982bb9f7:   5d ff e0 55 48 89 e5 65 48 8b 04 25 f0 00 00 00
0x00007fff982bba07:   48 8b 38 5d ff a0 38 03 00 00 55 48 89 e5 49 89
0x00007fff982bba17:   f0 89 f9 65 48 8b 14 25 f0 00 00 00 48 8b 82 40 

Register to memory mapping:

RAX=0x0000000000000000 is an unknown value
RBX=0x0000000174905410 is pointing into metadata
RCX=0x00000007c0130028 is pointing into metadata
RDX=0x00007fff982bb9fa: glGetError+0 in /System/Library/Frameworks/OpenGL.framework/Versions/A/Libraries/libGL.dylib at 0x00007fff982ba000
RSP=0x0000700000219460 is pointing into the stack for thread: 0x00007fe352006000
RBP=0x0000700000219460 is pointing into the stack for thread: 0x00007fe352006000
RSI=0x00007000002194b0 is pointing into the stack for thread: 0x00007fe352006000
RDI=0x00007fe3520061f8 is an unknown value
R8 =0x0000000000000000 is an unknown value
R9 =0x0000000797b87da0 is an oop
java.io.FileDescriptor 
 - klass: 'java/io/FileDescriptor'
R10=0x0000000102d76338 is at entry_point+56 in (nmethod*)0x0000000102d76190
R11=0x00000000f2f78802 is an unknown value
R12=0x0000000000000000 is an unknown value
R13=0x00007000002197b0 is pointing into the stack for thread: 0x00007fe352006000
R14=0x0000000000000000 is an unknown value
R15=0x00007fe352006000 is a thread


Stack: [0x000070000011a000,0x000070000021a000],  sp=0x0000700000219460,  free space=1021k
Native frames: (J=compiled Java code, j=interpreted, Vv=VM code, C=native code)
C  [libGL.dylib+0x1a07]  glGetError+0xd
C  [libjogl_desktop.jnilib+0x2bb6f]  Java_jogamp_opengl_gl4_GL4bcImpl_dispatch_1glGetError1__J+0x1f
J 1002  jogamp.opengl.gl4.GL4bcImpl.dispatch_glGetError1(J)I (0 bytes) @ 0x0000000102d763a8 [0x0000000102d76300+0xa8]
J 1738 C2 jogamp.opengl.gl4.GL4bcImpl.glGetError()I (49 bytes) @ 0x0000000103001198 [0x0000000103001140+0x58]
J 1300 C1 processing.opengl.PJOGL.getError()I (10 bytes) @ 0x0000000102e64b0c [0x0000000102e64a00+0x10c]
J 1299 C1 processing.opengl.PGraphicsOpenGL.report(Ljava/lang/String;)V (75 bytes) @ 0x0000000102e633b4 [0x0000000102e63240+0x174]
J 1580 C1 processing.opengl.PGraphicsOpenGL.beginDraw()V (134 bytes) @ 0x0000000102f6e564 [0x0000000102f6dd80+0x7e4]
J 1663 C1 de.fhpotsdam.unfolding.mapdisplay.Java2DMapDisplay.draw()V (331 bytes) @ 0x0000000102fcd584 [0x0000000102fcd3c0+0x1c4]
j  de.fhpotsdam.unfolding.UnfoldingMap.draw()V+12
j  SimpleMapApp.draw2()V+8
j  GUIdriver.<init>()V+240
j  GUIdriver.main([Ljava/lang/String;)V+3
v  ~StubRoutines::call_stub
V  [libjvm.dylib+0x2ec1e6]
V  [libjvm.dylib+0x322fbe]
V  [libjvm.dylib+0x31bd35]
C  [java+0x393e]  JavaMain+0x9b1
C  [libsystem_pthread.dylib+0x39b1]  _pthread_body+0x83
C  [libsystem_pthread.dylib+0x392e]  _pthread_body+0x0
C  [libsystem_pthread.dylib+0x1385]  thread_start+0xd
C  0x0000000000000000

Java frames: (J=compiled Java code, j=interpreted, Vv=VM code)
J 1002  jogamp.opengl.gl4.GL4bcImpl.dispatch_glGetError1(J)I (0 bytes) @ 0x0000000102d76338 [0x0000000102d76300+0x38]
J 1738 C2 jogamp.opengl.gl4.GL4bcImpl.glGetError()I (49 bytes) @ 0x0000000103001198 [0x0000000103001140+0x58]
J 1300 C1 processing.opengl.PJOGL.getError()I (10 bytes) @ 0x0000000102e64b0c [0x0000000102e64a00+0x10c]
J 1299 C1 processing.opengl.PGraphicsOpenGL.report(Ljava/lang/String;)V (75 bytes) @ 0x0000000102e633b4 [0x0000000102e63240+0x174]
J 1580 C1 processing.opengl.PGraphicsOpenGL.beginDraw()V (134 bytes) @ 0x0000000102f6e564 [0x0000000102f6dd80+0x7e4]
J 1663 C1 de.fhpotsdam.unfolding.mapdisplay.Java2DMapDisplay.draw()V (331 bytes) @ 0x0000000102fcd584 [0x0000000102fcd3c0+0x1c4]
j  de.fhpotsdam.unfolding.UnfoldingMap.draw()V+12
j  SimpleMapApp.draw2()V+8
j  GUIdriver.<init>()V+240
j  GUIdriver.main([Ljava/lang/String;)V+3
v  ~StubRoutines::call_stub

---------------  P R O C E S S  ---------------

Java Threads: ( => current thread )
  0x00007fe352ab6800 JavaThread "Image Fetcher 2" daemon [_thread_blocked, id=65539, stack(0x0000700001efd000,0x0000700001ffd000)]
  0x00007fe352ab6000 JavaThread "Image Fetcher 1" daemon [_thread_blocked, id=65055, stack(0x0000700001dfa000,0x0000700001efa000)]
  0x00007fe352206000 JavaThread "Image Fetcher 0" daemon [_thread_blocked, id=64259, stack(0x0000700001cf7000,0x0000700001df7000)]
  0x00007fe353605800 JavaThread "Keep-Alive-Timer" daemon [_thread_blocked, id=63819, stack(0x0000700001bf4000,0x0000700001cf4000)]
  0x00007fe353203000 JavaThread "Animation Thread" [_thread_blocked, id=57123, stack(0x0000700001662000,0x0000700001762000)]
  0x00007fe3520f3800 JavaThread "AWT-EventQueue-0" [_thread_in_native, id=55555, stack(0x000070000155f000,0x000070000165f000)]
  0x00007fe3520ec800 JavaThread "Java2D Disposer" daemon [_thread_blocked, id=52747, stack(0x00007000013d9000,0x00007000014d9000)]
  0x00007fe35393e000 JavaThread "Java2D Queue Flusher" daemon [_thread_blocked, id=49671, stack(0x00007000012d6000,0x00007000013d6000)]
  0x00007fe35293e800 JavaThread "AWT-Shutdown" [_thread_blocked, id=29459, stack(0x0000700001150000,0x0000700001250000)]
  0x00007fe35204d800 JavaThread "AWT-AppKit" daemon [_thread_in_native, id=2571, stack(0x00007fff5e677000,0x00007fff5ee77000)]
  0x00007fe353827000 JavaThread "Service Thread" daemon [_thread_blocked, id=18947, stack(0x0000700000ec7000,0x0000700000fc7000)]
  0x00007fe35306a800 JavaThread "C1 CompilerThread2" daemon [_thread_in_native, id=18435, stack(0x0000700000dc4000,0x0000700000ec4000)]
  0x00007fe353069800 JavaThread "C2 CompilerThread1" daemon [_thread_blocked, id=17923, stack(0x0000700000cc1000,0x0000700000dc1000)]
  0x00007fe35301d800 JavaThread "C2 CompilerThread0" daemon [_thread_blocked, id=17411, stack(0x0000700000bbe000,0x0000700000cbe000)]
  0x00007fe35301c800 JavaThread "Signal Dispatcher" daemon [_thread_blocked, id=16667, stack(0x0000700000abb000,0x0000700000bbb000)]
  0x00007fe353000800 JavaThread "Finalizer" daemon [_thread_blocked, id=12291, stack(0x000070000082f000,0x000070000092f000)]
  0x00007fe353003000 JavaThread "Reference Handler" daemon [_thread_blocked, id=11779, stack(0x000070000072c000,0x000070000082c000)]
=>0x00007fe352006000 JavaThread "main" [_thread_in_native, id=5891, stack(0x000070000011a000,0x000070000021a000)]

Other Threads:
  0x00007fe353811800 VMThread [stack: 0x0000700000629000,0x0000700000729000] [id=11267]
  0x00007fe352806800 WatcherThread [stack: 0x0000700000fca000,0x00007000010ca000] [id=19459]

VM state:not at safepoint (normal execution)

VM Mutex/Monitor currently owned by a thread: None

Heap:
 PSYoungGen      total 38400K, used 16502K [0x0000000795580000, 0x0000000798000000, 0x00000007c0000000)
  eden space 33280K, 34% used [0x0000000795580000,0x00000007960a0da8,0x0000000797600000)
  from space 5120K, 99% used [0x0000000797b00000,0x0000000797ffccd0,0x0000000798000000)
  to   space 5120K, 0% used [0x0000000797600000,0x0000000797600000,0x0000000797b00000)
 ParOldGen       total 87552K, used 12174K [0x0000000740000000, 0x0000000745580000, 0x0000000795580000)
  object space 87552K, 13% used [0x0000000740000000,0x0000000740be3810,0x0000000745580000)
 Metaspace       used 20495K, capacity 20725K, committed 20864K, reserved 1069056K
  class space    used 2060K, capacity 2145K, committed 2176K, reserved 1048576K

Card table byte_map: [0x0000000111d54000,0x0000000112155000] byte_map_base: 0x000000010e354000

Marking Bits: (ParMarkBitMap*) 0x00000001022e6eb0
 Begin Bits: [0x0000000112400000, 0x0000000114400000)
 End Bits:   [0x0000000114400000, 0x0000000116400000)

Polling page: 0x000000010104c000

CodeCache: size=245760Kb used=6964Kb max_used=6964Kb free=238795Kb
 bounds [0x0000000102994000, 0x0000000103074000, 0x0000000111994000]
 total_blobs=2734 nmethods=1834 adapters=814
 compilation: enabled

Compilation events (10 events):
Event: 6.238 Thread 0x00007fe353069800 nmethod 1827 0x000000010304dbd0 code [0x000000010304dd20, 0x000000010304df38]
Event: 6.252 Thread 0x00007fe35306a800 1828       3       processing.opengl.PGraphicsOpenGL::beginOnscreenDraw (151 bytes)
Event: 6.255 Thread 0x00007fe35306a800 nmethod 1828 0x0000000103062f90 code [0x0000000103063200, 0x0000000103064308]
Event: 6.255 Thread 0x00007fe35306a800 1830       3       processing.core.PGraphics::colorCalcARGB (177 bytes)
Event: 6.255 Thread 0x00007fe35306a800 nmethod 1830 0x00000001030505d0 code [0x00000001030507a0, 0x0000000103050c10]
Event: 6.256 Thread 0x00007fe35306a800 1829       3       processing.opengl.PGraphicsOpenGL::drawPTexture (73 bytes)
Event: 6.256 Thread 0x00007fe35306a800 nmethod 1829 0x000000010304fd10 code [0x000000010304fec0, 0x0000000103050428]
Event: 6.262 Thread 0x00007fe35306a800 1831       3       org.geonames.Toponym::setStyle (6 bytes)
Event: 6.262 Thread 0x00007fe35306a800 nmethod 1831 0x000000010304ca50 code [0x000000010304cba0, 0x000000010304cd10]
Event: 6.262 Thread 0x00007fe35301d800 1832  s    4       java.lang.StringBuffer::append (13 bytes)

GC Heap History (4 events):
Event: 2.503 GC heap before
{Heap before GC invocations=1 (full 0):
 PSYoungGen      total 38400K, used 32561K [0x0000000795580000, 0x0000000798000000, 0x00000007c0000000)
  eden space 33280K, 97% used [0x0000000795580000,0x000000079754c468,0x0000000797600000)
  from space 5120K, 0% used [0x0000000797b00000,0x0000000797b00000,0x0000000798000000)
  to   space 5120K, 0% used [0x0000000797600000,0x0000000797600000,0x0000000797b00000)
 ParOldGen       total 87552K, used 0K [0x0000000740000000, 0x0000000745580000, 0x0000000795580000)
  object space 87552K, 0% used [0x0000000740000000,0x0000000740000000,0x0000000745580000)
 Metaspace       used 18020K, capacity 18219K, committed 18432K, reserved 1064960K
  class space    used 1868K, capacity 1952K, committed 2048K, reserved 1048576K
Event: 2.514 GC heap after
Heap after GC invocations=1 (full 0):
 PSYoungGen      total 38400K, used 5091K [0x0000000795580000, 0x0000000798000000, 0x00000007c0000000)
  eden space 33280K, 0% used [0x0000000795580000,0x0000000795580000,0x0000000797600000)
  from space 5120K, 99% used [0x0000000797600000,0x0000000797af8d00,0x0000000797b00000)
  to   space 5120K, 0% used [0x0000000797b00000,0x0000000797b00000,0x0000000798000000)
 ParOldGen       total 87552K, used 5162K [0x0000000740000000, 0x0000000745580000, 0x0000000795580000)
  object space 87552K, 5% used [0x0000000740000000,0x000000074050aa80,0x0000000745580000)
 Metaspace       used 18020K, capacity 18219K, committed 18432K, reserved 1064960K
  class space    used 1868K, capacity 1952K, committed 2048K, reserved 1048576K
}
Event: 3.913 GC heap before
{Heap before GC invocations=2 (full 0):
 PSYoungGen      total 38400K, used 38371K [0x0000000795580000, 0x0000000798000000, 0x00000007c0000000)
  eden space 33280K, 100% used [0x0000000795580000,0x0000000797600000,0x0000000797600000)
  from space 5120K, 99% used [0x0000000797600000,0x0000000797af8d00,0x0000000797b00000)
  to   space 5120K, 0% used [0x0000000797b00000,0x0000000797b00000,0x0000000798000000)
 ParOldGen       total 87552K, used 5162K [0x0000000740000000, 0x0000000745580000, 0x0000000795580000)
  object space 87552K, 5% used [0x0000000740000000,0x000000074050aa80,0x0000000745580000)
 Metaspace       used 20289K, capacity 20533K, committed 20864K, reserved 1069056K
  class space    used 2059K, capacity 2145K, committed 2176K, reserved 1048576K
Event: 3.929 GC heap after
Heap after GC invocations=2 (full 0):
 PSYoungGen      total 38400K, used 5107K [0x0000000795580000, 0x0000000798000000, 0x00000007c0000000)
  eden space 33280K, 0% used [0x0000000795580000,0x0000000795580000,0x0000000797600000)
  from space 5120K, 99% used [0x0000000797b00000,0x0000000797ffccd0,0x0000000798000000)
  to   space 5120K, 0% used [0x0000000797600000,0x0000000797600000,0x0000000797b00000)
 ParOldGen       total 87552K, used 12174K [0x0000000740000000, 0x0000000745580000, 0x0000000795580000)
  object space 87552K, 13% used [0x0000000740000000,0x0000000740be3810,0x0000000745580000)
 Metaspace       used 20289K, capacity 20533K, committed 20864K, reserved 1069056K
  class space    used 2059K, capacity 2145K, committed 2176K, reserved 1048576K
}

Deoptimization events (10 events):
Event: 2.591 Thread 0x00007fe3520f3800 Uncommon trap: reason=unstable_if action=reinterpret pc=0x0000000102cee2fc method=com.jogamp.common.util.IntIntHashMap.get(I)I @ 28
Event: 6.201 Thread 0x00007fe352006000 Uncommon trap: reason=unstable_if action=reinterpret pc=0x000000010304a1e0 method=org.jdom.input.TextBuffer.append([CII)V @ 4
Event: 6.201 Thread 0x00007fe352006000 Uncommon trap: reason=unstable_if action=reinterpret pc=0x000000010304c46c method=org.jdom.input.TextBuffer.append([CII)V @ 4
Event: 6.201 Thread 0x00007fe352006000 Uncommon trap: reason=unstable_if action=reinterpret pc=0x0000000102f80660 method=org.jdom.input.TextBuffer.toString()Ljava/lang/String; @ 17
Event: 6.262 Thread 0x00007fe352006000 Uncommon trap: reason=unstable_if action=reinterpret pc=0x0000000102df045c method=sun.misc.FloatingDecimal$BinaryToASCIIBuffer.dtoa(IJIZ)V @ 111
Event: 6.262 Thread 0x00007fe352006000 Uncommon trap: reason=unstable_if action=reinterpret pc=0x0000000102ddbe10 method=sun.misc.FloatingDecimal$BinaryToASCIIBuffer.getChars([C)I @ 150
Event: 6.262 Thread 0x00007fe352006000 Uncommon trap: reason=unstable_if action=reinterpret pc=0x0000000102d809b8 method=java.text.DigitList.getDataChars(I)[C @ 13
Event: 6.262 Thread 0x00007fe352006000 Uncommon trap: reason=unstable_if action=reinterpret pc=0x0000000102db203c method=java.text.DecimalFormat.subformat(Ljava/lang/StringBuffer;Ljava/text/Format$FieldDelegate;ZZIIII)Ljava/lang/StringBuffer; @ 753
Event: 6.262 Thread 0x00007fe352006000 Uncommon trap: reason=unstable_if action=reinterpret pc=0x0000000102e0ae70 method=java.text.DecimalFormat.format(DLjava/lang/StringBuffer;Ljava/text/Format$FieldDelegate;)Ljava/lang/StringBuffer; @ 65
Event: 6.262 Thread 0x00007fe352006000 Uncommon trap: reason=unstable_if action=reinterpret pc=0x0000000102d77c40 method=java.text.DecimalFormat.append(Ljava/lang/StringBuffer;Ljava/lang/String;Ljava/text/Format$FieldDelegate;[Ljava/text/FieldPosition;Ljava/text/Format$Field;)V @ 10

Internal exceptions (10 events):
Event: 0.131 Thread 0x00007fe352006000 Exception <a 'java/security/PrivilegedActionException'> (0x0000000795733c60) thrown at [/Users/java_re/workspace/8-2-build-macosx-x86_64/jdk8u91/6644/hotspot/src/share/vm/prims/jvm.cpp, line 1386]
Event: 0.132 Thread 0x00007fe352006000 Exception <a 'java/security/PrivilegedActionException'> (0x0000000795736f00) thrown at [/Users/java_re/workspace/8-2-build-macosx-x86_64/jdk8u91/6644/hotspot/src/share/vm/prims/jvm.cpp, line 1386]
Event: 0.132 Thread 0x00007fe352006000 Exception <a 'java/security/PrivilegedActionException'> (0x0000000795737110) thrown at [/Users/java_re/workspace/8-2-build-macosx-x86_64/jdk8u91/6644/hotspot/src/share/vm/prims/jvm.cpp, line 1386]
Event: 0.175 Thread 0x00007fe352006000 Exception <a 'java/lang/NoSuchFieldError': method resolution failed> (0x0000000795804598) thrown at [/Users/java_re/workspace/8-2-build-macosx-x86_64/jdk8u91/6644/hotspot/src/share/vm/prims/methodHandles.cpp, line 1146]
Event: 0.177 Thread 0x00007fe352006000 Exception <a 'java/lang/NoSuchFieldError': method resolution failed> (0x0000000795811d68) thrown at [/Users/java_re/workspace/8-2-build-macosx-x86_64/jdk8u91/6644/hotspot/src/share/vm/prims/methodHandles.cpp, line 1146]
Event: 0.310 Thread 0x00007fe352006000 Exception <a 'java/io/FileNotFoundException'> (0x000000079588d048) thrown at [/Users/java_re/workspace/8-2-build-macosx-x86_64/jdk8u91/6644/hotspot/src/share/vm/prims/jni.cpp, line 709]
Event: 0.310 Thread 0x00007fe352006000 Exception <a 'java/io/FileNotFoundException'> (0x000000079588db98) thrown at [/Users/java_re/workspace/8-2-build-macosx-x86_64/jdk8u91/6644/hotspot/src/share/vm/prims/jni.cpp, line 709]
Event: 0.576 Thread 0x00007fe352006000 Exception <a 'java/lang/NullPointerException'> (0x0000000795d3a618) thrown at [/Users/java_re/workspace/8-2-build-macosx-x86_64/jdk8u91/6644/hotspot/src/share/vm/interpreter/linkResolver.cpp, line 1280]
Event: 0.751 Thread 0x00007fe353203000 Exception <a 'java/lang/UnsatisfiedLinkError': com.jogamp.common.util.JarUtil.fixNativeLibAttribs(Ljava/lang/String;)Z> (0x000000079621bf10) thrown at [/Users/java_re/workspace/8-2-build-macosx-x86_64/jdk8u91/6644/hotspot/src/share/vm/prims/nativeLookup.c
Event: 2.515 Thread 0x00007fe353000800 Exception <a 'java/lang/NullPointerException'> (0x00000007957fb300) thrown at [/Users/java_re/workspace/8-2-build-macosx-x86_64/jdk8u91/6644/hotspot/src/share/vm/interpreter/linkResolver.cpp, line 1178]

Events (10 events):
Event: 6.262 loading class java/text/DigitList$1 done
Event: 6.262 Thread 0x00007fe352006000 Uncommon trap: trap_request=0xffffff65 fr.pc=0x0000000102db203c
Event: 6.262 Thread 0x00007fe352006000 DEOPT PACKING pc=0x0000000102db203c sp=0x0000700000219380
Event: 6.262 Thread 0x00007fe352006000 DEOPT UNPACKING pc=0x0000000102999229 sp=0x00007000002192e8 mode 2
Event: 6.262 Thread 0x00007fe352006000 Uncommon trap: trap_request=0xffffff65 fr.pc=0x0000000102e0ae70
Event: 6.262 Thread 0x00007fe352006000 DEOPT PACKING pc=0x0000000102e0ae70 sp=0x0000700000219430
Event: 6.262 Thread 0x00007fe352006000 DEOPT UNPACKING pc=0x0000000102999229 sp=0x0000700000219418 mode 2
Event: 6.262 Thread 0x00007fe352006000 Uncommon trap: trap_request=0xffffff65 fr.pc=0x0000000102d77c40
Event: 6.262 Thread 0x00007fe352006000 DEOPT PACKING pc=0x0000000102d77c40 sp=0x0000700000219260
Event: 6.262 Thread 0x00007fe352006000 DEOPT UNPACKING pc=0x0000000102999229 sp=0x0000700000219230 mode 2


Dynamic libraries:
0x000000000220a000 	/System/Library/Frameworks/Cocoa.framework/Versions/A/Cocoa
0x000000000220a000 	/System/Library/Frameworks/Security.framework/Versions/A/Security
0x000000000220a000 	/System/Library/Frameworks/ApplicationServices.framework/Versions/A/ApplicationServices
0x000000000220a000 	/usr/lib/libz.1.dylib
0x000000000220a000 	/usr/lib/libSystem.B.dylib
0x000000000220a000 	/usr/lib/libobjc.A.dylib
0x000000000220a000 	/System/Library/Frameworks/CoreFoundation.framework/Versions/A/CoreFoundation
0x000000000220a000 	/System/Library/Frameworks/Foundation.framework/Versions/C/Foundation
0x000000000220a000 	/System/Library/Frameworks/AppKit.framework/Versions/C/AppKit
0x000000000220a000 	/System/Library/Frameworks/CoreData.framework/Versions/A/CoreData
0x000000000220a000 	/System/Library/PrivateFrameworks/RemoteViewServices.framework/Versions/A/RemoteViewServices
0x000000000220a000 	/System/Library/PrivateFrameworks/UIFoundation.framework/Versions/A/UIFoundation
0x000000000220a000 	/usr/lib/libScreenReader.dylib
0x000000000220a000 	/System/Library/Frameworks/Accelerate.framework/Versions/A/Accelerate
0x000000000220a000 	/System/Library/Frameworks/IOSurface.framework/Versions/A/IOSurface
0x000000000220a000 	/System/Library/Frameworks/AudioToolbox.framework/Versions/A/AudioToolbox
0x000000000220a000 	/System/Library/Frameworks/AudioUnit.framework/Versions/A/AudioUnit
0x000000000220a000 	/System/Library/PrivateFrameworks/DataDetectorsCore.framework/Versions/A/DataDetectorsCore
0x000000000220a000 	/System/Library/PrivateFrameworks/DesktopServicesPriv.framework/Versions/A/DesktopServicesPriv
0x000000000220a000 	/System/Library/Frameworks/Carbon.framework/Versions/A/Frameworks/HIToolbox.framework/Versions/A/HIToolbox
0x000000000220a000 	/System/Library/Frameworks/QuartzCore.framework/Versions/A/QuartzCore
0x000000000220a000 	/System/Library/Frameworks/Carbon.framework/Versions/A/Frameworks/SpeechRecognition.framework/Versions/A/SpeechRecognition
0x000000000220a000 	/usr/lib/libauto.dylib
0x000000000220a000 	/usr/lib/libicucore.A.dylib
0x000000000220a000 	/usr/lib/libxml2.2.dylib
0x000000000220a000 	/System/Library/PrivateFrameworks/CoreUI.framework/Versions/A/CoreUI
0x000000000220a000 	/System/Library/Frameworks/CoreAudio.framework/Versions/A/CoreAudio
0x000000000220a000 	/System/Library/Frameworks/DiskArbitration.framework/Versions/A/DiskArbitration
0x000000000220a000 	/usr/lib/liblangid.dylib
0x000000000220a000 	/System/Library/PrivateFrameworks/MultitouchSupport.framework/Versions/A/MultitouchSupport
0x000000000220a000 	/System/Library/Frameworks/IOKit.framework/Versions/A/IOKit
0x000000000220a000 	/usr/lib/libDiagnosticMessagesClient.dylib
0x000000000220a000 	/System/Library/Frameworks/CoreServices.framework/Versions/A/CoreServices
0x000000000220a000 	/System/Library/PrivateFrameworks/PerformanceAnalysis.framework/Versions/A/PerformanceAnalysis
0x000000000220a000 	/System/Library/PrivateFrameworks/GenerationalStorage.framework/Versions/A/GenerationalStorage
0x000000000220a000 	/System/Library/Frameworks/OpenGL.framework/Versions/A/OpenGL
0x000000000220a000 	/System/Library/PrivateFrameworks/Sharing.framework/Versions/A/Sharing
0x000000000220a000 	/System/Library/Frameworks/CoreGraphics.framework/Versions/A/CoreGraphics
0x000000000220a000 	/System/Library/Frameworks/CoreImage.framework/Versions/A/CoreImage
0x000000000220a000 	/System/Library/Frameworks/CoreText.framework/Versions/A/CoreText
0x000000000220a000 	/System/Library/Frameworks/ImageIO.framework/Versions/A/ImageIO
0x000000000220a000 	/System/Library/PrivateFrameworks/Backup.framework/Versions/A/Backup
0x000000000220a000 	/usr/lib/libextension.dylib
0x000000000220a000 	/usr/lib/libarchive.2.dylib
0x000000000220a000 	/System/Library/Frameworks/CFNetwork.framework/Versions/A/CFNetwork
0x000000000220a000 	/System/Library/Frameworks/SystemConfiguration.framework/Versions/A/SystemConfiguration
0x000000000220a000 	/usr/lib/libCRFSuite.dylib
0x000000000220a000 	/usr/lib/libc++.1.dylib
0x000000000220a000 	/usr/lib/libc++abi.dylib
0x000000000220a000 	/usr/lib/system/libcache.dylib
0x000000000220a000 	/usr/lib/system/libcommonCrypto.dylib
0x000000000220a000 	/usr/lib/system/libcompiler_rt.dylib
0x000000000220a000 	/usr/lib/system/libcopyfile.dylib
0x000000000220a000 	/usr/lib/system/libcorecrypto.dylib
0x000000000220a000 	/usr/lib/system/libdispatch.dylib
0x000000000220a000 	/usr/lib/system/libdyld.dylib
0x000000000220a000 	/usr/lib/system/libkeymgr.dylib
0x000000000220a000 	/usr/lib/system/liblaunch.dylib
0x000000000220a000 	/usr/lib/system/libmacho.dylib
0x000000000220a000 	/usr/lib/system/libquarantine.dylib
0x000000000220a000 	/usr/lib/system/libremovefile.dylib
0x000000000220a000 	/usr/lib/system/libsystem_asl.dylib
0x000000000220a000 	/usr/lib/system/libsystem_blocks.dylib
0x000000000220a000 	/usr/lib/system/libsystem_c.dylib
0x000000000220a000 	/usr/lib/system/libsystem_configuration.dylib
0x000000000220a000 	/usr/lib/system/libsystem_coreservices.dylib
0x000000000220a000 	/usr/lib/system/libsystem_coretls.dylib
0x000000000220a000 	/usr/lib/system/libsystem_dnssd.dylib
0x000000000220a000 	/usr/lib/system/libsystem_info.dylib
0x000000000220a000 	/usr/lib/system/libsystem_kernel.dylib
0x000000000220a000 	/usr/lib/system/libsystem_m.dylib
0x000000000220a000 	/usr/lib/system/libsystem_malloc.dylib
0x000000000220a000 	/usr/lib/system/libsystem_network.dylib
0x000000000220a000 	/usr/lib/system/libsystem_networkextension.dylib
0x000000000220a000 	/usr/lib/system/libsystem_notify.dylib
0x000000000220a000 	/usr/lib/system/libsystem_platform.dylib
0x000000000220a000 	/usr/lib/system/libsystem_pthread.dylib
0x000000000220a000 	/usr/lib/system/libsystem_sandbox.dylib
0x000000000220a000 	/usr/lib/system/libsystem_secinit.dylib
0x000000000220a000 	/usr/lib/system/libsystem_trace.dylib
0x000000000220a000 	/usr/lib/system/libunc.dylib
0x000000000220a000 	/usr/lib/system/libunwind.dylib
0x000000000220a000 	/usr/lib/system/libxpc.dylib
0x000000000220a000 	/usr/lib/libenergytrace.dylib
0x000000000220a000 	/usr/lib/libbsm.0.dylib
0x000000000220a000 	/usr/lib/system/libkxld.dylib
0x000000000220a000 	/usr/lib/libxar.1.dylib
0x000000000220a000 	/usr/lib/libsqlite3.dylib
0x000000000220a000 	/usr/lib/libpam.2.dylib
0x000000000220a000 	/usr/lib/libOpenScriptingUtil.dylib
0x000000000220a000 	/usr/lib/libbz2.1.0.dylib
0x000000000220a000 	/usr/lib/liblzma.5.dylib
0x000000000220a000 	/System/Library/Frameworks/CoreServices.framework/Versions/A/Frameworks/FSEvents.framework/Versions/A/FSEvents
0x000000000220a000 	/System/Library/Frameworks/CoreServices.framework/Versions/A/Frameworks/CarbonCore.framework/Versions/A/CarbonCore
0x000000000220a000 	/System/Library/Frameworks/CoreServices.framework/Versions/A/Frameworks/Metadata.framework/Versions/A/Metadata
0x000000000220a000 	/System/Library/Frameworks/CoreServices.framework/Versions/A/Frameworks/OSServices.framework/Versions/A/OSServices
0x000000000220a000 	/System/Library/Frameworks/CoreServices.framework/Versions/A/Frameworks/SearchKit.framework/Versions/A/SearchKit
0x000000000220a000 	/System/Library/Frameworks/CoreServices.framework/Versions/A/Frameworks/AE.framework/Versions/A/AE
0x000000000220a000 	/System/Library/Frameworks/CoreServices.framework/Versions/A/Frameworks/LaunchServices.framework/Versions/A/LaunchServices
0x000000000220a000 	/System/Library/Frameworks/CoreServices.framework/Versions/A/Frameworks/DictionaryServices.framework/Versions/A/DictionaryServices
0x000000000220a000 	/System/Library/Frameworks/CoreServices.framework/Versions/A/Frameworks/SharedFileList.framework/Versions/A/SharedFileList
0x000000000220a000 	/System/Library/Frameworks/NetFS.framework/Versions/A/NetFS
0x000000000220a000 	/System/Library/PrivateFrameworks/NetAuth.framework/Versions/A/NetAuth
0x000000000220a000 	/System/Library/PrivateFrameworks/login.framework/Versions/A/Frameworks/loginsupport.framework/Versions/A/loginsupport
0x000000000220a000 	/System/Library/PrivateFrameworks/TCC.framework/Versions/A/TCC
0x000000000220a000 	/usr/lib/libmecabra.dylib
0x000000000220a000 	/System/Library/Frameworks/ApplicationServices.framework/Versions/A/Frameworks/ATS.framework/Versions/A/ATS
0x000000000220a000 	/System/Library/Frameworks/ApplicationServices.framework/Versions/A/Frameworks/ColorSync.framework/Versions/A/ColorSync
0x000000000220a000 	/System/Library/Frameworks/ApplicationServices.framework/Versions/A/Frameworks/HIServices.framework/Versions/A/HIServices
0x000000000220a000 	/System/Library/Frameworks/ApplicationServices.framework/Versions/A/Frameworks/LangAnalysis.framework/Versions/A/LangAnalysis
0x000000000220a000 	/System/Library/Frameworks/ApplicationServices.framework/Versions/A/Frameworks/PrintCore.framework/Versions/A/PrintCore
0x000000000220a000 	/System/Library/Frameworks/ApplicationServices.framework/Versions/A/Frameworks/QD.framework/Versions/A/QD
0x000000000220a000 	/System/Library/Frameworks/ApplicationServices.framework/Versions/A/Frameworks/SpeechSynthesis.framework/Versions/A/SpeechSynthesis
0x000000000220a000 	/System/Library/Frameworks/Metal.framework/Versions/A/Metal
0x000000000220a000 	/System/Library/Frameworks/Accelerate.framework/Versions/A/Frameworks/vImage.framework/Versions/A/vImage
0x000000000220a000 	/System/Library/Frameworks/Accelerate.framework/Versions/A/Frameworks/vecLib.framework/Versions/A/vecLib
0x000000000220a000 	/System/Library/Frameworks/Accelerate.framework/Versions/A/Frameworks/vecLib.framework/Versions/A/libvDSP.dylib
0x000000000220a000 	/System/Library/Frameworks/Accelerate.framework/Versions/A/Frameworks/vecLib.framework/Versions/A/libvMisc.dylib
0x000000000220a000 	/System/Library/Frameworks/Accelerate.framework/Versions/A/Frameworks/vecLib.framework/Versions/A/libLAPACK.dylib
0x000000000220a000 	/System/Library/Frameworks/Accelerate.framework/Versions/A/Frameworks/vecLib.framework/Versions/A/libBLAS.dylib
0x000000000220a000 	/System/Library/Frameworks/Accelerate.framework/Versions/A/Frameworks/vecLib.framework/Versions/A/libLinearAlgebra.dylib
0x000000000220a000 	/System/Library/Frameworks/Accelerate.framework/Versions/A/Frameworks/vecLib.framework/Versions/A/libSparseBLAS.dylib
0x000000000220a000 	/System/Library/PrivateFrameworks/GPUCompiler.framework/libmetal_timestamp.dylib
0x000000000220a000 	/System/Library/Frameworks/OpenGL.framework/Versions/A/Libraries/libCoreFSCache.dylib
0x000000000220a000 	/System/Library/PrivateFrameworks/IOAccelerator.framework/Versions/A/IOAccelerator
0x000000000220a000 	/System/Library/Frameworks/ApplicationServices.framework/Versions/A/Frameworks/ATS.framework/Versions/A/Resources/libFontParser.dylib
0x000000000220a000 	/System/Library/Frameworks/ApplicationServices.framework/Versions/A/Frameworks/ATS.framework/Versions/A/Resources/libFontRegistry.dylib
0x000000000220a000 	/System/Library/PrivateFrameworks/AppleVPA.framework/Versions/A/AppleVPA
0x000000000220a000 	/System/Library/PrivateFrameworks/AppleJPEG.framework/Versions/A/AppleJPEG
0x000000000220a000 	/System/Library/Frameworks/ImageIO.framework/Versions/A/Resources/libJPEG.dylib
0x000000000220a000 	/System/Library/Frameworks/ImageIO.framework/Versions/A/Resources/libTIFF.dylib
0x000000000220a000 	/System/Library/Frameworks/ImageIO.framework/Versions/A/Resources/libPng.dylib
0x000000000220a000 	/System/Library/Frameworks/ImageIO.framework/Versions/A/Resources/libGIF.dylib
0x000000000220a000 	/System/Library/Frameworks/ImageIO.framework/Versions/A/Resources/libJP2.dylib
0x000000000220a000 	/System/Library/Frameworks/ImageIO.framework/Versions/A/Resources/libRadiance.dylib
0x000000000220a000 	/System/Library/Frameworks/CoreVideo.framework/Versions/A/CoreVideo
0x000000000220a000 	/System/Library/Frameworks/OpenGL.framework/Versions/A/Libraries/libGLU.dylib
0x000000000220a000 	/System/Library/Frameworks/OpenGL.framework/Versions/A/Libraries/libGFXShared.dylib
0x000000000220a000 	/System/Library/Frameworks/OpenGL.framework/Versions/A/Libraries/libGL.dylib
0x000000000220a000 	/System/Library/Frameworks/OpenGL.framework/Versions/A/Libraries/libGLImage.dylib
0x000000000220a000 	/System/Library/Frameworks/OpenGL.framework/Versions/A/Libraries/libCVMSPluginSupport.dylib
0x000000000220a000 	/System/Library/Frameworks/OpenGL.framework/Versions/A/Libraries/libCoreVMClient.dylib
0x000000000220a000 	/usr/lib/libcups.2.dylib
0x000000000220a000 	/System/Library/Frameworks/Kerberos.framework/Versions/A/Kerberos
0x000000000220a000 	/System/Library/Frameworks/GSS.framework/Versions/A/GSS
0x000000000220a000 	/usr/lib/libresolv.9.dylib
0x000000000220a000 	/usr/lib/libiconv.2.dylib
0x000000000220a000 	/System/Library/PrivateFrameworks/Heimdal.framework/Versions/A/Heimdal
0x000000000220a000 	/usr/lib/libheimdal-asn1.dylib
0x000000000220a000 	/System/Library/Frameworks/OpenDirectory.framework/Versions/A/OpenDirectory
0x000000000220a000 	/System/Library/PrivateFrameworks/CommonAuth.framework/Versions/A/CommonAuth
0x000000000220a000 	/System/Library/Frameworks/OpenDirectory.framework/Versions/A/Frameworks/CFOpenDirectory.framework/Versions/A/CFOpenDirectory
0x000000000220a000 	/System/Library/Frameworks/SecurityFoundation.framework/Versions/A/SecurityFoundation
0x000000000220a000 	/System/Library/PrivateFrameworks/LanguageModeling.framework/Versions/A/LanguageModeling
0x000000000220a000 	/usr/lib/libmarisa.dylib
0x000000000220a000 	/usr/lib/libChineseTokenizer.dylib
0x000000000220a000 	/usr/lib/libcmph.dylib
0x000000000220a000 	/usr/lib/libcompression.dylib
0x000000000220a000 	/System/Library/Frameworks/ServiceManagement.framework/Versions/A/ServiceManagement
0x000000000220a000 	/usr/lib/libxslt.1.dylib
0x000000000220a000 	/System/Library/Frameworks/Carbon.framework/Versions/A/Frameworks/Ink.framework/Versions/A/Ink
0x000000000220a000 	/usr/lib/libFosl_dynamic.dylib
0x000000000220a000 	/System/Library/PrivateFrameworks/FaceCore.framework/Versions/A/FaceCore
0x000000000220a000 	/System/Library/Frameworks/OpenCL.framework/Versions/A/OpenCL
0x000000000220a000 	/System/Library/PrivateFrameworks/CrashReporterSupport.framework/Versions/A/CrashReporterSupport
0x000000000220a000 	/System/Library/PrivateFrameworks/IconServices.framework/Versions/A/IconServices
0x000000000220a000 	/System/Library/PrivateFrameworks/Apple80211.framework/Versions/A/Apple80211
0x000000000220a000 	/System/Library/Frameworks/CoreWLAN.framework/Versions/A/CoreWLAN
0x000000000220a000 	/System/Library/Frameworks/IOBluetooth.framework/Versions/A/IOBluetooth
0x000000000220a000 	/System/Library/PrivateFrameworks/CoreWiFi.framework/Versions/A/CoreWiFi
0x000000000220a000 	/System/Library/Frameworks/CoreBluetooth.framework/Versions/A/CoreBluetooth
0x000000000220a000 	/System/Library/PrivateFrameworks/ChunkingLibrary.framework/Versions/A/ChunkingLibrary
0x000000000220a000 	/System/Library/PrivateFrameworks/DebugSymbols.framework/Versions/A/DebugSymbols
0x000000000220a000 	/System/Library/PrivateFrameworks/CoreSymbolication.framework/Versions/A/CoreSymbolication
0x000000000220a000 	/System/Library/PrivateFrameworks/Symbolication.framework/Versions/A/Symbolication
0x000000000220a000 	/System/Library/PrivateFrameworks/SpeechRecognitionCore.framework/Versions/A/SpeechRecognitionCore
0x0000000101a00000 	/Library/Java/JavaVirtualMachines/jdk1.8.0_91.jdk/Contents/Home/jre/lib/server/libjvm.dylib
0x000000000220a000 	/usr/lib/libstdc++.6.dylib
0x0000000101009000 	/Library/Java/JavaVirtualMachines/jdk1.8.0_91.jdk/Contents/Home/jre/lib/libverify.dylib
0x0000000101017000 	/Library/Java/JavaVirtualMachines/jdk1.8.0_91.jdk/Contents/Home/jre/lib/libjava.dylib
0x0000000101056000 	/Library/Java/JavaVirtualMachines/jdk1.8.0_91.jdk/Contents/Home/jre/lib/libzip.dylib
0x0000000118164000 	/System/Library/Frameworks/JavaVM.framework/Frameworks/JavaRuntimeSupport.framework/JavaRuntimeSupport
0x000000011817f000 	/System/Library/Frameworks/JavaVM.framework/Versions/A/Frameworks/JavaNativeFoundation.framework/Versions/A/JavaNativeFoundation
0x00000001011f2000 	/System/Library/Frameworks/JavaVM.framework/Versions/A/JavaVM
0x000000000220a000 	/System/Library/Frameworks/Carbon.framework/Versions/A/Carbon
0x0000000118194000 	/System/Library/PrivateFrameworks/JavaLaunching.framework/Versions/A/JavaLaunching
0x000000000220a000 	/System/Library/Frameworks/Carbon.framework/Versions/A/Frameworks/CommonPanels.framework/Versions/A/CommonPanels
0x000000000220a000 	/System/Library/Frameworks/Carbon.framework/Versions/A/Frameworks/Help.framework/Versions/A/Help
0x000000000220a000 	/System/Library/Frameworks/Carbon.framework/Versions/A/Frameworks/ImageCapture.framework/Versions/A/ImageCapture
0x000000000220a000 	/System/Library/Frameworks/Carbon.framework/Versions/A/Frameworks/OpenScripting.framework/Versions/A/OpenScripting
0x000000000220a000 	/System/Library/Frameworks/Carbon.framework/Versions/A/Frameworks/Print.framework/Versions/A/Print
0x000000000220a000 	/System/Library/Frameworks/Carbon.framework/Versions/A/Frameworks/SecurityHI.framework/Versions/A/SecurityHI
0x0000000119ae0000 	/Library/Java/JavaVirtualMachines/jdk1.8.0_91.jdk/Contents/Home/jre/lib/libawt.dylib
0x0000000119b88000 	/Library/Java/JavaVirtualMachines/jdk1.8.0_91.jdk/Contents/Home/jre/lib/./libmlib_image.dylib
0x0000000119c54000 	/Library/Java/JavaVirtualMachines/jdk1.8.0_91.jdk/Contents/Home/jre/lib/libawt_lwawt.dylib
0x0000000119d09000 	/Library/Java/JavaVirtualMachines/jdk1.8.0_91.jdk/Contents/Home/jre/lib/./libosxapp.dylib
0x000000000220a000 	/System/Library/Frameworks/ExceptionHandling.framework/Versions/A/ExceptionHandling
0x000000000220a000 	/System/Library/PrivateFrameworks/CoreServicesInternal.framework/Versions/A/CoreServicesInternal
0x000000000220a000 	/System/Library/Frameworks/CoreGraphics.framework/Versions/A/Resources/libRIP.A.dylib
0x000000000220a000 	/System/Library/Frameworks/Accelerate.framework/Versions/A/Frameworks/vImage.framework/Versions/A/Libraries/libCGInterfaces.dylib
0x000000000220a000 	/System/Library/Frameworks/CoreGraphics.framework/Versions/A/Resources/libCGXType.A.dylib
0x000000000220a000 	/System/Library/Frameworks/OpenCL.framework/Versions/A/Libraries/libcldcpuengine.dylib
0x000000000220a000 	/System/Library/PrivateFrameworks/DiskImages.framework/Versions/A/DiskImages
0x000000000220a000 	/System/Library/Frameworks/DiscRecording.framework/Versions/A/DiscRecording
0x000000000220a000 	/usr/lib/libcsfde.dylib
0x000000000220a000 	/usr/lib/libcurl.4.dylib
0x000000000220a000 	/System/Library/PrivateFrameworks/MediaKit.framework/Versions/A/MediaKit
0x000000000220a000 	/System/Library/PrivateFrameworks/ProtectedCloudStorage.framework/Versions/A/ProtectedCloudStorage
0x000000000220a000 	/usr/lib/libCoreStorage.dylib
0x000000000220a000 	/System/Library/PrivateFrameworks/EFILogin.framework/Versions/A/EFILogin
0x000000000220a000 	/usr/lib/libutil.dylib
0x000000000220a000 	/System/Library/PrivateFrameworks/FindMyDevice.framework/Versions/A/FindMyDevice
0x000000000220a000 	/System/Library/Frameworks/LDAP.framework/Versions/A/LDAP
0x000000000220a000 	/usr/lib/libsasl2.2.dylib
0x000000000220a000 	/System/Library/PrivateFrameworks/CoreDaemon.framework/Versions/B/CoreDaemon
0x000000000220a000 	/usr/lib/libcrypto.0.9.8.dylib
0x000000000220a000 	/System/Library/PrivateFrameworks/AppleSRP.framework/Versions/A/AppleSRP
0x000000000220a000 	/System/Library/PrivateFrameworks/TrustEvaluationAgent.framework/Versions/A/TrustEvaluationAgent
0x000000011a5b8000 	cl_kernels
0x000000000220a000 	/System/Library/Frameworks/OpenCL.framework/Versions/A/Libraries/ImageFormats/unorm8_bgra.dylib
0x000000000220a000 	/System/Library/Frameworks/OpenCL.framework/Versions/A/Libraries/ImageFormats/unorm8_rgba.dylib
0x000000000220a000 	/System/Library/PrivateFrameworks/FamilyControls.framework/Versions/A/FamilyControls
0x000000000220a000 	/System/Library/PrivateFrameworks/CommerceKit.framework/Versions/A/Frameworks/CommerceCore.framework/Versions/A/CommerceCore
0x000000000220a000 	/System/Library/PrivateFrameworks/SystemAdministration.framework/Versions/A/SystemAdministration
0x000000000220a000 	/System/Library/PrivateFrameworks/AppContainer.framework/Versions/A/AppContainer
0x000000000220a000 	/System/Library/PrivateFrameworks/SecCodeWrapper.framework/Versions/A/SecCodeWrapper
0x000000000220a000 	/System/Library/Frameworks/DirectoryService.framework/Versions/A/DirectoryService
0x000000000220a000 	/System/Library/PrivateFrameworks/LoginUIKit.framework/Versions/A/Frameworks/LoginUICore.framework/Versions/A/LoginUICore
0x000000000220a000 	/usr/lib/libodfde.dylib
0x000000000220a000 	/System/Library/Frameworks/OpenGL.framework/Versions/A/Resources/GLEngine.bundle/GLEngine
0x000000000220a000 	/System/Library/Frameworks/OpenGL.framework/Versions/A/Libraries/libGLProgrammability.dylib
0x000000011c43e000 	/System/Library/Extensions/AppleIntelHD5000GraphicsGLDriver.bundle/Contents/MacOS/AppleIntelHD5000GraphicsGLDriver
0x000000000220a000 	/System/Library/PrivateFrameworks/GPUSupport.framework/Versions/A/Libraries/libGPUSupportMercury.dylib
0x000000000220a000 	/System/Library/Frameworks/OpenGL.framework/Versions/A/Resources/GLRendererFloat.bundle/GLRendererFloat
0x000000011d3e3000 	/Library/Java/JavaVirtualMachines/jdk1.8.0_91.jdk/Contents/Home/jre/lib/libfontmanager.dylib
0x000000011d44a000 	/Library/Java/JavaVirtualMachines/jdk1.8.0_91.jdk/Contents/Home/jre/lib/libosxui.dylib
0x000000011fed7000 	/System/Library/Extensions/AppleIntelHD5000GraphicsMTLDriver.bundle/Contents/MacOS/AppleIntelHD5000GraphicsMTLDriver
0x0000000120ddf000 	/Library/Java/JavaVirtualMachines/jdk1.8.0_91.jdk/Contents/Home/jre/lib/libnet.dylib
0x0000000120df6000 	/Library/Java/JavaVirtualMachines/jdk1.8.0_91.jdk/Contents/Home/jre/lib/libnio.dylib
0x0000000120b93000 	/private/var/folders/dg/lb7chnkx37l0x14w48949l7m0000gn/T/jogamp_0000/file_cache/jln2492839963643279966/jln426416166829382506/libgluegen-rt.jnilib
0x000000012102d000 	/private/var/folders/dg/lb7chnkx37l0x14w48949l7m0000gn/T/jogamp_0000/file_cache/jln2492839963643279966/jln426416166829382506/libnativewindow_awt.jnilib
0x0000000121030000 	/Library/Java/JavaVirtualMachines/jdk1.8.0_91.jdk/Contents/Home/jre/lib/libjawt.dylib
0x000000000220a000 	/System/Library/Frameworks/ApplicationServices.framework/Versions/A/Frameworks/ATS.framework/Versions/A/Resources/libTrueTypeScaler.dylib
0x000000011fbe3000 	/private/var/folders/dg/lb7chnkx37l0x14w48949l7m0000gn/T/jogamp_0000/file_cache/jln2492839963643279966/jln426416166829382506/libnativewindow_macosx.jnilib
0x000000017288c000 	/private/var/folders/dg/lb7chnkx37l0x14w48949l7m0000gn/T/jogamp_0000/file_cache/jln2492839963643279966/jln426416166829382506/libjogl_desktop.jnilib

VM Arguments:
jvm_args: -Djava.library.path=/Library/Java/JavaVirtualMachines/jdk1.8.0_91.jdk/Contents/Home -Dfile.encoding=UTF-8 
java_command: GUIdriver
java_class_path (initial): /Users/aarkerr/git/ice-crystal/ice-crystal/build:/Users/aarkerr/git/ice-crystal/ice-crystal/lib/core.jar:/Users/aarkerr/git/ice-crystal/ice-crystal/lib/gluegen-rt.jar:/Users/aarkerr/git/ice-crystal/ice-crystal/lib/jogl-all.jar:/Users/aarkerr/git/ice-crystal/ice-crystal/lib/log4j-1.2.15.jar:/Users/aarkerr/git/ice-crystal/ice-crystal/lib/sqlite-jdbc-3.7.2.jar:/Users/aarkerr/git/ice-crystal/ice-crystal/lib/json4processing.jar:/Users/aarkerr/git/ice-crystal/ice-crystal/lib/libTUIO.jar:/Users/aarkerr/git/ice-crystal/ice-crystal/lib/unfolding.0.9.6.jar:/Users/aarkerr/git/ice-crystal/ice-crystal/lib/geonames-1.1.13.jar:/Users/aarkerr/git/ice-crystal/ice-crystal/lib/jdom-1.0.jar
Launcher Type: SUN_STANDARD

Environment Variables:
PATH=/usr/bin:/bin:/usr/sbin:/sbin
SHELL=/bin/bash
DISPLAY=/private/tmp/com.apple.launchd.vY77ZV5Cdp/org.macosforge.xquartz:0

Signal Handlers:
SIGSEGV: [libjvm.dylib+0x5a97a1], sa_mask[0]=11111111011111110111111111111111, sa_flags=SA_ONSTACK|SA_RESTART|SA_SIGINFO
SIGBUS: [libjvm.dylib+0x5a97a1], sa_mask[0]=11111111011111110111111111111111, sa_flags=SA_RESTART|SA_SIGINFO
SIGFPE: [libjvm.dylib+0x482594], sa_mask[0]=11111111011111110111111111111111, sa_flags=SA_RESTART|SA_SIGINFO
SIGPIPE: [libjvm.dylib+0x482594], sa_mask[0]=11111111011111110111111111111111, sa_flags=SA_RESTART|SA_SIGINFO
SIGXFSZ: [libjvm.dylib+0x482594], sa_mask[0]=11111111011111110111111111111111, sa_flags=SA_RESTART|SA_SIGINFO
SIGILL: [libjvm.dylib+0x482594], sa_mask[0]=11111111011111110111111111111111, sa_flags=SA_RESTART|SA_SIGINFO
SIGUSR1: SIG_DFL, sa_mask[0]=00000000000000000000000000000000, sa_flags=none
SIGUSR2: [libjvm.dylib+0x4820b2], sa_mask[0]=00100000000000000000000000000000, sa_flags=SA_RESTART|SA_SIGINFO
SIGHUP: [libjvm.dylib+0x480689], sa_mask[0]=11111111011111110111111111111111, sa_flags=SA_RESTART|SA_SIGINFO
SIGINT: [libjvm.dylib+0x480689], sa_mask[0]=11111111011111110111111111111111, sa_flags=SA_RESTART|SA_SIGINFO
SIGTERM: [libjvm.dylib+0x480689], sa_mask[0]=11111111011111110111111111111111, sa_flags=SA_RESTART|SA_SIGINFO
SIGQUIT: [libjvm.dylib+0x480689], sa_mask[0]=11111111011111110111111111111111, sa_flags=SA_RESTART|SA_SIGINFO


---------------  S Y S T E M  ---------------

OS:Bsduname:Darwin 15.0.0 Darwin Kernel Version 15.0.0: Sat Sep 19 15:53:46 PDT 2015; root:xnu-3247.10.11~1/RELEASE_X86_64 x86_64
rlimit: STACK 8192k, CORE 0k, NPROC 709, NOFILE 10240, AS infinity
load average:2.14 2.17 2.40

CPU:total 4 (2 cores per cpu, 2 threads per core) family 6 model 69 stepping 1, cmov, cx8, fxsr, mmx, sse, sse2, sse3, ssse3, sse4.1, sse4.2, popcnt, avx, avx2, aes, clmul, erms, rtm, lzcnt, ht, tsc, tscinvbit, bmi1, bmi2

Memory: 4k page, physical 8388608k(1863588k free)

/proc/meminfo:


vm_info: Java HotSpot(TM) 64-Bit Server VM (25.91-b14) for bsd-amd64 JRE (1.8.0_91-b14), built on Apr  1 2016 01:03:00 by "java_re" with gcc 4.2.1 (Based on Apple Inc. build 5658) (LLVM build 2336.11.00)

time: Fri Jul 29 20:50:41 2016
elapsed time: 6 seconds (0d 0h 0m 6s)

