#
# A fatal error has been detected by the Java Runtime Environment:
#
#  SIGSEGV (0xb) at pc=0x00007fff982bba07, pid=92874, tid=5891
#
# JRE version: Java(TM) SE Runtime Environment (8.0_91-b14) (build 1.8.0_91-b14)
# Java VM: Java HotSpot(TM) 64-Bit Server VM (25.91-b14 mixed mode bsd-amd64 compressed oops)
# Problematic frame:
# C  [libGL.dylib+0x1a07]  glGetError+0xd
#
# Failed to write core dump. Core dumps have been disabled. To enable core dumping, try "ulimit -c unlimited" before starting Java again
#
# If you would like to submit a bug report, please visit:
#   http://bugreport.java.com/bugreport/crash.jsp
# The crash happened outside the Java Virtual Machine in native code.
# See problematic frame for where to report the bug.
#

---------------  T H R E A D  ---------------

Current thread (0x00007fa95a000000):  JavaThread "main" [_thread_in_native, id=5891, stack(0x000070000011a000,0x000070000021a000)]

siginfo: si_signo: 11 (SIGSEGV), si_code: 1 (SEGV_MAPERR), si_addr: 0x0000000000000000

Registers:
RAX=0x0000000000000000, RBX=0x000000017496fc50, RCX=0x0000000000000e41, RDX=0x00007fff982bb9fa
RSP=0x0000700000219410, RBP=0x0000700000219410, RSI=0x0000700000219460, RDI=0x00007fa95a0001f8
R8 =0x0000000000000000, R9 =0x0000000740034308, R10=0x00000001049f5ff8, R11=0x0000000104b8e920
R12=0x0000000000000000, R13=0x0000000104b8ed54, R14=0x00007000002196a0, R15=0x00007fa95a000000
RIP=0x00007fff982bba07, EFLAGS=0x0000000000010202, ERR=0x0000000000000004
  TRAPNO=0x000000000000000e

Top of Stack: (sp=0x0000700000219410)
0x0000700000219410:   0000700000219450 00000001219eeb6f
0x0000700000219420:   0000000000000000 0000700000219440
0x0000700000219430:   00007fff982bb9fa 00007fff982bb9fa
0x0000700000219440:   0000700000219460 00007fa95a0001f8
0x0000700000219450:   00007000002194a0 00000001049f6068
0x0000700000219460:   0000000797dc41d0 00007000002194d0
0x0000700000219470:   0000000118545950 0000000740034488
0x0000700000219480:   0000700000219480 0000000118495010
0x0000700000219490:   00007000002194d0 0000000118553310
0x00007000002194a0:   0000700000219760 00000001049f51cc
0x00007000002194b0:   0000000000000000 00007000002194d0
0x00007000002194c0:   0000700000219518 000000010459c040
0x00007000002194d0:   0000000740034488 00007000002194d8
0x00007000002194e0:   000000011854a18f 0000700000219540
0x00007000002194f0:   000000011854a898 0000000000000000
0x0000700000219500:   000000011854a1a8 0000000000000000
0x0000700000219510:   0000700000219540 0000700000219588
0x0000700000219520:   000000010459c2bd 0000000000000001
0x0000700000219530:   0000000000000000 0000000000000001
0x0000700000219540:   0000000740034408 0000700000219548
0x0000700000219550:   000000011854a503 0000700000219598
0x0000700000219560:   000000011854a898 0000000000000000
0x0000700000219570:   000000011854a518 0000000000000000
0x0000700000219580:   0000700000219598 00007000002195f0
0x0000700000219590:   000000010459c2bd 00000007400343f0
0x00007000002195a0:   0000000000000001 0000000000000000
0x00007000002195b0:   0000700000219760 0000000104aba20c
0x00007000002195c0:   0000700000219600 000000011853af60
0x00007000002195d0:   0000000000000000 000000011853ae38
0x00007000002195e0:   0000000000000000 0000700000219600
0x00007000002195f0:   0000700000219760 0000000104aba7b4
0x0000700000219600:   00000007400342e8 0000000000000001 

Instructions: (pc=0x00007fff982bba07)
0x00007fff982bb9e7:   00 48 8b 82 30 03 00 00 48 8b 3a 89 ce 4c 89 c2
0x00007fff982bb9f7:   5d ff e0 55 48 89 e5 65 48 8b 04 25 f0 00 00 00
0x00007fff982bba07:   48 8b 38 5d ff a0 38 03 00 00 55 48 89 e5 49 89
0x00007fff982bba17:   f0 89 f9 65 48 8b 14 25 f0 00 00 00 48 8b 82 40 

Register to memory mapping:

RAX=0x0000000000000000 is an unknown value
RBX=0x000000017496fc50 is pointing into metadata
RCX=0x0000000000000e41 is an unknown value
RDX=0x00007fff982bb9fa: glGetError+0 in /System/Library/Frameworks/OpenGL.framework/Versions/A/Libraries/libGL.dylib at 0x00007fff982ba000
RSP=0x0000700000219410 is pointing into the stack for thread: 0x00007fa95a000000
RBP=0x0000700000219410 is pointing into the stack for thread: 0x00007fa95a000000
RSI=0x0000700000219460 is pointing into the stack for thread: 0x00007fa95a000000
RDI=0x00007fa95a0001f8 is an unknown value
R8 =0x0000000000000000 is an unknown value
R9 =0x0000000740034308 is an oop
java.io.FileDescriptor 
 - klass: 'java/io/FileDescriptor'
R10=0x00000001049f5ff8 is at entry_point+56 in (nmethod*)0x00000001049f5e50
R11=0x0000000104b8e920 is at entry_point+32 in (nmethod*)0x0000000104b8e650
R12=0x0000000000000000 is an unknown value
R13=0x0000000104b8ed54 is at entry_point+1108 in (nmethod*)0x0000000104b8e650
R14=0x00007000002196a0 is pointing into the stack for thread: 0x00007fa95a000000
R15=0x00007fa95a000000 is a thread


Stack: [0x000070000011a000,0x000070000021a000],  sp=0x0000700000219410,  free space=1021k
Native frames: (J=compiled Java code, j=interpreted, Vv=VM code, C=native code)
C  [libGL.dylib+0x1a07]  glGetError+0xd
C  [libjogl_desktop.jnilib+0x2bb6f]  Java_jogamp_opengl_gl4_GL4bcImpl_dispatch_1glGetError1__J+0x1f
J 1150  jogamp.opengl.gl4.GL4bcImpl.dispatch_glGetError1(J)I (0 bytes) @ 0x00000001049f6068 [0x00000001049f5fc0+0xa8]
J 1149 C1 jogamp.opengl.gl4.GL4bcImpl.glGetError()I (49 bytes) @ 0x00000001049f51cc [0x00000001049f4660+0xb6c]
J 1403 C1 processing.opengl.PJOGL.getError()I (10 bytes) @ 0x0000000104aba20c [0x0000000104aba100+0x10c]
J 1402 C1 processing.opengl.PGraphicsOpenGL.report(Ljava/lang/String;)V (75 bytes) @ 0x0000000104aba7b4 [0x0000000104aba640+0x174]
J 1601 C1 processing.opengl.PGraphicsOpenGL.beginDraw()V (134 bytes) @ 0x0000000104b8f0e4 [0x0000000104b8e900+0x7e4]
j  de.fhpotsdam.unfolding.mapdisplay.Java2DMapDisplay.draw()V+6
j  de.fhpotsdam.unfolding.UnfoldingMap.draw()V+12
j  SimpleMapApp.draw2()V+8
j  GUIdriver.<init>()V+240
j  GUIdriver.main([Ljava/lang/String;)V+3
v  ~StubRoutines::call_stub
V  [libjvm.dylib+0x2ec1e6]  JavaCalls::call_helper(JavaValue*, methodHandle*, JavaCallArguments*, Thread*)+0x6ae
V  [libjvm.dylib+0x322fbe]  jni_invoke_static(JNIEnv_*, JavaValue*, _jobject*, JNICallType, _jmethodID*, JNI_ArgumentPusher*, Thread*)+0x1bf
V  [libjvm.dylib+0x31bd35]  jni_CallStaticVoidMethod+0x15d
C  [java+0x393e]  JavaMain+0x9b1
C  [libsystem_pthread.dylib+0x39b1]  _pthread_body+0x83
C  [libsystem_pthread.dylib+0x392e]  _pthread_body+0x0
C  [libsystem_pthread.dylib+0x1385]  thread_start+0xd
C  0x0000000000000000

Java frames: (J=compiled Java code, j=interpreted, Vv=VM code)
J 1150  jogamp.opengl.gl4.GL4bcImpl.dispatch_glGetError1(J)I (0 bytes) @ 0x00000001049f5ff8 [0x00000001049f5fc0+0x38]
J 1149 C1 jogamp.opengl.gl4.GL4bcImpl.glGetError()I (49 bytes) @ 0x00000001049f51cc [0x00000001049f4660+0xb6c]
J 1403 C1 processing.opengl.PJOGL.getError()I (10 bytes) @ 0x0000000104aba20c [0x0000000104aba100+0x10c]
J 1402 C1 processing.opengl.PGraphicsOpenGL.report(Ljava/lang/String;)V (75 bytes) @ 0x0000000104aba7b4 [0x0000000104aba640+0x174]
J 1601 C1 processing.opengl.PGraphicsOpenGL.beginDraw()V (134 bytes) @ 0x0000000104b8f0e4 [0x0000000104b8e900+0x7e4]
j  de.fhpotsdam.unfolding.mapdisplay.Java2DMapDisplay.draw()V+6
j  de.fhpotsdam.unfolding.UnfoldingMap.draw()V+12
j  SimpleMapApp.draw2()V+8
j  GUIdriver.<init>()V+240
j  GUIdriver.main([Ljava/lang/String;)V+3
v  ~StubRoutines::call_stub

---------------  P R O C E S S  ---------------

Java Threads: ( => current thread )
  0x00007fa959c6a000 JavaThread "Image Fetcher 1" daemon [_thread_blocked, id=65827, stack(0x0000700001f00000,0x0000700002000000)]
  0x00007fa959464800 JavaThread "Image Fetcher 0" daemon [_thread_blocked, id=65355, stack(0x0000700001dfd000,0x0000700001efd000)]
  0x00007fa959414000 JavaThread "Keep-Alive-Timer" daemon [_thread_blocked, id=62095, stack(0x000070000186b000,0x000070000196b000)]
  0x00007fa95a9b9800 JavaThread "Animation Thread" [_thread_blocked, id=58163, stack(0x0000700001768000,0x0000700001868000)]
  0x00007fa959260800 JavaThread "AWT-EventQueue-0" [_thread_in_native, id=54551, stack(0x0000700001665000,0x0000700001765000)]
  0x00007fa95a8f0000 JavaThread "Java2D Disposer" daemon [_thread_blocked, id=49943, stack(0x00007000014df000,0x00007000015df000)]
  0x00007fa9591df000 JavaThread "Java2D Queue Flusher" daemon [_thread_blocked, id=50695, stack(0x00007000013dc000,0x00007000014dc000)]
  0x00007fa95a124800 JavaThread "AWT-Shutdown" [_thread_blocked, id=30227, stack(0x0000700001256000,0x0000700001356000)]
  0x00007fa95a86a000 JavaThread "AWT-AppKit" daemon [_thread_in_native, id=2571, stack(0x00007fff5c9d2000,0x00007fff5d1d2000)]
  0x00007fa95a801000 JavaThread "Service Thread" daemon [_thread_blocked, id=18435, stack(0x0000700000e44000,0x0000700000f44000)]
  0x00007fa95a810800 JavaThread "C1 CompilerThread2" daemon [_thread_in_native, id=17923, stack(0x0000700000d41000,0x0000700000e41000)]
  0x00007fa959066800 JavaThread "C2 CompilerThread1" daemon [_thread_blocked, id=17411, stack(0x0000700000c3e000,0x0000700000d3e000)]
  0x00007fa959065000 JavaThread "C2 CompilerThread0" daemon [_thread_in_native, id=16899, stack(0x0000700000b3b000,0x0000700000c3b000)]
  0x00007fa95907b000 JavaThread "Signal Dispatcher" daemon [_thread_blocked, id=14351, stack(0x0000700000a38000,0x0000700000b38000)]
  0x00007fa959004000 JavaThread "Finalizer" daemon [_thread_blocked, id=12291, stack(0x000070000082f000,0x000070000092f000)]
  0x00007fa95980c800 JavaThread "Reference Handler" daemon [_thread_blocked, id=11779, stack(0x000070000072c000,0x000070000082c000)]
=>0x00007fa95a000000 JavaThread "main" [_thread_in_native, id=5891, stack(0x000070000011a000,0x000070000021a000)]

Other Threads:
  0x00007fa95a00c000 VMThread [stack: 0x0000700000629000,0x0000700000729000] [id=11267]
  0x00007fa95a001000 WatcherThread [stack: 0x0000700000f47000,0x0000700001047000] [id=18947]

VM state:not at safepoint (normal execution)

VM Mutex/Monitor currently owned by a thread: None

Heap:
 PSYoungGen      total 38400K, used 8333K [0x0000000795580000, 0x0000000798000000, 0x00000007c0000000)
  eden space 33280K, 9% used [0x0000000795580000,0x00000007958aa868,0x0000000797600000)
  from space 5120K, 99% used [0x0000000797b00000,0x0000000797ff8d10,0x0000000798000000)
  to   space 5120K, 0% used [0x0000000797600000,0x0000000797600000,0x0000000797b00000)
 ParOldGen       total 87552K, used 11886K [0x0000000740000000, 0x0000000745580000, 0x0000000795580000)
  object space 87552K, 13% used [0x0000000740000000,0x0000000740b9ba38,0x0000000745580000)
 Metaspace       used 20362K, capacity 20597K, committed 20864K, reserved 1069056K
  class space    used 2052K, capacity 2145K, committed 2176K, reserved 1048576K

Card table byte_map: [0x0000000113954000,0x0000000113d55000] byte_map_base: 0x000000010ff54000

Marking Bits: (ParMarkBitMap*) 0x0000000103ee6eb0
 Begin Bits: [0x0000000114000000, 0x0000000116000000)
 End Bits:   [0x0000000116000000, 0x0000000118000000)

Polling page: 0x0000000102cf1000

CodeCache: size=245760Kb used=6281Kb max_used=6293Kb free=239478Kb
 bounds [0x0000000104594000, 0x0000000104bc4000, 0x0000000113594000]
 total_blobs=2547 nmethods=1647 adapters=814
 compilation: enabled

Compilation events (10 events):
Event: 4.415 Thread 0x00007fa95a810800 1644       3       java.util.LinkedList::checkPositionIndex (22 bytes)
Event: 4.416 Thread 0x00007fa95a810800 nmethod 1644 0x0000000104bb8ad0 code [0x0000000104bb8d00, 0x0000000104bb98d8]
Event: 4.416 Thread 0x00007fa95a810800 1645       3       java.util.LinkedList::isPositionIndex (18 bytes)
Event: 4.416 Thread 0x00007fa95a810800 nmethod 1645 0x0000000104bb73d0 code [0x0000000104bb7540, 0x0000000104bb7730]
Event: 4.431 Thread 0x00007fa95a810800 1646       3       java.util.HashMap::remove (26 bytes)
Event: 4.431 Thread 0x00007fa95a810800 nmethod 1646 0x0000000104bb9ed0 code [0x0000000104bba060, 0x0000000104bba478]
Event: 4.449 Thread 0x00007fa959065000 1647       4       processing.opengl.PGraphicsOpenGL$InGeometry::addVertex (360 bytes)
Event: 4.449 Thread 0x00007fa959066800 1648       4       processing.opengl.PJOGL::enableVertexAttribArray (11 bytes)
Event: 4.453 Thread 0x00007fa959066800 nmethod 1648 0x0000000104bbd310 code [0x0000000104bbd480, 0x0000000104bbd5e8]
Event: 4.454 Thread 0x00007fa95a810800 1649       3       org.geonames.WebService::getToponymFromElement (450 bytes)

GC Heap History (4 events):
Event: 2.588 GC heap before
{Heap before GC invocations=1 (full 0):
 PSYoungGen      total 38400K, used 33280K [0x0000000795580000, 0x0000000798000000, 0x00000007c0000000)
  eden space 33280K, 100% used [0x0000000795580000,0x0000000797600000,0x0000000797600000)
  from space 5120K, 0% used [0x0000000797b00000,0x0000000797b00000,0x0000000798000000)
  to   space 5120K, 0% used [0x0000000797600000,0x0000000797600000,0x0000000797b00000)
 ParOldGen       total 87552K, used 0K [0x0000000740000000, 0x0000000745580000, 0x0000000795580000)
  object space 87552K, 0% used [0x0000000740000000,0x0000000740000000,0x0000000745580000)
 Metaspace       used 19289K, capacity 19471K, committed 19712K, reserved 1067008K
  class space    used 1989K, capacity 2048K, committed 2048K, reserved 1048576K
Event: 2.598 GC heap after
Heap after GC invocations=1 (full 0):
 PSYoungGen      total 38400K, used 5093K [0x0000000795580000, 0x0000000798000000, 0x00000007c0000000)
  eden space 33280K, 0% used [0x0000000795580000,0x0000000795580000,0x0000000797600000)
  from space 5120K, 99% used [0x0000000797600000,0x0000000797af9438,0x0000000797b00000)
  to   space 5120K, 0% used [0x0000000797b00000,0x0000000797b00000,0x0000000798000000)
 ParOldGen       total 87552K, used 5787K [0x0000000740000000, 0x0000000745580000, 0x0000000795580000)
  object space 87552K, 6% used [0x0000000740000000,0x00000007405a6ec8,0x0000000745580000)
 Metaspace       used 19289K, capacity 19471K, committed 19712K, reserved 1067008K
  class space    used 1989K, capacity 2048K, committed 2048K, reserved 1048576K
}
Event: 4.098 GC heap before
{Heap before GC invocations=2 (full 0):
 PSYoungGen      total 38400K, used 38373K [0x0000000795580000, 0x0000000798000000, 0x00000007c0000000)
  eden space 33280K, 100% used [0x0000000795580000,0x0000000797600000,0x0000000797600000)
  from space 5120K, 99% used [0x0000000797600000,0x0000000797af9438,0x0000000797b00000)
  to   space 5120K, 0% used [0x0000000797b00000,0x0000000797b00000,0x0000000798000000)
 ParOldGen       total 87552K, used 5787K [0x0000000740000000, 0x0000000745580000, 0x0000000795580000)
  object space 87552K, 6% used [0x0000000740000000,0x00000007405a6ec8,0x0000000745580000)
 Metaspace       used 20308K, capacity 20533K, committed 20864K, reserved 1069056K
  class space    used 2052K, capacity 2145K, committed 2176K, reserved 1048576K
Event: 4.107 GC heap after
Heap after GC invocations=2 (full 0):
 PSYoungGen      total 38400K, used 5091K [0x0000000795580000, 0x0000000798000000, 0x00000007c0000000)
  eden space 33280K, 0% used [0x0000000795580000,0x0000000795580000,0x0000000797600000)
  from space 5120K, 99% used [0x0000000797b00000,0x0000000797ff8d10,0x0000000798000000)
  to   space 5120K, 0% used [0x0000000797600000,0x0000000797600000,0x0000000797b00000)
 ParOldGen       total 87552K, used 11886K [0x0000000740000000, 0x0000000745580000, 0x0000000795580000)
  object space 87552K, 13% used [0x0000000740000000,0x0000000740b9ba38,0x0000000745580000)
 Metaspace       used 20308K, capacity 20533K, committed 20864K, reserved 1069056K
  class space    used 2052K, capacity 2145K, committed 2176K, reserved 1048576K
}

Deoptimization events (10 events):
Event: 4.298 Thread 0x00007fa95a000000 Uncommon trap: reason=unstable_if action=reinterpret pc=0x0000000104b98b2c method=org.jdom.input.TextBuffer.append([CII)V @ 4
Event: 4.298 Thread 0x00007fa95a000000 Uncommon trap: reason=unstable_if action=reinterpret pc=0x0000000104ac2b34 method=org.jdom.input.TextBuffer.toString()Ljava/lang/String; @ 17
Event: 4.299 Thread 0x00007fa95a000000 Uncommon trap: reason=unstable_if action=reinterpret pc=0x0000000104b9814c method=org.jdom.input.TextBuffer.toString()Ljava/lang/String; @ 17
Event: 4.455 Thread 0x00007fa95a000000 Uncommon trap: reason=unstable_if action=reinterpret pc=0x0000000104a3531c method=sun.misc.FloatingDecimal$BinaryToASCIIBuffer.dtoa(IJIZ)V @ 111
Event: 4.455 Thread 0x00007fa95a000000 Uncommon trap: reason=unstable_if action=reinterpret pc=0x0000000104a21a50 method=sun.misc.FloatingDecimal$BinaryToASCIIBuffer.getChars([C)I @ 150
Event: 4.455 Thread 0x00007fa95a000000 Uncommon trap: reason=unstable_if action=reinterpret pc=0x00000001049fe078 method=java.text.DigitList.getDataChars(I)[C @ 13
Event: 4.455 Thread 0x00007fa95a000000 Uncommon trap: reason=unstable_if action=reinterpret pc=0x0000000104a254b0 method=java.text.DecimalFormat.subformat(Ljava/lang/StringBuffer;Ljava/text/Format$FieldDelegate;ZZIIII)Ljava/lang/StringBuffer; @ 753
Event: 4.455 Thread 0x00007fa95a000000 Uncommon trap: reason=unstable_if action=reinterpret pc=0x0000000104a40ff0 method=java.text.DecimalFormat.format(DLjava/lang/StringBuffer;Ljava/text/Format$FieldDelegate;)Ljava/lang/StringBuffer; @ 65
Event: 4.455 Thread 0x00007fa95a000000 Uncommon trap: reason=unstable_if action=reinterpret pc=0x0000000104a1ede0 method=java.lang.Long.numberOfTrailingZeros(J)I @ 17
Event: 4.455 Thread 0x00007fa95a000000 Uncommon trap: reason=unstable_if action=reinterpret pc=0x00000001049cdc00 method=java.text.DecimalFormat.append(Ljava/lang/StringBuffer;Ljava/lang/String;Ljava/text/Format$FieldDelegate;[Ljava/text/FieldPosition;Ljava/text/Format$Field;)V @ 10

Internal exceptions (10 events):
Event: 0.110 Thread 0x00007fa95a000000 Exception <a 'java/security/PrivilegedActionException'> (0x0000000795733a50) thrown at [/Users/java_re/workspace/8-2-build-macosx-x86_64/jdk8u91/6644/hotspot/src/share/vm/prims/jvm.cpp, line 1386]
Event: 0.110 Thread 0x00007fa95a000000 Exception <a 'java/security/PrivilegedActionException'> (0x0000000795733c60) thrown at [/Users/java_re/workspace/8-2-build-macosx-x86_64/jdk8u91/6644/hotspot/src/share/vm/prims/jvm.cpp, line 1386]
Event: 0.110 Thread 0x00007fa95a000000 Exception <a 'java/security/PrivilegedActionException'> (0x0000000795736f00) thrown at [/Users/java_re/workspace/8-2-build-macosx-x86_64/jdk8u91/6644/hotspot/src/share/vm/prims/jvm.cpp, line 1386]
Event: 0.110 Thread 0x00007fa95a000000 Exception <a 'java/security/PrivilegedActionException'> (0x0000000795737110) thrown at [/Users/java_re/workspace/8-2-build-macosx-x86_64/jdk8u91/6644/hotspot/src/share/vm/prims/jvm.cpp, line 1386]
Event: 0.154 Thread 0x00007fa95a000000 Exception <a 'java/lang/NoSuchFieldError': method resolution failed> (0x0000000795804598) thrown at [/Users/java_re/workspace/8-2-build-macosx-x86_64/jdk8u91/6644/hotspot/src/share/vm/prims/methodHandles.cpp, line 1146]
Event: 0.157 Thread 0x00007fa95a000000 Exception <a 'java/lang/NoSuchFieldError': method resolution failed> (0x0000000795811d68) thrown at [/Users/java_re/workspace/8-2-build-macosx-x86_64/jdk8u91/6644/hotspot/src/share/vm/prims/methodHandles.cpp, line 1146]
Event: 0.293 Thread 0x00007fa95a000000 Exception <a 'java/io/FileNotFoundException'> (0x000000079588d048) thrown at [/Users/java_re/workspace/8-2-build-macosx-x86_64/jdk8u91/6644/hotspot/src/share/vm/prims/jni.cpp, line 709]
Event: 0.293 Thread 0x00007fa95a000000 Exception <a 'java/io/FileNotFoundException'> (0x000000079588db98) thrown at [/Users/java_re/workspace/8-2-build-macosx-x86_64/jdk8u91/6644/hotspot/src/share/vm/prims/jni.cpp, line 709]
Event: 0.579 Thread 0x00007fa95a000000 Exception <a 'java/lang/NullPointerException'> (0x0000000795d39ff8) thrown at [/Users/java_re/workspace/8-2-build-macosx-x86_64/jdk8u91/6644/hotspot/src/share/vm/interpreter/linkResolver.cpp, line 1280]
Event: 0.758 Thread 0x00007fa95a9b9800 Exception <a 'java/lang/UnsatisfiedLinkError': com.jogamp.common.util.JarUtil.fixNativeLibAttribs(Ljava/lang/String;)Z> (0x000000079621ac30) thrown at [/Users/java_re/workspace/8-2-build-macosx-x86_64/jdk8u91/6644/hotspot/src/share/vm/prims/nativeLookup.c

Events (10 events):
Event: 4.455 Thread 0x00007fa95a000000 DEOPT UNPACKING pc=0x0000000104599229 sp=0x0000700000219298 mode 2
Event: 4.455 Thread 0x00007fa95a000000 Uncommon trap: trap_request=0xffffff65 fr.pc=0x0000000104a40ff0
Event: 4.455 Thread 0x00007fa95a000000 DEOPT PACKING pc=0x0000000104a40ff0 sp=0x00007000002193e0
Event: 4.455 Thread 0x00007fa95a000000 DEOPT UNPACKING pc=0x0000000104599229 sp=0x00007000002193c8 mode 2
Event: 4.455 Thread 0x00007fa95a000000 Uncommon trap: trap_request=0xffffff65 fr.pc=0x0000000104a1ede0
Event: 4.455 Thread 0x00007fa95a000000 DEOPT PACKING pc=0x0000000104a1ede0 sp=0x0000700000219170
Event: 4.455 Thread 0x00007fa95a000000 DEOPT UNPACKING pc=0x0000000104599229 sp=0x0000700000219120 mode 2
Event: 4.455 Thread 0x00007fa95a000000 Uncommon trap: trap_request=0xffffff65 fr.pc=0x00000001049cdc00
Event: 4.455 Thread 0x00007fa95a000000 DEOPT PACKING pc=0x00000001049cdc00 sp=0x0000700000219210
Event: 4.455 Thread 0x00007fa95a000000 DEOPT UNPACKING pc=0x0000000104599229 sp=0x00007000002191e0 mode 2


Dynamic libraries:
0x000000000220a000 	/System/Library/Frameworks/Cocoa.framework/Versions/A/Cocoa
0x000000000220a000 	/System/Library/Frameworks/Security.framework/Versions/A/Security
0x000000000220a000 	/System/Library/Frameworks/ApplicationServices.framework/Versions/A/ApplicationServices
0x000000000220a000 	/usr/lib/libz.1.dylib
0x000000000220a000 	/usr/lib/libSystem.B.dylib
0x000000000220a000 	/usr/lib/libobjc.A.dylib
0x000000000220a000 	/System/Library/Frameworks/CoreFoundation.framework/Versions/A/CoreFoundation
0x000000000220a000 	/System/Library/Frameworks/Foundation.framework/Versions/C/Foundation
0x000000000220a000 	/System/Library/Frameworks/AppKit.framework/Versions/C/AppKit
0x000000000220a000 	/System/Library/Frameworks/CoreData.framework/Versions/A/CoreData
0x000000000220a000 	/System/Library/PrivateFrameworks/RemoteViewServices.framework/Versions/A/RemoteViewServices
0x000000000220a000 	/System/Library/PrivateFrameworks/UIFoundation.framework/Versions/A/UIFoundation
0x000000000220a000 	/usr/lib/libScreenReader.dylib
0x000000000220a000 	/System/Library/Frameworks/Accelerate.framework/Versions/A/Accelerate
0x000000000220a000 	/System/Library/Frameworks/IOSurface.framework/Versions/A/IOSurface
0x000000000220a000 	/System/Library/Frameworks/AudioToolbox.framework/Versions/A/AudioToolbox
0x000000000220a000 	/System/Library/Frameworks/AudioUnit.framework/Versions/A/AudioUnit
0x000000000220a000 	/System/Library/PrivateFrameworks/DataDetectorsCore.framework/Versions/A/DataDetectorsCore
0x000000000220a000 	/System/Library/PrivateFrameworks/DesktopServicesPriv.framework/Versions/A/DesktopServicesPriv
0x000000000220a000 	/System/Library/Frameworks/Carbon.framework/Versions/A/Frameworks/HIToolbox.framework/Versions/A/HIToolbox
0x000000000220a000 	/System/Library/Frameworks/QuartzCore.framework/Versions/A/QuartzCore
0x000000000220a000 	/System/Library/Frameworks/Carbon.framework/Versions/A/Frameworks/SpeechRecognition.framework/Versions/A/SpeechRecognition
0x000000000220a000 	/usr/lib/libauto.dylib
0x000000000220a000 	/usr/lib/libicucore.A.dylib
0x000000000220a000 	/usr/lib/libxml2.2.dylib
0x000000000220a000 	/System/Library/PrivateFrameworks/CoreUI.framework/Versions/A/CoreUI
0x000000000220a000 	/System/Library/Frameworks/CoreAudio.framework/Versions/A/CoreAudio
0x000000000220a000 	/System/Library/Frameworks/DiskArbitration.framework/Versions/A/DiskArbitration
0x000000000220a000 	/usr/lib/liblangid.dylib
0x000000000220a000 	/System/Library/PrivateFrameworks/MultitouchSupport.framework/Versions/A/MultitouchSupport
0x000000000220a000 	/System/Library/Frameworks/IOKit.framework/Versions/A/IOKit
0x000000000220a000 	/usr/lib/libDiagnosticMessagesClient.dylib
0x000000000220a000 	/System/Library/Frameworks/CoreServices.framework/Versions/A/CoreServices
0x000000000220a000 	/System/Library/PrivateFrameworks/PerformanceAnalysis.framework/Versions/A/PerformanceAnalysis
0x000000000220a000 	/System/Library/PrivateFrameworks/GenerationalStorage.framework/Versions/A/GenerationalStorage
0x000000000220a000 	/System/Library/Frameworks/OpenGL.framework/Versions/A/OpenGL
0x000000000220a000 	/System/Library/PrivateFrameworks/Sharing.framework/Versions/A/Sharing
0x000000000220a000 	/System/Library/Frameworks/CoreGraphics.framework/Versions/A/CoreGraphics
0x000000000220a000 	/System/Library/Frameworks/CoreImage.framework/Versions/A/CoreImage
0x000000000220a000 	/System/Library/Frameworks/CoreText.framework/Versions/A/CoreText
0x000000000220a000 	/System/Library/Frameworks/ImageIO.framework/Versions/A/ImageIO
0x000000000220a000 	/System/Library/PrivateFrameworks/Backup.framework/Versions/A/Backup
0x000000000220a000 	/usr/lib/libextension.dylib
0x000000000220a000 	/usr/lib/libarchive.2.dylib
0x000000000220a000 	/System/Library/Frameworks/CFNetwork.framework/Versions/A/CFNetwork
0x000000000220a000 	/System/Library/Frameworks/SystemConfiguration.framework/Versions/A/SystemConfiguration
0x000000000220a000 	/usr/lib/libCRFSuite.dylib
0x000000000220a000 	/usr/lib/libc++.1.dylib
0x000000000220a000 	/usr/lib/libc++abi.dylib
0x000000000220a000 	/usr/lib/system/libcache.dylib
0x000000000220a000 	/usr/lib/system/libcommonCrypto.dylib
0x000000000220a000 	/usr/lib/system/libcompiler_rt.dylib
0x000000000220a000 	/usr/lib/system/libcopyfile.dylib
0x000000000220a000 	/usr/lib/system/libcorecrypto.dylib
0x000000000220a000 	/usr/lib/system/libdispatch.dylib
0x000000000220a000 	/usr/lib/system/libdyld.dylib
0x000000000220a000 	/usr/lib/system/libkeymgr.dylib
0x000000000220a000 	/usr/lib/system/liblaunch.dylib
0x000000000220a000 	/usr/lib/system/libmacho.dylib
0x000000000220a000 	/usr/lib/system/libquarantine.dylib
0x000000000220a000 	/usr/lib/system/libremovefile.dylib
0x000000000220a000 	/usr/lib/system/libsystem_asl.dylib
0x000000000220a000 	/usr/lib/system/libsystem_blocks.dylib
0x000000000220a000 	/usr/lib/system/libsystem_c.dylib
0x000000000220a000 	/usr/lib/system/libsystem_configuration.dylib
0x000000000220a000 	/usr/lib/system/libsystem_coreservices.dylib
0x000000000220a000 	/usr/lib/system/libsystem_coretls.dylib
0x000000000220a000 	/usr/lib/system/libsystem_dnssd.dylib
0x000000000220a000 	/usr/lib/system/libsystem_info.dylib
0x000000000220a000 	/usr/lib/system/libsystem_kernel.dylib
0x000000000220a000 	/usr/lib/system/libsystem_m.dylib
0x000000000220a000 	/usr/lib/system/libsystem_malloc.dylib
0x000000000220a000 	/usr/lib/system/libsystem_network.dylib
0x000000000220a000 	/usr/lib/system/libsystem_networkextension.dylib
0x000000000220a000 	/usr/lib/system/libsystem_notify.dylib
0x000000000220a000 	/usr/lib/system/libsystem_platform.dylib
0x000000000220a000 	/usr/lib/system/libsystem_pthread.dylib
0x000000000220a000 	/usr/lib/system/libsystem_sandbox.dylib
0x000000000220a000 	/usr/lib/system/libsystem_secinit.dylib
0x000000000220a000 	/usr/lib/system/libsystem_trace.dylib
0x000000000220a000 	/usr/lib/system/libunc.dylib
0x000000000220a000 	/usr/lib/system/libunwind.dylib
0x000000000220a000 	/usr/lib/system/libxpc.dylib
0x000000000220a000 	/usr/lib/libenergytrace.dylib
0x000000000220a000 	/usr/lib/libbsm.0.dylib
0x000000000220a000 	/usr/lib/system/libkxld.dylib
0x000000000220a000 	/usr/lib/libxar.1.dylib
0x000000000220a000 	/usr/lib/libsqlite3.dylib
0x000000000220a000 	/usr/lib/libpam.2.dylib
0x000000000220a000 	/usr/lib/libOpenScriptingUtil.dylib
0x000000000220a000 	/usr/lib/libbz2.1.0.dylib
0x000000000220a000 	/usr/lib/liblzma.5.dylib
0x000000000220a000 	/System/Library/Frameworks/CoreServices.framework/Versions/A/Frameworks/FSEvents.framework/Versions/A/FSEvents
0x000000000220a000 	/System/Library/Frameworks/CoreServices.framework/Versions/A/Frameworks/CarbonCore.framework/Versions/A/CarbonCore
0x000000000220a000 	/System/Library/Frameworks/CoreServices.framework/Versions/A/Frameworks/Metadata.framework/Versions/A/Metadata
0x000000000220a000 	/System/Library/Frameworks/CoreServices.framework/Versions/A/Frameworks/OSServices.framework/Versions/A/OSServices
0x000000000220a000 	/System/Library/Frameworks/CoreServices.framework/Versions/A/Frameworks/SearchKit.framework/Versions/A/SearchKit
0x000000000220a000 	/System/Library/Frameworks/CoreServices.framework/Versions/A/Frameworks/AE.framework/Versions/A/AE
0x000000000220a000 	/System/Library/Frameworks/CoreServices.framework/Versions/A/Frameworks/LaunchServices.framework/Versions/A/LaunchServices
0x000000000220a000 	/System/Library/Frameworks/CoreServices.framework/Versions/A/Frameworks/DictionaryServices.framework/Versions/A/DictionaryServices
0x000000000220a000 	/System/Library/Frameworks/CoreServices.framework/Versions/A/Frameworks/SharedFileList.framework/Versions/A/SharedFileList
0x000000000220a000 	/System/Library/Frameworks/NetFS.framework/Versions/A/NetFS
0x000000000220a000 	/System/Library/PrivateFrameworks/NetAuth.framework/Versions/A/NetAuth
0x000000000220a000 	/System/Library/PrivateFrameworks/login.framework/Versions/A/Frameworks/loginsupport.framework/Versions/A/loginsupport
0x000000000220a000 	/System/Library/PrivateFrameworks/TCC.framework/Versions/A/TCC
0x000000000220a000 	/usr/lib/libmecabra.dylib
0x000000000220a000 	/System/Library/Frameworks/ApplicationServices.framework/Versions/A/Frameworks/ATS.framework/Versions/A/ATS
0x000000000220a000 	/System/Library/Frameworks/ApplicationServices.framework/Versions/A/Frameworks/ColorSync.framework/Versions/A/ColorSync
0x000000000220a000 	/System/Library/Frameworks/ApplicationServices.framework/Versions/A/Frameworks/HIServices.framework/Versions/A/HIServices
0x000000000220a000 	/System/Library/Frameworks/ApplicationServices.framework/Versions/A/Frameworks/LangAnalysis.framework/Versions/A/LangAnalysis
0x000000000220a000 	/System/Library/Frameworks/ApplicationServices.framework/Versions/A/Frameworks/PrintCore.framework/Versions/A/PrintCore
0x000000000220a000 	/System/Library/Frameworks/ApplicationServices.framework/Versions/A/Frameworks/QD.framework/Versions/A/QD
0x000000000220a000 	/System/Library/Frameworks/ApplicationServices.framework/Versions/A/Frameworks/SpeechSynthesis.framework/Versions/A/SpeechSynthesis
0x000000000220a000 	/System/Library/Frameworks/Metal.framework/Versions/A/Metal
0x000000000220a000 	/System/Library/Frameworks/Accelerate.framework/Versions/A/Frameworks/vImage.framework/Versions/A/vImage
0x000000000220a000 	/System/Library/Frameworks/Accelerate.framework/Versions/A/Frameworks/vecLib.framework/Versions/A/vecLib
0x000000000220a000 	/System/Library/Frameworks/Accelerate.framework/Versions/A/Frameworks/vecLib.framework/Versions/A/libvDSP.dylib
0x000000000220a000 	/System/Library/Frameworks/Accelerate.framework/Versions/A/Frameworks/vecLib.framework/Versions/A/libvMisc.dylib
0x000000000220a000 	/System/Library/Frameworks/Accelerate.framework/Versions/A/Frameworks/vecLib.framework/Versions/A/libLAPACK.dylib
0x000000000220a000 	/System/Library/Frameworks/Accelerate.framework/Versions/A/Frameworks/vecLib.framework/Versions/A/libBLAS.dylib
0x000000000220a000 	/System/Library/Frameworks/Accelerate.framework/Versions/A/Frameworks/vecLib.framework/Versions/A/libLinearAlgebra.dylib
0x000000000220a000 	/System/Library/Frameworks/Accelerate.framework/Versions/A/Frameworks/vecLib.framework/Versions/A/libSparseBLAS.dylib
0x000000000220a000 	/System/Library/PrivateFrameworks/GPUCompiler.framework/libmetal_timestamp.dylib
0x000000000220a000 	/System/Library/Frameworks/OpenGL.framework/Versions/A/Libraries/libCoreFSCache.dylib
0x000000000220a000 	/System/Library/PrivateFrameworks/IOAccelerator.framework/Versions/A/IOAccelerator
0x000000000220a000 	/System/Library/Frameworks/ApplicationServices.framework/Versions/A/Frameworks/ATS.framework/Versions/A/Resources/libFontParser.dylib
0x000000000220a000 	/System/Library/Frameworks/ApplicationServices.framework/Versions/A/Frameworks/ATS.framework/Versions/A/Resources/libFontRegistry.dylib
0x000000000220a000 	/System/Library/PrivateFrameworks/AppleVPA.framework/Versions/A/AppleVPA
0x000000000220a000 	/System/Library/PrivateFrameworks/AppleJPEG.framework/Versions/A/AppleJPEG
0x000000000220a000 	/System/Library/Frameworks/ImageIO.framework/Versions/A/Resources/libJPEG.dylib
0x000000000220a000 	/System/Library/Frameworks/ImageIO.framework/Versions/A/Resources/libTIFF.dylib
0x000000000220a000 	/System/Library/Frameworks/ImageIO.framework/Versions/A/Resources/libPng.dylib
0x000000000220a000 	/System/Library/Frameworks/ImageIO.framework/Versions/A/Resources/libGIF.dylib
0x000000000220a000 	/System/Library/Frameworks/ImageIO.framework/Versions/A/Resources/libJP2.dylib
0x000000000220a000 	/System/Library/Frameworks/ImageIO.framework/Versions/A/Resources/libRadiance.dylib
0x000000000220a000 	/System/Library/Frameworks/CoreVideo.framework/Versions/A/CoreVideo
0x000000000220a000 	/System/Library/Frameworks/OpenGL.framework/Versions/A/Libraries/libGLU.dylib
0x000000000220a000 	/System/Library/Frameworks/OpenGL.framework/Versions/A/Libraries/libGFXShared.dylib
0x000000000220a000 	/System/Library/Frameworks/OpenGL.framework/Versions/A/Libraries/libGL.dylib
0x000000000220a000 	/System/Library/Frameworks/OpenGL.framework/Versions/A/Libraries/libGLImage.dylib
0x000000000220a000 	/System/Library/Frameworks/OpenGL.framework/Versions/A/Libraries/libCVMSPluginSupport.dylib
0x000000000220a000 	/System/Library/Frameworks/OpenGL.framework/Versions/A/Libraries/libCoreVMClient.dylib
0x000000000220a000 	/usr/lib/libcups.2.dylib
0x000000000220a000 	/System/Library/Frameworks/Kerberos.framework/Versions/A/Kerberos
0x000000000220a000 	/System/Library/Frameworks/GSS.framework/Versions/A/GSS
0x000000000220a000 	/usr/lib/libresolv.9.dylib
0x000000000220a000 	/usr/lib/libiconv.2.dylib
0x000000000220a000 	/System/Library/PrivateFrameworks/Heimdal.framework/Versions/A/Heimdal
0x000000000220a000 	/usr/lib/libheimdal-asn1.dylib
0x000000000220a000 	/System/Library/Frameworks/OpenDirectory.framework/Versions/A/OpenDirectory
0x000000000220a000 	/System/Library/PrivateFrameworks/CommonAuth.framework/Versions/A/CommonAuth
0x000000000220a000 	/System/Library/Frameworks/OpenDirectory.framework/Versions/A/Frameworks/CFOpenDirectory.framework/Versions/A/CFOpenDirectory
0x000000000220a000 	/System/Library/Frameworks/SecurityFoundation.framework/Versions/A/SecurityFoundation
0x000000000220a000 	/System/Library/PrivateFrameworks/LanguageModeling.framework/Versions/A/LanguageModeling
0x000000000220a000 	/usr/lib/libmarisa.dylib
0x000000000220a000 	/usr/lib/libChineseTokenizer.dylib
0x000000000220a000 	/usr/lib/libcmph.dylib
0x000000000220a000 	/usr/lib/libcompression.dylib
0x000000000220a000 	/System/Library/Frameworks/ServiceManagement.framework/Versions/A/ServiceManagement
0x000000000220a000 	/usr/lib/libxslt.1.dylib
0x000000000220a000 	/System/Library/Frameworks/Carbon.framework/Versions/A/Frameworks/Ink.framework/Versions/A/Ink
0x000000000220a000 	/usr/lib/libFosl_dynamic.dylib
0x000000000220a000 	/System/Library/PrivateFrameworks/FaceCore.framework/Versions/A/FaceCore
0x000000000220a000 	/System/Library/Frameworks/OpenCL.framework/Versions/A/OpenCL
0x000000000220a000 	/System/Library/PrivateFrameworks/CrashReporterSupport.framework/Versions/A/CrashReporterSupport
0x000000000220a000 	/System/Library/PrivateFrameworks/IconServices.framework/Versions/A/IconServices
0x000000000220a000 	/System/Library/PrivateFrameworks/Apple80211.framework/Versions/A/Apple80211
0x000000000220a000 	/System/Library/Frameworks/CoreWLAN.framework/Versions/A/CoreWLAN
0x000000000220a000 	/System/Library/Frameworks/IOBluetooth.framework/Versions/A/IOBluetooth
0x000000000220a000 	/System/Library/PrivateFrameworks/CoreWiFi.framework/Versions/A/CoreWiFi
0x000000000220a000 	/System/Library/Frameworks/CoreBluetooth.framework/Versions/A/CoreBluetooth
0x000000000220a000 	/System/Library/PrivateFrameworks/ChunkingLibrary.framework/Versions/A/ChunkingLibrary
0x000000000220a000 	/System/Library/PrivateFrameworks/DebugSymbols.framework/Versions/A/DebugSymbols
0x000000000220a000 	/System/Library/PrivateFrameworks/CoreSymbolication.framework/Versions/A/CoreSymbolication
0x000000000220a000 	/System/Library/PrivateFrameworks/Symbolication.framework/Versions/A/Symbolication
0x000000000220a000 	/System/Library/PrivateFrameworks/SpeechRecognitionCore.framework/Versions/A/SpeechRecognitionCore
0x0000000103600000 	/Library/Java/JavaVirtualMachines/jdk1.8.0_91.jdk/Contents/Home/jre/lib/server/libjvm.dylib
0x000000000220a000 	/usr/lib/libstdc++.6.dylib
0x0000000102cae000 	/Library/Java/JavaVirtualMachines/jdk1.8.0_91.jdk/Contents/Home/jre/lib/libverify.dylib
0x0000000102cbc000 	/Library/Java/JavaVirtualMachines/jdk1.8.0_91.jdk/Contents/Home/jre/lib/libjava.dylib
0x0000000102cfb000 	/Library/Java/JavaVirtualMachines/jdk1.8.0_91.jdk/Contents/Home/jre/lib/libzip.dylib
0x0000000119e0b000 	/System/Library/Frameworks/JavaVM.framework/Frameworks/JavaRuntimeSupport.framework/JavaRuntimeSupport
0x0000000119e26000 	/System/Library/Frameworks/JavaVM.framework/Versions/A/Frameworks/JavaNativeFoundation.framework/Versions/A/JavaNativeFoundation
0x0000000102df0000 	/System/Library/Frameworks/JavaVM.framework/Versions/A/JavaVM
0x000000000220a000 	/System/Library/Frameworks/Carbon.framework/Versions/A/Carbon
0x0000000119e3b000 	/System/Library/PrivateFrameworks/JavaLaunching.framework/Versions/A/JavaLaunching
0x000000000220a000 	/System/Library/Frameworks/Carbon.framework/Versions/A/Frameworks/CommonPanels.framework/Versions/A/CommonPanels
0x000000000220a000 	/System/Library/Frameworks/Carbon.framework/Versions/A/Frameworks/Help.framework/Versions/A/Help
0x000000000220a000 	/System/Library/Frameworks/Carbon.framework/Versions/A/Frameworks/ImageCapture.framework/Versions/A/ImageCapture
0x000000000220a000 	/System/Library/Frameworks/Carbon.framework/Versions/A/Frameworks/OpenScripting.framework/Versions/A/OpenScripting
0x000000000220a000 	/System/Library/Frameworks/Carbon.framework/Versions/A/Frameworks/Print.framework/Versions/A/Print
0x000000000220a000 	/System/Library/Frameworks/Carbon.framework/Versions/A/Frameworks/SecurityHI.framework/Versions/A/SecurityHI
0x000000011b785000 	/Library/Java/JavaVirtualMachines/jdk1.8.0_91.jdk/Contents/Home/jre/lib/libawt.dylib
0x000000011b82d000 	/Library/Java/JavaVirtualMachines/jdk1.8.0_91.jdk/Contents/Home/jre/lib/./libmlib_image.dylib
0x000000011b8f9000 	/Library/Java/JavaVirtualMachines/jdk1.8.0_91.jdk/Contents/Home/jre/lib/libawt_lwawt.dylib
0x000000011b9ae000 	/Library/Java/JavaVirtualMachines/jdk1.8.0_91.jdk/Contents/Home/jre/lib/./libosxapp.dylib
0x000000000220a000 	/System/Library/Frameworks/ExceptionHandling.framework/Versions/A/ExceptionHandling
0x000000000220a000 	/System/Library/PrivateFrameworks/CoreServicesInternal.framework/Versions/A/CoreServicesInternal
0x000000000220a000 	/System/Library/Frameworks/CoreGraphics.framework/Versions/A/Resources/libRIP.A.dylib
0x000000000220a000 	/System/Library/Frameworks/Accelerate.framework/Versions/A/Frameworks/vImage.framework/Versions/A/Libraries/libCGInterfaces.dylib
0x000000000220a000 	/System/Library/Frameworks/CoreGraphics.framework/Versions/A/Resources/libCGXType.A.dylib
0x000000000220a000 	/System/Library/Frameworks/OpenCL.framework/Versions/A/Libraries/libcldcpuengine.dylib
0x000000000220a000 	/System/Library/PrivateFrameworks/DiskImages.framework/Versions/A/DiskImages
0x000000000220a000 	/System/Library/Frameworks/DiscRecording.framework/Versions/A/DiscRecording
0x000000000220a000 	/usr/lib/libcsfde.dylib
0x000000000220a000 	/usr/lib/libcurl.4.dylib
0x000000000220a000 	/System/Library/PrivateFrameworks/MediaKit.framework/Versions/A/MediaKit
0x000000000220a000 	/System/Library/PrivateFrameworks/ProtectedCloudStorage.framework/Versions/A/ProtectedCloudStorage
0x000000000220a000 	/usr/lib/libCoreStorage.dylib
0x000000000220a000 	/System/Library/PrivateFrameworks/EFILogin.framework/Versions/A/EFILogin
0x000000000220a000 	/usr/lib/libutil.dylib
0x000000000220a000 	/System/Library/PrivateFrameworks/FindMyDevice.framework/Versions/A/FindMyDevice
0x000000000220a000 	/System/Library/Frameworks/LDAP.framework/Versions/A/LDAP
0x000000000220a000 	/usr/lib/libsasl2.2.dylib
0x000000000220a000 	/System/Library/PrivateFrameworks/CoreDaemon.framework/Versions/B/CoreDaemon
0x000000000220a000 	/usr/lib/libcrypto.0.9.8.dylib
0x000000000220a000 	/System/Library/PrivateFrameworks/AppleSRP.framework/Versions/A/AppleSRP
0x000000000220a000 	/System/Library/PrivateFrameworks/TrustEvaluationAgent.framework/Versions/A/TrustEvaluationAgent
0x000000011c25d000 	cl_kernels
0x000000000220a000 	/System/Library/Frameworks/OpenCL.framework/Versions/A/Libraries/ImageFormats/unorm8_bgra.dylib
0x000000000220a000 	/System/Library/Frameworks/OpenCL.framework/Versions/A/Libraries/ImageFormats/unorm8_rgba.dylib
0x000000000220a000 	/System/Library/PrivateFrameworks/FamilyControls.framework/Versions/A/FamilyControls
0x000000000220a000 	/System/Library/PrivateFrameworks/CommerceKit.framework/Versions/A/Frameworks/CommerceCore.framework/Versions/A/CommerceCore
0x000000000220a000 	/System/Library/PrivateFrameworks/SystemAdministration.framework/Versions/A/SystemAdministration
0x000000000220a000 	/System/Library/PrivateFrameworks/AppContainer.framework/Versions/A/AppContainer
0x000000000220a000 	/System/Library/PrivateFrameworks/SecCodeWrapper.framework/Versions/A/SecCodeWrapper
0x000000000220a000 	/System/Library/Frameworks/DirectoryService.framework/Versions/A/DirectoryService
0x000000000220a000 	/System/Library/PrivateFrameworks/LoginUIKit.framework/Versions/A/Frameworks/LoginUICore.framework/Versions/A/LoginUICore
0x000000000220a000 	/usr/lib/libodfde.dylib
0x000000000220a000 	/System/Library/Frameworks/OpenGL.framework/Versions/A/Resources/GLEngine.bundle/GLEngine
0x000000000220a000 	/System/Library/Frameworks/OpenGL.framework/Versions/A/Libraries/libGLProgrammability.dylib
0x000000011e0e3000 	/System/Library/Extensions/AppleIntelHD5000GraphicsGLDriver.bundle/Contents/MacOS/AppleIntelHD5000GraphicsGLDriver
0x000000000220a000 	/System/Library/PrivateFrameworks/GPUSupport.framework/Versions/A/Libraries/libGPUSupportMercury.dylib
0x000000000220a000 	/System/Library/Frameworks/OpenGL.framework/Versions/A/Resources/GLRendererFloat.bundle/GLRendererFloat
0x000000011f0c8000 	/Library/Java/JavaVirtualMachines/jdk1.8.0_91.jdk/Contents/Home/jre/lib/libfontmanager.dylib
0x000000011f12f000 	/Library/Java/JavaVirtualMachines/jdk1.8.0_91.jdk/Contents/Home/jre/lib/libosxui.dylib
0x0000000121b7c000 	/System/Library/Extensions/AppleIntelHD5000GraphicsMTLDriver.bundle/Contents/MacOS/AppleIntelHD5000GraphicsMTLDriver
0x0000000122886000 	/Library/Java/JavaVirtualMachines/jdk1.8.0_91.jdk/Contents/Home/jre/lib/libnet.dylib
0x000000012289d000 	/Library/Java/JavaVirtualMachines/jdk1.8.0_91.jdk/Contents/Home/jre/lib/libnio.dylib
0x0000000122cd4000 	/private/var/folders/dg/lb7chnkx37l0x14w48949l7m0000gn/T/jogamp_0000/file_cache/jln2438198013805342037/jln7947047964706309283/libgluegen-rt.jnilib
0x00000001227fa000 	/private/var/folders/dg/lb7chnkx37l0x14w48949l7m0000gn/T/jogamp_0000/file_cache/jln2438198013805342037/jln7947047964706309283/libnativewindow_awt.jnilib
0x0000000122cd8000 	/Library/Java/JavaVirtualMachines/jdk1.8.0_91.jdk/Contents/Home/jre/lib/libjawt.dylib
0x000000000220a000 	/System/Library/Frameworks/ApplicationServices.framework/Versions/A/Frameworks/ATS.framework/Versions/A/Resources/libTrueTypeScaler.dylib
0x00000001218c9000 	/private/var/folders/dg/lb7chnkx37l0x14w48949l7m0000gn/T/jogamp_0000/file_cache/jln2438198013805342037/jln7947047964706309283/libnativewindow_macosx.jnilib
0x00000001219c3000 	/private/var/folders/dg/lb7chnkx37l0x14w48949l7m0000gn/T/jogamp_0000/file_cache/jln2438198013805342037/jln7947047964706309283/libjogl_desktop.jnilib

VM Arguments:
jvm_args: -Djava.library.path=/Library/Java/JavaVirtualMachines/jdk1.8.0_91.jdk/Contents/Home -Dfile.encoding=UTF-8 
java_command: GUIdriver
java_class_path (initial): /Users/aarkerr/git/ice-crystal/ice-crystal/build:/Users/aarkerr/git/ice-crystal/ice-crystal/lib/core.jar:/Users/aarkerr/git/ice-crystal/ice-crystal/lib/gluegen-rt.jar:/Users/aarkerr/git/ice-crystal/ice-crystal/lib/jogl-all.jar:/Users/aarkerr/git/ice-crystal/ice-crystal/lib/log4j-1.2.15.jar:/Users/aarkerr/git/ice-crystal/ice-crystal/lib/sqlite-jdbc-3.7.2.jar:/Users/aarkerr/git/ice-crystal/ice-crystal/lib/json4processing.jar:/Users/aarkerr/git/ice-crystal/ice-crystal/lib/libTUIO.jar:/Users/aarkerr/git/ice-crystal/ice-crystal/lib/unfolding.0.9.6.jar:/Users/aarkerr/git/ice-crystal/ice-crystal/lib/geonames-1.1.13.jar:/Users/aarkerr/git/ice-crystal/ice-crystal/lib/jdom-1.0.jar
Launcher Type: SUN_STANDARD

Environment Variables:
PATH=/usr/bin:/bin:/usr/sbin:/sbin
SHELL=/bin/bash
DISPLAY=/private/tmp/com.apple.launchd.vY77ZV5Cdp/org.macosforge.xquartz:0

Signal Handlers:
SIGSEGV: [libjvm.dylib+0x5a97a1], sa_mask[0]=11111111011111110111111111111111, sa_flags=SA_ONSTACK|SA_RESTART|SA_SIGINFO
SIGBUS: [libjvm.dylib+0x5a97a1], sa_mask[0]=11111111011111110111111111111111, sa_flags=SA_RESTART|SA_SIGINFO
SIGFPE: [libjvm.dylib+0x482594], sa_mask[0]=11111111011111110111111111111111, sa_flags=SA_RESTART|SA_SIGINFO
SIGPIPE: [libjvm.dylib+0x482594], sa_mask[0]=11111111011111110111111111111111, sa_flags=SA_RESTART|SA_SIGINFO
SIGXFSZ: [libjvm.dylib+0x482594], sa_mask[0]=11111111011111110111111111111111, sa_flags=SA_RESTART|SA_SIGINFO
SIGILL: [libjvm.dylib+0x482594], sa_mask[0]=11111111011111110111111111111111, sa_flags=SA_RESTART|SA_SIGINFO
SIGUSR1: SIG_DFL, sa_mask[0]=00000000000000000000000000000000, sa_flags=none
SIGUSR2: [libjvm.dylib+0x4820b2], sa_mask[0]=00100000000000000000000000000000, sa_flags=SA_RESTART|SA_SIGINFO
SIGHUP: [libjvm.dylib+0x480689], sa_mask[0]=11111111011111110111111111111111, sa_flags=SA_RESTART|SA_SIGINFO
SIGINT: [libjvm.dylib+0x480689], sa_mask[0]=11111111011111110111111111111111, sa_flags=SA_RESTART|SA_SIGINFO
SIGTERM: [libjvm.dylib+0x480689], sa_mask[0]=11111111011111110111111111111111, sa_flags=SA_RESTART|SA_SIGINFO
SIGQUIT: [libjvm.dylib+0x480689], sa_mask[0]=11111111011111110111111111111111, sa_flags=SA_RESTART|SA_SIGINFO


---------------  S Y S T E M  ---------------

OS:Bsduname:Darwin 15.0.0 Darwin Kernel Version 15.0.0: Sat Sep 19 15:53:46 PDT 2015; root:xnu-3247.10.11~1/RELEASE_X86_64 x86_64
rlimit: STACK 8192k, CORE 0k, NPROC 709, NOFILE 10240, AS infinity
load average:2.35 2.21 2.42

CPU:total 4 (2 cores per cpu, 2 threads per core) family 6 model 69 stepping 1, cmov, cx8, fxsr, mmx, sse, sse2, sse3, ssse3, sse4.1, sse4.2, popcnt, avx, avx2, aes, clmul, erms, rtm, lzcnt, ht, tsc, tscinvbit, bmi1, bmi2

Memory: 4k page, physical 8388608k(1847948k free)

/proc/meminfo:


vm_info: Java HotSpot(TM) 64-Bit Server VM (25.91-b14) for bsd-amd64 JRE (1.8.0_91-b14), built on Apr  1 2016 01:03:00 by "java_re" with gcc 4.2.1 (Based on Apple Inc. build 5658) (LLVM build 2336.11.00)

time: Fri Jul 29 20:50:54 2016
elapsed time: 4 seconds (0d 0h 0m 4s)

